Vivado Simulator v2024.1
Copyright 1986-2022 Xilinx, Inc. All Rights Reserved.
Copyright 2022-2024 Advanced Micro Devices, Inc. All Rights Reserved.
Running: C:/Xilinx/Vivado/2024.1/bin/unwrapped/win64.o/xelab.exe --incr --debug typical --relax --mt 2 -L xil_defaultlib -L secureip --snapshot tb_generaciondados_behav xil_defaultlib.tb_generaciondados -log elaborate.log 
Using 2 slave threads.
Starting static elaboration
Completed static elaboration
Starting simulation data flow analysis
Completed simulation data flow analysis
Time Resolution for simulation is 1ps
Compiling package std.standard
Compiling package std.textio
Compiling package ieee.std_logic_1164
Compiling package ieee.std_logic_arith
Compiling package ieee.std_logic_unsigned
Compiling package ieee.numeric_std
Compiling package xil_defaultlib.types_pkg
Compiling architecture rtl of entity xil_defaultlib.Generador_LFSR [generador_lfsr_default]
Compiling architecture rtl of entity xil_defaultlib.Generador_LFSR [\Generador_LFSR(ancho=4)\]
Compiling architecture rtl of entity xil_defaultlib.Generador_LFSR [\Generador_LFSR(ancho=5)\]
Compiling architecture rtl of entity xil_defaultlib.Generador_LFSR [\Generador_LFSR(ancho=6)\]
Compiling architecture rtl of entity xil_defaultlib.Generador_LFSR [\Generador_LFSR(ancho=7)\]
Compiling architecture rtl of entity xil_defaultlib.generaciondados [generaciondados_default]
Compiling architecture behavior of entity xil_defaultlib.tb_generaciondados
Built simulation snapshot tb_generaciondados_behav
