Copyright 1986-2022 Xilinx, Inc. All Rights Reserved. Copyright 2022-2024 Advanced Micro Devices, Inc. All Rights Reserved.
-----------------------------------------------------------------------------------------------------------------------------------------------------------
| Tool Version : Vivado v.2024.1 (win64) Build 5076996 Wed May 22 18:37:14 MDT 2024
| Date         : Thu Jan 23 22:39:24 2025
| Host         : LAPTOP-I6E0CIJ5 running 64-bit major release  (build 9200)
| Command      : report_methodology -file YAHTZEE_methodology_drc_routed.rpt -pb YAHTZEE_methodology_drc_routed.pb -rpx YAHTZEE_methodology_drc_routed.rpx
| Design       : YAHTZEE
| Device       : xc7a100tcsg324-1
| Speed File   : -1
| Design State : Fully Routed
-----------------------------------------------------------------------------------------------------------------------------------------------------------

Report Methodology

Table of Contents
-----------------
1. REPORT SUMMARY
2. REPORT DETAILS

1. REPORT SUMMARY
-----------------
            Netlist: netlist
          Floorplan: design_1
      Design limits: <entire design considered>
             Max violations: <unlimited>
             Violations found: 433
+-----------+------------------+--------------------------------+------------+
| Rule      | Severity         | Description                    | Violations |
+-----------+------------------+--------------------------------+------------+
| TIMING-17 | Critical Warning | Non-clocked sequential cell    | 320        |
| LUTAR-1   | Warning          | LUT drives async reset alert   | 2          |
| TIMING-16 | Warning          | Large setup violation          | 4          |
| TIMING-18 | Warning          | Missing input or output delay  | 25         |
| TIMING-20 | Warning          | Non-clocked latch              | 81         |
| LATCH-1   | Advisory         | Existing latches in the design | 1          |
+-----------+------------------+--------------------------------+------------+

2. REPORT DETAILS
-----------------
TIMING-17#1 Critical Warning
Non-clocked sequential cell  
The clock pin display/contador_reg[0]/C is not reached by a timing clock
Related violations: <none>

TIMING-17#2 Critical Warning
Non-clocked sequential cell  
The clock pin display/contador_reg[1]/C is not reached by a timing clock
Related violations: <none>

TIMING-17#3 Critical Warning
Non-clocked sequential cell  
The clock pin display/contador_reg[2]/C is not reached by a timing clock
Related violations: <none>

TIMING-17#4 Critical Warning
Non-clocked sequential cell  
The clock pin display/digictrl_reg[0]_C/C is not reached by a timing clock
Related violations: <none>

TIMING-17#5 Critical Warning
Non-clocked sequential cell  
The clock pin display/digictrl_reg[0]_P/C is not reached by a timing clock
Related violations: <none>

TIMING-17#6 Critical Warning
Non-clocked sequential cell  
The clock pin display/digictrl_reg[1]_C/C is not reached by a timing clock
Related violations: <none>

TIMING-17#7 Critical Warning
Non-clocked sequential cell  
The clock pin display/digictrl_reg[1]_P/C is not reached by a timing clock
Related violations: <none>

TIMING-17#8 Critical Warning
Non-clocked sequential cell  
The clock pin display/digictrl_reg[2]_C/C is not reached by a timing clock
Related violations: <none>

TIMING-17#9 Critical Warning
Non-clocked sequential cell  
The clock pin display/digictrl_reg[2]_P/C is not reached by a timing clock
Related violations: <none>

TIMING-17#10 Critical Warning
Non-clocked sequential cell  
The clock pin display/digictrl_reg[3]_C/C is not reached by a timing clock
Related violations: <none>

TIMING-17#11 Critical Warning
Non-clocked sequential cell  
The clock pin display/digictrl_reg[3]_P/C is not reached by a timing clock
Related violations: <none>

TIMING-17#12 Critical Warning
Non-clocked sequential cell  
The clock pin display/digictrl_reg[4]_C/C is not reached by a timing clock
Related violations: <none>

TIMING-17#13 Critical Warning
Non-clocked sequential cell  
The clock pin display/digictrl_reg[4]_P/C is not reached by a timing clock
Related violations: <none>

TIMING-17#14 Critical Warning
Non-clocked sequential cell  
The clock pin display/digictrl_reg[5]_C/C is not reached by a timing clock
Related violations: <none>

TIMING-17#15 Critical Warning
Non-clocked sequential cell  
The clock pin display/digictrl_reg[5]_P/C is not reached by a timing clock
Related violations: <none>

TIMING-17#16 Critical Warning
Non-clocked sequential cell  
The clock pin display/digictrl_reg[6]_C/C is not reached by a timing clock
Related violations: <none>

TIMING-17#17 Critical Warning
Non-clocked sequential cell  
The clock pin display/digictrl_reg[6]_P/C is not reached by a timing clock
Related violations: <none>

TIMING-17#18 Critical Warning
Non-clocked sequential cell  
The clock pin display/digictrl_reg[7]_C/C is not reached by a timing clock
Related violations: <none>

TIMING-17#19 Critical Warning
Non-clocked sequential cell  
The clock pin display/digictrl_reg[7]_P/C is not reached by a timing clock
Related violations: <none>

TIMING-17#20 Critical Warning
Non-clocked sequential cell  
The clock pin display/digisel_reg[0]/C is not reached by a timing clock
Related violations: <none>

TIMING-17#21 Critical Warning
Non-clocked sequential cell  
The clock pin display/digisel_reg[1]/C is not reached by a timing clock
Related violations: <none>

TIMING-17#22 Critical Warning
Non-clocked sequential cell  
The clock pin display/digisel_reg[2]/C is not reached by a timing clock
Related violations: <none>

TIMING-17#23 Critical Warning
Non-clocked sequential cell  
The clock pin display/digisel_reg[3]/C is not reached by a timing clock
Related violations: <none>

TIMING-17#24 Critical Warning
Non-clocked sequential cell  
The clock pin display/digisel_reg[4]/C is not reached by a timing clock
Related violations: <none>

TIMING-17#25 Critical Warning
Non-clocked sequential cell  
The clock pin display/digisel_reg[5]/C is not reached by a timing clock
Related violations: <none>

TIMING-17#26 Critical Warning
Non-clocked sequential cell  
The clock pin display/digisel_reg[6]/C is not reached by a timing clock
Related violations: <none>

TIMING-17#27 Critical Warning
Non-clocked sequential cell  
The clock pin display/digisel_reg[7]/C is not reached by a timing clock
Related violations: <none>

TIMING-17#28 Critical Warning
Non-clocked sequential cell  
The clock pin display/segmentos_reg[0]/C is not reached by a timing clock
Related violations: <none>

TIMING-17#29 Critical Warning
Non-clocked sequential cell  
The clock pin display/segmentos_reg[1]/C is not reached by a timing clock
Related violations: <none>

TIMING-17#30 Critical Warning
Non-clocked sequential cell  
The clock pin display/segmentos_reg[2]/C is not reached by a timing clock
Related violations: <none>

TIMING-17#31 Critical Warning
Non-clocked sequential cell  
The clock pin display/segmentos_reg[3]/C is not reached by a timing clock
Related violations: <none>

TIMING-17#32 Critical Warning
Non-clocked sequential cell  
The clock pin display/segmentos_reg[4]/C is not reached by a timing clock
Related violations: <none>

TIMING-17#33 Critical Warning
Non-clocked sequential cell  
The clock pin display/segmentos_reg[5]/C is not reached by a timing clock
Related violations: <none>

TIMING-17#34 Critical Warning
Non-clocked sequential cell  
The clock pin display/segmentos_reg[6]/C is not reached by a timing clock
Related violations: <none>

TIMING-17#35 Critical Warning
Non-clocked sequential cell  
The clock pin puntuaciones1/instance_case_c/ready_reg/C is not reached by a timing clock
Related violations: <none>

TIMING-17#36 Critical Warning
Non-clocked sequential cell  
The clock pin puntuaciones1/instance_case_t/ready_reg/C is not reached by a timing clock
Related violations: <none>

TIMING-17#37 Critical Warning
Non-clocked sequential cell  
The clock pin puntuaciones1/instance_case_y/ready_reg/C is not reached by a timing clock
Related violations: <none>

TIMING-17#38 Critical Warning
Non-clocked sequential cell  
The clock pin puntuaciones1/instancia_caso_turnos/turno_reg[0]/C is not reached by a timing clock
Related violations: <none>

TIMING-17#39 Critical Warning
Non-clocked sequential cell  
The clock pin puntuaciones1/instancia_caso_turnos/turno_reg[1]/C is not reached by a timing clock
Related violations: <none>

TIMING-17#40 Critical Warning
Non-clocked sequential cell  
The clock pin puntuaciones1/instancia_caso_turnos/turno_reg[2]/C is not reached by a timing clock
Related violations: <none>

TIMING-17#41 Critical Warning
Non-clocked sequential cell  
The clock pin puntuaciones1/instancia_caso_turnos/turno_reg[3]/C is not reached by a timing clock
Related violations: <none>

TIMING-17#42 Critical Warning
Non-clocked sequential cell  
The clock pin puntuaciones1/instancia_caso_turnos/turno_reg[4]/C is not reached by a timing clock
Related violations: <none>

TIMING-17#43 Critical Warning
Non-clocked sequential cell  
The clock pin puntuaciones1/instancia_caso_turnos/turno_reg[5]/C is not reached by a timing clock
Related violations: <none>

TIMING-17#44 Critical Warning
Non-clocked sequential cell  
The clock pin puntuaciones1/instancia_caso_turnos/turno_reg[6]/C is not reached by a timing clock
Related violations: <none>

TIMING-17#45 Critical Warning
Non-clocked sequential cell  
The clock pin puntuaciones1/instancia_caso_turnos/turno_reg[7]/C is not reached by a timing clock
Related violations: <none>

TIMING-17#46 Critical Warning
Non-clocked sequential cell  
The clock pin puntuaciones1/instancia_caso_turnos/turno_reg[8]/C is not reached by a timing clock
Related violations: <none>

TIMING-17#47 Critical Warning
Non-clocked sequential cell  
The clock pin puntuaciones1/instancia_caso_turnos/turno_reg[9]/C is not reached by a timing clock
Related violations: <none>

TIMING-17#48 Critical Warning
Non-clocked sequential cell  
The clock pin puntuaciones1/instancia_punt_total/sumador_reg[0]/C is not reached by a timing clock
Related violations: <none>

TIMING-17#49 Critical Warning
Non-clocked sequential cell  
The clock pin puntuaciones1/instancia_punt_total/sumador_reg[0]__0/C is not reached by a timing clock
Related violations: <none>

TIMING-17#50 Critical Warning
Non-clocked sequential cell  
The clock pin puntuaciones1/instancia_punt_total/sumador_reg[0]__1/C is not reached by a timing clock
Related violations: <none>

TIMING-17#51 Critical Warning
Non-clocked sequential cell  
The clock pin puntuaciones1/instancia_punt_total/sumador_reg[0]__10/C is not reached by a timing clock
Related violations: <none>

TIMING-17#52 Critical Warning
Non-clocked sequential cell  
The clock pin puntuaciones1/instancia_punt_total/sumador_reg[0]__11/C is not reached by a timing clock
Related violations: <none>

TIMING-17#53 Critical Warning
Non-clocked sequential cell  
The clock pin puntuaciones1/instancia_punt_total/sumador_reg[0]__2/C is not reached by a timing clock
Related violations: <none>

TIMING-17#54 Critical Warning
Non-clocked sequential cell  
The clock pin puntuaciones1/instancia_punt_total/sumador_reg[0]__3/C is not reached by a timing clock
Related violations: <none>

TIMING-17#55 Critical Warning
Non-clocked sequential cell  
The clock pin puntuaciones1/instancia_punt_total/sumador_reg[0]__4/C is not reached by a timing clock
Related violations: <none>

TIMING-17#56 Critical Warning
Non-clocked sequential cell  
The clock pin puntuaciones1/instancia_punt_total/sumador_reg[0]__5/C is not reached by a timing clock
Related violations: <none>

TIMING-17#57 Critical Warning
Non-clocked sequential cell  
The clock pin puntuaciones1/instancia_punt_total/sumador_reg[0]__6/C is not reached by a timing clock
Related violations: <none>

TIMING-17#58 Critical Warning
Non-clocked sequential cell  
The clock pin puntuaciones1/instancia_punt_total/sumador_reg[0]__7/C is not reached by a timing clock
Related violations: <none>

TIMING-17#59 Critical Warning
Non-clocked sequential cell  
The clock pin puntuaciones1/instancia_punt_total/sumador_reg[0]__8/C is not reached by a timing clock
Related violations: <none>

TIMING-17#60 Critical Warning
Non-clocked sequential cell  
The clock pin puntuaciones1/instancia_punt_total/sumador_reg[0]__9/C is not reached by a timing clock
Related violations: <none>

TIMING-17#61 Critical Warning
Non-clocked sequential cell  
The clock pin puntuaciones1/instancia_punt_total/sumador_reg[1]/C is not reached by a timing clock
Related violations: <none>

TIMING-17#62 Critical Warning
Non-clocked sequential cell  
The clock pin puntuaciones1/instancia_punt_total/sumador_reg[1]__0/C is not reached by a timing clock
Related violations: <none>

TIMING-17#63 Critical Warning
Non-clocked sequential cell  
The clock pin puntuaciones1/instancia_punt_total/sumador_reg[1]__1/C is not reached by a timing clock
Related violations: <none>

TIMING-17#64 Critical Warning
Non-clocked sequential cell  
The clock pin puntuaciones1/instancia_punt_total/sumador_reg[1]__10/C is not reached by a timing clock
Related violations: <none>

TIMING-17#65 Critical Warning
Non-clocked sequential cell  
The clock pin puntuaciones1/instancia_punt_total/sumador_reg[1]__11/C is not reached by a timing clock
Related violations: <none>

TIMING-17#66 Critical Warning
Non-clocked sequential cell  
The clock pin puntuaciones1/instancia_punt_total/sumador_reg[1]__2/C is not reached by a timing clock
Related violations: <none>

TIMING-17#67 Critical Warning
Non-clocked sequential cell  
The clock pin puntuaciones1/instancia_punt_total/sumador_reg[1]__3/C is not reached by a timing clock
Related violations: <none>

TIMING-17#68 Critical Warning
Non-clocked sequential cell  
The clock pin puntuaciones1/instancia_punt_total/sumador_reg[1]__4/C is not reached by a timing clock
Related violations: <none>

TIMING-17#69 Critical Warning
Non-clocked sequential cell  
The clock pin puntuaciones1/instancia_punt_total/sumador_reg[1]__5/C is not reached by a timing clock
Related violations: <none>

TIMING-17#70 Critical Warning
Non-clocked sequential cell  
The clock pin puntuaciones1/instancia_punt_total/sumador_reg[1]__6/C is not reached by a timing clock
Related violations: <none>

TIMING-17#71 Critical Warning
Non-clocked sequential cell  
The clock pin puntuaciones1/instancia_punt_total/sumador_reg[1]__7/C is not reached by a timing clock
Related violations: <none>

TIMING-17#72 Critical Warning
Non-clocked sequential cell  
The clock pin puntuaciones1/instancia_punt_total/sumador_reg[1]__8/C is not reached by a timing clock
Related violations: <none>

TIMING-17#73 Critical Warning
Non-clocked sequential cell  
The clock pin puntuaciones1/instancia_punt_total/sumador_reg[1]__9/C is not reached by a timing clock
Related violations: <none>

TIMING-17#74 Critical Warning
Non-clocked sequential cell  
The clock pin puntuaciones1/instancia_punt_total/sumador_reg[2]/C is not reached by a timing clock
Related violations: <none>

TIMING-17#75 Critical Warning
Non-clocked sequential cell  
The clock pin puntuaciones1/instancia_punt_total/sumador_reg[2]__0/C is not reached by a timing clock
Related violations: <none>

TIMING-17#76 Critical Warning
Non-clocked sequential cell  
The clock pin puntuaciones1/instancia_punt_total/sumador_reg[2]__1/C is not reached by a timing clock
Related violations: <none>

TIMING-17#77 Critical Warning
Non-clocked sequential cell  
The clock pin puntuaciones1/instancia_punt_total/sumador_reg[2]__10/C is not reached by a timing clock
Related violations: <none>

TIMING-17#78 Critical Warning
Non-clocked sequential cell  
The clock pin puntuaciones1/instancia_punt_total/sumador_reg[2]__11/C is not reached by a timing clock
Related violations: <none>

TIMING-17#79 Critical Warning
Non-clocked sequential cell  
The clock pin puntuaciones1/instancia_punt_total/sumador_reg[2]__2/C is not reached by a timing clock
Related violations: <none>

TIMING-17#80 Critical Warning
Non-clocked sequential cell  
The clock pin puntuaciones1/instancia_punt_total/sumador_reg[2]__3/C is not reached by a timing clock
Related violations: <none>

TIMING-17#81 Critical Warning
Non-clocked sequential cell  
The clock pin puntuaciones1/instancia_punt_total/sumador_reg[2]__4/C is not reached by a timing clock
Related violations: <none>

TIMING-17#82 Critical Warning
Non-clocked sequential cell  
The clock pin puntuaciones1/instancia_punt_total/sumador_reg[2]__5/C is not reached by a timing clock
Related violations: <none>

TIMING-17#83 Critical Warning
Non-clocked sequential cell  
The clock pin puntuaciones1/instancia_punt_total/sumador_reg[2]__6/C is not reached by a timing clock
Related violations: <none>

TIMING-17#84 Critical Warning
Non-clocked sequential cell  
The clock pin puntuaciones1/instancia_punt_total/sumador_reg[2]__7/C is not reached by a timing clock
Related violations: <none>

TIMING-17#85 Critical Warning
Non-clocked sequential cell  
The clock pin puntuaciones1/instancia_punt_total/sumador_reg[2]__8/C is not reached by a timing clock
Related violations: <none>

TIMING-17#86 Critical Warning
Non-clocked sequential cell  
The clock pin puntuaciones1/instancia_punt_total/sumador_reg[2]__9/C is not reached by a timing clock
Related violations: <none>

TIMING-17#87 Critical Warning
Non-clocked sequential cell  
The clock pin puntuaciones1/instancia_punt_total/sumador_reg[3]/C is not reached by a timing clock
Related violations: <none>

TIMING-17#88 Critical Warning
Non-clocked sequential cell  
The clock pin puntuaciones1/instancia_punt_total/sumador_reg[3]__0/C is not reached by a timing clock
Related violations: <none>

TIMING-17#89 Critical Warning
Non-clocked sequential cell  
The clock pin puntuaciones1/instancia_punt_total/sumador_reg[3]__1/C is not reached by a timing clock
Related violations: <none>

TIMING-17#90 Critical Warning
Non-clocked sequential cell  
The clock pin puntuaciones1/instancia_punt_total/sumador_reg[3]__10/C is not reached by a timing clock
Related violations: <none>

TIMING-17#91 Critical Warning
Non-clocked sequential cell  
The clock pin puntuaciones1/instancia_punt_total/sumador_reg[3]__11/C is not reached by a timing clock
Related violations: <none>

TIMING-17#92 Critical Warning
Non-clocked sequential cell  
The clock pin puntuaciones1/instancia_punt_total/sumador_reg[3]__2/C is not reached by a timing clock
Related violations: <none>

TIMING-17#93 Critical Warning
Non-clocked sequential cell  
The clock pin puntuaciones1/instancia_punt_total/sumador_reg[3]__3/C is not reached by a timing clock
Related violations: <none>

TIMING-17#94 Critical Warning
Non-clocked sequential cell  
The clock pin puntuaciones1/instancia_punt_total/sumador_reg[3]__4/C is not reached by a timing clock
Related violations: <none>

TIMING-17#95 Critical Warning
Non-clocked sequential cell  
The clock pin puntuaciones1/instancia_punt_total/sumador_reg[3]__5/C is not reached by a timing clock
Related violations: <none>

TIMING-17#96 Critical Warning
Non-clocked sequential cell  
The clock pin puntuaciones1/instancia_punt_total/sumador_reg[3]__6/C is not reached by a timing clock
Related violations: <none>

TIMING-17#97 Critical Warning
Non-clocked sequential cell  
The clock pin puntuaciones1/instancia_punt_total/sumador_reg[3]__7/C is not reached by a timing clock
Related violations: <none>

TIMING-17#98 Critical Warning
Non-clocked sequential cell  
The clock pin puntuaciones1/instancia_punt_total/sumador_reg[3]__8/C is not reached by a timing clock
Related violations: <none>

TIMING-17#99 Critical Warning
Non-clocked sequential cell  
The clock pin puntuaciones1/instancia_punt_total/sumador_reg[3]__9/C is not reached by a timing clock
Related violations: <none>

TIMING-17#100 Critical Warning
Non-clocked sequential cell  
The clock pin puntuaciones1/instancia_punt_total/sumador_reg[4]/C is not reached by a timing clock
Related violations: <none>

TIMING-17#101 Critical Warning
Non-clocked sequential cell  
The clock pin puntuaciones1/instancia_punt_total/sumador_reg[4]__0/C is not reached by a timing clock
Related violations: <none>

TIMING-17#102 Critical Warning
Non-clocked sequential cell  
The clock pin puntuaciones1/instancia_punt_total/sumador_reg[4]__1/C is not reached by a timing clock
Related violations: <none>

TIMING-17#103 Critical Warning
Non-clocked sequential cell  
The clock pin puntuaciones1/instancia_punt_total/sumador_reg[4]__10/C is not reached by a timing clock
Related violations: <none>

TIMING-17#104 Critical Warning
Non-clocked sequential cell  
The clock pin puntuaciones1/instancia_punt_total/sumador_reg[4]__11/C is not reached by a timing clock
Related violations: <none>

TIMING-17#105 Critical Warning
Non-clocked sequential cell  
The clock pin puntuaciones1/instancia_punt_total/sumador_reg[4]__2/C is not reached by a timing clock
Related violations: <none>

TIMING-17#106 Critical Warning
Non-clocked sequential cell  
The clock pin puntuaciones1/instancia_punt_total/sumador_reg[4]__3/C is not reached by a timing clock
Related violations: <none>

TIMING-17#107 Critical Warning
Non-clocked sequential cell  
The clock pin puntuaciones1/instancia_punt_total/sumador_reg[4]__4/C is not reached by a timing clock
Related violations: <none>

TIMING-17#108 Critical Warning
Non-clocked sequential cell  
The clock pin puntuaciones1/instancia_punt_total/sumador_reg[4]__5/C is not reached by a timing clock
Related violations: <none>

TIMING-17#109 Critical Warning
Non-clocked sequential cell  
The clock pin puntuaciones1/instancia_punt_total/sumador_reg[4]__6/C is not reached by a timing clock
Related violations: <none>

TIMING-17#110 Critical Warning
Non-clocked sequential cell  
The clock pin puntuaciones1/instancia_punt_total/sumador_reg[4]__7/C is not reached by a timing clock
Related violations: <none>

TIMING-17#111 Critical Warning
Non-clocked sequential cell  
The clock pin puntuaciones1/instancia_punt_total/sumador_reg[4]__8/C is not reached by a timing clock
Related violations: <none>

TIMING-17#112 Critical Warning
Non-clocked sequential cell  
The clock pin puntuaciones1/instancia_punt_total/sumador_reg[4]__9/C is not reached by a timing clock
Related violations: <none>

TIMING-17#113 Critical Warning
Non-clocked sequential cell  
The clock pin puntuaciones1/instancia_punt_total/sumador_reg[5]/C is not reached by a timing clock
Related violations: <none>

TIMING-17#114 Critical Warning
Non-clocked sequential cell  
The clock pin puntuaciones1/instancia_punt_total/sumador_reg[5]__0/C is not reached by a timing clock
Related violations: <none>

TIMING-17#115 Critical Warning
Non-clocked sequential cell  
The clock pin puntuaciones1/instancia_punt_total/sumador_reg[5]__1/C is not reached by a timing clock
Related violations: <none>

TIMING-17#116 Critical Warning
Non-clocked sequential cell  
The clock pin puntuaciones1/instancia_punt_total/sumador_reg[5]__10/C is not reached by a timing clock
Related violations: <none>

TIMING-17#117 Critical Warning
Non-clocked sequential cell  
The clock pin puntuaciones1/instancia_punt_total/sumador_reg[5]__11/C is not reached by a timing clock
Related violations: <none>

TIMING-17#118 Critical Warning
Non-clocked sequential cell  
The clock pin puntuaciones1/instancia_punt_total/sumador_reg[5]__2/C is not reached by a timing clock
Related violations: <none>

TIMING-17#119 Critical Warning
Non-clocked sequential cell  
The clock pin puntuaciones1/instancia_punt_total/sumador_reg[5]__3/C is not reached by a timing clock
Related violations: <none>

TIMING-17#120 Critical Warning
Non-clocked sequential cell  
The clock pin puntuaciones1/instancia_punt_total/sumador_reg[5]__4/C is not reached by a timing clock
Related violations: <none>

TIMING-17#121 Critical Warning
Non-clocked sequential cell  
The clock pin puntuaciones1/instancia_punt_total/sumador_reg[5]__5/C is not reached by a timing clock
Related violations: <none>

TIMING-17#122 Critical Warning
Non-clocked sequential cell  
The clock pin puntuaciones1/instancia_punt_total/sumador_reg[5]__6/C is not reached by a timing clock
Related violations: <none>

TIMING-17#123 Critical Warning
Non-clocked sequential cell  
The clock pin puntuaciones1/instancia_punt_total/sumador_reg[5]__7/C is not reached by a timing clock
Related violations: <none>

TIMING-17#124 Critical Warning
Non-clocked sequential cell  
The clock pin puntuaciones1/instancia_punt_total/sumador_reg[5]__8/C is not reached by a timing clock
Related violations: <none>

TIMING-17#125 Critical Warning
Non-clocked sequential cell  
The clock pin puntuaciones1/instancia_punt_total/sumador_reg[5]__9/C is not reached by a timing clock
Related violations: <none>

TIMING-17#126 Critical Warning
Non-clocked sequential cell  
The clock pin puntuaciones1/instancia_punt_total/sumador_reg[6]/C is not reached by a timing clock
Related violations: <none>

TIMING-17#127 Critical Warning
Non-clocked sequential cell  
The clock pin puntuaciones1/instancia_punt_total/sumador_reg[6]__0/C is not reached by a timing clock
Related violations: <none>

TIMING-17#128 Critical Warning
Non-clocked sequential cell  
The clock pin puntuaciones1/instancia_punt_total/sumador_reg[6]__1/C is not reached by a timing clock
Related violations: <none>

TIMING-17#129 Critical Warning
Non-clocked sequential cell  
The clock pin puntuaciones1/instancia_punt_total/sumador_reg[6]__10/C is not reached by a timing clock
Related violations: <none>

TIMING-17#130 Critical Warning
Non-clocked sequential cell  
The clock pin puntuaciones1/instancia_punt_total/sumador_reg[6]__11/C is not reached by a timing clock
Related violations: <none>

TIMING-17#131 Critical Warning
Non-clocked sequential cell  
The clock pin puntuaciones1/instancia_punt_total/sumador_reg[6]__2/C is not reached by a timing clock
Related violations: <none>

TIMING-17#132 Critical Warning
Non-clocked sequential cell  
The clock pin puntuaciones1/instancia_punt_total/sumador_reg[6]__3/C is not reached by a timing clock
Related violations: <none>

TIMING-17#133 Critical Warning
Non-clocked sequential cell  
The clock pin puntuaciones1/instancia_punt_total/sumador_reg[6]__4/C is not reached by a timing clock
Related violations: <none>

TIMING-17#134 Critical Warning
Non-clocked sequential cell  
The clock pin puntuaciones1/instancia_punt_total/sumador_reg[6]__5/C is not reached by a timing clock
Related violations: <none>

TIMING-17#135 Critical Warning
Non-clocked sequential cell  
The clock pin puntuaciones1/instancia_punt_total/sumador_reg[6]__6/C is not reached by a timing clock
Related violations: <none>

TIMING-17#136 Critical Warning
Non-clocked sequential cell  
The clock pin puntuaciones1/instancia_punt_total/sumador_reg[6]__7/C is not reached by a timing clock
Related violations: <none>

TIMING-17#137 Critical Warning
Non-clocked sequential cell  
The clock pin puntuaciones1/instancia_punt_total/sumador_reg[6]__8/C is not reached by a timing clock
Related violations: <none>

TIMING-17#138 Critical Warning
Non-clocked sequential cell  
The clock pin puntuaciones1/instancia_punt_total/sumador_reg[6]__9/C is not reached by a timing clock
Related violations: <none>

TIMING-17#139 Critical Warning
Non-clocked sequential cell  
The clock pin puntuaciones1/instancia_punt_total/sumador_reg[7]/C is not reached by a timing clock
Related violations: <none>

TIMING-17#140 Critical Warning
Non-clocked sequential cell  
The clock pin puntuaciones1/instancia_punt_total/sumador_reg[7]__0/C is not reached by a timing clock
Related violations: <none>

TIMING-17#141 Critical Warning
Non-clocked sequential cell  
The clock pin puntuaciones1/instancia_punt_total/sumador_reg[7]__1/C is not reached by a timing clock
Related violations: <none>

TIMING-17#142 Critical Warning
Non-clocked sequential cell  
The clock pin puntuaciones1/instancia_punt_total/sumador_reg[7]__10/C is not reached by a timing clock
Related violations: <none>

TIMING-17#143 Critical Warning
Non-clocked sequential cell  
The clock pin puntuaciones1/instancia_punt_total/sumador_reg[7]__11/C is not reached by a timing clock
Related violations: <none>

TIMING-17#144 Critical Warning
Non-clocked sequential cell  
The clock pin puntuaciones1/instancia_punt_total/sumador_reg[7]__2/C is not reached by a timing clock
Related violations: <none>

TIMING-17#145 Critical Warning
Non-clocked sequential cell  
The clock pin puntuaciones1/instancia_punt_total/sumador_reg[7]__3/C is not reached by a timing clock
Related violations: <none>

TIMING-17#146 Critical Warning
Non-clocked sequential cell  
The clock pin puntuaciones1/instancia_punt_total/sumador_reg[7]__4/C is not reached by a timing clock
Related violations: <none>

TIMING-17#147 Critical Warning
Non-clocked sequential cell  
The clock pin puntuaciones1/instancia_punt_total/sumador_reg[7]__5/C is not reached by a timing clock
Related violations: <none>

TIMING-17#148 Critical Warning
Non-clocked sequential cell  
The clock pin puntuaciones1/instancia_punt_total/sumador_reg[7]__6/C is not reached by a timing clock
Related violations: <none>

TIMING-17#149 Critical Warning
Non-clocked sequential cell  
The clock pin puntuaciones1/instancia_punt_total/sumador_reg[7]__7/C is not reached by a timing clock
Related violations: <none>

TIMING-17#150 Critical Warning
Non-clocked sequential cell  
The clock pin puntuaciones1/instancia_punt_total/sumador_reg[7]__8/C is not reached by a timing clock
Related violations: <none>

TIMING-17#151 Critical Warning
Non-clocked sequential cell  
The clock pin puntuaciones1/instancia_punt_total/sumador_reg[7]__9/C is not reached by a timing clock
Related violations: <none>

TIMING-17#152 Critical Warning
Non-clocked sequential cell  
The clock pin puntuaciones1/instancia_punt_total/sumador_reg[8]/C is not reached by a timing clock
Related violations: <none>

TIMING-17#153 Critical Warning
Non-clocked sequential cell  
The clock pin puntuaciones1/instancia_punt_total/sumador_reg[8]__0/C is not reached by a timing clock
Related violations: <none>

TIMING-17#154 Critical Warning
Non-clocked sequential cell  
The clock pin puntuaciones1/instancia_punt_total/sumador_reg[8]__1/C is not reached by a timing clock
Related violations: <none>

TIMING-17#155 Critical Warning
Non-clocked sequential cell  
The clock pin puntuaciones1/instancia_punt_total/sumador_reg[8]__10/C is not reached by a timing clock
Related violations: <none>

TIMING-17#156 Critical Warning
Non-clocked sequential cell  
The clock pin puntuaciones1/instancia_punt_total/sumador_reg[8]__11/C is not reached by a timing clock
Related violations: <none>

TIMING-17#157 Critical Warning
Non-clocked sequential cell  
The clock pin puntuaciones1/instancia_punt_total/sumador_reg[8]__2/C is not reached by a timing clock
Related violations: <none>

TIMING-17#158 Critical Warning
Non-clocked sequential cell  
The clock pin puntuaciones1/instancia_punt_total/sumador_reg[8]__3/C is not reached by a timing clock
Related violations: <none>

TIMING-17#159 Critical Warning
Non-clocked sequential cell  
The clock pin puntuaciones1/instancia_punt_total/sumador_reg[8]__4/C is not reached by a timing clock
Related violations: <none>

TIMING-17#160 Critical Warning
Non-clocked sequential cell  
The clock pin puntuaciones1/instancia_punt_total/sumador_reg[8]__5/C is not reached by a timing clock
Related violations: <none>

TIMING-17#161 Critical Warning
Non-clocked sequential cell  
The clock pin puntuaciones1/instancia_punt_total/sumador_reg[8]__6/C is not reached by a timing clock
Related violations: <none>

TIMING-17#162 Critical Warning
Non-clocked sequential cell  
The clock pin puntuaciones1/instancia_punt_total/sumador_reg[8]__7/C is not reached by a timing clock
Related violations: <none>

TIMING-17#163 Critical Warning
Non-clocked sequential cell  
The clock pin puntuaciones1/instancia_punt_total/sumador_reg[8]__8/C is not reached by a timing clock
Related violations: <none>

TIMING-17#164 Critical Warning
Non-clocked sequential cell  
The clock pin puntuaciones1/instancia_punt_total/sumador_reg[8]__9/C is not reached by a timing clock
Related violations: <none>

TIMING-17#165 Critical Warning
Non-clocked sequential cell  
The clock pin puntuaciones1/instancia_punt_total/sumador_reg[9]/C is not reached by a timing clock
Related violations: <none>

TIMING-17#166 Critical Warning
Non-clocked sequential cell  
The clock pin puntuaciones1/instancia_punt_total/sumador_reg[9]__0/C is not reached by a timing clock
Related violations: <none>

TIMING-17#167 Critical Warning
Non-clocked sequential cell  
The clock pin puntuaciones1/instancia_punt_total/sumador_reg[9]__1/C is not reached by a timing clock
Related violations: <none>

TIMING-17#168 Critical Warning
Non-clocked sequential cell  
The clock pin puntuaciones1/instancia_punt_total/sumador_reg[9]__10/C is not reached by a timing clock
Related violations: <none>

TIMING-17#169 Critical Warning
Non-clocked sequential cell  
The clock pin puntuaciones1/instancia_punt_total/sumador_reg[9]__11/C is not reached by a timing clock
Related violations: <none>

TIMING-17#170 Critical Warning
Non-clocked sequential cell  
The clock pin puntuaciones1/instancia_punt_total/sumador_reg[9]__2/C is not reached by a timing clock
Related violations: <none>

TIMING-17#171 Critical Warning
Non-clocked sequential cell  
The clock pin puntuaciones1/instancia_punt_total/sumador_reg[9]__3/C is not reached by a timing clock
Related violations: <none>

TIMING-17#172 Critical Warning
Non-clocked sequential cell  
The clock pin puntuaciones1/instancia_punt_total/sumador_reg[9]__4/C is not reached by a timing clock
Related violations: <none>

TIMING-17#173 Critical Warning
Non-clocked sequential cell  
The clock pin puntuaciones1/instancia_punt_total/sumador_reg[9]__5/C is not reached by a timing clock
Related violations: <none>

TIMING-17#174 Critical Warning
Non-clocked sequential cell  
The clock pin puntuaciones1/instancia_punt_total/sumador_reg[9]__6/C is not reached by a timing clock
Related violations: <none>

TIMING-17#175 Critical Warning
Non-clocked sequential cell  
The clock pin puntuaciones1/instancia_punt_total/sumador_reg[9]__7/C is not reached by a timing clock
Related violations: <none>

TIMING-17#176 Critical Warning
Non-clocked sequential cell  
The clock pin puntuaciones1/instancia_punt_total/sumador_reg[9]__8/C is not reached by a timing clock
Related violations: <none>

TIMING-17#177 Critical Warning
Non-clocked sequential cell  
The clock pin puntuaciones1/instancia_punt_total/sumador_reg[9]__9/C is not reached by a timing clock
Related violations: <none>

TIMING-17#178 Critical Warning
Non-clocked sequential cell  
The clock pin puntuaciones2/instance_case_c/ready_reg/C is not reached by a timing clock
Related violations: <none>

TIMING-17#179 Critical Warning
Non-clocked sequential cell  
The clock pin puntuaciones2/instance_case_t/ready_reg/C is not reached by a timing clock
Related violations: <none>

TIMING-17#180 Critical Warning
Non-clocked sequential cell  
The clock pin puntuaciones2/instance_case_y/ready_reg/C is not reached by a timing clock
Related violations: <none>

TIMING-17#181 Critical Warning
Non-clocked sequential cell  
The clock pin puntuaciones2/instancia_caso_turnos/turno_reg[0]/C is not reached by a timing clock
Related violations: <none>

TIMING-17#182 Critical Warning
Non-clocked sequential cell  
The clock pin puntuaciones2/instancia_caso_turnos/turno_reg[1]/C is not reached by a timing clock
Related violations: <none>

TIMING-17#183 Critical Warning
Non-clocked sequential cell  
The clock pin puntuaciones2/instancia_caso_turnos/turno_reg[2]/C is not reached by a timing clock
Related violations: <none>

TIMING-17#184 Critical Warning
Non-clocked sequential cell  
The clock pin puntuaciones2/instancia_caso_turnos/turno_reg[3]/C is not reached by a timing clock
Related violations: <none>

TIMING-17#185 Critical Warning
Non-clocked sequential cell  
The clock pin puntuaciones2/instancia_caso_turnos/turno_reg[4]/C is not reached by a timing clock
Related violations: <none>

TIMING-17#186 Critical Warning
Non-clocked sequential cell  
The clock pin puntuaciones2/instancia_caso_turnos/turno_reg[5]/C is not reached by a timing clock
Related violations: <none>

TIMING-17#187 Critical Warning
Non-clocked sequential cell  
The clock pin puntuaciones2/instancia_caso_turnos/turno_reg[6]/C is not reached by a timing clock
Related violations: <none>

TIMING-17#188 Critical Warning
Non-clocked sequential cell  
The clock pin puntuaciones2/instancia_caso_turnos/turno_reg[7]/C is not reached by a timing clock
Related violations: <none>

TIMING-17#189 Critical Warning
Non-clocked sequential cell  
The clock pin puntuaciones2/instancia_caso_turnos/turno_reg[8]/C is not reached by a timing clock
Related violations: <none>

TIMING-17#190 Critical Warning
Non-clocked sequential cell  
The clock pin puntuaciones2/instancia_caso_turnos/turno_reg[9]/C is not reached by a timing clock
Related violations: <none>

TIMING-17#191 Critical Warning
Non-clocked sequential cell  
The clock pin puntuaciones2/instancia_punt_total/sumador_reg[0]/C is not reached by a timing clock
Related violations: <none>

TIMING-17#192 Critical Warning
Non-clocked sequential cell  
The clock pin puntuaciones2/instancia_punt_total/sumador_reg[0]__0/C is not reached by a timing clock
Related violations: <none>

TIMING-17#193 Critical Warning
Non-clocked sequential cell  
The clock pin puntuaciones2/instancia_punt_total/sumador_reg[0]__1/C is not reached by a timing clock
Related violations: <none>

TIMING-17#194 Critical Warning
Non-clocked sequential cell  
The clock pin puntuaciones2/instancia_punt_total/sumador_reg[0]__10/C is not reached by a timing clock
Related violations: <none>

TIMING-17#195 Critical Warning
Non-clocked sequential cell  
The clock pin puntuaciones2/instancia_punt_total/sumador_reg[0]__11/C is not reached by a timing clock
Related violations: <none>

TIMING-17#196 Critical Warning
Non-clocked sequential cell  
The clock pin puntuaciones2/instancia_punt_total/sumador_reg[0]__2/C is not reached by a timing clock
Related violations: <none>

TIMING-17#197 Critical Warning
Non-clocked sequential cell  
The clock pin puntuaciones2/instancia_punt_total/sumador_reg[0]__3/C is not reached by a timing clock
Related violations: <none>

TIMING-17#198 Critical Warning
Non-clocked sequential cell  
The clock pin puntuaciones2/instancia_punt_total/sumador_reg[0]__4/C is not reached by a timing clock
Related violations: <none>

TIMING-17#199 Critical Warning
Non-clocked sequential cell  
The clock pin puntuaciones2/instancia_punt_total/sumador_reg[0]__5/C is not reached by a timing clock
Related violations: <none>

TIMING-17#200 Critical Warning
Non-clocked sequential cell  
The clock pin puntuaciones2/instancia_punt_total/sumador_reg[0]__6/C is not reached by a timing clock
Related violations: <none>

TIMING-17#201 Critical Warning
Non-clocked sequential cell  
The clock pin puntuaciones2/instancia_punt_total/sumador_reg[0]__7/C is not reached by a timing clock
Related violations: <none>

TIMING-17#202 Critical Warning
Non-clocked sequential cell  
The clock pin puntuaciones2/instancia_punt_total/sumador_reg[0]__8/C is not reached by a timing clock
Related violations: <none>

TIMING-17#203 Critical Warning
Non-clocked sequential cell  
The clock pin puntuaciones2/instancia_punt_total/sumador_reg[0]__9/C is not reached by a timing clock
Related violations: <none>

TIMING-17#204 Critical Warning
Non-clocked sequential cell  
The clock pin puntuaciones2/instancia_punt_total/sumador_reg[1]/C is not reached by a timing clock
Related violations: <none>

TIMING-17#205 Critical Warning
Non-clocked sequential cell  
The clock pin puntuaciones2/instancia_punt_total/sumador_reg[1]__0/C is not reached by a timing clock
Related violations: <none>

TIMING-17#206 Critical Warning
Non-clocked sequential cell  
The clock pin puntuaciones2/instancia_punt_total/sumador_reg[1]__1/C is not reached by a timing clock
Related violations: <none>

TIMING-17#207 Critical Warning
Non-clocked sequential cell  
The clock pin puntuaciones2/instancia_punt_total/sumador_reg[1]__10/C is not reached by a timing clock
Related violations: <none>

TIMING-17#208 Critical Warning
Non-clocked sequential cell  
The clock pin puntuaciones2/instancia_punt_total/sumador_reg[1]__11/C is not reached by a timing clock
Related violations: <none>

TIMING-17#209 Critical Warning
Non-clocked sequential cell  
The clock pin puntuaciones2/instancia_punt_total/sumador_reg[1]__2/C is not reached by a timing clock
Related violations: <none>

TIMING-17#210 Critical Warning
Non-clocked sequential cell  
The clock pin puntuaciones2/instancia_punt_total/sumador_reg[1]__3/C is not reached by a timing clock
Related violations: <none>

TIMING-17#211 Critical Warning
Non-clocked sequential cell  
The clock pin puntuaciones2/instancia_punt_total/sumador_reg[1]__4/C is not reached by a timing clock
Related violations: <none>

TIMING-17#212 Critical Warning
Non-clocked sequential cell  
The clock pin puntuaciones2/instancia_punt_total/sumador_reg[1]__5/C is not reached by a timing clock
Related violations: <none>

TIMING-17#213 Critical Warning
Non-clocked sequential cell  
The clock pin puntuaciones2/instancia_punt_total/sumador_reg[1]__6/C is not reached by a timing clock
Related violations: <none>

TIMING-17#214 Critical Warning
Non-clocked sequential cell  
The clock pin puntuaciones2/instancia_punt_total/sumador_reg[1]__7/C is not reached by a timing clock
Related violations: <none>

TIMING-17#215 Critical Warning
Non-clocked sequential cell  
The clock pin puntuaciones2/instancia_punt_total/sumador_reg[1]__8/C is not reached by a timing clock
Related violations: <none>

TIMING-17#216 Critical Warning
Non-clocked sequential cell  
The clock pin puntuaciones2/instancia_punt_total/sumador_reg[1]__9/C is not reached by a timing clock
Related violations: <none>

TIMING-17#217 Critical Warning
Non-clocked sequential cell  
The clock pin puntuaciones2/instancia_punt_total/sumador_reg[2]/C is not reached by a timing clock
Related violations: <none>

TIMING-17#218 Critical Warning
Non-clocked sequential cell  
The clock pin puntuaciones2/instancia_punt_total/sumador_reg[2]__0/C is not reached by a timing clock
Related violations: <none>

TIMING-17#219 Critical Warning
Non-clocked sequential cell  
The clock pin puntuaciones2/instancia_punt_total/sumador_reg[2]__1/C is not reached by a timing clock
Related violations: <none>

TIMING-17#220 Critical Warning
Non-clocked sequential cell  
The clock pin puntuaciones2/instancia_punt_total/sumador_reg[2]__10/C is not reached by a timing clock
Related violations: <none>

TIMING-17#221 Critical Warning
Non-clocked sequential cell  
The clock pin puntuaciones2/instancia_punt_total/sumador_reg[2]__11/C is not reached by a timing clock
Related violations: <none>

TIMING-17#222 Critical Warning
Non-clocked sequential cell  
The clock pin puntuaciones2/instancia_punt_total/sumador_reg[2]__2/C is not reached by a timing clock
Related violations: <none>

TIMING-17#223 Critical Warning
Non-clocked sequential cell  
The clock pin puntuaciones2/instancia_punt_total/sumador_reg[2]__3/C is not reached by a timing clock
Related violations: <none>

TIMING-17#224 Critical Warning
Non-clocked sequential cell  
The clock pin puntuaciones2/instancia_punt_total/sumador_reg[2]__4/C is not reached by a timing clock
Related violations: <none>

TIMING-17#225 Critical Warning
Non-clocked sequential cell  
The clock pin puntuaciones2/instancia_punt_total/sumador_reg[2]__5/C is not reached by a timing clock
Related violations: <none>

TIMING-17#226 Critical Warning
Non-clocked sequential cell  
The clock pin puntuaciones2/instancia_punt_total/sumador_reg[2]__6/C is not reached by a timing clock
Related violations: <none>

TIMING-17#227 Critical Warning
Non-clocked sequential cell  
The clock pin puntuaciones2/instancia_punt_total/sumador_reg[2]__7/C is not reached by a timing clock
Related violations: <none>

TIMING-17#228 Critical Warning
Non-clocked sequential cell  
The clock pin puntuaciones2/instancia_punt_total/sumador_reg[2]__8/C is not reached by a timing clock
Related violations: <none>

TIMING-17#229 Critical Warning
Non-clocked sequential cell  
The clock pin puntuaciones2/instancia_punt_total/sumador_reg[2]__9/C is not reached by a timing clock
Related violations: <none>

TIMING-17#230 Critical Warning
Non-clocked sequential cell  
The clock pin puntuaciones2/instancia_punt_total/sumador_reg[3]/C is not reached by a timing clock
Related violations: <none>

TIMING-17#231 Critical Warning
Non-clocked sequential cell  
The clock pin puntuaciones2/instancia_punt_total/sumador_reg[3]__0/C is not reached by a timing clock
Related violations: <none>

TIMING-17#232 Critical Warning
Non-clocked sequential cell  
The clock pin puntuaciones2/instancia_punt_total/sumador_reg[3]__1/C is not reached by a timing clock
Related violations: <none>

TIMING-17#233 Critical Warning
Non-clocked sequential cell  
The clock pin puntuaciones2/instancia_punt_total/sumador_reg[3]__10/C is not reached by a timing clock
Related violations: <none>

TIMING-17#234 Critical Warning
Non-clocked sequential cell  
The clock pin puntuaciones2/instancia_punt_total/sumador_reg[3]__11/C is not reached by a timing clock
Related violations: <none>

TIMING-17#235 Critical Warning
Non-clocked sequential cell  
The clock pin puntuaciones2/instancia_punt_total/sumador_reg[3]__2/C is not reached by a timing clock
Related violations: <none>

TIMING-17#236 Critical Warning
Non-clocked sequential cell  
The clock pin puntuaciones2/instancia_punt_total/sumador_reg[3]__3/C is not reached by a timing clock
Related violations: <none>

TIMING-17#237 Critical Warning
Non-clocked sequential cell  
The clock pin puntuaciones2/instancia_punt_total/sumador_reg[3]__4/C is not reached by a timing clock
Related violations: <none>

TIMING-17#238 Critical Warning
Non-clocked sequential cell  
The clock pin puntuaciones2/instancia_punt_total/sumador_reg[3]__5/C is not reached by a timing clock
Related violations: <none>

TIMING-17#239 Critical Warning
Non-clocked sequential cell  
The clock pin puntuaciones2/instancia_punt_total/sumador_reg[3]__6/C is not reached by a timing clock
Related violations: <none>

TIMING-17#240 Critical Warning
Non-clocked sequential cell  
The clock pin puntuaciones2/instancia_punt_total/sumador_reg[3]__7/C is not reached by a timing clock
Related violations: <none>

TIMING-17#241 Critical Warning
Non-clocked sequential cell  
The clock pin puntuaciones2/instancia_punt_total/sumador_reg[3]__8/C is not reached by a timing clock
Related violations: <none>

TIMING-17#242 Critical Warning
Non-clocked sequential cell  
The clock pin puntuaciones2/instancia_punt_total/sumador_reg[3]__9/C is not reached by a timing clock
Related violations: <none>

TIMING-17#243 Critical Warning
Non-clocked sequential cell  
The clock pin puntuaciones2/instancia_punt_total/sumador_reg[4]/C is not reached by a timing clock
Related violations: <none>

TIMING-17#244 Critical Warning
Non-clocked sequential cell  
The clock pin puntuaciones2/instancia_punt_total/sumador_reg[4]__0/C is not reached by a timing clock
Related violations: <none>

TIMING-17#245 Critical Warning
Non-clocked sequential cell  
The clock pin puntuaciones2/instancia_punt_total/sumador_reg[4]__1/C is not reached by a timing clock
Related violations: <none>

TIMING-17#246 Critical Warning
Non-clocked sequential cell  
The clock pin puntuaciones2/instancia_punt_total/sumador_reg[4]__10/C is not reached by a timing clock
Related violations: <none>

TIMING-17#247 Critical Warning
Non-clocked sequential cell  
The clock pin puntuaciones2/instancia_punt_total/sumador_reg[4]__11/C is not reached by a timing clock
Related violations: <none>

TIMING-17#248 Critical Warning
Non-clocked sequential cell  
The clock pin puntuaciones2/instancia_punt_total/sumador_reg[4]__2/C is not reached by a timing clock
Related violations: <none>

TIMING-17#249 Critical Warning
Non-clocked sequential cell  
The clock pin puntuaciones2/instancia_punt_total/sumador_reg[4]__3/C is not reached by a timing clock
Related violations: <none>

TIMING-17#250 Critical Warning
Non-clocked sequential cell  
The clock pin puntuaciones2/instancia_punt_total/sumador_reg[4]__4/C is not reached by a timing clock
Related violations: <none>

TIMING-17#251 Critical Warning
Non-clocked sequential cell  
The clock pin puntuaciones2/instancia_punt_total/sumador_reg[4]__5/C is not reached by a timing clock
Related violations: <none>

TIMING-17#252 Critical Warning
Non-clocked sequential cell  
The clock pin puntuaciones2/instancia_punt_total/sumador_reg[4]__6/C is not reached by a timing clock
Related violations: <none>

TIMING-17#253 Critical Warning
Non-clocked sequential cell  
The clock pin puntuaciones2/instancia_punt_total/sumador_reg[4]__7/C is not reached by a timing clock
Related violations: <none>

TIMING-17#254 Critical Warning
Non-clocked sequential cell  
The clock pin puntuaciones2/instancia_punt_total/sumador_reg[4]__8/C is not reached by a timing clock
Related violations: <none>

TIMING-17#255 Critical Warning
Non-clocked sequential cell  
The clock pin puntuaciones2/instancia_punt_total/sumador_reg[4]__9/C is not reached by a timing clock
Related violations: <none>

TIMING-17#256 Critical Warning
Non-clocked sequential cell  
The clock pin puntuaciones2/instancia_punt_total/sumador_reg[5]/C is not reached by a timing clock
Related violations: <none>

TIMING-17#257 Critical Warning
Non-clocked sequential cell  
The clock pin puntuaciones2/instancia_punt_total/sumador_reg[5]__0/C is not reached by a timing clock
Related violations: <none>

TIMING-17#258 Critical Warning
Non-clocked sequential cell  
The clock pin puntuaciones2/instancia_punt_total/sumador_reg[5]__1/C is not reached by a timing clock
Related violations: <none>

TIMING-17#259 Critical Warning
Non-clocked sequential cell  
The clock pin puntuaciones2/instancia_punt_total/sumador_reg[5]__10/C is not reached by a timing clock
Related violations: <none>

TIMING-17#260 Critical Warning
Non-clocked sequential cell  
The clock pin puntuaciones2/instancia_punt_total/sumador_reg[5]__11/C is not reached by a timing clock
Related violations: <none>

TIMING-17#261 Critical Warning
Non-clocked sequential cell  
The clock pin puntuaciones2/instancia_punt_total/sumador_reg[5]__2/C is not reached by a timing clock
Related violations: <none>

TIMING-17#262 Critical Warning
Non-clocked sequential cell  
The clock pin puntuaciones2/instancia_punt_total/sumador_reg[5]__3/C is not reached by a timing clock
Related violations: <none>

TIMING-17#263 Critical Warning
Non-clocked sequential cell  
The clock pin puntuaciones2/instancia_punt_total/sumador_reg[5]__4/C is not reached by a timing clock
Related violations: <none>

TIMING-17#264 Critical Warning
Non-clocked sequential cell  
The clock pin puntuaciones2/instancia_punt_total/sumador_reg[5]__5/C is not reached by a timing clock
Related violations: <none>

TIMING-17#265 Critical Warning
Non-clocked sequential cell  
The clock pin puntuaciones2/instancia_punt_total/sumador_reg[5]__6/C is not reached by a timing clock
Related violations: <none>

TIMING-17#266 Critical Warning
Non-clocked sequential cell  
The clock pin puntuaciones2/instancia_punt_total/sumador_reg[5]__7/C is not reached by a timing clock
Related violations: <none>

TIMING-17#267 Critical Warning
Non-clocked sequential cell  
The clock pin puntuaciones2/instancia_punt_total/sumador_reg[5]__8/C is not reached by a timing clock
Related violations: <none>

TIMING-17#268 Critical Warning
Non-clocked sequential cell  
The clock pin puntuaciones2/instancia_punt_total/sumador_reg[5]__9/C is not reached by a timing clock
Related violations: <none>

TIMING-17#269 Critical Warning
Non-clocked sequential cell  
The clock pin puntuaciones2/instancia_punt_total/sumador_reg[6]/C is not reached by a timing clock
Related violations: <none>

TIMING-17#270 Critical Warning
Non-clocked sequential cell  
The clock pin puntuaciones2/instancia_punt_total/sumador_reg[6]__0/C is not reached by a timing clock
Related violations: <none>

TIMING-17#271 Critical Warning
Non-clocked sequential cell  
The clock pin puntuaciones2/instancia_punt_total/sumador_reg[6]__1/C is not reached by a timing clock
Related violations: <none>

TIMING-17#272 Critical Warning
Non-clocked sequential cell  
The clock pin puntuaciones2/instancia_punt_total/sumador_reg[6]__10/C is not reached by a timing clock
Related violations: <none>

TIMING-17#273 Critical Warning
Non-clocked sequential cell  
The clock pin puntuaciones2/instancia_punt_total/sumador_reg[6]__11/C is not reached by a timing clock
Related violations: <none>

TIMING-17#274 Critical Warning
Non-clocked sequential cell  
The clock pin puntuaciones2/instancia_punt_total/sumador_reg[6]__2/C is not reached by a timing clock
Related violations: <none>

TIMING-17#275 Critical Warning
Non-clocked sequential cell  
The clock pin puntuaciones2/instancia_punt_total/sumador_reg[6]__3/C is not reached by a timing clock
Related violations: <none>

TIMING-17#276 Critical Warning
Non-clocked sequential cell  
The clock pin puntuaciones2/instancia_punt_total/sumador_reg[6]__4/C is not reached by a timing clock
Related violations: <none>

TIMING-17#277 Critical Warning
Non-clocked sequential cell  
The clock pin puntuaciones2/instancia_punt_total/sumador_reg[6]__5/C is not reached by a timing clock
Related violations: <none>

TIMING-17#278 Critical Warning
Non-clocked sequential cell  
The clock pin puntuaciones2/instancia_punt_total/sumador_reg[6]__6/C is not reached by a timing clock
Related violations: <none>

TIMING-17#279 Critical Warning
Non-clocked sequential cell  
The clock pin puntuaciones2/instancia_punt_total/sumador_reg[6]__7/C is not reached by a timing clock
Related violations: <none>

TIMING-17#280 Critical Warning
Non-clocked sequential cell  
The clock pin puntuaciones2/instancia_punt_total/sumador_reg[6]__8/C is not reached by a timing clock
Related violations: <none>

TIMING-17#281 Critical Warning
Non-clocked sequential cell  
The clock pin puntuaciones2/instancia_punt_total/sumador_reg[6]__9/C is not reached by a timing clock
Related violations: <none>

TIMING-17#282 Critical Warning
Non-clocked sequential cell  
The clock pin puntuaciones2/instancia_punt_total/sumador_reg[7]/C is not reached by a timing clock
Related violations: <none>

TIMING-17#283 Critical Warning
Non-clocked sequential cell  
The clock pin puntuaciones2/instancia_punt_total/sumador_reg[7]__0/C is not reached by a timing clock
Related violations: <none>

TIMING-17#284 Critical Warning
Non-clocked sequential cell  
The clock pin puntuaciones2/instancia_punt_total/sumador_reg[7]__1/C is not reached by a timing clock
Related violations: <none>

TIMING-17#285 Critical Warning
Non-clocked sequential cell  
The clock pin puntuaciones2/instancia_punt_total/sumador_reg[7]__10/C is not reached by a timing clock
Related violations: <none>

TIMING-17#286 Critical Warning
Non-clocked sequential cell  
The clock pin puntuaciones2/instancia_punt_total/sumador_reg[7]__11/C is not reached by a timing clock
Related violations: <none>

TIMING-17#287 Critical Warning
Non-clocked sequential cell  
The clock pin puntuaciones2/instancia_punt_total/sumador_reg[7]__2/C is not reached by a timing clock
Related violations: <none>

TIMING-17#288 Critical Warning
Non-clocked sequential cell  
The clock pin puntuaciones2/instancia_punt_total/sumador_reg[7]__3/C is not reached by a timing clock
Related violations: <none>

TIMING-17#289 Critical Warning
Non-clocked sequential cell  
The clock pin puntuaciones2/instancia_punt_total/sumador_reg[7]__4/C is not reached by a timing clock
Related violations: <none>

TIMING-17#290 Critical Warning
Non-clocked sequential cell  
The clock pin puntuaciones2/instancia_punt_total/sumador_reg[7]__5/C is not reached by a timing clock
Related violations: <none>

TIMING-17#291 Critical Warning
Non-clocked sequential cell  
The clock pin puntuaciones2/instancia_punt_total/sumador_reg[7]__6/C is not reached by a timing clock
Related violations: <none>

TIMING-17#292 Critical Warning
Non-clocked sequential cell  
The clock pin puntuaciones2/instancia_punt_total/sumador_reg[7]__7/C is not reached by a timing clock
Related violations: <none>

TIMING-17#293 Critical Warning
Non-clocked sequential cell  
The clock pin puntuaciones2/instancia_punt_total/sumador_reg[7]__8/C is not reached by a timing clock
Related violations: <none>

TIMING-17#294 Critical Warning
Non-clocked sequential cell  
The clock pin puntuaciones2/instancia_punt_total/sumador_reg[7]__9/C is not reached by a timing clock
Related violations: <none>

TIMING-17#295 Critical Warning
Non-clocked sequential cell  
The clock pin puntuaciones2/instancia_punt_total/sumador_reg[8]/C is not reached by a timing clock
Related violations: <none>

TIMING-17#296 Critical Warning
Non-clocked sequential cell  
The clock pin puntuaciones2/instancia_punt_total/sumador_reg[8]__0/C is not reached by a timing clock
Related violations: <none>

TIMING-17#297 Critical Warning
Non-clocked sequential cell  
The clock pin puntuaciones2/instancia_punt_total/sumador_reg[8]__1/C is not reached by a timing clock
Related violations: <none>

TIMING-17#298 Critical Warning
Non-clocked sequential cell  
The clock pin puntuaciones2/instancia_punt_total/sumador_reg[8]__10/C is not reached by a timing clock
Related violations: <none>

TIMING-17#299 Critical Warning
Non-clocked sequential cell  
The clock pin puntuaciones2/instancia_punt_total/sumador_reg[8]__11/C is not reached by a timing clock
Related violations: <none>

TIMING-17#300 Critical Warning
Non-clocked sequential cell  
The clock pin puntuaciones2/instancia_punt_total/sumador_reg[8]__2/C is not reached by a timing clock
Related violations: <none>

TIMING-17#301 Critical Warning
Non-clocked sequential cell  
The clock pin puntuaciones2/instancia_punt_total/sumador_reg[8]__3/C is not reached by a timing clock
Related violations: <none>

TIMING-17#302 Critical Warning
Non-clocked sequential cell  
The clock pin puntuaciones2/instancia_punt_total/sumador_reg[8]__4/C is not reached by a timing clock
Related violations: <none>

TIMING-17#303 Critical Warning
Non-clocked sequential cell  
The clock pin puntuaciones2/instancia_punt_total/sumador_reg[8]__5/C is not reached by a timing clock
Related violations: <none>

TIMING-17#304 Critical Warning
Non-clocked sequential cell  
The clock pin puntuaciones2/instancia_punt_total/sumador_reg[8]__6/C is not reached by a timing clock
Related violations: <none>

TIMING-17#305 Critical Warning
Non-clocked sequential cell  
The clock pin puntuaciones2/instancia_punt_total/sumador_reg[8]__7/C is not reached by a timing clock
Related violations: <none>

TIMING-17#306 Critical Warning
Non-clocked sequential cell  
The clock pin puntuaciones2/instancia_punt_total/sumador_reg[8]__8/C is not reached by a timing clock
Related violations: <none>

TIMING-17#307 Critical Warning
Non-clocked sequential cell  
The clock pin puntuaciones2/instancia_punt_total/sumador_reg[8]__9/C is not reached by a timing clock
Related violations: <none>

TIMING-17#308 Critical Warning
Non-clocked sequential cell  
The clock pin puntuaciones2/instancia_punt_total/sumador_reg[9]/C is not reached by a timing clock
Related violations: <none>

TIMING-17#309 Critical Warning
Non-clocked sequential cell  
The clock pin puntuaciones2/instancia_punt_total/sumador_reg[9]__0/C is not reached by a timing clock
Related violations: <none>

TIMING-17#310 Critical Warning
Non-clocked sequential cell  
The clock pin puntuaciones2/instancia_punt_total/sumador_reg[9]__1/C is not reached by a timing clock
Related violations: <none>

TIMING-17#311 Critical Warning
Non-clocked sequential cell  
The clock pin puntuaciones2/instancia_punt_total/sumador_reg[9]__10/C is not reached by a timing clock
Related violations: <none>

TIMING-17#312 Critical Warning
Non-clocked sequential cell  
The clock pin puntuaciones2/instancia_punt_total/sumador_reg[9]__11/C is not reached by a timing clock
Related violations: <none>

TIMING-17#313 Critical Warning
Non-clocked sequential cell  
The clock pin puntuaciones2/instancia_punt_total/sumador_reg[9]__2/C is not reached by a timing clock
Related violations: <none>

TIMING-17#314 Critical Warning
Non-clocked sequential cell  
The clock pin puntuaciones2/instancia_punt_total/sumador_reg[9]__3/C is not reached by a timing clock
Related violations: <none>

TIMING-17#315 Critical Warning
Non-clocked sequential cell  
The clock pin puntuaciones2/instancia_punt_total/sumador_reg[9]__4/C is not reached by a timing clock
Related violations: <none>

TIMING-17#316 Critical Warning
Non-clocked sequential cell  
The clock pin puntuaciones2/instancia_punt_total/sumador_reg[9]__5/C is not reached by a timing clock
Related violations: <none>

TIMING-17#317 Critical Warning
Non-clocked sequential cell  
The clock pin puntuaciones2/instancia_punt_total/sumador_reg[9]__6/C is not reached by a timing clock
Related violations: <none>

TIMING-17#318 Critical Warning
Non-clocked sequential cell  
The clock pin puntuaciones2/instancia_punt_total/sumador_reg[9]__7/C is not reached by a timing clock
Related violations: <none>

TIMING-17#319 Critical Warning
Non-clocked sequential cell  
The clock pin puntuaciones2/instancia_punt_total/sumador_reg[9]__8/C is not reached by a timing clock
Related violations: <none>

TIMING-17#320 Critical Warning
Non-clocked sequential cell  
The clock pin puntuaciones2/instancia_punt_total/sumador_reg[9]__9/C is not reached by a timing clock
Related violations: <none>

LUTAR-1#1 Warning
LUT drives async reset alert  
LUT cell display/HZ2/digictrl_reg[7]_LDC_i_2, with 2 or more inputs, drives asynchronous preset/clear pin(s) display/digictrl_reg[0]_C/CLR, display/digictrl_reg[1]_C/CLR,
display/digictrl_reg[2]_C/CLR, display/digictrl_reg[3]_C/CLR,
display/digictrl_reg[4]_C/CLR, display/digictrl_reg[5]_C/CLR,
display/digictrl_reg[6]_C/CLR, display/digictrl_reg[7]_C/CLR
display/digictrl_reg[7]_LDC/CLR. The LUT may glitch and trigger an unexpected reset, even if it is a properly timed path.
Related violations: <none>

LUTAR-1#2 Warning
LUT drives async reset alert  
LUT cell fsm/digictrl_reg[7]_LDC_i_1, with 2 or more inputs, drives asynchronous preset/clear pin(s) display/digictrl_reg[0]_P/PRE, display/digictrl_reg[1]_P/PRE,
display/digictrl_reg[2]_P/PRE, display/digictrl_reg[3]_P/PRE,
display/digictrl_reg[4]_P/PRE, display/digictrl_reg[5]_P/PRE,
display/digictrl_reg[6]_P/PRE, display/digictrl_reg[7]_P/PRE. The LUT may glitch and trigger an unexpected reset, even if it is a properly timed path.
Related violations: <none>

TIMING-16#1 Warning
Large setup violation  
There is a large setup violation of -6.476 ns between dados_aleatorios/dados_i_reg[0][0]/C (clocked by sys_clk_pin) and puntuaciones2/instance_caso_ep/resultado_reg[4]/D (clocked by sys_clk_pin). Large setup violations at the end of those stages might be difficult to fix during the post-placement implementation flow and could be the result of non-optimal XDC constraints or non-optimal design architecture
Related violations: <none>

TIMING-16#2 Warning
Large setup violation  
There is a large setup violation of -6.537 ns between dados_aleatorios/dados_i_reg[0][1]/C (clocked by sys_clk_pin) and puntuaciones2/instance_caso_eg/resultado_reg[4]/D (clocked by sys_clk_pin). Large setup violations at the end of those stages might be difficult to fix during the post-placement implementation flow and could be the result of non-optimal XDC constraints or non-optimal design architecture
Related violations: <none>

TIMING-16#3 Warning
Large setup violation  
There is a large setup violation of -6.882 ns between dados_aleatorios/dados_i_reg[0][0]/C (clocked by sys_clk_pin) and puntuaciones1/instance_caso_ep/resultado_reg[4]/D (clocked by sys_clk_pin). Large setup violations at the end of those stages might be difficult to fix during the post-placement implementation flow and could be the result of non-optimal XDC constraints or non-optimal design architecture
Related violations: <none>

TIMING-16#4 Warning
Large setup violation  
There is a large setup violation of -7.035 ns between dados_aleatorios/dados_i_reg[1][0]_replica/C (clocked by sys_clk_pin) and puntuaciones1/instance_caso_eg/resultado_reg[4]/D (clocked by sys_clk_pin). Large setup violations at the end of those stages might be difficult to fix during the post-placement implementation flow and could be the result of non-optimal XDC constraints or non-optimal design architecture
Related violations: <none>

TIMING-18#1 Warning
Missing input or output delay  
An input delay is missing on boton_abajo relative to the rising and/or falling clock edge(s) of sys_clk_pin.
Related violations: <none>

TIMING-18#2 Warning
Missing input or output delay  
An input delay is missing on boton_arriba relative to the rising and/or falling clock edge(s) of sys_clk_pin.
Related violations: <none>

TIMING-18#3 Warning
Missing input or output delay  
An input delay is missing on boton_enter relative to the rising and/or falling clock edge(s) of sys_clk_pin.
Related violations: <none>

TIMING-18#4 Warning
Missing input or output delay  
An input delay is missing on reset relative to the rising and/or falling clock edge(s) of sys_clk_pin.
Related violations: <none>

TIMING-18#5 Warning
Missing input or output delay  
An input delay is missing on sw_enclave[0] relative to the rising and/or falling clock edge(s) of sys_clk_pin.
Related violations: <none>

TIMING-18#6 Warning
Missing input or output delay  
An input delay is missing on sw_enclave[1] relative to the rising and/or falling clock edge(s) of sys_clk_pin.
Related violations: <none>

TIMING-18#7 Warning
Missing input or output delay  
An input delay is missing on sw_enclave[2] relative to the rising and/or falling clock edge(s) of sys_clk_pin.
Related violations: <none>

TIMING-18#8 Warning
Missing input or output delay  
An input delay is missing on sw_enclave[3] relative to the rising and/or falling clock edge(s) of sys_clk_pin.
Related violations: <none>

TIMING-18#9 Warning
Missing input or output delay  
An input delay is missing on sw_enclave[4] relative to the rising and/or falling clock edge(s) of sys_clk_pin.
Related violations: <none>

TIMING-18#10 Warning
Missing input or output delay  
An output delay is missing on leds[10] relative to the rising and/or falling clock edge(s) of sys_clk_pin.
Related violations: <none>

TIMING-18#11 Warning
Missing input or output delay  
An output delay is missing on leds[11] relative to the rising and/or falling clock edge(s) of sys_clk_pin.
Related violations: <none>

TIMING-18#12 Warning
Missing input or output delay  
An output delay is missing on leds[12] relative to the rising and/or falling clock edge(s) of sys_clk_pin.
Related violations: <none>

TIMING-18#13 Warning
Missing input or output delay  
An output delay is missing on leds[13] relative to the rising and/or falling clock edge(s) of sys_clk_pin.
Related violations: <none>

TIMING-18#14 Warning
Missing input or output delay  
An output delay is missing on leds[14] relative to the rising and/or falling clock edge(s) of sys_clk_pin.
Related violations: <none>

TIMING-18#15 Warning
Missing input or output delay  
An output delay is missing on leds[15] relative to the rising and/or falling clock edge(s) of sys_clk_pin.
Related violations: <none>

TIMING-18#16 Warning
Missing input or output delay  
An output delay is missing on leds[16] relative to the rising and/or falling clock edge(s) of sys_clk_pin.
Related violations: <none>

TIMING-18#17 Warning
Missing input or output delay  
An output delay is missing on leds[1] relative to the rising and/or falling clock edge(s) of sys_clk_pin.
Related violations: <none>

TIMING-18#18 Warning
Missing input or output delay  
An output delay is missing on leds[2] relative to the rising and/or falling clock edge(s) of sys_clk_pin.
Related violations: <none>

TIMING-18#19 Warning
Missing input or output delay  
An output delay is missing on leds[3] relative to the rising and/or falling clock edge(s) of sys_clk_pin.
Related violations: <none>

TIMING-18#20 Warning
Missing input or output delay  
An output delay is missing on leds[4] relative to the rising and/or falling clock edge(s) of sys_clk_pin.
Related violations: <none>

TIMING-18#21 Warning
Missing input or output delay  
An output delay is missing on leds[5] relative to the rising and/or falling clock edge(s) of sys_clk_pin.
Related violations: <none>

TIMING-18#22 Warning
Missing input or output delay  
An output delay is missing on leds[6] relative to the rising and/or falling clock edge(s) of sys_clk_pin.
Related violations: <none>

TIMING-18#23 Warning
Missing input or output delay  
An output delay is missing on leds[7] relative to the rising and/or falling clock edge(s) of sys_clk_pin.
Related violations: <none>

TIMING-18#24 Warning
Missing input or output delay  
An output delay is missing on leds[8] relative to the rising and/or falling clock edge(s) of sys_clk_pin.
Related violations: <none>

TIMING-18#25 Warning
Missing input or output delay  
An output delay is missing on leds[9] relative to the rising and/or falling clock edge(s) of sys_clk_pin.
Related violations: <none>

TIMING-20#1 Warning
Non-clocked latch  
The latch display/digictrl_reg[7]_LDC cannot be properly analyzed as its control pin display/digictrl_reg[7]_LDC/G is not reached by a timing clock
Related violations: <none>

TIMING-20#2 Warning
Non-clocked latch  
The latch puntuaciones1/instance1/resultado_reg[0] cannot be properly analyzed as its control pin puntuaciones1/instance1/resultado_reg[0]/G is not reached by a timing clock
Related violations: <none>

TIMING-20#3 Warning
Non-clocked latch  
The latch puntuaciones1/instance1/resultado_reg[1] cannot be properly analyzed as its control pin puntuaciones1/instance1/resultado_reg[1]/G is not reached by a timing clock
Related violations: <none>

TIMING-20#4 Warning
Non-clocked latch  
The latch puntuaciones1/instance1/resultado_reg[2] cannot be properly analyzed as its control pin puntuaciones1/instance1/resultado_reg[2]/G is not reached by a timing clock
Related violations: <none>

TIMING-20#5 Warning
Non-clocked latch  
The latch puntuaciones1/instance2/resultado_reg[1] cannot be properly analyzed as its control pin puntuaciones1/instance2/resultado_reg[1]/G is not reached by a timing clock
Related violations: <none>

TIMING-20#6 Warning
Non-clocked latch  
The latch puntuaciones1/instance2/resultado_reg[2] cannot be properly analyzed as its control pin puntuaciones1/instance2/resultado_reg[2]/G is not reached by a timing clock
Related violations: <none>

TIMING-20#7 Warning
Non-clocked latch  
The latch puntuaciones1/instance2/resultado_reg[3] cannot be properly analyzed as its control pin puntuaciones1/instance2/resultado_reg[3]/G is not reached by a timing clock
Related violations: <none>

TIMING-20#8 Warning
Non-clocked latch  
The latch puntuaciones1/instance3/resultado_reg[0] cannot be properly analyzed as its control pin puntuaciones1/instance3/resultado_reg[0]/G is not reached by a timing clock
Related violations: <none>

TIMING-20#9 Warning
Non-clocked latch  
The latch puntuaciones1/instance3/resultado_reg[1] cannot be properly analyzed as its control pin puntuaciones1/instance3/resultado_reg[1]/G is not reached by a timing clock
Related violations: <none>

TIMING-20#10 Warning
Non-clocked latch  
The latch puntuaciones1/instance3/resultado_reg[2] cannot be properly analyzed as its control pin puntuaciones1/instance3/resultado_reg[2]/G is not reached by a timing clock
Related violations: <none>

TIMING-20#11 Warning
Non-clocked latch  
The latch puntuaciones1/instance3/resultado_reg[3] cannot be properly analyzed as its control pin puntuaciones1/instance3/resultado_reg[3]/G is not reached by a timing clock
Related violations: <none>

TIMING-20#12 Warning
Non-clocked latch  
The latch puntuaciones1/instance3/resultado_reg[4] cannot be properly analyzed as its control pin puntuaciones1/instance3/resultado_reg[4]/G is not reached by a timing clock
Related violations: <none>

TIMING-20#13 Warning
Non-clocked latch  
The latch puntuaciones1/instance3/resultado_reg[9] cannot be properly analyzed as its control pin puntuaciones1/instance3/resultado_reg[9]/G is not reached by a timing clock
Related violations: <none>

TIMING-20#14 Warning
Non-clocked latch  
The latch puntuaciones1/instance4/resultado_reg[2] cannot be properly analyzed as its control pin puntuaciones1/instance4/resultado_reg[2]/G is not reached by a timing clock
Related violations: <none>

TIMING-20#15 Warning
Non-clocked latch  
The latch puntuaciones1/instance4/resultado_reg[3] cannot be properly analyzed as its control pin puntuaciones1/instance4/resultado_reg[3]/G is not reached by a timing clock
Related violations: <none>

TIMING-20#16 Warning
Non-clocked latch  
The latch puntuaciones1/instance4/resultado_reg[4] cannot be properly analyzed as its control pin puntuaciones1/instance4/resultado_reg[4]/G is not reached by a timing clock
Related violations: <none>

TIMING-20#17 Warning
Non-clocked latch  
The latch puntuaciones1/instance5/resultado_reg[0] cannot be properly analyzed as its control pin puntuaciones1/instance5/resultado_reg[0]/G is not reached by a timing clock
Related violations: <none>

TIMING-20#18 Warning
Non-clocked latch  
The latch puntuaciones1/instance5/resultado_reg[1] cannot be properly analyzed as its control pin puntuaciones1/instance5/resultado_reg[1]/G is not reached by a timing clock
Related violations: <none>

TIMING-20#19 Warning
Non-clocked latch  
The latch puntuaciones1/instance5/resultado_reg[2] cannot be properly analyzed as its control pin puntuaciones1/instance5/resultado_reg[2]/G is not reached by a timing clock
Related violations: <none>

TIMING-20#20 Warning
Non-clocked latch  
The latch puntuaciones1/instance5/resultado_reg[3] cannot be properly analyzed as its control pin puntuaciones1/instance5/resultado_reg[3]/G is not reached by a timing clock
Related violations: <none>

TIMING-20#21 Warning
Non-clocked latch  
The latch puntuaciones1/instance5/resultado_reg[4] cannot be properly analyzed as its control pin puntuaciones1/instance5/resultado_reg[4]/G is not reached by a timing clock
Related violations: <none>

TIMING-20#22 Warning
Non-clocked latch  
The latch puntuaciones1/instance5/resultado_reg[5] cannot be properly analyzed as its control pin puntuaciones1/instance5/resultado_reg[5]/G is not reached by a timing clock
Related violations: <none>

TIMING-20#23 Warning
Non-clocked latch  
The latch puntuaciones1/instance6/resultado_reg[1] cannot be properly analyzed as its control pin puntuaciones1/instance6/resultado_reg[1]/G is not reached by a timing clock
Related violations: <none>

TIMING-20#24 Warning
Non-clocked latch  
The latch puntuaciones1/instance6/resultado_reg[2] cannot be properly analyzed as its control pin puntuaciones1/instance6/resultado_reg[2]/G is not reached by a timing clock
Related violations: <none>

TIMING-20#25 Warning
Non-clocked latch  
The latch puntuaciones1/instance6/resultado_reg[3] cannot be properly analyzed as its control pin puntuaciones1/instance6/resultado_reg[3]/G is not reached by a timing clock
Related violations: <none>

TIMING-20#26 Warning
Non-clocked latch  
The latch puntuaciones1/instance6/resultado_reg[4] cannot be properly analyzed as its control pin puntuaciones1/instance6/resultado_reg[4]/G is not reached by a timing clock
Related violations: <none>

TIMING-20#27 Warning
Non-clocked latch  
The latch puntuaciones1/instance6/resultado_reg[5] cannot be properly analyzed as its control pin puntuaciones1/instance6/resultado_reg[5]/G is not reached by a timing clock
Related violations: <none>

TIMING-20#28 Warning
Non-clocked latch  
The latch puntuaciones1/instance6/resultado_reg[9] cannot be properly analyzed as its control pin puntuaciones1/instance6/resultado_reg[9]/G is not reached by a timing clock
Related violations: <none>

TIMING-20#29 Warning
Non-clocked latch  
The latch puntuaciones1/instance_case_c/resultado_reg[4] cannot be properly analyzed as its control pin puntuaciones1/instance_case_c/resultado_reg[4]/G is not reached by a timing clock
Related violations: <none>

TIMING-20#30 Warning
Non-clocked latch  
The latch puntuaciones1/instance_case_t/resultado_reg[3] cannot be properly analyzed as its control pin puntuaciones1/instance_case_t/resultado_reg[3]/G is not reached by a timing clock
Related violations: <none>

TIMING-20#31 Warning
Non-clocked latch  
The latch puntuaciones1/instance_case_y/resultado_reg[5] cannot be properly analyzed as its control pin puntuaciones1/instance_case_y/resultado_reg[5]/G is not reached by a timing clock
Related violations: <none>

TIMING-20#32 Warning
Non-clocked latch  
The latch puntuaciones1/instancia_punt_total/salida_reg[0] cannot be properly analyzed as its control pin puntuaciones1/instancia_punt_total/salida_reg[0]/G is not reached by a timing clock
Related violations: <none>

TIMING-20#33 Warning
Non-clocked latch  
The latch puntuaciones1/instancia_punt_total/salida_reg[1] cannot be properly analyzed as its control pin puntuaciones1/instancia_punt_total/salida_reg[1]/G is not reached by a timing clock
Related violations: <none>

TIMING-20#34 Warning
Non-clocked latch  
The latch puntuaciones1/instancia_punt_total/salida_reg[2] cannot be properly analyzed as its control pin puntuaciones1/instancia_punt_total/salida_reg[2]/G is not reached by a timing clock
Related violations: <none>

TIMING-20#35 Warning
Non-clocked latch  
The latch puntuaciones1/instancia_punt_total/salida_reg[3] cannot be properly analyzed as its control pin puntuaciones1/instancia_punt_total/salida_reg[3]/G is not reached by a timing clock
Related violations: <none>

TIMING-20#36 Warning
Non-clocked latch  
The latch puntuaciones1/instancia_punt_total/salida_reg[4] cannot be properly analyzed as its control pin puntuaciones1/instancia_punt_total/salida_reg[4]/G is not reached by a timing clock
Related violations: <none>

TIMING-20#37 Warning
Non-clocked latch  
The latch puntuaciones1/instancia_punt_total/salida_reg[5] cannot be properly analyzed as its control pin puntuaciones1/instancia_punt_total/salida_reg[5]/G is not reached by a timing clock
Related violations: <none>

TIMING-20#38 Warning
Non-clocked latch  
The latch puntuaciones1/instancia_punt_total/salida_reg[6] cannot be properly analyzed as its control pin puntuaciones1/instancia_punt_total/salida_reg[6]/G is not reached by a timing clock
Related violations: <none>

TIMING-20#39 Warning
Non-clocked latch  
The latch puntuaciones1/instancia_punt_total/salida_reg[7] cannot be properly analyzed as its control pin puntuaciones1/instancia_punt_total/salida_reg[7]/G is not reached by a timing clock
Related violations: <none>

TIMING-20#40 Warning
Non-clocked latch  
The latch puntuaciones1/instancia_punt_total/salida_reg[8] cannot be properly analyzed as its control pin puntuaciones1/instancia_punt_total/salida_reg[8]/G is not reached by a timing clock
Related violations: <none>

TIMING-20#41 Warning
Non-clocked latch  
The latch puntuaciones1/instancia_punt_total/salida_reg[9] cannot be properly analyzed as its control pin puntuaciones1/instancia_punt_total/salida_reg[9]/G is not reached by a timing clock
Related violations: <none>

TIMING-20#42 Warning
Non-clocked latch  
The latch puntuaciones2/instance1/resultado_reg[0] cannot be properly analyzed as its control pin puntuaciones2/instance1/resultado_reg[0]/G is not reached by a timing clock
Related violations: <none>

TIMING-20#43 Warning
Non-clocked latch  
The latch puntuaciones2/instance1/resultado_reg[1] cannot be properly analyzed as its control pin puntuaciones2/instance1/resultado_reg[1]/G is not reached by a timing clock
Related violations: <none>

TIMING-20#44 Warning
Non-clocked latch  
The latch puntuaciones2/instance1/resultado_reg[2] cannot be properly analyzed as its control pin puntuaciones2/instance1/resultado_reg[2]/G is not reached by a timing clock
Related violations: <none>

TIMING-20#45 Warning
Non-clocked latch  
The latch puntuaciones2/instance2/resultado_reg[1] cannot be properly analyzed as its control pin puntuaciones2/instance2/resultado_reg[1]/G is not reached by a timing clock
Related violations: <none>

TIMING-20#46 Warning
Non-clocked latch  
The latch puntuaciones2/instance2/resultado_reg[2] cannot be properly analyzed as its control pin puntuaciones2/instance2/resultado_reg[2]/G is not reached by a timing clock
Related violations: <none>

TIMING-20#47 Warning
Non-clocked latch  
The latch puntuaciones2/instance2/resultado_reg[3] cannot be properly analyzed as its control pin puntuaciones2/instance2/resultado_reg[3]/G is not reached by a timing clock
Related violations: <none>

TIMING-20#48 Warning
Non-clocked latch  
The latch puntuaciones2/instance3/resultado_reg[0] cannot be properly analyzed as its control pin puntuaciones2/instance3/resultado_reg[0]/G is not reached by a timing clock
Related violations: <none>

TIMING-20#49 Warning
Non-clocked latch  
The latch puntuaciones2/instance3/resultado_reg[1] cannot be properly analyzed as its control pin puntuaciones2/instance3/resultado_reg[1]/G is not reached by a timing clock
Related violations: <none>

TIMING-20#50 Warning
Non-clocked latch  
The latch puntuaciones2/instance3/resultado_reg[2] cannot be properly analyzed as its control pin puntuaciones2/instance3/resultado_reg[2]/G is not reached by a timing clock
Related violations: <none>

TIMING-20#51 Warning
Non-clocked latch  
The latch puntuaciones2/instance3/resultado_reg[3] cannot be properly analyzed as its control pin puntuaciones2/instance3/resultado_reg[3]/G is not reached by a timing clock
Related violations: <none>

TIMING-20#52 Warning
Non-clocked latch  
The latch puntuaciones2/instance3/resultado_reg[4] cannot be properly analyzed as its control pin puntuaciones2/instance3/resultado_reg[4]/G is not reached by a timing clock
Related violations: <none>

TIMING-20#53 Warning
Non-clocked latch  
The latch puntuaciones2/instance3/resultado_reg[9] cannot be properly analyzed as its control pin puntuaciones2/instance3/resultado_reg[9]/G is not reached by a timing clock
Related violations: <none>

TIMING-20#54 Warning
Non-clocked latch  
The latch puntuaciones2/instance4/resultado_reg[2] cannot be properly analyzed as its control pin puntuaciones2/instance4/resultado_reg[2]/G is not reached by a timing clock
Related violations: <none>

TIMING-20#55 Warning
Non-clocked latch  
The latch puntuaciones2/instance4/resultado_reg[3] cannot be properly analyzed as its control pin puntuaciones2/instance4/resultado_reg[3]/G is not reached by a timing clock
Related violations: <none>

TIMING-20#56 Warning
Non-clocked latch  
The latch puntuaciones2/instance4/resultado_reg[4] cannot be properly analyzed as its control pin puntuaciones2/instance4/resultado_reg[4]/G is not reached by a timing clock
Related violations: <none>

TIMING-20#57 Warning
Non-clocked latch  
The latch puntuaciones2/instance5/resultado_reg[0] cannot be properly analyzed as its control pin puntuaciones2/instance5/resultado_reg[0]/G is not reached by a timing clock
Related violations: <none>

TIMING-20#58 Warning
Non-clocked latch  
The latch puntuaciones2/instance5/resultado_reg[1] cannot be properly analyzed as its control pin puntuaciones2/instance5/resultado_reg[1]/G is not reached by a timing clock
Related violations: <none>

TIMING-20#59 Warning
Non-clocked latch  
The latch puntuaciones2/instance5/resultado_reg[2] cannot be properly analyzed as its control pin puntuaciones2/instance5/resultado_reg[2]/G is not reached by a timing clock
Related violations: <none>

TIMING-20#60 Warning
Non-clocked latch  
The latch puntuaciones2/instance5/resultado_reg[3] cannot be properly analyzed as its control pin puntuaciones2/instance5/resultado_reg[3]/G is not reached by a timing clock
Related violations: <none>

TIMING-20#61 Warning
Non-clocked latch  
The latch puntuaciones2/instance5/resultado_reg[4] cannot be properly analyzed as its control pin puntuaciones2/instance5/resultado_reg[4]/G is not reached by a timing clock
Related violations: <none>

TIMING-20#62 Warning
Non-clocked latch  
The latch puntuaciones2/instance5/resultado_reg[5] cannot be properly analyzed as its control pin puntuaciones2/instance5/resultado_reg[5]/G is not reached by a timing clock
Related violations: <none>

TIMING-20#63 Warning
Non-clocked latch  
The latch puntuaciones2/instance6/resultado_reg[1] cannot be properly analyzed as its control pin puntuaciones2/instance6/resultado_reg[1]/G is not reached by a timing clock
Related violations: <none>

TIMING-20#64 Warning
Non-clocked latch  
The latch puntuaciones2/instance6/resultado_reg[2] cannot be properly analyzed as its control pin puntuaciones2/instance6/resultado_reg[2]/G is not reached by a timing clock
Related violations: <none>

TIMING-20#65 Warning
Non-clocked latch  
The latch puntuaciones2/instance6/resultado_reg[3] cannot be properly analyzed as its control pin puntuaciones2/instance6/resultado_reg[3]/G is not reached by a timing clock
Related violations: <none>

TIMING-20#66 Warning
Non-clocked latch  
The latch puntuaciones2/instance6/resultado_reg[4] cannot be properly analyzed as its control pin puntuaciones2/instance6/resultado_reg[4]/G is not reached by a timing clock
Related violations: <none>

TIMING-20#67 Warning
Non-clocked latch  
The latch puntuaciones2/instance6/resultado_reg[5] cannot be properly analyzed as its control pin puntuaciones2/instance6/resultado_reg[5]/G is not reached by a timing clock
Related violations: <none>

TIMING-20#68 Warning
Non-clocked latch  
The latch puntuaciones2/instance6/resultado_reg[9] cannot be properly analyzed as its control pin puntuaciones2/instance6/resultado_reg[9]/G is not reached by a timing clock
Related violations: <none>

TIMING-20#69 Warning
Non-clocked latch  
The latch puntuaciones2/instance_case_c/resultado_reg[4] cannot be properly analyzed as its control pin puntuaciones2/instance_case_c/resultado_reg[4]/G is not reached by a timing clock
Related violations: <none>

TIMING-20#70 Warning
Non-clocked latch  
The latch puntuaciones2/instance_case_t/resultado_reg[3] cannot be properly analyzed as its control pin puntuaciones2/instance_case_t/resultado_reg[3]/G is not reached by a timing clock
Related violations: <none>

TIMING-20#71 Warning
Non-clocked latch  
The latch puntuaciones2/instance_case_y/resultado_reg[5] cannot be properly analyzed as its control pin puntuaciones2/instance_case_y/resultado_reg[5]/G is not reached by a timing clock
Related violations: <none>

TIMING-20#72 Warning
Non-clocked latch  
The latch puntuaciones2/instancia_punt_total/salida_reg[0] cannot be properly analyzed as its control pin puntuaciones2/instancia_punt_total/salida_reg[0]/G is not reached by a timing clock
Related violations: <none>

TIMING-20#73 Warning
Non-clocked latch  
The latch puntuaciones2/instancia_punt_total/salida_reg[1] cannot be properly analyzed as its control pin puntuaciones2/instancia_punt_total/salida_reg[1]/G is not reached by a timing clock
Related violations: <none>

TIMING-20#74 Warning
Non-clocked latch  
The latch puntuaciones2/instancia_punt_total/salida_reg[2] cannot be properly analyzed as its control pin puntuaciones2/instancia_punt_total/salida_reg[2]/G is not reached by a timing clock
Related violations: <none>

TIMING-20#75 Warning
Non-clocked latch  
The latch puntuaciones2/instancia_punt_total/salida_reg[3] cannot be properly analyzed as its control pin puntuaciones2/instancia_punt_total/salida_reg[3]/G is not reached by a timing clock
Related violations: <none>

TIMING-20#76 Warning
Non-clocked latch  
The latch puntuaciones2/instancia_punt_total/salida_reg[4] cannot be properly analyzed as its control pin puntuaciones2/instancia_punt_total/salida_reg[4]/G is not reached by a timing clock
Related violations: <none>

TIMING-20#77 Warning
Non-clocked latch  
The latch puntuaciones2/instancia_punt_total/salida_reg[5] cannot be properly analyzed as its control pin puntuaciones2/instancia_punt_total/salida_reg[5]/G is not reached by a timing clock
Related violations: <none>

TIMING-20#78 Warning
Non-clocked latch  
The latch puntuaciones2/instancia_punt_total/salida_reg[6] cannot be properly analyzed as its control pin puntuaciones2/instancia_punt_total/salida_reg[6]/G is not reached by a timing clock
Related violations: <none>

TIMING-20#79 Warning
Non-clocked latch  
The latch puntuaciones2/instancia_punt_total/salida_reg[7] cannot be properly analyzed as its control pin puntuaciones2/instancia_punt_total/salida_reg[7]/G is not reached by a timing clock
Related violations: <none>

TIMING-20#80 Warning
Non-clocked latch  
The latch puntuaciones2/instancia_punt_total/salida_reg[8] cannot be properly analyzed as its control pin puntuaciones2/instancia_punt_total/salida_reg[8]/G is not reached by a timing clock
Related violations: <none>

TIMING-20#81 Warning
Non-clocked latch  
The latch puntuaciones2/instancia_punt_total/salida_reg[9] cannot be properly analyzed as its control pin puntuaciones2/instancia_punt_total/salida_reg[9]/G is not reached by a timing clock
Related violations: <none>

LATCH-1#1 Advisory
Existing latches in the design  
There are 81 latches found in the design. Inferred latches are often the result of HDL coding mistakes, such as incomplete if or case statements.
Related violations: <none>


