
*** Running vivado
    with args -log DISPLAY_PUNTOS.vds -m64 -product Vivado -mode batch -messageDb vivado.pb -notrace -source DISPLAY_PUNTOS.tcl



****** Vivado v2024.1 (64-bit)
  **** SW Build 5076996 on Wed May 22 18:37:14 MDT 2024
  **** IP Build 5075265 on Wed May 22 21:45:21 MDT 2024
  **** SharedData Build 5076995 on Wed May 22 18:29:18 MDT 2024
  **** Start of session at: Sat Dec  7 01:30:15 2024
    ** Copyright 1986-2022 Xilinx, Inc. All Rights Reserved.
    ** Copyright 2022-2024 Advanced Micro Devices, Inc. All Rights Reserved.

source DISPLAY_PUNTOS.tcl -notrace
create_project: Time (s): cpu = 00:00:10 ; elapsed = 00:00:12 . Memory (MB): peak = 540.496 ; gain = 235.000
Command: synth_design -top DISPLAY_PUNTOS -part xc7a100tcsg324-1
Starting synth_design
Attempting to get a license for feature 'Synthesis' and/or device 'xc7a100t'
INFO: [Common 17-349] Got license for feature 'Synthesis' and/or device 'xc7a100t'
INFO: [Device 21-403] Loading part xc7a100tcsg324-1
INFO: [Device 21-9227] Part: xc7a100tcsg324-1 does not have CEAM library.
INFO: [Synth 8-7079] Multithreading enabled for synth_design using a maximum of 2 processes.
INFO: [Synth 8-7078] Launching helper process for spawning children vivado processes
INFO: [Synth 8-7075] Helper process launched with PID 12072
---------------------------------------------------------------------------------
Starting RTL Elaboration : Time (s): cpu = 00:00:07 ; elapsed = 00:00:08 . Memory (MB): peak = 1405.953 ; gain = 446.246
---------------------------------------------------------------------------------
INFO: [Synth 8-638] synthesizing module 'DISPLAY_PUNTOS' [C:/Users/gabri/OneDrive/Escritorio/1 CUATRI 24-25/SISTEMAS DIGITALES/PROYECTO/DISPLAY/DISPLAY.srcs/sources_1/new/DISPLAY.vhd:20]
INFO: [Synth 8-638] synthesizing module 'DIVISOR_HZ' [C:/Users/gabri/OneDrive/Escritorio/1 CUATRI 24-25/SISTEMAS DIGITALES/PROYECTO/DISPLAY/DISPLAY.srcs/sources_1/new/DIVISOR_HZ.vhd:12]
INFO: [Synth 8-256] done synthesizing module 'DIVISOR_HZ' (0#1) [C:/Users/gabri/OneDrive/Escritorio/1 CUATRI 24-25/SISTEMAS DIGITALES/PROYECTO/DISPLAY/DISPLAY.srcs/sources_1/new/DIVISOR_HZ.vhd:12]
INFO: [Synth 8-638] synthesizing module 'unsigned_to_bcd' [C:/Users/gabri/OneDrive/Escritorio/1 CUATRI 24-25/SISTEMAS DIGITALES/PROYECTO/DISPLAY/DISPLAY.srcs/sources_1/new/unsigned_to_bcd.vhd:15]
WARNING: [Synth 8-614] signal 'centenas' is read in the process but is not in the sensitivity list [C:/Users/gabri/OneDrive/Escritorio/1 CUATRI 24-25/SISTEMAS DIGITALES/PROYECTO/DISPLAY/DISPLAY.srcs/sources_1/new/unsigned_to_bcd.vhd:19]
WARNING: [Synth 8-614] signal 'decenas' is read in the process but is not in the sensitivity list [C:/Users/gabri/OneDrive/Escritorio/1 CUATRI 24-25/SISTEMAS DIGITALES/PROYECTO/DISPLAY/DISPLAY.srcs/sources_1/new/unsigned_to_bcd.vhd:19]
WARNING: [Synth 8-614] signal 'unidades' is read in the process but is not in the sensitivity list [C:/Users/gabri/OneDrive/Escritorio/1 CUATRI 24-25/SISTEMAS DIGITALES/PROYECTO/DISPLAY/DISPLAY.srcs/sources_1/new/unsigned_to_bcd.vhd:19]
INFO: [Synth 8-256] done synthesizing module 'unsigned_to_bcd' (0#1) [C:/Users/gabri/OneDrive/Escritorio/1 CUATRI 24-25/SISTEMAS DIGITALES/PROYECTO/DISPLAY/DISPLAY.srcs/sources_1/new/unsigned_to_bcd.vhd:15]
INFO: [Synth 8-638] synthesizing module 'DECODER' [C:/Users/gabri/OneDrive/Escritorio/1 CUATRI 24-25/SISTEMAS DIGITALES/PROYECTO/DISPLAY/DISPLAY.srcs/sources_1/new/DECODER.vhd:9]
INFO: [Synth 8-256] done synthesizing module 'DECODER' (0#1) [C:/Users/gabri/OneDrive/Escritorio/1 CUATRI 24-25/SISTEMAS DIGITALES/PROYECTO/DISPLAY/DISPLAY.srcs/sources_1/new/DECODER.vhd:9]
INFO: [Synth 8-638] synthesizing module 'FILTRO_LETRAS' [C:/Users/gabri/OneDrive/Escritorio/1 CUATRI 24-25/SISTEMAS DIGITALES/PROYECTO/DISPLAY/DISPLAY.srcs/sources_1/new/FILTRO_LETRAS.vhd:17]
INFO: [Synth 8-638] synthesizing module 'DECODER_LETRAS' [C:/Users/gabri/OneDrive/Escritorio/1 CUATRI 24-25/SISTEMAS DIGITALES/PROYECTO/DISPLAY/DISPLAY.srcs/sources_1/new/DECODER_LETRAS.vhd:11]
INFO: [Synth 8-256] done synthesizing module 'DECODER_LETRAS' (0#1) [C:/Users/gabri/OneDrive/Escritorio/1 CUATRI 24-25/SISTEMAS DIGITALES/PROYECTO/DISPLAY/DISPLAY.srcs/sources_1/new/DECODER_LETRAS.vhd:11]
INFO: [Synth 8-256] done synthesizing module 'FILTRO_LETRAS' (0#1) [C:/Users/gabri/OneDrive/Escritorio/1 CUATRI 24-25/SISTEMAS DIGITALES/PROYECTO/DISPLAY/DISPLAY.srcs/sources_1/new/FILTRO_LETRAS.vhd:17]
WARNING: [Synth 8-614] signal 'clk_intermitente' is read in the process but is not in the sensitivity list [C:/Users/gabri/OneDrive/Escritorio/1 CUATRI 24-25/SISTEMAS DIGITALES/PROYECTO/DISPLAY/DISPLAY.srcs/sources_1/new/DISPLAY.vhd:46]
INFO: [Synth 8-256] done synthesizing module 'DISPLAY_PUNTOS' (0#1) [C:/Users/gabri/OneDrive/Escritorio/1 CUATRI 24-25/SISTEMAS DIGITALES/PROYECTO/DISPLAY/DISPLAY.srcs/sources_1/new/DISPLAY.vhd:20]
WARNING: [Synth 8-7129] Port clk in module unsigned_to_bcd is either unconnected or has no load
---------------------------------------------------------------------------------
Finished RTL Elaboration : Time (s): cpu = 00:00:09 ; elapsed = 00:00:11 . Memory (MB): peak = 1517.176 ; gain = 557.469
---------------------------------------------------------------------------------
---------------------------------------------------------------------------------
Start Handling Custom Attributes
---------------------------------------------------------------------------------
---------------------------------------------------------------------------------
Finished Handling Custom Attributes : Time (s): cpu = 00:00:10 ; elapsed = 00:00:11 . Memory (MB): peak = 1517.176 ; gain = 557.469
---------------------------------------------------------------------------------
---------------------------------------------------------------------------------
Finished RTL Optimization Phase 1 : Time (s): cpu = 00:00:10 ; elapsed = 00:00:11 . Memory (MB): peak = 1517.176 ; gain = 557.469
---------------------------------------------------------------------------------
Netlist sorting complete. Time (s): cpu = 00:00:00 ; elapsed = 00:00:00.005 . Memory (MB): peak = 1517.176 ; gain = 0.000
INFO: [Project 1-570] Preparing netlist for logic optimization

Processing XDC Constraints
Initializing timing engine
Parsing XDC File [C:/Users/gabri/OneDrive/Escritorio/1 CUATRI 24-25/SISTEMAS DIGITALES/PROYECTO/DISPLAY/DISPLAY.srcs/constrs_1/imports/digilent-xdc-master/Nexys-4-DDR-Master.xdc]
Finished Parsing XDC File [C:/Users/gabri/OneDrive/Escritorio/1 CUATRI 24-25/SISTEMAS DIGITALES/PROYECTO/DISPLAY/DISPLAY.srcs/constrs_1/imports/digilent-xdc-master/Nexys-4-DDR-Master.xdc]
Completed Processing XDC Constraints

Netlist sorting complete. Time (s): cpu = 00:00:00 ; elapsed = 00:00:00.001 . Memory (MB): peak = 1609.969 ; gain = 0.000
INFO: [Project 1-111] Unisim Transformation Summary:
No Unisim elements were transformed.

Constraint Validation Runtime : Time (s): cpu = 00:00:00 ; elapsed = 00:00:00.008 . Memory (MB): peak = 1609.969 ; gain = 0.000
---------------------------------------------------------------------------------
Finished Constraint Validation : Time (s): cpu = 00:00:20 ; elapsed = 00:00:22 . Memory (MB): peak = 1609.969 ; gain = 650.262
---------------------------------------------------------------------------------
---------------------------------------------------------------------------------
Start Loading Part and Timing Information
---------------------------------------------------------------------------------
Loading part: xc7a100tcsg324-1
---------------------------------------------------------------------------------
Finished Loading Part and Timing Information : Time (s): cpu = 00:00:20 ; elapsed = 00:00:22 . Memory (MB): peak = 1609.969 ; gain = 650.262
---------------------------------------------------------------------------------
---------------------------------------------------------------------------------
Start Applying 'set_property' XDC Constraints
---------------------------------------------------------------------------------
---------------------------------------------------------------------------------
Finished applying 'set_property' XDC Constraints : Time (s): cpu = 00:00:20 ; elapsed = 00:00:22 . Memory (MB): peak = 1609.969 ; gain = 650.262
---------------------------------------------------------------------------------
---------------------------------------------------------------------------------
Finished RTL Optimization Phase 2 : Time (s): cpu = 00:00:20 ; elapsed = 00:00:22 . Memory (MB): peak = 1609.969 ; gain = 650.262
---------------------------------------------------------------------------------
---------------------------------------------------------------------------------
Start RTL Component Statistics 
---------------------------------------------------------------------------------
Detailed RTL Component Info : 
+---Adders : 
	   2 Input   32 Bit       Adders := 2     
	   2 Input    3 Bit       Adders := 1     
+---Registers : 
	                8 Bit    Registers := 2     
	                7 Bit    Registers := 1     
	                3 Bit    Registers := 1     
	                1 Bit    Registers := 2     
+---Muxes : 
	   2 Input    8 Bit        Muxes := 1     
	   2 Input    7 Bit        Muxes := 5     
	   4 Input    7 Bit        Muxes := 5     
	   2 Input    3 Bit        Muxes := 1     
	   2 Input    1 Bit        Muxes := 3     
---------------------------------------------------------------------------------
Finished RTL Component Statistics 
---------------------------------------------------------------------------------
---------------------------------------------------------------------------------
Start Part Resource Summary
---------------------------------------------------------------------------------
Part Resources:
DSPs: 240 (col length:80)
BRAMs: 270 (col length: RAMB18 80 RAMB36 40)
---------------------------------------------------------------------------------
Finished Part Resource Summary
---------------------------------------------------------------------------------
---------------------------------------------------------------------------------
Start Cross Boundary and Area Optimization
---------------------------------------------------------------------------------
WARNING: [Synth 8-7080] Parallel synthesis criteria is not met
---------------------------------------------------------------------------------
Finished Cross Boundary and Area Optimization : Time (s): cpu = 00:00:26 ; elapsed = 00:00:29 . Memory (MB): peak = 1609.969 ; gain = 650.262
---------------------------------------------------------------------------------
---------------------------------------------------------------------------------
Start Applying XDC Timing Constraints
---------------------------------------------------------------------------------
---------------------------------------------------------------------------------
Finished Applying XDC Timing Constraints : Time (s): cpu = 00:00:34 ; elapsed = 00:00:37 . Memory (MB): peak = 1609.969 ; gain = 650.262
---------------------------------------------------------------------------------
---------------------------------------------------------------------------------
Start Timing Optimization
---------------------------------------------------------------------------------
---------------------------------------------------------------------------------
Finished Timing Optimization : Time (s): cpu = 00:00:34 ; elapsed = 00:00:37 . Memory (MB): peak = 1609.969 ; gain = 650.262
---------------------------------------------------------------------------------
---------------------------------------------------------------------------------
Start Technology Mapping
---------------------------------------------------------------------------------
---------------------------------------------------------------------------------
Finished Technology Mapping : Time (s): cpu = 00:00:34 ; elapsed = 00:00:37 . Memory (MB): peak = 1609.969 ; gain = 650.262
---------------------------------------------------------------------------------
---------------------------------------------------------------------------------
Start IO Insertion
---------------------------------------------------------------------------------
---------------------------------------------------------------------------------
Start Flattening Before IO Insertion
---------------------------------------------------------------------------------
---------------------------------------------------------------------------------
Finished Flattening Before IO Insertion
---------------------------------------------------------------------------------
---------------------------------------------------------------------------------
Start Final Netlist Cleanup
---------------------------------------------------------------------------------
---------------------------------------------------------------------------------
Finished Final Netlist Cleanup
---------------------------------------------------------------------------------
---------------------------------------------------------------------------------
Finished IO Insertion : Time (s): cpu = 00:00:41 ; elapsed = 00:00:43 . Memory (MB): peak = 1609.969 ; gain = 650.262
---------------------------------------------------------------------------------
---------------------------------------------------------------------------------
Start Renaming Generated Instances
---------------------------------------------------------------------------------
---------------------------------------------------------------------------------
Finished Renaming Generated Instances : Time (s): cpu = 00:00:41 ; elapsed = 00:00:43 . Memory (MB): peak = 1609.969 ; gain = 650.262
---------------------------------------------------------------------------------
---------------------------------------------------------------------------------
Start Rebuilding User Hierarchy
---------------------------------------------------------------------------------
---------------------------------------------------------------------------------
Finished Rebuilding User Hierarchy : Time (s): cpu = 00:00:41 ; elapsed = 00:00:43 . Memory (MB): peak = 1609.969 ; gain = 650.262
---------------------------------------------------------------------------------
---------------------------------------------------------------------------------
Start Renaming Generated Ports
---------------------------------------------------------------------------------
---------------------------------------------------------------------------------
Finished Renaming Generated Ports : Time (s): cpu = 00:00:41 ; elapsed = 00:00:43 . Memory (MB): peak = 1609.969 ; gain = 650.262
---------------------------------------------------------------------------------
---------------------------------------------------------------------------------
Start Handling Custom Attributes
---------------------------------------------------------------------------------
---------------------------------------------------------------------------------
Finished Handling Custom Attributes : Time (s): cpu = 00:00:41 ; elapsed = 00:00:43 . Memory (MB): peak = 1609.969 ; gain = 650.262
---------------------------------------------------------------------------------
---------------------------------------------------------------------------------
Start Renaming Generated Nets
---------------------------------------------------------------------------------
---------------------------------------------------------------------------------
Finished Renaming Generated Nets : Time (s): cpu = 00:00:41 ; elapsed = 00:00:43 . Memory (MB): peak = 1609.969 ; gain = 650.262
---------------------------------------------------------------------------------
---------------------------------------------------------------------------------
Start Writing Synthesis Report
---------------------------------------------------------------------------------

Report BlackBoxes: 
+-+--------------+----------+
| |BlackBox name |Instances |
+-+--------------+----------+
+-+--------------+----------+

Report Cell Usage: 
+------+-------+------+
|      |Cell   |Count |
+------+-------+------+
|1     |BUFG   |     1|
|2     |CARRY4 |    16|
|3     |LUT1   |    11|
|4     |LUT2   |    26|
|5     |LUT3   |     8|
|6     |LUT4   |    13|
|7     |LUT5   |    15|
|8     |LUT6   |    49|
|9     |FDCE   |     7|
|10    |FDPE   |     8|
|11    |FDRE   |    36|
|12    |IBUF   |    15|
|13    |OBUF   |    15|
+------+-------+------+
---------------------------------------------------------------------------------
Finished Writing Synthesis Report : Time (s): cpu = 00:00:41 ; elapsed = 00:00:43 . Memory (MB): peak = 1609.969 ; gain = 650.262
---------------------------------------------------------------------------------
Synthesis finished with 0 errors, 0 critical warnings and 1 warnings.
Synthesis Optimization Runtime : Time (s): cpu = 00:00:29 ; elapsed = 00:00:41 . Memory (MB): peak = 1609.969 ; gain = 557.469
Synthesis Optimization Complete : Time (s): cpu = 00:00:41 ; elapsed = 00:00:44 . Memory (MB): peak = 1609.969 ; gain = 650.262
INFO: [Project 1-571] Translating synthesized netlist
Netlist sorting complete. Time (s): cpu = 00:00:00 ; elapsed = 00:00:00.003 . Memory (MB): peak = 1609.969 ; gain = 0.000
INFO: [Netlist 29-17] Analyzing 16 Unisim elements for replacement
INFO: [Netlist 29-28] Unisim Transformation completed in 0 CPU seconds
INFO: [Project 1-570] Preparing netlist for logic optimization
INFO: [Opt 31-138] Pushed 0 inverter(s) to 0 load pin(s).
Netlist sorting complete. Time (s): cpu = 00:00:00 ; elapsed = 00:00:00 . Memory (MB): peak = 1609.969 ; gain = 0.000
INFO: [Project 1-111] Unisim Transformation Summary:
No Unisim elements were transformed.

Synth Design complete | Checksum: 8eecaf5f
INFO: [Common 17-83] Releasing license: Synthesis
27 Infos, 6 Warnings, 0 Critical Warnings and 0 Errors encountered.
synth_design completed successfully
synth_design: Time (s): cpu = 00:00:49 ; elapsed = 00:01:01 . Memory (MB): peak = 1609.969 ; gain = 1069.473
Write ShapeDB Complete: Time (s): cpu = 00:00:00 ; elapsed = 00:00:00.002 . Memory (MB): peak = 1609.969 ; gain = 0.000
INFO: [Common 17-1381] The checkpoint 'C:/Users/gabri/OneDrive/Escritorio/1 CUATRI 24-25/SISTEMAS DIGITALES/PROYECTO/DISPLAY/DISPLAY.runs/synth_1/DISPLAY_PUNTOS.dcp' has been generated.
INFO: [Vivado 12-24828] Executing command : report_utilization -file DISPLAY_PUNTOS_utilization_synth.rpt -pb DISPLAY_PUNTOS_utilization_synth.pb
INFO: [Common 17-206] Exiting Vivado at Sat Dec  7 01:31:31 2024...
