#-----------------------------------------------------------
# Vivado v2024.1 (64-bit)
# SW Build 5076996 on Wed May 22 18:37:14 MDT 2024
# IP Build 5075265 on Wed May 22 21:45:21 MDT 2024
# SharedData Build 5076995 on Wed May 22 18:29:18 MDT 2024
# Start of session at: Wed Jan 15 22:13:31 2025
# Process ID: 16828
# Current directory: C:/Users/gabri/OneDrive/Documentos/GitHub/G23SED/FPGA/GLOBAL_V1/ESTRUCTURAL_3
# Command line: vivado.exe -gui_launcher_event rodinguilauncherevent18308 C:\Users\gabri\OneDrive\Documentos\GitHub\G23SED\FPGA\GLOBAL_V1\ESTRUCTURAL_3\DISPLAY.xpr
# Log file: C:/Users/gabri/OneDrive/Documentos/GitHub/G23SED/FPGA/GLOBAL_V1/ESTRUCTURAL_3/vivado.log
# Journal file: C:/Users/gabri/OneDrive/Documentos/GitHub/G23SED/FPGA/GLOBAL_V1/ESTRUCTURAL_3\vivado.jou
# Running On        :LAPTOP-I6E0CIJ5
# Platform          :Windows Server 2016 or Windows 10
# Operating System  :19045
# Processor Detail  :Intel(R) Core(TM) i5-7300HQ CPU @ 2.50GHz
# CPU Frequency     :2496 MHz
# CPU Physical cores:4
# CPU Logical cores :4
# Host memory       :8467 MB
# Swap memory       :1997 MB
# Total Virtual     :10464 MB
# Available Virtual :3371 MB
#-----------------------------------------------------------
start_gui
open_project C:/Users/gabri/OneDrive/Documentos/GitHub/G23SED/FPGA/GLOBAL_V1/ESTRUCTURAL_3/DISPLAY.xpr
WARNING: [Board 49-26] cannot add Board Part digilentinc.com:genesys2:part0:1.1 available at C:/Xilinx/Vivado/2024.1/data/boards/board_files/genesys2/H/board.xml as part xc7k325tffg900-2 specified in board_part file is either invalid or not available
WARNING: [Board 49-26] cannot add Board Part digilentinc.com:sword:part0:1.0 available at C:/Xilinx/Vivado/2024.1/data/boards/board_files/sword/C.0/board.xml as part xc7k325tffg900-2 specified in board_part file is either invalid or not available
WARNING: [Board 49-26] cannot add Board Part xilinx.com:kc705:part0:1.6 available at C:/Xilinx/Vivado/2024.1/data/xhub/boards/XilinxBoardStore/boards/Xilinx/kc705/1.6/board.xml as part xc7k325tffg900-2 specified in board_part file is either invalid or not available
WARNING: [Board 49-26] cannot add Board Part xilinx.com:kcu105:part0:1.6 available at C:/Xilinx/Vivado/2024.1/data/xhub/boards/XilinxBoardStore/boards/Xilinx/kcu105/1.6/board.xml as part xcku040-ffva1156-2-e specified in board_part file is either invalid or not available
WARNING: [Board 49-26] cannot add Board Part xilinx.com:kcu105:part0:1.7 available at C:/Xilinx/Vivado/2024.1/data/xhub/boards/XilinxBoardStore/boards/Xilinx/kcu105/1.7/board.xml as part xcku040-ffva1156-2-e specified in board_part file is either invalid or not available
WARNING: [Board 49-26] cannot add Board Part xilinx.com:kcu1500:part0:1.2 available at C:/Xilinx/Vivado/2024.1/data/xhub/boards/XilinxBoardStore/boards/Xilinx/kcu1500/1.2/board.xml as part xcku115-flvb2104-2-e specified in board_part file is either invalid or not available
WARNING: [Board 49-26] cannot add Board Part xilinx.com:vc707:part0:1.4 available at C:/Xilinx/Vivado/2024.1/data/xhub/boards/XilinxBoardStore/boards/Xilinx/vc707/1.4/board.xml as part xc7vx485tffg1761-2 specified in board_part file is either invalid or not available
WARNING: [Board 49-26] cannot add Board Part xilinx.com:vc709:part0:1.8 available at C:/Xilinx/Vivado/2024.1/data/xhub/boards/XilinxBoardStore/boards/Xilinx/vc709/1.8/board.xml as part xc7vx690tffg1761-2 specified in board_part file is either invalid or not available
WARNING: [Board 49-26] cannot add Board Part xilinx.com:vck190:part0:2.2 available at C:/Xilinx/Vivado/2024.1/data/xhub/boards/XilinxBoardStore/boards/Xilinx/vck190/production/2.2/board.xml as part xcvc1902-vsva2197-2mp-e-s specified in board_part file is either invalid or not available
WARNING: [Board 49-26] cannot add Board Part xilinx.com:vck190:part0:3.0 available at C:/Xilinx/Vivado/2024.1/data/xhub/boards/XilinxBoardStore/boards/Xilinx/vck190/production/3.0/board.xml as part xcvc1902-vsva2197-2mp-e-s specified in board_part file is either invalid or not available
WARNING: [Board 49-26] cannot add Board Part xilinx.com:vck190:part0:3.1 available at C:/Xilinx/Vivado/2024.1/data/xhub/boards/XilinxBoardStore/boards/Xilinx/vck190/production/3.1/board.xml as part xcvc1902-vsva2197-2mp-e-s specified in board_part file is either invalid or not available
WARNING: [Board 49-26] cannot add Board Part xilinx.com:vck190:part0:3.2 available at C:/Xilinx/Vivado/2024.1/data/xhub/boards/XilinxBoardStore/boards/Xilinx/vck190/production/3.2/board.xml as part xcvc1902-vsva2197-2mp-e-s specified in board_part file is either invalid or not available
WARNING: [Board 49-26] cannot add Board Part xilinx.com:vck190:part0:3.3 available at C:/Xilinx/Vivado/2024.1/data/xhub/boards/XilinxBoardStore/boards/Xilinx/vck190/production/3.3/board.xml as part xcvc1902-vsva2197-2mp-e-s specified in board_part file is either invalid or not available
WARNING: [Board 49-26] cannot add Board Part xilinx.com:vck190_newl:part0:1.0 available at C:/Xilinx/Vivado/2024.1/data/xhub/boards/XilinxBoardStore/boards/Xilinx/vck190_newl/production/1.0/board.xml as part xcvc1902-vsva2197-2mp-e-s specified in board_part file is either invalid or not available
WARNING: [Board 49-26] cannot add Board Part xilinx.com:vck190_newl:part0:1.1 available at C:/Xilinx/Vivado/2024.1/data/xhub/boards/XilinxBoardStore/boards/Xilinx/vck190_newl/production/1.1/board.xml as part xcvc1902-vsva2197-2mp-e-s specified in board_part file is either invalid or not available
WARNING: [Board 49-26] cannot add Board Part xilinx.com:vck190_newl:part0:1.2 available at C:/Xilinx/Vivado/2024.1/data/xhub/boards/XilinxBoardStore/boards/Xilinx/vck190_newl/production/1.2/board.xml as part xcvc1902-vsva2197-2mp-e-s specified in board_part file is either invalid or not available
WARNING: [Board 49-26] cannot add Board Part xilinx.com:vcu108:part0:1.6 available at C:/Xilinx/Vivado/2024.1/data/xhub/boards/XilinxBoardStore/boards/Xilinx/vcu108/1.6/board.xml as part xcvu095-ffva2104-2-e specified in board_part file is either invalid or not available
WARNING: [Board 49-26] cannot add Board Part xilinx.com:vcu108:part0:1.7 available at C:/Xilinx/Vivado/2024.1/data/xhub/boards/XilinxBoardStore/boards/Xilinx/vcu108/1.7/board.xml as part xcvu095-ffva2104-2-e specified in board_part file is either invalid or not available
WARNING: [Board 49-26] cannot add Board Part xilinx.com:vcu110:part0:1.4 available at C:/Xilinx/Vivado/2024.1/data/xhub/boards/XilinxBoardStore/boards/Xilinx/vcu110/1.4/board.xml as part xcvu190-flgc2104-2-e specified in board_part file is either invalid or not available
WARNING: [Board 49-26] cannot add Board Part xilinx.com:vcu118:part0:2.0 available at C:/Xilinx/Vivado/2024.1/data/xhub/boards/XilinxBoardStore/boards/Xilinx/vcu118/2.0/board.xml as part xcvu9p-flga2104-2l-e specified in board_part file is either invalid or not available
WARNING: [Board 49-26] cannot add Board Part xilinx.com:vcu118:part0:2.3 available at C:/Xilinx/Vivado/2024.1/data/xhub/boards/XilinxBoardStore/boards/Xilinx/vcu118/2.3/board.xml as part xcvu9p-flga2104-2l-e specified in board_part file is either invalid or not available
WARNING: [Board 49-26] cannot add Board Part xilinx.com:vcu118:part0:2.4 available at C:/Xilinx/Vivado/2024.1/data/xhub/boards/XilinxBoardStore/boards/Xilinx/vcu118/2.4/board.xml as part xcvu9p-flga2104-2l-e specified in board_part file is either invalid or not available
WARNING: [Board 49-26] cannot add Board Part xilinx.com:vcu129:part0:1.0 available at C:/Xilinx/Vivado/2024.1/data/xhub/boards/XilinxBoardStore/boards/Xilinx/vcu129/production/1.0/board.xml as part xcvu29p-fsga2577-2l-e specified in board_part file is either invalid or not available
WARNING: [Board 49-26] cannot add Board Part xilinx.com:vcu1525:part0:1.3 available at C:/Xilinx/Vivado/2024.1/data/xhub/boards/XilinxBoardStore/boards/Xilinx/vcu1525/1.3/board.xml as part xcvu9p-fsgd2104-2l-e specified in board_part file is either invalid or not available
WARNING: [Board 49-26] cannot add Board Part xilinx.com:vek280:part0:1.0 available at C:/Xilinx/Vivado/2024.1/data/xhub/boards/XilinxBoardStore/boards/Xilinx/vek280/production/1.0/board.xml as part xcve2802-vsvh1760-2mp-e-s specified in board_part file is either invalid or not available
WARNING: [Board 49-26] cannot add Board Part xilinx.com:vek280:part0:1.1 available at C:/Xilinx/Vivado/2024.1/data/xhub/boards/XilinxBoardStore/boards/Xilinx/vek280/production/1.1/board.xml as part xcve2802-vsvh1760-2mp-e-s specified in board_part file is either invalid or not available
WARNING: [Board 49-26] cannot add Board Part xilinx.com:vek280:part0:1.2 available at C:/Xilinx/Vivado/2024.1/data/xhub/boards/XilinxBoardStore/boards/Xilinx/vek280/production/1.2/board.xml as part xcve2802-vsvh1760-2mp-e-s specified in board_part file is either invalid or not available
WARNING: [Board 49-26] cannot add Board Part xilinx.com:vek280_es:part0:1.0 available at C:/Xilinx/Vivado/2024.1/data/xhub/boards/XilinxBoardStore/boards/Xilinx/vek280/es/rev_a/1.0/board.xml as part xcve2802-vsvh1760-2lp-e-s-es1 specified in board_part file is either invalid or not available
WARNING: [Board 49-26] cannot add Board Part xilinx.com:vek280_es:part0:1.1 available at C:/Xilinx/Vivado/2024.1/data/xhub/boards/XilinxBoardStore/boards/Xilinx/vek280/es/rev_a/1.1/board.xml as part xcve2802-vsvh1760-2lp-e-s-es1 specified in board_part file is either invalid or not available
WARNING: [Board 49-26] cannot add Board Part xilinx.com:vek280_es_revb:part0:1.0 available at C:/Xilinx/Vivado/2024.1/data/xhub/boards/XilinxBoardStore/boards/Xilinx/vek280/es/rev_b/1.0/board.xml as part xcve2802-vsvh1760-2mp-e-s-es1 specified in board_part file is either invalid or not available
WARNING: [Board 49-26] cannot add Board Part xilinx.com:vek280_es_revb:part0:1.1 available at C:/Xilinx/Vivado/2024.1/data/xhub/boards/XilinxBoardStore/boards/Xilinx/vek280/es/rev_b/1.1/board.xml as part xcve2802-vsvh1760-2mp-e-s-es1 specified in board_part file is either invalid or not available
WARNING: [Board 49-26] cannot add Board Part xilinx.com:vermeo_t1_mpsoc:part0:1.0 available at C:/Xilinx/Vivado/2024.1/data/xhub/boards/XilinxBoardStore/boards/Xilinx/vermeo_t1_mpsoc/1.0/board.xml as part xczu19eg-ffvd1760-2l-e specified in board_part file is either invalid or not available
WARNING: [Board 49-26] cannot add Board Part xilinx.com:vermeo_t1_rfsoc:part0:1.0 available at C:/Xilinx/Vivado/2024.1/data/xhub/boards/XilinxBoardStore/boards/Xilinx/vermeo_t1_rfsoc/1.0/board.xml as part xczu21dr-ffvd1156-2l-e specified in board_part file is either invalid or not available
WARNING: [Board 49-26] cannot add Board Part xilinx.com:vhk158:part0:1.0 available at C:/Xilinx/Vivado/2024.1/data/xhub/boards/XilinxBoardStore/boards/Xilinx/vhk158/production/1.0/board.xml as part xcvh1582-vsva3697-2mp-e-s specified in board_part file is either invalid or not available
WARNING: [Board 49-26] cannot add Board Part xilinx.com:vhk158:part0:1.1 available at C:/Xilinx/Vivado/2024.1/data/xhub/boards/XilinxBoardStore/boards/Xilinx/vhk158/production/1.1/board.xml as part xcvh1582-vsva3697-2mp-e-s specified in board_part file is either invalid or not available
WARNING: [Board 49-26] cannot add Board Part xilinx.com:vhk158_es:part0:1.0 available at C:/Xilinx/Vivado/2024.1/data/xhub/boards/XilinxBoardStore/boards/Xilinx/vhk158/es/1.0/board.xml as part xcvh1582-vsva3697-2mp-e-s-es1 specified in board_part file is either invalid or not available
WARNING: [Board 49-26] cannot add Board Part xilinx.com:vhk158_es:part0:1.1 available at C:/Xilinx/Vivado/2024.1/data/xhub/boards/XilinxBoardStore/boards/Xilinx/vhk158/es/1.1/board.xml as part xcvh1582-vsva3697-2mp-e-s-es1 specified in board_part file is either invalid or not available
WARNING: [Board 49-26] cannot add Board Part xilinx.com:vmk180:part0:2.2 available at C:/Xilinx/Vivado/2024.1/data/xhub/boards/XilinxBoardStore/boards/Xilinx/vmk180/production/2.2/board.xml as part xcvm1802-vsva2197-2mp-e-s specified in board_part file is either invalid or not available
WARNING: [Board 49-26] cannot add Board Part xilinx.com:vmk180:part0:3.0 available at C:/Xilinx/Vivado/2024.1/data/xhub/boards/XilinxBoardStore/boards/Xilinx/vmk180/production/3.0/board.xml as part xcvm1802-vsva2197-2mp-e-s specified in board_part file is either invalid or not available
WARNING: [Board 49-26] cannot add Board Part xilinx.com:vmk180:part0:3.1 available at C:/Xilinx/Vivado/2024.1/data/xhub/boards/XilinxBoardStore/boards/Xilinx/vmk180/production/3.1/board.xml as part xcvm1802-vsva2197-2mp-e-s specified in board_part file is either invalid or not available
WARNING: [Board 49-26] cannot add Board Part xilinx.com:vmk180:part0:3.2 available at C:/Xilinx/Vivado/2024.1/data/xhub/boards/XilinxBoardStore/boards/Xilinx/vmk180/production/3.2/board.xml as part xcvm1802-vsva2197-2mp-e-s specified in board_part file is either invalid or not available
WARNING: [Board 49-26] cannot add Board Part xilinx.com:vmk180_newl:part0:1.0 available at C:/Xilinx/Vivado/2024.1/data/xhub/boards/XilinxBoardStore/boards/Xilinx/vmk180_newl/production/1.0/board.xml as part xcvm1802-vsva2197-2mp-e-s specified in board_part file is either invalid or not available
WARNING: [Board 49-26] cannot add Board Part xilinx.com:vmk180_newl:part0:1.1 available at C:/Xilinx/Vivado/2024.1/data/xhub/boards/XilinxBoardStore/boards/Xilinx/vmk180_newl/production/1.1/board.xml as part xcvm1802-vsva2197-2mp-e-s specified in board_part file is either invalid or not available
WARNING: [Board 49-26] cannot add Board Part xilinx.com:vpk120:part0:1.0 available at C:/Xilinx/Vivado/2024.1/data/xhub/boards/XilinxBoardStore/boards/Xilinx/vpk120/production/1.0/board.xml as part xcvp1202-vsva2785-2mp-e-s specified in board_part file is either invalid or not available
WARNING: [Board 49-26] cannot add Board Part xilinx.com:vpk120:part0:1.1 available at C:/Xilinx/Vivado/2024.1/data/xhub/boards/XilinxBoardStore/boards/Xilinx/vpk120/production/1.1/board.xml as part xcvp1202-vsva2785-2mp-e-s specified in board_part file is either invalid or not available
WARNING: [Board 49-26] cannot add Board Part xilinx.com:vpk120:part0:1.2 available at C:/Xilinx/Vivado/2024.1/data/xhub/boards/XilinxBoardStore/boards/Xilinx/vpk120/production/1.2/board.xml as part xcvp1202-vsva2785-2mp-e-s specified in board_part file is either invalid or not available
WARNING: [Board 49-26] cannot add Board Part xilinx.com:vpk180:part0:1.0 available at C:/Xilinx/Vivado/2024.1/data/xhub/boards/XilinxBoardStore/boards/Xilinx/vpk180/production/1.0/board.xml as part xcvp1802-lsvc4072-2mp-e-s specified in board_part file is either invalid or not available
WARNING: [Board 49-26] cannot add Board Part xilinx.com:vpk180:part0:1.1 available at C:/Xilinx/Vivado/2024.1/data/xhub/boards/XilinxBoardStore/boards/Xilinx/vpk180/production/1.1/board.xml as part xcvp1802-lsvc4072-2mp-e-s specified in board_part file is either invalid or not available
WARNING: [Board 49-26] cannot add Board Part xilinx.com:vpk180:part0:1.2 available at C:/Xilinx/Vivado/2024.1/data/xhub/boards/XilinxBoardStore/boards/Xilinx/vpk180/production/1.2/board.xml as part xcvp1802-lsvc4072-2mp-e-s specified in board_part file is either invalid or not available
WARNING: [Board 49-26] cannot add Board Part xilinx.com:zc706:part0:1.4 available at C:/Xilinx/Vivado/2024.1/data/xhub/boards/XilinxBoardStore/boards/Xilinx/zc706/1.4/board.xml as part xc7z045ffg900-2 specified in board_part file is either invalid or not available
WARNING: [Board 49-26] cannot add Board Part xilinx.com:zcu102:part0:3.3 available at C:/Xilinx/Vivado/2024.1/data/xhub/boards/XilinxBoardStore/boards/Xilinx/zcu102/3.3/board.xml as part xczu9eg-ffvb1156-2-e specified in board_part file is either invalid or not available
WARNING: [Board 49-26] cannot add Board Part xilinx.com:zcu102:part0:3.4 available at C:/Xilinx/Vivado/2024.1/data/xhub/boards/XilinxBoardStore/boards/Xilinx/zcu102/3.4/board.xml as part xczu9eg-ffvb1156-2-e specified in board_part file is either invalid or not available
WARNING: [Board 49-26] cannot add Board Part xilinx.com:zcu111:part0:1.2 available at C:/Xilinx/Vivado/2024.1/data/xhub/boards/XilinxBoardStore/boards/Xilinx/zcu111/1.2/board.xml as part xczu28dr-ffvg1517-2-e specified in board_part file is either invalid or not available
WARNING: [Board 49-26] cannot add Board Part xilinx.com:zcu111:part0:1.3 available at C:/Xilinx/Vivado/2024.1/data/xhub/boards/XilinxBoardStore/boards/Xilinx/zcu111/1.3/board.xml as part xczu28dr-ffvg1517-2-e specified in board_part file is either invalid or not available
WARNING: [Board 49-26] cannot add Board Part xilinx.com:zcu111:part0:1.4 available at C:/Xilinx/Vivado/2024.1/data/xhub/boards/XilinxBoardStore/boards/Xilinx/zcu111/1.4/board.xml as part xczu28dr-ffvg1517-2-e specified in board_part file is either invalid or not available
WARNING: [Board 49-26] cannot add Board Part xilinx.com:zcu1275:part0:1.0 available at C:/Xilinx/Vivado/2024.1/data/xhub/boards/XilinxBoardStore/boards/Xilinx/zcu1275/1.0/board.xml as part xczu29dr-ffvf1760-2-e specified in board_part file is either invalid or not available
WARNING: [Board 49-26] cannot add Board Part xilinx.com:zcu1285:part0:1.0 available at C:/Xilinx/Vivado/2024.1/data/xhub/boards/XilinxBoardStore/boards/Xilinx/zcu1285/1.0/board.xml as part xczu39dr-ffvf1760-2-i specified in board_part file is either invalid or not available
WARNING: [Board 49-26] cannot add Board Part xilinx.com:zcu208:part0:2.0 available at C:/Xilinx/Vivado/2024.1/data/xhub/boards/XilinxBoardStore/boards/Xilinx/zcu208/production/2.0/board.xml as part xczu48dr-fsvg1517-2-e specified in board_part file is either invalid or not available
WARNING: [Board 49-26] cannot add Board Part xilinx.com:zcu208ld:part0:2.0 available at C:/Xilinx/Vivado/2024.1/data/xhub/boards/XilinxBoardStore/boards/Xilinx/zcu208ld/production/2.0/board.xml as part xczu58dr-fsvg1517-2-i specified in board_part file is either invalid or not available
WARNING: [Board 49-26] cannot add Board Part xilinx.com:zcu216:part0:2.0 available at C:/Xilinx/Vivado/2024.1/data/xhub/boards/XilinxBoardStore/boards/Xilinx/zcu216/production/2.0/board.xml as part xczu49dr-ffvf1760-2-e specified in board_part file is either invalid or not available
WARNING: [Board 49-26] cannot add Board Part xilinx.com:zcu216ld:part0:2.0 available at C:/Xilinx/Vivado/2024.1/data/xhub/boards/XilinxBoardStore/boards/Xilinx/zcu216ld/production/2.0/board.xml as part xczu59dr-ffvf1760-2-i specified in board_part file is either invalid or not available
WARNING: [Board 49-26] cannot add Board Part xilinx.com:zcu670:part0:2.0 available at C:/Xilinx/Vivado/2024.1/data/xhub/boards/XilinxBoardStore/boards/Xilinx/zcu670/2.0/board.xml as part xczu67dr-fsve1156-2-i specified in board_part file is either invalid or not available
WARNING: [Board 49-26] cannot add Board Part xilinx.com:zcu670ld:part0:1.0 available at C:/Xilinx/Vivado/2024.1/data/xhub/boards/XilinxBoardStore/boards/Xilinx/zcu670ld/1.0/board.xml as part xczu57dr-fsve1156-2-i specified in board_part file is either invalid or not available
INFO: [Project 1-313] Project file moved from 'C:/Users/usuario/Github/G23SED/FPGA/GLOBAL_V1/ESTRUCTURAL_1_1' since last save.
INFO: [filemgmt 56-3] Default IP Output Path : Could not find the directory 'C:/Users/gabri/OneDrive/Documentos/GitHub/G23SED/FPGA/GLOBAL_V1/ESTRUCTURAL_3/DISPLAY.gen/sources_1'.
Scanning sources...
Finished scanning sources
INFO: [IP_Flow 19-234] Refreshing IP repositories
INFO: [IP_Flow 19-1704] No user IP repositories specified
INFO: [IP_Flow 19-2313] Loaded Vivado IP repository 'C:/Xilinx/Vivado/2024.1/data/ip'.
open_project: Time (s): cpu = 00:00:39 ; elapsed = 00:00:22 . Memory (MB): peak = 1579.422 ; gain = 522.895
update_compile_order -fileset sources_1
WARNING: [filemgmt 56-199] Attempt to get parsing info during refresh. "On-the-fly" syntax checking information may be incorrect. [C:\Users\gabri\OneDrive\Documentos\GitHub\G23SED\FPGA\GLOBAL_V1\ESTRUCTURAL_3\DISPLAY.srcs\sources_1\imports\dados.srcs\sources_1\new\generaciondados.vhd:]
WARNING: [filemgmt 56-199] Attempt to get parsing info during refresh. "On-the-fly" syntax checking information may be incorrect. [C:\Users\gabri\OneDrive\Documentos\GitHub\G23SED\FPGA\GLOBAL_V1\ESTRUCTURAL_3\DISPLAY.srcs\sources_1\imports\dados.srcs\sources_1\new\top.vhd:]
WARNING: [filemgmt 56-199] Attempt to get parsing info during refresh. "On-the-fly" syntax checking information may be incorrect. [C:\Users\gabri\OneDrive\Documentos\GitHub\G23SED\FPGA\GLOBAL_V1\ESTRUCTURAL_3\DISPLAY.srcs\sources_1\new\FSM.vhd:]
WARNING: [filemgmt 56-199] Attempt to get parsing info during refresh. "On-the-fly" syntax checking information may be incorrect. [C:\Users\gabri\OneDrive\Documentos\GitHub\G23SED\FPGA\GLOBAL_V1\ESTRUCTURAL_3\DISPLAY.srcs\sources_1\imports\dados.srcs\sources_1\new\generaciondados.vhd:]
WARNING: [filemgmt 56-199] Attempt to get parsing info during refresh. "On-the-fly" syntax checking information may be incorrect. [C:\Users\gabri\OneDrive\Documentos\GitHub\G23SED\FPGA\GLOBAL_V1\ESTRUCTURAL_3\DISPLAY.srcs\sources_1\imports\dados.srcs\sources_1\new\generaciondados.vhd:]
WARNING: [filemgmt 56-199] Attempt to get parsing info during refresh. "On-the-fly" syntax checking information may be incorrect. [C:\Users\gabri\OneDrive\Documentos\GitHub\G23SED\FPGA\GLOBAL_V1\ESTRUCTURAL_3\DISPLAY.srcs\sources_1\imports\dados.srcs\sources_1\new\generaciondados.vhd:]
WARNING: [filemgmt 56-199] Attempt to get parsing info during refresh. "On-the-fly" syntax checking information may be incorrect. [C:\Users\gabri\OneDrive\Documentos\GitHub\G23SED\FPGA\GLOBAL_V1\ESTRUCTURAL_3\DISPLAY.srcs\sources_1\imports\dados.srcs\sources_1\new\top.vhd:]
WARNING: [filemgmt 56-199] Attempt to get parsing info during refresh. "On-the-fly" syntax checking information may be incorrect. [C:\Users\gabri\OneDrive\Documentos\GitHub\G23SED\FPGA\GLOBAL_V1\ESTRUCTURAL_3\DISPLAY.srcs\sources_1\new\FSM.vhd:]
WARNING: [filemgmt 56-199] Attempt to get parsing info during refresh. "On-the-fly" syntax checking information may be incorrect. [C:\Users\gabri\OneDrive\Documentos\GitHub\G23SED\FPGA\GLOBAL_V1\ESTRUCTURAL_3\DISPLAY.srcs\sources_1\imports\dados.srcs\sources_1\new\top.vhd:]
WARNING: [filemgmt 56-199] Attempt to get parsing info during refresh. "On-the-fly" syntax checking information may be incorrect. [C:\Users\gabri\OneDrive\Documentos\GitHub\G23SED\FPGA\GLOBAL_V1\ESTRUCTURAL_3\DISPLAY.srcs\sources_1\imports\dados.srcs\sources_1\new\top.vhd:]
ERROR: [Common 17-180] Spawn failed: No error
WARNING: [filemgmt 56-199] Attempt to get parsing info during refresh. "On-the-fly" syntax checking information may be incorrect. [C:\Users\gabri\OneDrive\Documentos\GitHub\G23SED\FPGA\GLOBAL_V1\ESTRUCTURAL_3\DISPLAY.srcs\sources_1\imports\dados.srcs\sources_1\new\generaciondados.vhd:]
WARNING: [filemgmt 56-199] Attempt to get parsing info during refresh. "On-the-fly" syntax checking information may be incorrect. [C:\Users\gabri\OneDrive\Documentos\GitHub\G23SED\FPGA\GLOBAL_V1\ESTRUCTURAL_3\DISPLAY.srcs\sources_1\imports\dados.srcs\sources_1\new\top.vhd:]
WARNING: [filemgmt 56-199] Attempt to get parsing info during refresh. "On-the-fly" syntax checking information may be incorrect. [C:\Users\gabri\OneDrive\Documentos\GitHub\G23SED\FPGA\GLOBAL_V1\ESTRUCTURAL_3\DISPLAY.srcs\sources_1\new\FSM.vhd:]
WARNING: [filemgmt 56-199] Attempt to get parsing info during refresh. "On-the-fly" syntax checking information may be incorrect. [C:\Users\gabri\OneDrive\Documentos\GitHub\G23SED\FPGA\GLOBAL_V1\ESTRUCTURAL_3\DISPLAY.srcs\sources_1\imports\dados.srcs\sources_1\new\generaciondados.vhd:]
WARNING: [filemgmt 56-199] Attempt to get parsing info during refresh. "On-the-fly" syntax checking information may be incorrect. [C:\Users\gabri\OneDrive\Documentos\GitHub\G23SED\FPGA\GLOBAL_V1\ESTRUCTURAL_3\DISPLAY.srcs\sources_1\imports\dados.srcs\sources_1\new\generaciondados.vhd:]
WARNING: [filemgmt 56-199] Attempt to get parsing info during refresh. "On-the-fly" syntax checking information may be incorrect. [C:\Users\gabri\OneDrive\Documentos\GitHub\G23SED\FPGA\GLOBAL_V1\ESTRUCTURAL_3\DISPLAY.srcs\sources_1\imports\dados.srcs\sources_1\new\generaciondados.vhd:]
WARNING: [filemgmt 56-199] Attempt to get parsing info during refresh. "On-the-fly" syntax checking information may be incorrect. [C:\Users\gabri\OneDrive\Documentos\GitHub\G23SED\FPGA\GLOBAL_V1\ESTRUCTURAL_3\DISPLAY.srcs\sources_1\imports\dados.srcs\sources_1\new\top.vhd:]
WARNING: [filemgmt 56-199] Attempt to get parsing info during refresh. "On-the-fly" syntax checking information may be incorrect. [C:\Users\gabri\OneDrive\Documentos\GitHub\G23SED\FPGA\GLOBAL_V1\ESTRUCTURAL_3\DISPLAY.srcs\sources_1\new\FSM.vhd:]
WARNING: [filemgmt 56-199] Attempt to get parsing info during refresh. "On-the-fly" syntax checking information may be incorrect. [C:\Users\gabri\OneDrive\Documentos\GitHub\G23SED\FPGA\GLOBAL_V1\ESTRUCTURAL_3\DISPLAY.srcs\sources_1\imports\dados.srcs\sources_1\new\top.vhd:]
WARNING: [filemgmt 56-199] Attempt to get parsing info during refresh. "On-the-fly" syntax checking information may be incorrect. [C:\Users\gabri\OneDrive\Documentos\GitHub\G23SED\FPGA\GLOBAL_V1\ESTRUCTURAL_3\DISPLAY.srcs\sources_1\imports\dados.srcs\sources_1\new\top.vhd:]
WARNING: [filemgmt 56-199] Attempt to get parsing info during refresh. "On-the-fly" syntax checking information may be incorrect. [C:\Users\gabri\OneDrive\Documentos\GitHub\G23SED\FPGA\GLOBAL_V1\ESTRUCTURAL_3\DISPLAY.srcs\sources_1\imports\dados.srcs\sources_1\new\generaciondados.vhd:]
WARNING: [filemgmt 56-199] Attempt to get parsing info during refresh. "On-the-fly" syntax checking information may be incorrect. [C:\Users\gabri\OneDrive\Documentos\GitHub\G23SED\FPGA\GLOBAL_V1\ESTRUCTURAL_3\DISPLAY.srcs\sources_1\imports\dados.srcs\sources_1\new\top.vhd:]
WARNING: [filemgmt 56-199] Attempt to get parsing info during refresh. "On-the-fly" syntax checking information may be incorrect. [C:\Users\gabri\OneDrive\Documentos\GitHub\G23SED\FPGA\GLOBAL_V1\ESTRUCTURAL_3\DISPLAY.srcs\sources_1\new\FSM.vhd:]
WARNING: [filemgmt 56-199] Attempt to get parsing info during refresh. "On-the-fly" syntax checking information may be incorrect. [C:\Users\gabri\OneDrive\Documentos\GitHub\G23SED\FPGA\GLOBAL_V1\ESTRUCTURAL_3\DISPLAY.srcs\sources_1\imports\dados.srcs\sources_1\new\generaciondados.vhd:]
WARNING: [filemgmt 56-199] Attempt to get parsing info during refresh. "On-the-fly" syntax checking information may be incorrect. [C:\Users\gabri\OneDrive\Documentos\GitHub\G23SED\FPGA\GLOBAL_V1\ESTRUCTURAL_3\DISPLAY.srcs\sources_1\imports\dados.srcs\sources_1\new\generaciondados.vhd:]
WARNING: [filemgmt 56-199] Attempt to get parsing info during refresh. "On-the-fly" syntax checking information may be incorrect. [C:\Users\gabri\OneDrive\Documentos\GitHub\G23SED\FPGA\GLOBAL_V1\ESTRUCTURAL_3\DISPLAY.srcs\sources_1\imports\dados.srcs\sources_1\new\generaciondados.vhd:]
WARNING: [filemgmt 56-199] Attempt to get parsing info during refresh. "On-the-fly" syntax checking information may be incorrect. [C:\Users\gabri\OneDrive\Documentos\GitHub\G23SED\FPGA\GLOBAL_V1\ESTRUCTURAL_3\DISPLAY.srcs\sources_1\imports\dados.srcs\sources_1\new\top.vhd:]
WARNING: [filemgmt 56-199] Attempt to get parsing info during refresh. "On-the-fly" syntax checking information may be incorrect. [C:\Users\gabri\OneDrive\Documentos\GitHub\G23SED\FPGA\GLOBAL_V1\ESTRUCTURAL_3\DISPLAY.srcs\sources_1\new\FSM.vhd:]
WARNING: [filemgmt 56-199] Attempt to get parsing info during refresh. "On-the-fly" syntax checking information may be incorrect. [C:\Users\gabri\OneDrive\Documentos\GitHub\G23SED\FPGA\GLOBAL_V1\ESTRUCTURAL_3\DISPLAY.srcs\sources_1\imports\dados.srcs\sources_1\new\top.vhd:]
WARNING: [filemgmt 56-199] Attempt to get parsing info during refresh. "On-the-fly" syntax checking information may be incorrect. [C:\Users\gabri\OneDrive\Documentos\GitHub\G23SED\FPGA\GLOBAL_V1\ESTRUCTURAL_3\DISPLAY.srcs\sources_1\imports\dados.srcs\sources_1\new\top.vhd:]
WARNING: [filemgmt 56-199] Attempt to get parsing info during refresh. "On-the-fly" syntax checking information may be incorrect. [C:\Users\gabri\OneDrive\Documentos\GitHub\G23SED\FPGA\GLOBAL_V1\ESTRUCTURAL_3\DISPLAY.srcs\sources_1\imports\dados.srcs\sources_1\new\generaciondados.vhd:]
WARNING: [filemgmt 56-199] Attempt to get parsing info during refresh. "On-the-fly" syntax checking information may be incorrect. [C:\Users\gabri\OneDrive\Documentos\GitHub\G23SED\FPGA\GLOBAL_V1\ESTRUCTURAL_3\DISPLAY.srcs\sources_1\imports\dados.srcs\sources_1\new\top.vhd:]
WARNING: [filemgmt 56-199] Attempt to get parsing info during refresh. "On-the-fly" syntax checking information may be incorrect. [C:\Users\gabri\OneDrive\Documentos\GitHub\G23SED\FPGA\GLOBAL_V1\ESTRUCTURAL_3\DISPLAY.srcs\sources_1\new\FSM.vhd:]
WARNING: [filemgmt 56-199] Attempt to get parsing info during refresh. "On-the-fly" syntax checking information may be incorrect. [C:\Users\gabri\OneDrive\Documentos\GitHub\G23SED\FPGA\GLOBAL_V1\ESTRUCTURAL_3\DISPLAY.srcs\sources_1\imports\dados.srcs\sources_1\new\generaciondados.vhd:]
WARNING: [filemgmt 56-199] Attempt to get parsing info during refresh. "On-the-fly" syntax checking information may be incorrect. [C:\Users\gabri\OneDrive\Documentos\GitHub\G23SED\FPGA\GLOBAL_V1\ESTRUCTURAL_3\DISPLAY.srcs\sources_1\imports\dados.srcs\sources_1\new\generaciondados.vhd:]
WARNING: [filemgmt 56-199] Attempt to get parsing info during refresh. "On-the-fly" syntax checking information may be incorrect. [C:\Users\gabri\OneDrive\Documentos\GitHub\G23SED\FPGA\GLOBAL_V1\ESTRUCTURAL_3\DISPLAY.srcs\sources_1\imports\dados.srcs\sources_1\new\generaciondados.vhd:]
WARNING: [filemgmt 56-199] Attempt to get parsing info during refresh. "On-the-fly" syntax checking information may be incorrect. [C:\Users\gabri\OneDrive\Documentos\GitHub\G23SED\FPGA\GLOBAL_V1\ESTRUCTURAL_3\DISPLAY.srcs\sources_1\imports\dados.srcs\sources_1\new\top.vhd:]
WARNING: [filemgmt 56-199] Attempt to get parsing info during refresh. "On-the-fly" syntax checking information may be incorrect. [C:\Users\gabri\OneDrive\Documentos\GitHub\G23SED\FPGA\GLOBAL_V1\ESTRUCTURAL_3\DISPLAY.srcs\sources_1\new\FSM.vhd:]
WARNING: [filemgmt 56-199] Attempt to get parsing info during refresh. "On-the-fly" syntax checking information may be incorrect. [C:\Users\gabri\OneDrive\Documentos\GitHub\G23SED\FPGA\GLOBAL_V1\ESTRUCTURAL_3\DISPLAY.srcs\sources_1\new\FSM.vhd:]
WARNING: [filemgmt 56-199] Attempt to get parsing info during refresh. "On-the-fly" syntax checking information may be incorrect. [C:\Users\gabri\OneDrive\Documentos\GitHub\G23SED\FPGA\GLOBAL_V1\ESTRUCTURAL_3\DISPLAY.srcs\sources_1\new\FSM.vhd:]
ERROR: [Common 17-180] Spawn failed: No error
reset_run synth_1
INFO: [Project 1-1161] Replacing file C:/Users/gabri/OneDrive/Documentos/GitHub/G23SED/FPGA/GLOBAL_V1/ESTRUCTURAL_3/DISPLAY.srcs/utils_1/imports/synth_1/DISPLAY_PUNTOS.dcp with file C:/Users/gabri/OneDrive/Documentos/GitHub/G23SED/FPGA/GLOBAL_V1/ESTRUCTURAL_3/DISPLAY.runs/synth_1/YAHTZEE.dcp
WARNING: [filemgmt 56-199] Attempt to get parsing info during refresh. "On-the-fly" syntax checking information may be incorrect. [C:\Users\gabri\OneDrive\Documentos\GitHub\G23SED\FPGA\GLOBAL_V1\ESTRUCTURAL_3\DISPLAY.srcs\sources_1\imports\dados.srcs\sources_1\new\generaciondados.vhd:]
WARNING: [filemgmt 56-199] Attempt to get parsing info during refresh. "On-the-fly" syntax checking information may be incorrect. [C:\Users\gabri\OneDrive\Documentos\GitHub\G23SED\FPGA\GLOBAL_V1\ESTRUCTURAL_3\DISPLAY.srcs\sources_1\imports\dados.srcs\sources_1\new\top.vhd:]
WARNING: [filemgmt 56-199] Attempt to get parsing info during refresh. "On-the-fly" syntax checking information may be incorrect. [C:\Users\gabri\OneDrive\Documentos\GitHub\G23SED\FPGA\GLOBAL_V1\ESTRUCTURAL_3\DISPLAY.srcs\sources_1\new\FSM.vhd:]
WARNING: [filemgmt 56-199] Attempt to get parsing info during refresh. "On-the-fly" syntax checking information may be incorrect. [C:\Users\gabri\OneDrive\Documentos\GitHub\G23SED\FPGA\GLOBAL_V1\ESTRUCTURAL_3\DISPLAY.srcs\sources_1\imports\dados.srcs\sources_1\new\generaciondados.vhd:]
WARNING: [filemgmt 56-199] Attempt to get parsing info during refresh. "On-the-fly" syntax checking information may be incorrect. [C:\Users\gabri\OneDrive\Documentos\GitHub\G23SED\FPGA\GLOBAL_V1\ESTRUCTURAL_3\DISPLAY.srcs\sources_1\imports\dados.srcs\sources_1\new\generaciondados.vhd:]
launch_runs impl_1 -jobs 4
[Wed Jan 15 22:31:27 2025] Launched synth_1...
Run output will be captured here: C:/Users/gabri/OneDrive/Documentos/GitHub/G23SED/FPGA/GLOBAL_V1/ESTRUCTURAL_3/DISPLAY.runs/synth_1/runme.log
[Wed Jan 15 22:31:27 2025] Launched impl_1...
Run output will be captured here: C:/Users/gabri/OneDrive/Documentos/GitHub/G23SED/FPGA/GLOBAL_V1/ESTRUCTURAL_3/DISPLAY.runs/impl_1/runme.log
WARNING: [filemgmt 56-199] Attempt to get parsing info during refresh. "On-the-fly" syntax checking information may be incorrect. [C:\Users\gabri\OneDrive\Documentos\GitHub\G23SED\FPGA\GLOBAL_V1\ESTRUCTURAL_3\DISPLAY.srcs\sources_1\imports\dados.srcs\sources_1\new\generaciondados.vhd:]
WARNING: [filemgmt 56-199] Attempt to get parsing info during refresh. "On-the-fly" syntax checking information may be incorrect. [C:\Users\gabri\OneDrive\Documentos\GitHub\G23SED\FPGA\GLOBAL_V1\ESTRUCTURAL_3\DISPLAY.srcs\sources_1\imports\dados.srcs\sources_1\new\top.vhd:]
WARNING: [filemgmt 56-199] Attempt to get parsing info during refresh. "On-the-fly" syntax checking information may be incorrect. [C:\Users\gabri\OneDrive\Documentos\GitHub\G23SED\FPGA\GLOBAL_V1\ESTRUCTURAL_3\DISPLAY.srcs\sources_1\new\FSM.vhd:]
WARNING: [filemgmt 56-199] Attempt to get parsing info during refresh. "On-the-fly" syntax checking information may be incorrect. [C:\Users\gabri\OneDrive\Documentos\GitHub\G23SED\FPGA\GLOBAL_V1\ESTRUCTURAL_3\DISPLAY.srcs\sources_1\imports\dados.srcs\sources_1\new\top.vhd:]
WARNING: [filemgmt 56-199] Attempt to get parsing info during refresh. "On-the-fly" syntax checking information may be incorrect. [C:\Users\gabri\OneDrive\Documentos\GitHub\G23SED\FPGA\GLOBAL_V1\ESTRUCTURAL_3\DISPLAY.srcs\sources_1\imports\dados.srcs\sources_1\new\top.vhd:]
WARNING: [filemgmt 56-199] Attempt to get parsing info during refresh. "On-the-fly" syntax checking information may be incorrect. [C:\Users\gabri\OneDrive\Documentos\GitHub\G23SED\FPGA\GLOBAL_V1\ESTRUCTURAL_3\DISPLAY.srcs\sources_1\imports\dados.srcs\sources_1\new\generaciondados.vhd:]
WARNING: [filemgmt 56-199] Attempt to get parsing info during refresh. "On-the-fly" syntax checking information may be incorrect. [C:\Users\gabri\OneDrive\Documentos\GitHub\G23SED\FPGA\GLOBAL_V1\ESTRUCTURAL_3\DISPLAY.srcs\sources_1\new\YAHTZEE.vhd:]
WARNING: [filemgmt 56-199] Attempt to get parsing info during refresh. "On-the-fly" syntax checking information may be incorrect. [C:\Users\gabri\OneDrive\Documentos\GitHub\G23SED\FPGA\GLOBAL_V1\ESTRUCTURAL_3\DISPLAY.srcs\sources_1\imports\dados.srcs\sources_1\new\top.vhd:]
WARNING: [filemgmt 56-199] Attempt to get parsing info during refresh. "On-the-fly" syntax checking information may be incorrect. [C:\Users\gabri\OneDrive\Documentos\GitHub\G23SED\FPGA\GLOBAL_V1\ESTRUCTURAL_3\DISPLAY.srcs\sources_1\new\FSM.vhd:]
WARNING: [filemgmt 56-199] Attempt to get parsing info during refresh. "On-the-fly" syntax checking information may be incorrect. [C:\Users\gabri\OneDrive\Documentos\GitHub\G23SED\FPGA\GLOBAL_V1\ESTRUCTURAL_3\DISPLAY.srcs\sources_1\imports\dados.srcs\sources_1\new\generaciondados.vhd:]
WARNING: [filemgmt 56-199] Attempt to get parsing info during refresh. "On-the-fly" syntax checking information may be incorrect. [C:\Users\gabri\OneDrive\Documentos\GitHub\G23SED\FPGA\GLOBAL_V1\ESTRUCTURAL_3\DISPLAY.srcs\sources_1\imports\dados.srcs\sources_1\new\generaciondados.vhd:]
WARNING: [filemgmt 56-199] Attempt to get parsing info during refresh. "On-the-fly" syntax checking information may be incorrect. [C:\Users\gabri\OneDrive\Documentos\GitHub\G23SED\FPGA\GLOBAL_V1\ESTRUCTURAL_3\DISPLAY.srcs\sources_1\imports\dados.srcs\sources_1\new\generaciondados.vhd:]
WARNING: [filemgmt 56-199] Attempt to get parsing info during refresh. "On-the-fly" syntax checking information may be incorrect. [C:\Users\gabri\OneDrive\Documentos\GitHub\G23SED\FPGA\GLOBAL_V1\ESTRUCTURAL_3\DISPLAY.srcs\sources_1\new\YAHTZEE.vhd:]
WARNING: [filemgmt 56-199] Attempt to get parsing info during refresh. "On-the-fly" syntax checking information may be incorrect. [C:\Users\gabri\OneDrive\Documentos\GitHub\G23SED\FPGA\GLOBAL_V1\ESTRUCTURAL_3\DISPLAY.srcs\sources_1\imports\dados.srcs\sources_1\new\top.vhd:]
WARNING: [filemgmt 56-199] Attempt to get parsing info during refresh. "On-the-fly" syntax checking information may be incorrect. [C:\Users\gabri\OneDrive\Documentos\GitHub\G23SED\FPGA\GLOBAL_V1\ESTRUCTURAL_3\DISPLAY.srcs\sources_1\new\FSM.vhd:]
WARNING: [filemgmt 56-199] Attempt to get parsing info during refresh. "On-the-fly" syntax checking information may be incorrect. [C:\Users\gabri\OneDrive\Documentos\GitHub\G23SED\FPGA\GLOBAL_V1\ESTRUCTURAL_3\DISPLAY.srcs\sources_1\imports\dados.srcs\sources_1\new\top.vhd:]
WARNING: [filemgmt 56-199] Attempt to get parsing info during refresh. "On-the-fly" syntax checking information may be incorrect. [C:\Users\gabri\OneDrive\Documentos\GitHub\G23SED\FPGA\GLOBAL_V1\ESTRUCTURAL_3\DISPLAY.srcs\sources_1\imports\dados.srcs\sources_1\new\top.vhd:]
reset_run synth_1
ERROR: [Common 17-180] Spawn failed: No error
WARNING: [filemgmt 56-199] Attempt to get parsing info during refresh. "On-the-fly" syntax checking information may be incorrect. [C:\Users\gabri\OneDrive\Documentos\GitHub\G23SED\FPGA\GLOBAL_V1\ESTRUCTURAL_3\DISPLAY.srcs\sources_1\imports\dados.srcs\sources_1\new\generaciondados.vhd:]
WARNING: [filemgmt 56-199] Attempt to get parsing info during refresh. "On-the-fly" syntax checking information may be incorrect. [C:\Users\gabri\OneDrive\Documentos\GitHub\G23SED\FPGA\GLOBAL_V1\ESTRUCTURAL_3\DISPLAY.srcs\sources_1\new\YAHTZEE.vhd:]
WARNING: [filemgmt 56-199] Attempt to get parsing info during refresh. "On-the-fly" syntax checking information may be incorrect. [C:\Users\gabri\OneDrive\Documentos\GitHub\G23SED\FPGA\GLOBAL_V1\ESTRUCTURAL_3\DISPLAY.srcs\sources_1\imports\dados.srcs\sources_1\new\top.vhd:]
WARNING: [filemgmt 56-199] Attempt to get parsing info during refresh. "On-the-fly" syntax checking information may be incorrect. [C:\Users\gabri\OneDrive\Documentos\GitHub\G23SED\FPGA\GLOBAL_V1\ESTRUCTURAL_3\DISPLAY.srcs\sources_1\new\FSM.vhd:]
WARNING: [filemgmt 56-199] Attempt to get parsing info during refresh. "On-the-fly" syntax checking information may be incorrect. [C:\Users\gabri\OneDrive\Documentos\GitHub\G23SED\FPGA\GLOBAL_V1\ESTRUCTURAL_3\DISPLAY.srcs\sources_1\new\FSM.vhd:]
WARNING: [filemgmt 56-199] Attempt to get parsing info during refresh. "On-the-fly" syntax checking information may be incorrect. [C:\Users\gabri\OneDrive\Documentos\GitHub\G23SED\FPGA\GLOBAL_V1\ESTRUCTURAL_3\DISPLAY.srcs\sources_1\new\FSM.vhd:]
ERROR: [Common 17-180] Spawn failed: No error
ERROR: [Common 17-39] 'reset_runs' failed due to earlier errors.
launch_runs synth_1 -jobs 4
WARNING: [filemgmt 20-1318] Duplicate Design Unit 'caso_fullh(Behavioral)' found in library 'xil_defaultlib'
Duplicate found at line 32 of file C:/Users/gabri/OneDrive/Documentos/GitHub/G23SED/FPGA/GLOBAL_V1/ESTRUCTURAL_3/DISPLAY.srcs/sources_1/imports/new/caso_fullh.vhd
	(Active) Duplicate found at line 30 of file C:/Users/gabri/OneDrive/Documentos/GitHub/G23SED/FPGA/GLOBAL_V1/ESTRUCTURAL_3/DISPLAY.srcs/sources_1/imports/sources_1/new/caso_fullh.vhd
WARNING: [filemgmt 20-1318] Duplicate Design Unit 'caso_magico(Behavioral)' found in library 'xil_defaultlib'
Duplicate found at line 31 of file C:/Users/gabri/OneDrive/Documentos/GitHub/G23SED/FPGA/GLOBAL_V1/ESTRUCTURAL_3/DISPLAY.srcs/sources_1/imports/new/caso_magico.vhd
	(Active) Duplicate found at line 29 of file C:/Users/gabri/OneDrive/Documentos/GitHub/G23SED/FPGA/GLOBAL_V1/ESTRUCTURAL_3/DISPLAY.srcs/sources_1/imports/sources_1/new/caso_magico.vhd
WARNING: [filemgmt 20-1318] Duplicate Design Unit 'caso_turnos(Behavioral)' found in library 'xil_defaultlib'
Duplicate found at line 15 of file C:/Users/gabri/OneDrive/Documentos/GitHub/G23SED/FPGA/GLOBAL_V1/ESTRUCTURAL_3/DISPLAY.srcs/sources_1/imports/new/caso_turnos.vhd
	(Active) Duplicate found at line 15 of file C:/Users/gabri/OneDrive/Documentos/GitHub/G23SED/FPGA/GLOBAL_V1/ESTRUCTURAL_3/DISPLAY.srcs/sources_1/imports/sources_1/new/caso_turnos.vhd
WARNING: [filemgmt 20-1318] Duplicate Design Unit 'caso_yahtz(Behavioral)' found in library 'xil_defaultlib'
	(Active) Duplicate found at line 43 of file C:/Users/gabri/OneDrive/Documentos/GitHub/G23SED/FPGA/GLOBAL_V1/ESTRUCTURAL_3/DISPLAY.srcs/sources_1/imports/new/caso_yahtz.vhd
Duplicate found in file C:/Users/gabri/OneDrive/Documentos/GitHub/G23SED/FPGA/GLOBAL_V1/ESTRUCTURAL_3/DISPLAY.srcs/sources_1/imports/sources_1/new/caso_yahtz.vhd
WARNING: [filemgmt 20-1318] Duplicate Design Unit 'demux(Behavioral)' found in library 'xil_defaultlib'
	(Active) Duplicate found at line 32 of file C:/Users/gabri/OneDrive/Documentos/GitHub/G23SED/FPGA/GLOBAL_V1/ESTRUCTURAL_3/DISPLAY.srcs/sources_1/imports/new/demux.vhd
Duplicate found in file C:/Users/gabri/OneDrive/Documentos/GitHub/G23SED/FPGA/GLOBAL_V1/ESTRUCTURAL_3/DISPLAY.srcs/sources_1/imports/sources_1/new/demux.vhd
WARNING: [filemgmt 20-1318] Duplicate Design Unit 'filtro_retraso_boton(Behavioral)' found in library 'xil_defaultlib'
	(Active) Duplicate found at line 20 of file C:/Users/gabri/OneDrive/Documentos/GitHub/G23SED/FPGA/GLOBAL_V1/ESTRUCTURAL_3/DISPLAY.srcs/sources_1/imports/new/filtro_retraso_boton.vhd
Duplicate found in file C:/Users/gabri/OneDrive/Documentos/GitHub/G23SED/FPGA/GLOBAL_V1/ESTRUCTURAL_3/DISPLAY.srcs/sources_1/imports/sources_1/new/filtro_retraso_boton.vhd
WARNING: [filemgmt 20-1318] Duplicate Design Unit 'punt_total(Behavioral)' found in library 'xil_defaultlib'
	(Active) Duplicate found at line 69 of file C:/Users/gabri/OneDrive/Documentos/GitHub/G23SED/FPGA/GLOBAL_V1/ESTRUCTURAL_3/DISPLAY.srcs/sources_1/imports/new/punt_total.vhd
Duplicate found in file C:/Users/gabri/OneDrive/Documentos/GitHub/G23SED/FPGA/GLOBAL_V1/ESTRUCTURAL_3/DISPLAY.srcs/sources_1/imports/sources_1/new/punt_total.vhd
WARNING: [filemgmt 20-1318] Duplicate Design Unit 'punt_total_prueba(Behavioral)' found in library 'xil_defaultlib'
	(Active) Duplicate found at line 51 of file C:/Users/gabri/OneDrive/Documentos/GitHub/G23SED/FPGA/GLOBAL_V1/ESTRUCTURAL_3/DISPLAY.srcs/sources_1/imports/new/punt_total_prueba.vhd
Duplicate found in file C:/Users/gabri/OneDrive/Documentos/GitHub/G23SED/FPGA/GLOBAL_V1/ESTRUCTURAL_3/DISPLAY.srcs/sources_1/imports/sources_1/new/punt_total_prueba.vhd
[Wed Jan 15 22:34:25 2025] Launched synth_1...
Run output will be captured here: C:/Users/gabri/OneDrive/Documentos/GitHub/G23SED/FPGA/GLOBAL_V1/ESTRUCTURAL_3/DISPLAY.runs/synth_1/runme.log
launch_runs impl_1 -jobs 4
[Wed Jan 15 22:36:31 2025] Launched impl_1...
Run output will be captured here: C:/Users/gabri/OneDrive/Documentos/GitHub/G23SED/FPGA/GLOBAL_V1/ESTRUCTURAL_3/DISPLAY.runs/impl_1/runme.log
open_run impl_1
INFO: [Device 21-403] Loading part xc7a100tcsg324-1
INFO: [Device 21-9227] Part: xc7a100tcsg324-1 does not have CEAM library.
Netlist sorting complete. Time (s): cpu = 00:00:00 ; elapsed = 00:00:00.023 . Memory (MB): peak = 2016.637 ; gain = 0.000
INFO: [Netlist 29-17] Analyzing 146 Unisim elements for replacement
INFO: [Netlist 29-28] Unisim Transformation completed in 0 CPU seconds
INFO: [Project 1-479] Netlist was created with Vivado 2024.1
INFO: [Project 1-570] Preparing netlist for logic optimization
Read ShapeDB Complete: Time (s): cpu = 00:00:00 ; elapsed = 00:00:00.007 . Memory (MB): peak = 2103.035 ; gain = 0.047
INFO: [Timing 38-478] Restoring timing data from binary archive.
INFO: [Timing 38-479] Binary timing data restore complete.
INFO: [Project 1-856] Restoring constraints from binary archive.
INFO: [Project 1-853] Binary constraint restore complete.
INFO: [Designutils 20-5722] Start Reading Physical Databases.
Reading placement.
Read Netlist Cache: Time (s): cpu = 00:00:00 ; elapsed = 00:00:00.002 . Memory (MB): peak = 2712.965 ; gain = 0.000
Reading placer database...
Read Device Cache: Time (s): cpu = 00:00:00 ; elapsed = 00:00:00.010 . Memory (MB): peak = 2712.965 ; gain = 0.000
Read PlaceDB: Time (s): cpu = 00:00:00 ; elapsed = 00:00:00.082 . Memory (MB): peak = 2712.965 ; gain = 0.000
Read PulsedLatchDB: Time (s): cpu = 00:00:00 ; elapsed = 00:00:00 . Memory (MB): peak = 2712.965 ; gain = 0.000
Reading routing.
Read RouteStorage: Time (s): cpu = 00:00:00 ; elapsed = 00:00:00.057 . Memory (MB): peak = 2712.965 ; gain = 0.000
Read Physdb Files: Time (s): cpu = 00:00:00 ; elapsed = 00:00:00.168 . Memory (MB): peak = 2712.965 ; gain = 0.000
Restored from archive | CPU: 0.000000 secs | Memory: 0.000000 MB |
Finished XDEF File Restore: Time (s): cpu = 00:00:00 ; elapsed = 00:00:00.168 . Memory (MB): peak = 2712.965 ; gain = 0.000
Netlist sorting complete. Time (s): cpu = 00:00:00 ; elapsed = 00:00:00.001 . Memory (MB): peak = 2712.965 ; gain = 0.000
INFO: [Project 1-111] Unisim Transformation Summary:
No Unisim elements were transformed.

open_run: Time (s): cpu = 00:00:29 ; elapsed = 00:00:25 . Memory (MB): peak = 2811.992 ; gain = 1192.668
CRITICAL WARNING: [Timing 38-282] The design failed to meet the timing requirements. Please see the timing summary report for details on the timing violations.
launch_runs impl_1 -to_step write_bitstream -jobs 4
[Wed Jan 15 22:41:59 2025] Launched impl_1...
Run output will be captured here: C:/Users/gabri/OneDrive/Documentos/GitHub/G23SED/FPGA/GLOBAL_V1/ESTRUCTURAL_3/DISPLAY.runs/impl_1/runme.log
exit
INFO: [Common 17-206] Exiting Vivado at Wed Jan 15 22:43:36 2025...
