
*** Running vivado
    with args -log YAHTZEE.vds -m64 -product Vivado -mode batch -messageDb vivado.pb -notrace -source YAHTZEE.tcl



****** Vivado v2024.1 (64-bit)
  **** SW Build 5076996 on Wed May 22 18:37:14 MDT 2024
  **** IP Build 5075265 on Wed May 22 21:45:21 MDT 2024
  **** SharedData Build 5076995 on Wed May 22 18:29:18 MDT 2024
  **** Start of session at: Fri Jan 24 16:46:04 2025
    ** Copyright 1986-2022 Xilinx, Inc. All Rights Reserved.
    ** Copyright 2022-2024 Advanced Micro Devices, Inc. All Rights Reserved.

source YAHTZEE.tcl -notrace
create_project: Time (s): cpu = 00:00:13 ; elapsed = 00:00:14 . Memory (MB): peak = 540.828 ; gain = 232.828
Command: read_checkpoint -auto_incremental -incremental {C:/Users/gabri/OneDrive/Documentos/GitHub/G23SED/FPGA/GLOBAL_V1/ESTRUCTURAL_6 _2/DISPLAY.srcs/utils_1/imports/synth_1/DISPLAY_PUNTOS.dcp}
INFO: [Vivado 12-5825] Read reference checkpoint from C:/Users/gabri/OneDrive/Documentos/GitHub/G23SED/FPGA/GLOBAL_V1/ESTRUCTURAL_6 _2/DISPLAY.srcs/utils_1/imports/synth_1/DISPLAY_PUNTOS.dcp for incremental synthesis
INFO: [Vivado 12-7989] Please ensure there are no constraint changes
Command: synth_design -top YAHTZEE -part xc7a100tcsg324-1
Starting synth_design
Attempting to get a license for feature 'Synthesis' and/or device 'xc7a100t'
INFO: [Common 17-349] Got license for feature 'Synthesis' and/or device 'xc7a100t'
INFO: [Device 21-403] Loading part xc7a100tcsg324-1
INFO: [Device 21-9227] Part: xc7a100tcsg324-1 does not have CEAM library.
INFO: [Designutils 20-5440] No compile time benefit to using incremental synthesis; A full resynthesis will be run
INFO: [Designutils 20-4379] Flow is switching to default flow due to incremental criteria not met. If you would like to alter this behaviour and have the flow terminate instead, please set the following parameter config_implementation {autoIncr.Synth.RejectBehavior Terminate}
INFO: [Synth 8-7079] Multithreading enabled for synth_design using a maximum of 2 processes.
INFO: [Synth 8-7078] Launching helper process for spawning children vivado processes
INFO: [Synth 8-7075] Helper process launched with PID 14824
---------------------------------------------------------------------------------
Starting RTL Elaboration : Time (s): cpu = 00:00:07 ; elapsed = 00:00:08 . Memory (MB): peak = 1412.578 ; gain = 450.426
---------------------------------------------------------------------------------
INFO: [Synth 8-638] synthesizing module 'YAHTZEE' [C:/Users/gabri/OneDrive/Documentos/GitHub/G23SED/FPGA/GLOBAL_V1/ESTRUCTURAL_6 _2/DISPLAY.srcs/sources_1/new/YAHTZEE.vhd:29]
INFO: [Synth 8-638] synthesizing module 'FILTRO_BOTON' [C:/Users/gabri/OneDrive/Documentos/GitHub/G23SED/FPGA/GLOBAL_V1/ESTRUCTURAL_6 _2/DISPLAY.srcs/sources_1/new/FILTRO_BOTON.vhd:13]
INFO: [Synth 8-638] synthesizing module 'SYNCHRNZR' [C:/Users/gabri/OneDrive/Documentos/GitHub/G23SED/FPGA/GLOBAL_V1/ESTRUCTURAL_6 _2/DISPLAY.srcs/sources_1/new/SYNCHRNZR.vhd:10]
INFO: [Synth 8-256] done synthesizing module 'SYNCHRNZR' (0#1) [C:/Users/gabri/OneDrive/Documentos/GitHub/G23SED/FPGA/GLOBAL_V1/ESTRUCTURAL_6 _2/DISPLAY.srcs/sources_1/new/SYNCHRNZR.vhd:10]
INFO: [Synth 8-638] synthesizing module 'EDGEDTCTR' [C:/Users/gabri/OneDrive/Documentos/GitHub/G23SED/FPGA/GLOBAL_V1/ESTRUCTURAL_6 _2/DISPLAY.srcs/sources_1/new/EDGEDTCTR.vhd:10]
INFO: [Synth 8-256] done synthesizing module 'EDGEDTCTR' (0#1) [C:/Users/gabri/OneDrive/Documentos/GitHub/G23SED/FPGA/GLOBAL_V1/ESTRUCTURAL_6 _2/DISPLAY.srcs/sources_1/new/EDGEDTCTR.vhd:10]
INFO: [Synth 8-256] done synthesizing module 'FILTRO_BOTON' (0#1) [C:/Users/gabri/OneDrive/Documentos/GitHub/G23SED/FPGA/GLOBAL_V1/ESTRUCTURAL_6 _2/DISPLAY.srcs/sources_1/new/FILTRO_BOTON.vhd:13]
INFO: [Synth 8-638] synthesizing module 'FSM' [C:/Users/gabri/OneDrive/Documentos/GitHub/G23SED/FPGA/GLOBAL_V1/ESTRUCTURAL_6 _2/DISPLAY.srcs/sources_1/new/FSM.vhd:41]
INFO: [Synth 8-256] done synthesizing module 'FSM' (0#1) [C:/Users/gabri/OneDrive/Documentos/GitHub/G23SED/FPGA/GLOBAL_V1/ESTRUCTURAL_6 _2/DISPLAY.srcs/sources_1/new/FSM.vhd:41]
INFO: [Synth 8-638] synthesizing module 'DISPLAY_PUNTOS' [C:/Users/gabri/OneDrive/Documentos/GitHub/G23SED/FPGA/GLOBAL_V1/ESTRUCTURAL_6 _2/DISPLAY.srcs/sources_1/new/DISPLAY.vhd:25]
INFO: [Synth 8-638] synthesizing module 'DIVISOR_HZ' [C:/Users/gabri/OneDrive/Documentos/GitHub/G23SED/FPGA/GLOBAL_V1/ESTRUCTURAL_6 _2/DISPLAY.srcs/sources_1/new/DIVISOR_HZ.vhd:12]
INFO: [Synth 8-256] done synthesizing module 'DIVISOR_HZ' (0#1) [C:/Users/gabri/OneDrive/Documentos/GitHub/G23SED/FPGA/GLOBAL_V1/ESTRUCTURAL_6 _2/DISPLAY.srcs/sources_1/new/DIVISOR_HZ.vhd:12]
INFO: [Synth 8-638] synthesizing module 'unsigned_to_bcd' [C:/Users/gabri/OneDrive/Documentos/GitHub/G23SED/FPGA/GLOBAL_V1/ESTRUCTURAL_6 _2/DISPLAY.srcs/sources_1/new/unsigned_to_bcd.vhd:15]
WARNING: [Synth 8-614] signal 'centenas' is read in the process but is not in the sensitivity list [C:/Users/gabri/OneDrive/Documentos/GitHub/G23SED/FPGA/GLOBAL_V1/ESTRUCTURAL_6 _2/DISPLAY.srcs/sources_1/new/unsigned_to_bcd.vhd:19]
WARNING: [Synth 8-614] signal 'decenas' is read in the process but is not in the sensitivity list [C:/Users/gabri/OneDrive/Documentos/GitHub/G23SED/FPGA/GLOBAL_V1/ESTRUCTURAL_6 _2/DISPLAY.srcs/sources_1/new/unsigned_to_bcd.vhd:19]
WARNING: [Synth 8-614] signal 'unidades' is read in the process but is not in the sensitivity list [C:/Users/gabri/OneDrive/Documentos/GitHub/G23SED/FPGA/GLOBAL_V1/ESTRUCTURAL_6 _2/DISPLAY.srcs/sources_1/new/unsigned_to_bcd.vhd:19]
INFO: [Synth 8-256] done synthesizing module 'unsigned_to_bcd' (0#1) [C:/Users/gabri/OneDrive/Documentos/GitHub/G23SED/FPGA/GLOBAL_V1/ESTRUCTURAL_6 _2/DISPLAY.srcs/sources_1/new/unsigned_to_bcd.vhd:15]
WARNING: [Synth 8-614] signal 'clk_intermitente' is read in the process but is not in the sensitivity list [C:/Users/gabri/OneDrive/Documentos/GitHub/G23SED/FPGA/GLOBAL_V1/ESTRUCTURAL_6 _2/DISPLAY.srcs/sources_1/new/DISPLAY.vhd:48]
INFO: [Synth 8-638] synthesizing module 'DECODER' [C:/Users/gabri/OneDrive/Documentos/GitHub/G23SED/FPGA/GLOBAL_V1/ESTRUCTURAL_6 _2/DISPLAY.srcs/sources_1/new/DECODER.vhd:11]
INFO: [Synth 8-256] done synthesizing module 'DECODER' (0#1) [C:/Users/gabri/OneDrive/Documentos/GitHub/G23SED/FPGA/GLOBAL_V1/ESTRUCTURAL_6 _2/DISPLAY.srcs/sources_1/new/DECODER.vhd:11]
INFO: [Synth 8-638] synthesizing module 'FILTRO_LETRAS' [C:/Users/gabri/OneDrive/Documentos/GitHub/G23SED/FPGA/GLOBAL_V1/ESTRUCTURAL_6 _2/DISPLAY.srcs/sources_1/new/FILTRO_LETRAS.vhd:19]
WARNING: [Synth 8-614] signal 'dados' is read in the process but is not in the sensitivity list [C:/Users/gabri/OneDrive/Documentos/GitHub/G23SED/FPGA/GLOBAL_V1/ESTRUCTURAL_6 _2/DISPLAY.srcs/sources_1/new/FILTRO_LETRAS.vhd:23]
INFO: [Synth 8-638] synthesizing module 'DECODER_LETRAS' [C:/Users/gabri/OneDrive/Documentos/GitHub/G23SED/FPGA/GLOBAL_V1/ESTRUCTURAL_6 _2/DISPLAY.srcs/sources_1/new/DECODER_LETRAS.vhd:11]
INFO: [Synth 8-256] done synthesizing module 'DECODER_LETRAS' (0#1) [C:/Users/gabri/OneDrive/Documentos/GitHub/G23SED/FPGA/GLOBAL_V1/ESTRUCTURAL_6 _2/DISPLAY.srcs/sources_1/new/DECODER_LETRAS.vhd:11]
INFO: [Synth 8-256] done synthesizing module 'FILTRO_LETRAS' (0#1) [C:/Users/gabri/OneDrive/Documentos/GitHub/G23SED/FPGA/GLOBAL_V1/ESTRUCTURAL_6 _2/DISPLAY.srcs/sources_1/new/FILTRO_LETRAS.vhd:19]
INFO: [Synth 8-256] done synthesizing module 'DISPLAY_PUNTOS' (0#1) [C:/Users/gabri/OneDrive/Documentos/GitHub/G23SED/FPGA/GLOBAL_V1/ESTRUCTURAL_6 _2/DISPLAY.srcs/sources_1/new/DISPLAY.vhd:25]
INFO: [Synth 8-638] synthesizing module 'generaciondados' [C:/Users/gabri/OneDrive/Documentos/GitHub/G23SED/FPGA/GLOBAL_V1/ESTRUCTURAL_6 _2/DISPLAY.srcs/sources_1/imports/dados.srcs/sources_1/new/generaciondados.vhd:19]
	Parameter ancho bound to: 3 - type: integer 
INFO: [Synth 8-3491] module 'Generador_LFSR' declared at 'C:/Users/gabri/OneDrive/Documentos/GitHub/G23SED/FPGA/GLOBAL_V1/ESTRUCTURAL_6 _2/DISPLAY.srcs/sources_1/imports/dados.srcs/sources_1/new/top.vhd:5' bound to instance 'LFSR_inst' of component 'Generador_LFSR' [C:/Users/gabri/OneDrive/Documentos/GitHub/G23SED/FPGA/GLOBAL_V1/ESTRUCTURAL_6 _2/DISPLAY.srcs/sources_1/imports/dados.srcs/sources_1/new/generaciondados.vhd:45]
INFO: [Synth 8-638] synthesizing module 'Generador_LFSR' [C:/Users/gabri/OneDrive/Documentos/GitHub/G23SED/FPGA/GLOBAL_V1/ESTRUCTURAL_6 _2/DISPLAY.srcs/sources_1/imports/dados.srcs/sources_1/new/top.vhd:16]
	Parameter ancho bound to: 3 - type: integer 
INFO: [Synth 8-256] done synthesizing module 'Generador_LFSR' (0#1) [C:/Users/gabri/OneDrive/Documentos/GitHub/G23SED/FPGA/GLOBAL_V1/ESTRUCTURAL_6 _2/DISPLAY.srcs/sources_1/imports/dados.srcs/sources_1/new/top.vhd:16]
	Parameter ancho bound to: 4 - type: integer 
INFO: [Synth 8-3491] module 'Generador_LFSR' declared at 'C:/Users/gabri/OneDrive/Documentos/GitHub/G23SED/FPGA/GLOBAL_V1/ESTRUCTURAL_6 _2/DISPLAY.srcs/sources_1/imports/dados.srcs/sources_1/new/top.vhd:5' bound to instance 'LFSR_inst' of component 'Generador_LFSR' [C:/Users/gabri/OneDrive/Documentos/GitHub/G23SED/FPGA/GLOBAL_V1/ESTRUCTURAL_6 _2/DISPLAY.srcs/sources_1/imports/dados.srcs/sources_1/new/generaciondados.vhd:45]
INFO: [Synth 8-638] synthesizing module 'Generador_LFSR__parameterized1' [C:/Users/gabri/OneDrive/Documentos/GitHub/G23SED/FPGA/GLOBAL_V1/ESTRUCTURAL_6 _2/DISPLAY.srcs/sources_1/imports/dados.srcs/sources_1/new/top.vhd:16]
	Parameter ancho bound to: 4 - type: integer 
INFO: [Synth 8-256] done synthesizing module 'Generador_LFSR__parameterized1' (0#1) [C:/Users/gabri/OneDrive/Documentos/GitHub/G23SED/FPGA/GLOBAL_V1/ESTRUCTURAL_6 _2/DISPLAY.srcs/sources_1/imports/dados.srcs/sources_1/new/top.vhd:16]
	Parameter ancho bound to: 5 - type: integer 
INFO: [Synth 8-3491] module 'Generador_LFSR' declared at 'C:/Users/gabri/OneDrive/Documentos/GitHub/G23SED/FPGA/GLOBAL_V1/ESTRUCTURAL_6 _2/DISPLAY.srcs/sources_1/imports/dados.srcs/sources_1/new/top.vhd:5' bound to instance 'LFSR_inst' of component 'Generador_LFSR' [C:/Users/gabri/OneDrive/Documentos/GitHub/G23SED/FPGA/GLOBAL_V1/ESTRUCTURAL_6 _2/DISPLAY.srcs/sources_1/imports/dados.srcs/sources_1/new/generaciondados.vhd:45]
INFO: [Synth 8-638] synthesizing module 'Generador_LFSR__parameterized3' [C:/Users/gabri/OneDrive/Documentos/GitHub/G23SED/FPGA/GLOBAL_V1/ESTRUCTURAL_6 _2/DISPLAY.srcs/sources_1/imports/dados.srcs/sources_1/new/top.vhd:16]
	Parameter ancho bound to: 5 - type: integer 
INFO: [Synth 8-256] done synthesizing module 'Generador_LFSR__parameterized3' (0#1) [C:/Users/gabri/OneDrive/Documentos/GitHub/G23SED/FPGA/GLOBAL_V1/ESTRUCTURAL_6 _2/DISPLAY.srcs/sources_1/imports/dados.srcs/sources_1/new/top.vhd:16]
	Parameter ancho bound to: 6 - type: integer 
INFO: [Synth 8-3491] module 'Generador_LFSR' declared at 'C:/Users/gabri/OneDrive/Documentos/GitHub/G23SED/FPGA/GLOBAL_V1/ESTRUCTURAL_6 _2/DISPLAY.srcs/sources_1/imports/dados.srcs/sources_1/new/top.vhd:5' bound to instance 'LFSR_inst' of component 'Generador_LFSR' [C:/Users/gabri/OneDrive/Documentos/GitHub/G23SED/FPGA/GLOBAL_V1/ESTRUCTURAL_6 _2/DISPLAY.srcs/sources_1/imports/dados.srcs/sources_1/new/generaciondados.vhd:45]
INFO: [Synth 8-638] synthesizing module 'Generador_LFSR__parameterized5' [C:/Users/gabri/OneDrive/Documentos/GitHub/G23SED/FPGA/GLOBAL_V1/ESTRUCTURAL_6 _2/DISPLAY.srcs/sources_1/imports/dados.srcs/sources_1/new/top.vhd:16]
	Parameter ancho bound to: 6 - type: integer 
INFO: [Synth 8-256] done synthesizing module 'Generador_LFSR__parameterized5' (0#1) [C:/Users/gabri/OneDrive/Documentos/GitHub/G23SED/FPGA/GLOBAL_V1/ESTRUCTURAL_6 _2/DISPLAY.srcs/sources_1/imports/dados.srcs/sources_1/new/top.vhd:16]
	Parameter ancho bound to: 7 - type: integer 
INFO: [Synth 8-3491] module 'Generador_LFSR' declared at 'C:/Users/gabri/OneDrive/Documentos/GitHub/G23SED/FPGA/GLOBAL_V1/ESTRUCTURAL_6 _2/DISPLAY.srcs/sources_1/imports/dados.srcs/sources_1/new/top.vhd:5' bound to instance 'LFSR_inst' of component 'Generador_LFSR' [C:/Users/gabri/OneDrive/Documentos/GitHub/G23SED/FPGA/GLOBAL_V1/ESTRUCTURAL_6 _2/DISPLAY.srcs/sources_1/imports/dados.srcs/sources_1/new/generaciondados.vhd:45]
INFO: [Synth 8-638] synthesizing module 'Generador_LFSR__parameterized7' [C:/Users/gabri/OneDrive/Documentos/GitHub/G23SED/FPGA/GLOBAL_V1/ESTRUCTURAL_6 _2/DISPLAY.srcs/sources_1/imports/dados.srcs/sources_1/new/top.vhd:16]
	Parameter ancho bound to: 7 - type: integer 
INFO: [Synth 8-256] done synthesizing module 'Generador_LFSR__parameterized7' (0#1) [C:/Users/gabri/OneDrive/Documentos/GitHub/G23SED/FPGA/GLOBAL_V1/ESTRUCTURAL_6 _2/DISPLAY.srcs/sources_1/imports/dados.srcs/sources_1/new/top.vhd:16]
INFO: [Synth 8-256] done synthesizing module 'generaciondados' (0#1) [C:/Users/gabri/OneDrive/Documentos/GitHub/G23SED/FPGA/GLOBAL_V1/ESTRUCTURAL_6 _2/DISPLAY.srcs/sources_1/imports/dados.srcs/sources_1/new/generaciondados.vhd:19]
INFO: [Synth 8-638] synthesizing module 'punt_glob' [C:/Users/gabri/OneDrive/Documentos/GitHub/G23SED/FPGA/GLOBAL_V1/ESTRUCTURAL_6 _2/DISPLAY.srcs/sources_1/imports/sources_1/imports/new/punt_glob.vhd:23]
INFO: [Synth 8-3491] module 'caso_yahtz' declared at 'C:/Users/gabri/OneDrive/Documentos/GitHub/G23SED/FPGA/GLOBAL_V1/ESTRUCTURAL_6 _2/DISPLAY.srcs/sources_1/imports/new/caso_yahtz.vhd:36' bound to instance 'instance_caso_yahtz' of component 'caso_yahtz' [C:/Users/gabri/OneDrive/Documentos/GitHub/G23SED/FPGA/GLOBAL_V1/ESTRUCTURAL_6 _2/DISPLAY.srcs/sources_1/imports/sources_1/imports/new/punt_glob.vhd:217]
INFO: [Synth 8-638] synthesizing module 'caso_yahtz' [C:/Users/gabri/OneDrive/Documentos/GitHub/G23SED/FPGA/GLOBAL_V1/ESTRUCTURAL_6 _2/DISPLAY.srcs/sources_1/imports/new/caso_yahtz.vhd:43]
INFO: [Synth 8-256] done synthesizing module 'caso_yahtz' (0#1) [C:/Users/gabri/OneDrive/Documentos/GitHub/G23SED/FPGA/GLOBAL_V1/ESTRUCTURAL_6 _2/DISPLAY.srcs/sources_1/imports/new/caso_yahtz.vhd:43]
INFO: [Synth 8-638] synthesizing module 'case_i_ns' [C:/Users/gabri/OneDrive/Documentos/GitHub/G23SED/FPGA/GLOBAL_V1/ESTRUCTURAL_6 _2/DISPLAY.srcs/sources_1/imports/sources_1/imports/new/case_i_ns.vhd:24]
	Parameter param bound to: 1 - type: integer 
INFO: [Synth 8-256] done synthesizing module 'case_i_ns' (0#1) [C:/Users/gabri/OneDrive/Documentos/GitHub/G23SED/FPGA/GLOBAL_V1/ESTRUCTURAL_6 _2/DISPLAY.srcs/sources_1/imports/sources_1/imports/new/case_i_ns.vhd:24]
INFO: [Synth 8-638] synthesizing module 'case_i_ns__parameterized0' [C:/Users/gabri/OneDrive/Documentos/GitHub/G23SED/FPGA/GLOBAL_V1/ESTRUCTURAL_6 _2/DISPLAY.srcs/sources_1/imports/sources_1/imports/new/case_i_ns.vhd:24]
	Parameter param bound to: 2 - type: integer 
INFO: [Synth 8-256] done synthesizing module 'case_i_ns__parameterized0' (0#1) [C:/Users/gabri/OneDrive/Documentos/GitHub/G23SED/FPGA/GLOBAL_V1/ESTRUCTURAL_6 _2/DISPLAY.srcs/sources_1/imports/sources_1/imports/new/case_i_ns.vhd:24]
INFO: [Synth 8-638] synthesizing module 'case_i_ns__parameterized1' [C:/Users/gabri/OneDrive/Documentos/GitHub/G23SED/FPGA/GLOBAL_V1/ESTRUCTURAL_6 _2/DISPLAY.srcs/sources_1/imports/sources_1/imports/new/case_i_ns.vhd:24]
	Parameter param bound to: 3 - type: integer 
INFO: [Synth 8-256] done synthesizing module 'case_i_ns__parameterized1' (0#1) [C:/Users/gabri/OneDrive/Documentos/GitHub/G23SED/FPGA/GLOBAL_V1/ESTRUCTURAL_6 _2/DISPLAY.srcs/sources_1/imports/sources_1/imports/new/case_i_ns.vhd:24]
INFO: [Synth 8-638] synthesizing module 'case_i_ns__parameterized2' [C:/Users/gabri/OneDrive/Documentos/GitHub/G23SED/FPGA/GLOBAL_V1/ESTRUCTURAL_6 _2/DISPLAY.srcs/sources_1/imports/sources_1/imports/new/case_i_ns.vhd:24]
	Parameter param bound to: 4 - type: integer 
INFO: [Synth 8-256] done synthesizing module 'case_i_ns__parameterized2' (0#1) [C:/Users/gabri/OneDrive/Documentos/GitHub/G23SED/FPGA/GLOBAL_V1/ESTRUCTURAL_6 _2/DISPLAY.srcs/sources_1/imports/sources_1/imports/new/case_i_ns.vhd:24]
INFO: [Synth 8-638] synthesizing module 'case_i_ns__parameterized3' [C:/Users/gabri/OneDrive/Documentos/GitHub/G23SED/FPGA/GLOBAL_V1/ESTRUCTURAL_6 _2/DISPLAY.srcs/sources_1/imports/sources_1/imports/new/case_i_ns.vhd:24]
	Parameter param bound to: 5 - type: integer 
INFO: [Synth 8-256] done synthesizing module 'case_i_ns__parameterized3' (0#1) [C:/Users/gabri/OneDrive/Documentos/GitHub/G23SED/FPGA/GLOBAL_V1/ESTRUCTURAL_6 _2/DISPLAY.srcs/sources_1/imports/sources_1/imports/new/case_i_ns.vhd:24]
INFO: [Synth 8-638] synthesizing module 'case_i_ns__parameterized4' [C:/Users/gabri/OneDrive/Documentos/GitHub/G23SED/FPGA/GLOBAL_V1/ESTRUCTURAL_6 _2/DISPLAY.srcs/sources_1/imports/sources_1/imports/new/case_i_ns.vhd:24]
	Parameter param bound to: 6 - type: integer 
INFO: [Synth 8-256] done synthesizing module 'case_i_ns__parameterized4' (0#1) [C:/Users/gabri/OneDrive/Documentos/GitHub/G23SED/FPGA/GLOBAL_V1/ESTRUCTURAL_6 _2/DISPLAY.srcs/sources_1/imports/sources_1/imports/new/case_i_ns.vhd:24]
	Parameter param bound to: 3 - type: integer 
	Parameter res bound to: 15 - type: integer 
INFO: [Synth 8-3491] module 'case_tcy' declared at 'C:/Users/gabri/OneDrive/Documentos/GitHub/G23SED/FPGA/GLOBAL_V1/ESTRUCTURAL_6 _2/DISPLAY.srcs/sources_1/imports/sources_1/imports/new/case_tcy.vhd:15' bound to instance 'instance_case_t' of component 'case_tcy' [C:/Users/gabri/OneDrive/Documentos/GitHub/G23SED/FPGA/GLOBAL_V1/ESTRUCTURAL_6 _2/DISPLAY.srcs/sources_1/imports/sources_1/imports/new/punt_glob.vhd:311]
INFO: [Synth 8-638] synthesizing module 'case_tcy' [C:/Users/gabri/OneDrive/Documentos/GitHub/G23SED/FPGA/GLOBAL_V1/ESTRUCTURAL_6 _2/DISPLAY.srcs/sources_1/imports/sources_1/imports/new/case_tcy.vhd:33]
	Parameter param bound to: 3 - type: integer 
	Parameter res bound to: 15 - type: integer 
WARNING: [Synth 8-614] signal 'dados' is read in the process but is not in the sensitivity list [C:/Users/gabri/OneDrive/Documentos/GitHub/G23SED/FPGA/GLOBAL_V1/ESTRUCTURAL_6 _2/DISPLAY.srcs/sources_1/imports/sources_1/imports/new/case_tcy.vhd:38]
INFO: [Synth 8-256] done synthesizing module 'case_tcy' (0#1) [C:/Users/gabri/OneDrive/Documentos/GitHub/G23SED/FPGA/GLOBAL_V1/ESTRUCTURAL_6 _2/DISPLAY.srcs/sources_1/imports/sources_1/imports/new/case_tcy.vhd:33]
	Parameter param bound to: 4 - type: integer 
	Parameter res bound to: 20 - type: integer 
INFO: [Synth 8-3491] module 'case_tcy' declared at 'C:/Users/gabri/OneDrive/Documentos/GitHub/G23SED/FPGA/GLOBAL_V1/ESTRUCTURAL_6 _2/DISPLAY.srcs/sources_1/imports/sources_1/imports/new/case_tcy.vhd:15' bound to instance 'instance_case_c' of component 'case_tcy' [C:/Users/gabri/OneDrive/Documentos/GitHub/G23SED/FPGA/GLOBAL_V1/ESTRUCTURAL_6 _2/DISPLAY.srcs/sources_1/imports/sources_1/imports/new/punt_glob.vhd:327]
INFO: [Synth 8-638] synthesizing module 'case_tcy__parameterized1' [C:/Users/gabri/OneDrive/Documentos/GitHub/G23SED/FPGA/GLOBAL_V1/ESTRUCTURAL_6 _2/DISPLAY.srcs/sources_1/imports/sources_1/imports/new/case_tcy.vhd:33]
	Parameter param bound to: 4 - type: integer 
	Parameter res bound to: 20 - type: integer 
WARNING: [Synth 8-614] signal 'dados' is read in the process but is not in the sensitivity list [C:/Users/gabri/OneDrive/Documentos/GitHub/G23SED/FPGA/GLOBAL_V1/ESTRUCTURAL_6 _2/DISPLAY.srcs/sources_1/imports/sources_1/imports/new/case_tcy.vhd:38]
INFO: [Synth 8-256] done synthesizing module 'case_tcy__parameterized1' (0#1) [C:/Users/gabri/OneDrive/Documentos/GitHub/G23SED/FPGA/GLOBAL_V1/ESTRUCTURAL_6 _2/DISPLAY.srcs/sources_1/imports/sources_1/imports/new/case_tcy.vhd:33]
	Parameter param bound to: 5 - type: integer 
	Parameter res bound to: 50 - type: integer 
INFO: [Synth 8-3491] module 'case_tcy' declared at 'C:/Users/gabri/OneDrive/Documentos/GitHub/G23SED/FPGA/GLOBAL_V1/ESTRUCTURAL_6 _2/DISPLAY.srcs/sources_1/imports/sources_1/imports/new/case_tcy.vhd:15' bound to instance 'instance_case_y' of component 'case_tcy' [C:/Users/gabri/OneDrive/Documentos/GitHub/G23SED/FPGA/GLOBAL_V1/ESTRUCTURAL_6 _2/DISPLAY.srcs/sources_1/imports/sources_1/imports/new/punt_glob.vhd:343]
INFO: [Synth 8-638] synthesizing module 'case_tcy__parameterized3' [C:/Users/gabri/OneDrive/Documentos/GitHub/G23SED/FPGA/GLOBAL_V1/ESTRUCTURAL_6 _2/DISPLAY.srcs/sources_1/imports/sources_1/imports/new/case_tcy.vhd:33]
	Parameter param bound to: 5 - type: integer 
	Parameter res bound to: 50 - type: integer 
WARNING: [Synth 8-614] signal 'dados' is read in the process but is not in the sensitivity list [C:/Users/gabri/OneDrive/Documentos/GitHub/G23SED/FPGA/GLOBAL_V1/ESTRUCTURAL_6 _2/DISPLAY.srcs/sources_1/imports/sources_1/imports/new/case_tcy.vhd:38]
INFO: [Synth 8-256] done synthesizing module 'case_tcy__parameterized3' (0#1) [C:/Users/gabri/OneDrive/Documentos/GitHub/G23SED/FPGA/GLOBAL_V1/ESTRUCTURAL_6 _2/DISPLAY.srcs/sources_1/imports/sources_1/imports/new/case_tcy.vhd:33]
INFO: [Synth 8-3491] module 'caso_fullh' declared at 'C:/Users/gabri/OneDrive/Documentos/GitHub/G23SED/FPGA/GLOBAL_V1/ESTRUCTURAL_6 _2/DISPLAY.srcs/sources_1/imports/sources_1/new/caso_fullh.vhd:16' bound to instance 'instance_caso_fullh' of component 'caso_fullh' [C:/Users/gabri/OneDrive/Documentos/GitHub/G23SED/FPGA/GLOBAL_V1/ESTRUCTURAL_6 _2/DISPLAY.srcs/sources_1/imports/sources_1/imports/new/punt_glob.vhd:360]
INFO: [Synth 8-638] synthesizing module 'caso_fullh' [C:/Users/gabri/OneDrive/Documentos/GitHub/G23SED/FPGA/GLOBAL_V1/ESTRUCTURAL_6 _2/DISPLAY.srcs/sources_1/imports/sources_1/new/caso_fullh.vhd:30]
WARNING: [Synth 8-614] signal 'dados' is read in the process but is not in the sensitivity list [C:/Users/gabri/OneDrive/Documentos/GitHub/G23SED/FPGA/GLOBAL_V1/ESTRUCTURAL_6 _2/DISPLAY.srcs/sources_1/imports/sources_1/new/caso_fullh.vhd:34]
INFO: [Synth 8-256] done synthesizing module 'caso_fullh' (0#1) [C:/Users/gabri/OneDrive/Documentos/GitHub/G23SED/FPGA/GLOBAL_V1/ESTRUCTURAL_6 _2/DISPLAY.srcs/sources_1/imports/sources_1/new/caso_fullh.vhd:30]
	Parameter param bound to: 3 - type: integer 
	Parameter res bound to: 20 - type: integer 
INFO: [Synth 8-3491] module 'case_escaleras' declared at 'C:/Users/gabri/OneDrive/Documentos/GitHub/G23SED/FPGA/GLOBAL_V1/ESTRUCTURAL_6 _2/DISPLAY.srcs/sources_1/imports/sources_1/imports/new/case_escaleras.vhd:8' bound to instance 'instance_caso_ep' of component 'case_escaleras' [C:/Users/gabri/OneDrive/Documentos/GitHub/G23SED/FPGA/GLOBAL_V1/ESTRUCTURAL_6 _2/DISPLAY.srcs/sources_1/imports/sources_1/imports/new/punt_glob.vhd:372]
INFO: [Synth 8-638] synthesizing module 'case_escaleras' [C:/Users/gabri/OneDrive/Documentos/GitHub/G23SED/FPGA/GLOBAL_V1/ESTRUCTURAL_6 _2/DISPLAY.srcs/sources_1/imports/sources_1/imports/new/case_escaleras.vhd:25]
	Parameter param bound to: 3 - type: integer 
	Parameter res bound to: 20 - type: integer 
INFO: [Synth 8-256] done synthesizing module 'case_escaleras' (0#1) [C:/Users/gabri/OneDrive/Documentos/GitHub/G23SED/FPGA/GLOBAL_V1/ESTRUCTURAL_6 _2/DISPLAY.srcs/sources_1/imports/sources_1/imports/new/case_escaleras.vhd:25]
	Parameter param bound to: 4 - type: integer 
	Parameter res bound to: 25 - type: integer 
INFO: [Synth 8-3491] module 'case_escaleras' declared at 'C:/Users/gabri/OneDrive/Documentos/GitHub/G23SED/FPGA/GLOBAL_V1/ESTRUCTURAL_6 _2/DISPLAY.srcs/sources_1/imports/sources_1/imports/new/case_escaleras.vhd:8' bound to instance 'instance_caso_eg' of component 'case_escaleras' [C:/Users/gabri/OneDrive/Documentos/GitHub/G23SED/FPGA/GLOBAL_V1/ESTRUCTURAL_6 _2/DISPLAY.srcs/sources_1/imports/sources_1/imports/new/punt_glob.vhd:388]
INFO: [Synth 8-638] synthesizing module 'case_escaleras__parameterized1' [C:/Users/gabri/OneDrive/Documentos/GitHub/G23SED/FPGA/GLOBAL_V1/ESTRUCTURAL_6 _2/DISPLAY.srcs/sources_1/imports/sources_1/imports/new/case_escaleras.vhd:25]
	Parameter param bound to: 4 - type: integer 
	Parameter res bound to: 25 - type: integer 
INFO: [Synth 8-256] done synthesizing module 'case_escaleras__parameterized1' (0#1) [C:/Users/gabri/OneDrive/Documentos/GitHub/G23SED/FPGA/GLOBAL_V1/ESTRUCTURAL_6 _2/DISPLAY.srcs/sources_1/imports/sources_1/imports/new/case_escaleras.vhd:25]
INFO: [Synth 8-3491] module 'caso_magico' declared at 'C:/Users/gabri/OneDrive/Documentos/GitHub/G23SED/FPGA/GLOBAL_V1/ESTRUCTURAL_6 _2/DISPLAY.srcs/sources_1/imports/sources_1/new/caso_magico.vhd:15' bound to instance 'instance_caso_m' of component 'caso_magico' [C:/Users/gabri/OneDrive/Documentos/GitHub/G23SED/FPGA/GLOBAL_V1/ESTRUCTURAL_6 _2/DISPLAY.srcs/sources_1/imports/sources_1/imports/new/punt_glob.vhd:403]
INFO: [Synth 8-638] synthesizing module 'caso_magico' [C:/Users/gabri/OneDrive/Documentos/GitHub/G23SED/FPGA/GLOBAL_V1/ESTRUCTURAL_6 _2/DISPLAY.srcs/sources_1/imports/sources_1/new/caso_magico.vhd:29]
INFO: [Synth 8-256] done synthesizing module 'caso_magico' (0#1) [C:/Users/gabri/OneDrive/Documentos/GitHub/G23SED/FPGA/GLOBAL_V1/ESTRUCTURAL_6 _2/DISPLAY.srcs/sources_1/imports/sources_1/new/caso_magico.vhd:29]
INFO: [Synth 8-638] synthesizing module 'caso_turnos' [C:/Users/gabri/OneDrive/Documentos/GitHub/G23SED/FPGA/GLOBAL_V1/ESTRUCTURAL_6 _2/DISPLAY.srcs/sources_1/imports/sources_1/new/caso_turnos.vhd:15]
INFO: [Synth 8-256] done synthesizing module 'caso_turnos' (0#1) [C:/Users/gabri/OneDrive/Documentos/GitHub/G23SED/FPGA/GLOBAL_V1/ESTRUCTURAL_6 _2/DISPLAY.srcs/sources_1/imports/sources_1/new/caso_turnos.vhd:15]
INFO: [Synth 8-3491] module 'punt_total' declared at 'C:/Users/gabri/OneDrive/Documentos/GitHub/G23SED/FPGA/GLOBAL_V1/ESTRUCTURAL_6 _2/DISPLAY.srcs/sources_1/imports/new/punt_total.vhd:10' bound to instance 'instancia_punt_total' of component 'punt_total' [C:/Users/gabri/OneDrive/Documentos/GitHub/G23SED/FPGA/GLOBAL_V1/ESTRUCTURAL_6 _2/DISPLAY.srcs/sources_1/imports/sources_1/imports/new/punt_glob.vhd:424]
INFO: [Synth 8-638] synthesizing module 'punt_total' [C:/Users/gabri/OneDrive/Documentos/GitHub/G23SED/FPGA/GLOBAL_V1/ESTRUCTURAL_6 _2/DISPLAY.srcs/sources_1/imports/new/punt_total.vhd:46]
INFO: [Synth 8-256] done synthesizing module 'punt_total' (0#1) [C:/Users/gabri/OneDrive/Documentos/GitHub/G23SED/FPGA/GLOBAL_V1/ESTRUCTURAL_6 _2/DISPLAY.srcs/sources_1/imports/new/punt_total.vhd:46]
INFO: [Synth 8-3491] module 'demux' declared at 'C:/Users/gabri/OneDrive/Documentos/GitHub/G23SED/FPGA/GLOBAL_V1/ESTRUCTURAL_6 _2/DISPLAY.srcs/sources_1/imports/new/demux.vhd:8' bound to instance 'instancia_demux' of component 'demux' [C:/Users/gabri/OneDrive/Documentos/GitHub/G23SED/FPGA/GLOBAL_V1/ESTRUCTURAL_6 _2/DISPLAY.srcs/sources_1/imports/sources_1/imports/new/punt_glob.vhd:460]
INFO: [Synth 8-638] synthesizing module 'demux' [C:/Users/gabri/OneDrive/Documentos/GitHub/G23SED/FPGA/GLOBAL_V1/ESTRUCTURAL_6 _2/DISPLAY.srcs/sources_1/imports/new/demux.vhd:32]
INFO: [Synth 8-226] default block is never used [C:/Users/gabri/OneDrive/Documentos/GitHub/G23SED/FPGA/GLOBAL_V1/ESTRUCTURAL_6 _2/DISPLAY.srcs/sources_1/imports/new/demux.vhd:35]
INFO: [Synth 8-256] done synthesizing module 'demux' (0#1) [C:/Users/gabri/OneDrive/Documentos/GitHub/G23SED/FPGA/GLOBAL_V1/ESTRUCTURAL_6 _2/DISPLAY.srcs/sources_1/imports/new/demux.vhd:32]
INFO: [Synth 8-256] done synthesizing module 'punt_glob' (0#1) [C:/Users/gabri/OneDrive/Documentos/GitHub/G23SED/FPGA/GLOBAL_V1/ESTRUCTURAL_6 _2/DISPLAY.srcs/sources_1/imports/sources_1/imports/new/punt_glob.vhd:23]
INFO: [Synth 8-638] synthesizing module 'MUX_10_UNSIGNED' [C:/Users/gabri/OneDrive/Documentos/GitHub/G23SED/FPGA/GLOBAL_V1/ESTRUCTURAL_6 _2/DISPLAY.srcs/sources_1/new/MUX_10_UNSIGNED.vhd:16]
INFO: [Synth 8-256] done synthesizing module 'MUX_10_UNSIGNED' (0#1) [C:/Users/gabri/OneDrive/Documentos/GitHub/G23SED/FPGA/GLOBAL_V1/ESTRUCTURAL_6 _2/DISPLAY.srcs/sources_1/new/MUX_10_UNSIGNED.vhd:16]
INFO: [Synth 8-256] done synthesizing module 'YAHTZEE' (0#1) [C:/Users/gabri/OneDrive/Documentos/GitHub/G23SED/FPGA/GLOBAL_V1/ESTRUCTURAL_6 _2/DISPLAY.srcs/sources_1/new/YAHTZEE.vhd:29]
WARNING: [Synth 8-7129] Port clk in module punt_total is either unconnected or has no load
WARNING: [Synth 8-7129] Port dados[4][31] in module caso_magico is either unconnected or has no load
WARNING: [Synth 8-7129] Port dados[4][30] in module caso_magico is either unconnected or has no load
WARNING: [Synth 8-7129] Port dados[4][29] in module caso_magico is either unconnected or has no load
WARNING: [Synth 8-7129] Port dados[4][28] in module caso_magico is either unconnected or has no load
WARNING: [Synth 8-7129] Port dados[4][27] in module caso_magico is either unconnected or has no load
WARNING: [Synth 8-7129] Port dados[4][26] in module caso_magico is either unconnected or has no load
WARNING: [Synth 8-7129] Port dados[4][25] in module caso_magico is either unconnected or has no load
WARNING: [Synth 8-7129] Port dados[4][24] in module caso_magico is either unconnected or has no load
WARNING: [Synth 8-7129] Port dados[4][23] in module caso_magico is either unconnected or has no load
WARNING: [Synth 8-7129] Port dados[4][22] in module caso_magico is either unconnected or has no load
WARNING: [Synth 8-7129] Port dados[4][21] in module caso_magico is either unconnected or has no load
WARNING: [Synth 8-7129] Port dados[4][20] in module caso_magico is either unconnected or has no load
WARNING: [Synth 8-7129] Port dados[4][19] in module caso_magico is either unconnected or has no load
WARNING: [Synth 8-7129] Port dados[4][18] in module caso_magico is either unconnected or has no load
WARNING: [Synth 8-7129] Port dados[4][17] in module caso_magico is either unconnected or has no load
WARNING: [Synth 8-7129] Port dados[4][16] in module caso_magico is either unconnected or has no load
WARNING: [Synth 8-7129] Port dados[4][15] in module caso_magico is either unconnected or has no load
WARNING: [Synth 8-7129] Port dados[4][14] in module caso_magico is either unconnected or has no load
WARNING: [Synth 8-7129] Port dados[4][13] in module caso_magico is either unconnected or has no load
WARNING: [Synth 8-7129] Port dados[4][12] in module caso_magico is either unconnected or has no load
WARNING: [Synth 8-7129] Port dados[4][11] in module caso_magico is either unconnected or has no load
WARNING: [Synth 8-7129] Port dados[4][10] in module caso_magico is either unconnected or has no load
WARNING: [Synth 8-7129] Port dados[3][31] in module caso_magico is either unconnected or has no load
WARNING: [Synth 8-7129] Port dados[3][30] in module caso_magico is either unconnected or has no load
WARNING: [Synth 8-7129] Port dados[3][29] in module caso_magico is either unconnected or has no load
WARNING: [Synth 8-7129] Port dados[3][28] in module caso_magico is either unconnected or has no load
WARNING: [Synth 8-7129] Port dados[3][27] in module caso_magico is either unconnected or has no load
WARNING: [Synth 8-7129] Port dados[3][26] in module caso_magico is either unconnected or has no load
WARNING: [Synth 8-7129] Port dados[3][25] in module caso_magico is either unconnected or has no load
WARNING: [Synth 8-7129] Port dados[3][24] in module caso_magico is either unconnected or has no load
WARNING: [Synth 8-7129] Port dados[3][23] in module caso_magico is either unconnected or has no load
WARNING: [Synth 8-7129] Port dados[3][22] in module caso_magico is either unconnected or has no load
WARNING: [Synth 8-7129] Port dados[3][21] in module caso_magico is either unconnected or has no load
WARNING: [Synth 8-7129] Port dados[3][20] in module caso_magico is either unconnected or has no load
WARNING: [Synth 8-7129] Port dados[3][19] in module caso_magico is either unconnected or has no load
WARNING: [Synth 8-7129] Port dados[3][18] in module caso_magico is either unconnected or has no load
WARNING: [Synth 8-7129] Port dados[3][17] in module caso_magico is either unconnected or has no load
WARNING: [Synth 8-7129] Port dados[3][16] in module caso_magico is either unconnected or has no load
WARNING: [Synth 8-7129] Port dados[3][15] in module caso_magico is either unconnected or has no load
WARNING: [Synth 8-7129] Port dados[3][14] in module caso_magico is either unconnected or has no load
WARNING: [Synth 8-7129] Port dados[3][13] in module caso_magico is either unconnected or has no load
WARNING: [Synth 8-7129] Port dados[3][12] in module caso_magico is either unconnected or has no load
WARNING: [Synth 8-7129] Port dados[3][11] in module caso_magico is either unconnected or has no load
WARNING: [Synth 8-7129] Port dados[3][10] in module caso_magico is either unconnected or has no load
WARNING: [Synth 8-7129] Port dados[2][31] in module caso_magico is either unconnected or has no load
WARNING: [Synth 8-7129] Port dados[2][30] in module caso_magico is either unconnected or has no load
WARNING: [Synth 8-7129] Port dados[2][29] in module caso_magico is either unconnected or has no load
WARNING: [Synth 8-7129] Port dados[2][28] in module caso_magico is either unconnected or has no load
WARNING: [Synth 8-7129] Port dados[2][27] in module caso_magico is either unconnected or has no load
WARNING: [Synth 8-7129] Port dados[2][26] in module caso_magico is either unconnected or has no load
WARNING: [Synth 8-7129] Port dados[2][25] in module caso_magico is either unconnected or has no load
WARNING: [Synth 8-7129] Port dados[2][24] in module caso_magico is either unconnected or has no load
WARNING: [Synth 8-7129] Port dados[2][23] in module caso_magico is either unconnected or has no load
WARNING: [Synth 8-7129] Port dados[2][22] in module caso_magico is either unconnected or has no load
WARNING: [Synth 8-7129] Port dados[2][21] in module caso_magico is either unconnected or has no load
WARNING: [Synth 8-7129] Port dados[2][20] in module caso_magico is either unconnected or has no load
WARNING: [Synth 8-7129] Port dados[2][19] in module caso_magico is either unconnected or has no load
WARNING: [Synth 8-7129] Port dados[2][18] in module caso_magico is either unconnected or has no load
WARNING: [Synth 8-7129] Port dados[2][17] in module caso_magico is either unconnected or has no load
WARNING: [Synth 8-7129] Port dados[2][16] in module caso_magico is either unconnected or has no load
WARNING: [Synth 8-7129] Port dados[2][15] in module caso_magico is either unconnected or has no load
WARNING: [Synth 8-7129] Port dados[2][14] in module caso_magico is either unconnected or has no load
WARNING: [Synth 8-7129] Port dados[2][13] in module caso_magico is either unconnected or has no load
WARNING: [Synth 8-7129] Port dados[2][12] in module caso_magico is either unconnected or has no load
WARNING: [Synth 8-7129] Port dados[2][11] in module caso_magico is either unconnected or has no load
WARNING: [Synth 8-7129] Port dados[2][10] in module caso_magico is either unconnected or has no load
WARNING: [Synth 8-7129] Port dados[1][31] in module caso_magico is either unconnected or has no load
WARNING: [Synth 8-7129] Port dados[1][30] in module caso_magico is either unconnected or has no load
WARNING: [Synth 8-7129] Port dados[1][29] in module caso_magico is either unconnected or has no load
WARNING: [Synth 8-7129] Port dados[1][28] in module caso_magico is either unconnected or has no load
WARNING: [Synth 8-7129] Port dados[1][27] in module caso_magico is either unconnected or has no load
WARNING: [Synth 8-7129] Port dados[1][26] in module caso_magico is either unconnected or has no load
WARNING: [Synth 8-7129] Port dados[1][25] in module caso_magico is either unconnected or has no load
WARNING: [Synth 8-7129] Port dados[1][24] in module caso_magico is either unconnected or has no load
WARNING: [Synth 8-7129] Port dados[1][23] in module caso_magico is either unconnected or has no load
WARNING: [Synth 8-7129] Port dados[1][22] in module caso_magico is either unconnected or has no load
WARNING: [Synth 8-7129] Port dados[1][21] in module caso_magico is either unconnected or has no load
WARNING: [Synth 8-7129] Port dados[1][20] in module caso_magico is either unconnected or has no load
WARNING: [Synth 8-7129] Port dados[1][19] in module caso_magico is either unconnected or has no load
WARNING: [Synth 8-7129] Port dados[1][18] in module caso_magico is either unconnected or has no load
WARNING: [Synth 8-7129] Port dados[1][17] in module caso_magico is either unconnected or has no load
WARNING: [Synth 8-7129] Port dados[1][16] in module caso_magico is either unconnected or has no load
WARNING: [Synth 8-7129] Port dados[1][15] in module caso_magico is either unconnected or has no load
WARNING: [Synth 8-7129] Port dados[1][14] in module caso_magico is either unconnected or has no load
WARNING: [Synth 8-7129] Port dados[1][13] in module caso_magico is either unconnected or has no load
WARNING: [Synth 8-7129] Port dados[1][12] in module caso_magico is either unconnected or has no load
WARNING: [Synth 8-7129] Port dados[1][11] in module caso_magico is either unconnected or has no load
WARNING: [Synth 8-7129] Port dados[1][10] in module caso_magico is either unconnected or has no load
WARNING: [Synth 8-7129] Port dados[0][31] in module caso_magico is either unconnected or has no load
WARNING: [Synth 8-7129] Port dados[0][30] in module caso_magico is either unconnected or has no load
WARNING: [Synth 8-7129] Port dados[0][29] in module caso_magico is either unconnected or has no load
WARNING: [Synth 8-7129] Port dados[0][28] in module caso_magico is either unconnected or has no load
WARNING: [Synth 8-7129] Port dados[0][27] in module caso_magico is either unconnected or has no load
WARNING: [Synth 8-7129] Port dados[0][26] in module caso_magico is either unconnected or has no load
WARNING: [Synth 8-7129] Port dados[0][25] in module caso_magico is either unconnected or has no load
WARNING: [Synth 8-7129] Port dados[0][24] in module caso_magico is either unconnected or has no load
WARNING: [Synth 8-7129] Port dados[0][23] in module caso_magico is either unconnected or has no load
WARNING: [Synth 8-7129] Port dados[0][22] in module caso_magico is either unconnected or has no load
WARNING: [Synth 8-7129] Port dados[0][21] in module caso_magico is either unconnected or has no load
INFO: [Common 17-14] Message 'Synth 8-7129' appears 100 times and further instances of the messages will be disabled. Use the Tcl command set_msg_config to change the current settings.
---------------------------------------------------------------------------------
Finished RTL Elaboration : Time (s): cpu = 00:00:10 ; elapsed = 00:00:12 . Memory (MB): peak = 1542.391 ; gain = 580.238
---------------------------------------------------------------------------------
---------------------------------------------------------------------------------
Start Handling Custom Attributes
---------------------------------------------------------------------------------
---------------------------------------------------------------------------------
Finished Handling Custom Attributes : Time (s): cpu = 00:00:11 ; elapsed = 00:00:12 . Memory (MB): peak = 1542.391 ; gain = 580.238
---------------------------------------------------------------------------------
---------------------------------------------------------------------------------
Finished RTL Optimization Phase 1 : Time (s): cpu = 00:00:11 ; elapsed = 00:00:12 . Memory (MB): peak = 1542.391 ; gain = 580.238
---------------------------------------------------------------------------------
Netlist sorting complete. Time (s): cpu = 00:00:00 ; elapsed = 00:00:00.196 . Memory (MB): peak = 1542.391 ; gain = 0.000
INFO: [Project 1-570] Preparing netlist for logic optimization

Processing XDC Constraints
Initializing timing engine
Parsing XDC File [C:/Users/gabri/OneDrive/Documentos/GitHub/G23SED/FPGA/GLOBAL_V1/ESTRUCTURAL_6 _2/DISPLAY.srcs/constrs_1/imports/digilent-xdc-master/Nexys-4-DDR-Master.xdc]
Finished Parsing XDC File [C:/Users/gabri/OneDrive/Documentos/GitHub/G23SED/FPGA/GLOBAL_V1/ESTRUCTURAL_6 _2/DISPLAY.srcs/constrs_1/imports/digilent-xdc-master/Nexys-4-DDR-Master.xdc]
INFO: [Project 1-236] Implementation specific constraints were found while reading constraint file [C:/Users/gabri/OneDrive/Documentos/GitHub/G23SED/FPGA/GLOBAL_V1/ESTRUCTURAL_6 _2/DISPLAY.srcs/constrs_1/imports/digilent-xdc-master/Nexys-4-DDR-Master.xdc]. These constraints will be ignored for synthesis but will be used in implementation. Impacted constraints are listed in the file [.Xil/YAHTZEE_propImpl.xdc].
Resolution: To avoid this warning, move constraints listed in [.Xil/YAHTZEE_propImpl.xdc] to another XDC file and exclude this new file from synthesis with the used_in_synthesis property (File Properties dialog in GUI) and re-run elaboration/synthesis.
Completed Processing XDC Constraints

Netlist sorting complete. Time (s): cpu = 00:00:00 ; elapsed = 00:00:00.001 . Memory (MB): peak = 1569.422 ; gain = 0.000
INFO: [Project 1-111] Unisim Transformation Summary:
No Unisim elements were transformed.

Constraint Validation Runtime : Time (s): cpu = 00:00:00 ; elapsed = 00:00:00.016 . Memory (MB): peak = 1569.422 ; gain = 0.000
INFO: [Designutils 20-5440] No compile time benefit to using incremental synthesis; A full resynthesis will be run
INFO: [Designutils 20-4379] Flow is switching to default flow due to incremental criteria not met. If you would like to alter this behaviour and have the flow terminate instead, please set the following parameter config_implementation {autoIncr.Synth.RejectBehavior Terminate}
---------------------------------------------------------------------------------
Finished Constraint Validation : Time (s): cpu = 00:00:25 ; elapsed = 00:00:27 . Memory (MB): peak = 1569.422 ; gain = 607.270
---------------------------------------------------------------------------------
---------------------------------------------------------------------------------
Start Loading Part and Timing Information
---------------------------------------------------------------------------------
Loading part: xc7a100tcsg324-1
---------------------------------------------------------------------------------
Finished Loading Part and Timing Information : Time (s): cpu = 00:00:25 ; elapsed = 00:00:27 . Memory (MB): peak = 1569.422 ; gain = 607.270
---------------------------------------------------------------------------------
---------------------------------------------------------------------------------
Start Applying 'set_property' XDC Constraints
---------------------------------------------------------------------------------
---------------------------------------------------------------------------------
Finished applying 'set_property' XDC Constraints : Time (s): cpu = 00:00:25 ; elapsed = 00:00:27 . Memory (MB): peak = 1569.422 ; gain = 607.270
---------------------------------------------------------------------------------
INFO: [Synth 8-802] inferred FSM for state register 'etapa_reg' in module 'FSM'
INFO: [Synth 8-802] inferred FSM for state register 'indice_jugador_reg' in module 'FSM'
WARNING: [Synth 8-3936] Found unconnected internal register 'resultado_i_reg' and it is trimmed from '32' to '10' bits. [C:/Users/gabri/OneDrive/Documentos/GitHub/G23SED/FPGA/GLOBAL_V1/ESTRUCTURAL_6 _2/DISPLAY.srcs/sources_1/imports/sources_1/imports/new/case_i_ns.vhd:55]
WARNING: [Synth 8-3936] Found unconnected internal register 'resultado_i_reg' and it is trimmed from '32' to '10' bits. [C:/Users/gabri/OneDrive/Documentos/GitHub/G23SED/FPGA/GLOBAL_V1/ESTRUCTURAL_6 _2/DISPLAY.srcs/sources_1/imports/sources_1/imports/new/case_i_ns.vhd:55]
WARNING: [Synth 8-3936] Found unconnected internal register 'resultado_i_reg' and it is trimmed from '32' to '10' bits. [C:/Users/gabri/OneDrive/Documentos/GitHub/G23SED/FPGA/GLOBAL_V1/ESTRUCTURAL_6 _2/DISPLAY.srcs/sources_1/imports/sources_1/imports/new/case_i_ns.vhd:55]
WARNING: [Synth 8-3936] Found unconnected internal register 'resultado_i_reg' and it is trimmed from '32' to '10' bits. [C:/Users/gabri/OneDrive/Documentos/GitHub/G23SED/FPGA/GLOBAL_V1/ESTRUCTURAL_6 _2/DISPLAY.srcs/sources_1/imports/sources_1/imports/new/case_i_ns.vhd:55]
WARNING: [Synth 8-3936] Found unconnected internal register 'resultado_i_reg' and it is trimmed from '32' to '10' bits. [C:/Users/gabri/OneDrive/Documentos/GitHub/G23SED/FPGA/GLOBAL_V1/ESTRUCTURAL_6 _2/DISPLAY.srcs/sources_1/imports/sources_1/imports/new/case_i_ns.vhd:55]
---------------------------------------------------------------------------------------------------
                   State |                     New Encoding |                Previous Encoding 
---------------------------------------------------------------------------------------------------
                 iSTATE0 |                               10 |                               10
                  iSTATE |                               01 |                               01
*
---------------------------------------------------------------------------------------------------
INFO: [Synth 8-3898] No Re-encoding of one hot register 'indice_jugador_reg' in module 'FSM'
---------------------------------------------------------------------------------------------------
                   State |                     New Encoding |                Previous Encoding 
---------------------------------------------------------------------------------------------------
                 iSTATE5 |                 0000000000000001 |                            00001
                 iSTATE3 |                 0000000000000010 |                            00010
                 iSTATE2 |                 0000000000000100 |                            00011
                iSTATE13 |                 0000000000001000 |                            00100
                iSTATE12 |                 0000000000010000 |                            00101
                 iSTATE9 |                 0000000000100000 |                            00110
                 iSTATE8 |                 0000000001000000 |                            00111
                iSTATE11 |                 0000000010000000 |                            01000
                iSTATE10 |                 0000000100000000 |                            01001
                 iSTATE7 |                 0000001000000000 |                            01010
                 iSTATE6 |                 0000010000000000 |                            01011
                 iSTATE1 |                 0000100000000000 |                            01100
                 iSTATE0 |                 0001000000000000 |                            01101
                  iSTATE |                 0010000000000000 |                            01110
                iSTATE14 |                 0100000000000000 |                            01111
                 iSTATE4 |                 1000000000000000 |                            10000
---------------------------------------------------------------------------------------------------
INFO: [Synth 8-3354] encoded FSM with state register 'etapa_reg' using encoding 'one-hot' in module 'FSM'
WARNING: [Synth 8-327] inferring latch for variable 'resultado_reg' [C:/Users/gabri/OneDrive/Documentos/GitHub/G23SED/FPGA/GLOBAL_V1/ESTRUCTURAL_6 _2/DISPLAY.srcs/sources_1/imports/sources_1/imports/new/case_i_ns.vhd:57]
WARNING: [Synth 8-327] inferring latch for variable 'resultado_reg' [C:/Users/gabri/OneDrive/Documentos/GitHub/G23SED/FPGA/GLOBAL_V1/ESTRUCTURAL_6 _2/DISPLAY.srcs/sources_1/imports/sources_1/imports/new/case_i_ns.vhd:57]
WARNING: [Synth 8-327] inferring latch for variable 'resultado_reg' [C:/Users/gabri/OneDrive/Documentos/GitHub/G23SED/FPGA/GLOBAL_V1/ESTRUCTURAL_6 _2/DISPLAY.srcs/sources_1/imports/sources_1/imports/new/case_i_ns.vhd:57]
WARNING: [Synth 8-327] inferring latch for variable 'resultado_reg' [C:/Users/gabri/OneDrive/Documentos/GitHub/G23SED/FPGA/GLOBAL_V1/ESTRUCTURAL_6 _2/DISPLAY.srcs/sources_1/imports/sources_1/imports/new/case_i_ns.vhd:57]
WARNING: [Synth 8-327] inferring latch for variable 'resultado_reg' [C:/Users/gabri/OneDrive/Documentos/GitHub/G23SED/FPGA/GLOBAL_V1/ESTRUCTURAL_6 _2/DISPLAY.srcs/sources_1/imports/sources_1/imports/new/case_i_ns.vhd:57]
WARNING: [Synth 8-327] inferring latch for variable 'resultado_reg' [C:/Users/gabri/OneDrive/Documentos/GitHub/G23SED/FPGA/GLOBAL_V1/ESTRUCTURAL_6 _2/DISPLAY.srcs/sources_1/imports/sources_1/imports/new/case_i_ns.vhd:57]
WARNING: [Synth 8-327] inferring latch for variable 'resultado_reg' [C:/Users/gabri/OneDrive/Documentos/GitHub/G23SED/FPGA/GLOBAL_V1/ESTRUCTURAL_6 _2/DISPLAY.srcs/sources_1/imports/sources_1/imports/new/case_tcy.vhd:75]
WARNING: [Synth 8-327] inferring latch for variable 'resultado_reg' [C:/Users/gabri/OneDrive/Documentos/GitHub/G23SED/FPGA/GLOBAL_V1/ESTRUCTURAL_6 _2/DISPLAY.srcs/sources_1/imports/sources_1/imports/new/case_tcy.vhd:75]
WARNING: [Synth 8-327] inferring latch for variable 'resultado_reg' [C:/Users/gabri/OneDrive/Documentos/GitHub/G23SED/FPGA/GLOBAL_V1/ESTRUCTURAL_6 _2/DISPLAY.srcs/sources_1/imports/sources_1/imports/new/case_tcy.vhd:75]
WARNING: [Synth 8-327] inferring latch for variable 'resultado_reg' [C:/Users/gabri/OneDrive/Documentos/GitHub/G23SED/FPGA/GLOBAL_V1/ESTRUCTURAL_6 _2/DISPLAY.srcs/sources_1/imports/sources_1/new/caso_fullh.vhd:77]
WARNING: [Synth 8-327] inferring latch for variable 'salida_reg' [C:/Users/gabri/OneDrive/Documentos/GitHub/G23SED/FPGA/GLOBAL_V1/ESTRUCTURAL_6 _2/DISPLAY.srcs/sources_1/imports/new/punt_total.vhd:98]
WARNING: [Synth 8-327] inferring latch for variable 'ready_total_reg' [C:/Users/gabri/OneDrive/Documentos/GitHub/G23SED/FPGA/GLOBAL_V1/ESTRUCTURAL_6 _2/DISPLAY.srcs/sources_1/imports/new/punt_total.vhd:54]
---------------------------------------------------------------------------------
Finished RTL Optimization Phase 2 : Time (s): cpu = 00:00:28 ; elapsed = 00:00:30 . Memory (MB): peak = 1569.422 ; gain = 607.270
---------------------------------------------------------------------------------
---------------------------------------------------------------------------------
Start RTL Component Statistics 
---------------------------------------------------------------------------------
Detailed RTL Component Info : 
+---Adders : 
	   2 Input   32 Bit       Adders := 2     
	   5 Input   32 Bit       Adders := 10    
	   3 Input   32 Bit       Adders := 16    
	   5 Input   10 Bit       Adders := 2     
	   2 Input   10 Bit       Adders := 28    
	   2 Input    4 Bit       Adders := 112   
	   2 Input    3 Bit       Adders := 118   
	   2 Input    2 Bit       Adders := 1     
+---XORs : 
	   2 Input      1 Bit         XORs := 5     
+---Registers : 
	               32 Bit    Registers := 7     
	               16 Bit    Registers := 3     
	               13 Bit    Registers := 3     
	               10 Bit    Registers := 34    
	                8 Bit    Registers := 2     
	                7 Bit    Registers := 2     
	                6 Bit    Registers := 2     
	                5 Bit    Registers := 4     
	                4 Bit    Registers := 2     
	                3 Bit    Registers := 2     
	                2 Bit    Registers := 7     
	                1 Bit    Registers := 43    
+---Muxes : 
	   2 Input   32 Bit        Muxes := 80    
	  16 Input   16 Bit        Muxes := 1     
	   2 Input   16 Bit        Muxes := 15    
	   2 Input   13 Bit        Muxes := 9     
	  16 Input   13 Bit        Muxes := 3     
	   2 Input   10 Bit        Muxes := 3     
	   7 Input    8 Bit        Muxes := 5     
	   2 Input    8 Bit        Muxes := 5     
	  23 Input    8 Bit        Muxes := 1     
	   3 Input    8 Bit        Muxes := 1     
	   2 Input    7 Bit        Muxes := 29    
	  16 Input    6 Bit        Muxes := 1     
	   2 Input    6 Bit        Muxes := 4     
	   2 Input    5 Bit        Muxes := 7     
	  16 Input    5 Bit        Muxes := 1     
	   2 Input    4 Bit        Muxes := 9     
	   3 Input    4 Bit        Muxes := 2     
	   4 Input    4 Bit        Muxes := 1     
	   2 Input    3 Bit        Muxes := 3     
	   2 Input    2 Bit        Muxes := 2     
	  16 Input    2 Bit        Muxes := 1     
	   2 Input    1 Bit        Muxes := 10    
	   5 Input    1 Bit        Muxes := 1     
	  16 Input    1 Bit        Muxes := 14    
---------------------------------------------------------------------------------
Finished RTL Component Statistics 
---------------------------------------------------------------------------------
---------------------------------------------------------------------------------
Start Part Resource Summary
---------------------------------------------------------------------------------
Part Resources:
DSPs: 240 (col length:80)
BRAMs: 270 (col length: RAMB18 80 RAMB36 40)
---------------------------------------------------------------------------------
Finished Part Resource Summary
---------------------------------------------------------------------------------
---------------------------------------------------------------------------------
Start Cross Boundary and Area Optimization
---------------------------------------------------------------------------------
WARNING: [Synth 8-7080] Parallel synthesis criteria is not met
WARNING: [Synth 8-3332] Sequential element (resultado_reg[0]) is unused and will be removed from module case_i_ns__parameterized0__1.
WARNING: [Synth 8-3332] Sequential element (resultado_reg[1]) is unused and will be removed from module case_i_ns__parameterized2__1.
WARNING: [Synth 8-3332] Sequential element (resultado_reg[0]) is unused and will be removed from module case_i_ns__parameterized4__1.
WARNING: [Synth 8-3332] Sequential element (resultado_reg[9]) is unused and will be removed from module case_tcy__parameterized1__1.
WARNING: [Synth 8-3332] Sequential element (resultado_reg[9]) is unused and will be removed from module case_tcy__parameterized3__1.
WARNING: [Synth 8-3332] Sequential element (resultado_reg[9]) is unused and will be removed from module caso_fullh__1.
WARNING: [Synth 8-3332] Sequential element (ready_total_reg) is unused and will be removed from module punt_total__1.
WARNING: [Synth 8-3332] Sequential element (resultado_reg[0]) is unused and will be removed from module case_i_ns__parameterized0.
WARNING: [Synth 8-3332] Sequential element (resultado_reg[1]) is unused and will be removed from module case_i_ns__parameterized2.
WARNING: [Synth 8-3332] Sequential element (resultado_reg[0]) is unused and will be removed from module case_i_ns__parameterized4.
WARNING: [Synth 8-3332] Sequential element (resultado_reg[9]) is unused and will be removed from module case_tcy__parameterized1.
WARNING: [Synth 8-3332] Sequential element (resultado_reg[9]) is unused and will be removed from module case_tcy__parameterized3.
WARNING: [Synth 8-3332] Sequential element (resultado_reg[9]) is unused and will be removed from module caso_fullh.
WARNING: [Synth 8-3332] Sequential element (ready_total_reg) is unused and will be removed from module punt_total.
WARNING: [Synth 8-3332] Sequential element (resultado_reg[9]) is unused and will be removed from module case_i_ns__1.
WARNING: [Synth 8-3332] Sequential element (resultado_reg[9]) is unused and will be removed from module case_i_ns__parameterized0__1.
WARNING: [Synth 8-3332] Sequential element (resultado_reg[9]) is unused and will be removed from module case_i_ns__parameterized2__1.
WARNING: [Synth 8-3332] Sequential element (resultado_reg[9]) is unused and will be removed from module case_i_ns__parameterized3__1.
WARNING: [Synth 8-3332] Sequential element (resultado_reg[9]) is unused and will be removed from module case_i_ns.
WARNING: [Synth 8-3332] Sequential element (resultado_reg[9]) is unused and will be removed from module case_i_ns__parameterized0.
WARNING: [Synth 8-3332] Sequential element (resultado_reg[9]) is unused and will be removed from module case_i_ns__parameterized2.
WARNING: [Synth 8-3332] Sequential element (resultado_reg[9]) is unused and will be removed from module case_i_ns__parameterized3.
---------------------------------------------------------------------------------
Finished Cross Boundary and Area Optimization : Time (s): cpu = 00:01:06 ; elapsed = 00:01:10 . Memory (MB): peak = 1569.422 ; gain = 607.270
---------------------------------------------------------------------------------
---------------------------------------------------------------------------------
Start ROM, RAM, DSP, Shift Register and Retiming Reporting
---------------------------------------------------------------------------------

ROM: Preliminary Mapping Report
+---------------+-----------------+---------------+----------------+
|Module Name    | RTL Object      | Depth x Width | Implemented As | 
+---------------+-----------------+---------------+----------------+
|DECODER_LETRAS | segments        | 128x7         | LUT            | 
|DISPLAY_PUNTOS | D4/DL3/segments | 128x7         | LUT            | 
|DISPLAY_PUNTOS | D4/DL4/segments | 128x7         | LUT            | 
|DISPLAY_PUNTOS | D4/DL5/segments | 128x7         | LUT            | 
|DISPLAY_PUNTOS | D4/DL6/segments | 128x7         | LUT            | 
|DISPLAY_PUNTOS | D4/DL7/segments | 128x7         | LUT            | 
+---------------+-----------------+---------------+----------------+

---------------------------------------------------------------------------------
Finished ROM, RAM, DSP, Shift Register and Retiming Reporting
---------------------------------------------------------------------------------
---------------------------------------------------------------------------------
Start Applying XDC Timing Constraints
---------------------------------------------------------------------------------
---------------------------------------------------------------------------------
Finished Applying XDC Timing Constraints : Time (s): cpu = 00:01:14 ; elapsed = 00:01:19 . Memory (MB): peak = 1569.422 ; gain = 607.270
---------------------------------------------------------------------------------
---------------------------------------------------------------------------------
Start Timing Optimization
---------------------------------------------------------------------------------
---------------------------------------------------------------------------------
Finished Timing Optimization : Time (s): cpu = 00:01:17 ; elapsed = 00:01:21 . Memory (MB): peak = 1585.184 ; gain = 623.031
---------------------------------------------------------------------------------
---------------------------------------------------------------------------------
Start Technology Mapping
---------------------------------------------------------------------------------
Found timing loop:
     0: sumador_inferredi_710/O (LUT2)
      [C:/Users/gabri/OneDrive/Documentos/GitHub/G23SED/FPGA/GLOBAL_V1/ESTRUCTURAL_6 _2/DISPLAY.srcs/sources_1/imports/new/punt_total.vhd:52]
     1: sumador_inferredi_710/I1 (LUT2)
     2: sumador_inferredi_710/O (LUT2)
CRITICAL WARNING: [Synth 8-295] found timing loop. [C:/Users/gabri/OneDrive/Documentos/GitHub/G23SED/FPGA/GLOBAL_V1/ESTRUCTURAL_6 _2/DISPLAY.srcs/sources_1/new/YAHTZEE.vhd:9]
Inferred a: "set_disable_timing -from I1 -to O sumador_inferredi_710"
Found timing loop:
     0: sumador_inferredi_711/O (LUT2)
      [C:/Users/gabri/OneDrive/Documentos/GitHub/G23SED/FPGA/GLOBAL_V1/ESTRUCTURAL_6 _2/DISPLAY.srcs/sources_1/imports/new/punt_total.vhd:52]
     1: sumador_inferredi_711/I1 (LUT2)
     2: sumador_inferredi_711/O (LUT2)
CRITICAL WARNING: [Synth 8-295] found timing loop. [C:/Users/gabri/OneDrive/Documentos/GitHub/G23SED/FPGA/GLOBAL_V1/ESTRUCTURAL_6 _2/DISPLAY.srcs/sources_1/new/YAHTZEE.vhd:9]
Inferred a: "set_disable_timing -from I1 -to O sumador_inferredi_711"
Found timing loop:
     0: sumador_inferredi_712/O (LUT2)
      [C:/Users/gabri/OneDrive/Documentos/GitHub/G23SED/FPGA/GLOBAL_V1/ESTRUCTURAL_6 _2/DISPLAY.srcs/sources_1/imports/new/punt_total.vhd:52]
     1: sumador_inferredi_712/I1 (LUT2)
     2: sumador_inferredi_712/O (LUT2)
CRITICAL WARNING: [Synth 8-295] found timing loop. [C:/Users/gabri/OneDrive/Documentos/GitHub/G23SED/FPGA/GLOBAL_V1/ESTRUCTURAL_6 _2/DISPLAY.srcs/sources_1/new/YAHTZEE.vhd:9]
Inferred a: "set_disable_timing -from I1 -to O sumador_inferredi_712"
Found timing loop:
     0: sumador_inferredi_1069/O (LUT2)
      [C:/Users/gabri/OneDrive/Documentos/GitHub/G23SED/FPGA/GLOBAL_V1/ESTRUCTURAL_6 _2/DISPLAY.srcs/sources_1/imports/new/punt_total.vhd:52]
     1: sumador_inferredi_1069/I1 (LUT2)
     2: sumador_inferredi_1069/O (LUT2)
CRITICAL WARNING: [Synth 8-295] found timing loop. [C:/Users/gabri/OneDrive/Documentos/GitHub/G23SED/FPGA/GLOBAL_V1/ESTRUCTURAL_6 _2/DISPLAY.srcs/sources_1/new/YAHTZEE.vhd:9]
Inferred a: "set_disable_timing -from I1 -to O sumador_inferredi_1069"
Found timing loop:
     0: sumador_inferredi_1070/O (LUT2)
      [C:/Users/gabri/OneDrive/Documentos/GitHub/G23SED/FPGA/GLOBAL_V1/ESTRUCTURAL_6 _2/DISPLAY.srcs/sources_1/imports/new/punt_total.vhd:52]
     1: sumador_inferredi_1070/I1 (LUT2)
     2: sumador_inferredi_1070/O (LUT2)
CRITICAL WARNING: [Synth 8-295] found timing loop. [C:/Users/gabri/OneDrive/Documentos/GitHub/G23SED/FPGA/GLOBAL_V1/ESTRUCTURAL_6 _2/DISPLAY.srcs/sources_1/new/YAHTZEE.vhd:9]
Inferred a: "set_disable_timing -from I1 -to O sumador_inferredi_1070"
Found timing loop:
     0: sumador_inferredi_1071/O (LUT2)
      [C:/Users/gabri/OneDrive/Documentos/GitHub/G23SED/FPGA/GLOBAL_V1/ESTRUCTURAL_6 _2/DISPLAY.srcs/sources_1/imports/new/punt_total.vhd:52]
     1: sumador_inferredi_1071/I1 (LUT2)
     2: sumador_inferredi_1071/O (LUT2)
CRITICAL WARNING: [Synth 8-295] found timing loop. [C:/Users/gabri/OneDrive/Documentos/GitHub/G23SED/FPGA/GLOBAL_V1/ESTRUCTURAL_6 _2/DISPLAY.srcs/sources_1/new/YAHTZEE.vhd:9]
Inferred a: "set_disable_timing -from I1 -to O sumador_inferredi_1071"
Found timing loop:
     0: sumador_inferredi_713/O (LUT2)
      [C:/Users/gabri/OneDrive/Documentos/GitHub/G23SED/FPGA/GLOBAL_V1/ESTRUCTURAL_6 _2/DISPLAY.srcs/sources_1/imports/new/punt_total.vhd:52]
     1: sumador_inferredi_713/I1 (LUT2)
     2: sumador_inferredi_713/O (LUT2)
CRITICAL WARNING: [Synth 8-295] found timing loop. [C:/Users/gabri/OneDrive/Documentos/GitHub/G23SED/FPGA/GLOBAL_V1/ESTRUCTURAL_6 _2/DISPLAY.srcs/sources_1/new/YAHTZEE.vhd:9]
Inferred a: "set_disable_timing -from I1 -to O sumador_inferredi_713"
Found timing loop:
     0: sumador_inferredi_714/O (LUT2)
      [C:/Users/gabri/OneDrive/Documentos/GitHub/G23SED/FPGA/GLOBAL_V1/ESTRUCTURAL_6 _2/DISPLAY.srcs/sources_1/imports/new/punt_total.vhd:52]
     1: sumador_inferredi_714/I1 (LUT2)
     2: sumador_inferredi_714/O (LUT2)
CRITICAL WARNING: [Synth 8-295] found timing loop. [C:/Users/gabri/OneDrive/Documentos/GitHub/G23SED/FPGA/GLOBAL_V1/ESTRUCTURAL_6 _2/DISPLAY.srcs/sources_1/new/YAHTZEE.vhd:9]
Inferred a: "set_disable_timing -from I1 -to O sumador_inferredi_714"
Found timing loop:
     0: sumador_inferredi_715/O (LUT2)
      [C:/Users/gabri/OneDrive/Documentos/GitHub/G23SED/FPGA/GLOBAL_V1/ESTRUCTURAL_6 _2/DISPLAY.srcs/sources_1/imports/new/punt_total.vhd:52]
     1: sumador_inferredi_715/I1 (LUT2)
     2: sumador_inferredi_715/O (LUT2)
CRITICAL WARNING: [Synth 8-295] found timing loop. [C:/Users/gabri/OneDrive/Documentos/GitHub/G23SED/FPGA/GLOBAL_V1/ESTRUCTURAL_6 _2/DISPLAY.srcs/sources_1/new/YAHTZEE.vhd:9]
Inferred a: "set_disable_timing -from I1 -to O sumador_inferredi_715"
Found timing loop:
     0: sumador_inferredi_716/O (LUT2)
      [C:/Users/gabri/OneDrive/Documentos/GitHub/G23SED/FPGA/GLOBAL_V1/ESTRUCTURAL_6 _2/DISPLAY.srcs/sources_1/imports/new/punt_total.vhd:52]
     1: sumador_inferredi_716/I1 (LUT2)
     2: sumador_inferredi_716/O (LUT2)
CRITICAL WARNING: [Synth 8-295] found timing loop. [C:/Users/gabri/OneDrive/Documentos/GitHub/G23SED/FPGA/GLOBAL_V1/ESTRUCTURAL_6 _2/DISPLAY.srcs/sources_1/new/YAHTZEE.vhd:9]
Inferred a: "set_disable_timing -from I1 -to O sumador_inferredi_716"
Found timing loop:
     0: sumador_inferredi_717/O (LUT2)
      [C:/Users/gabri/OneDrive/Documentos/GitHub/G23SED/FPGA/GLOBAL_V1/ESTRUCTURAL_6 _2/DISPLAY.srcs/sources_1/imports/new/punt_total.vhd:52]
     1: sumador_inferredi_717/I1 (LUT2)
     2: sumador_inferredi_717/O (LUT2)
CRITICAL WARNING: [Synth 8-295] found timing loop. [C:/Users/gabri/OneDrive/Documentos/GitHub/G23SED/FPGA/GLOBAL_V1/ESTRUCTURAL_6 _2/DISPLAY.srcs/sources_1/new/YAHTZEE.vhd:9]
Inferred a: "set_disable_timing -from I1 -to O sumador_inferredi_717"
Found timing loop:
     0: sumador_inferredi_718/O (LUT2)
      [C:/Users/gabri/OneDrive/Documentos/GitHub/G23SED/FPGA/GLOBAL_V1/ESTRUCTURAL_6 _2/DISPLAY.srcs/sources_1/imports/new/punt_total.vhd:52]
     1: sumador_inferredi_718/I1 (LUT2)
     2: sumador_inferredi_718/O (LUT2)
CRITICAL WARNING: [Synth 8-295] found timing loop. [C:/Users/gabri/OneDrive/Documentos/GitHub/G23SED/FPGA/GLOBAL_V1/ESTRUCTURAL_6 _2/DISPLAY.srcs/sources_1/new/YAHTZEE.vhd:9]
Inferred a: "set_disable_timing -from I1 -to O sumador_inferredi_718"
Found timing loop:
     0: sumador_inferredi_719/O (LUT2)
      [C:/Users/gabri/OneDrive/Documentos/GitHub/G23SED/FPGA/GLOBAL_V1/ESTRUCTURAL_6 _2/DISPLAY.srcs/sources_1/imports/new/punt_total.vhd:52]
     1: sumador_inferredi_719/I1 (LUT2)
     2: sumador_inferredi_719/O (LUT2)
CRITICAL WARNING: [Synth 8-295] found timing loop. [C:/Users/gabri/OneDrive/Documentos/GitHub/G23SED/FPGA/GLOBAL_V1/ESTRUCTURAL_6 _2/DISPLAY.srcs/sources_1/new/YAHTZEE.vhd:9]
Inferred a: "set_disable_timing -from I1 -to O sumador_inferredi_719"
Found timing loop:
     0: sumador_inferredi_1072/O (LUT2)
      [C:/Users/gabri/OneDrive/Documentos/GitHub/G23SED/FPGA/GLOBAL_V1/ESTRUCTURAL_6 _2/DISPLAY.srcs/sources_1/imports/new/punt_total.vhd:52]
     1: sumador_inferredi_1072/I1 (LUT2)
     2: sumador_inferredi_1072/O (LUT2)
CRITICAL WARNING: [Synth 8-295] found timing loop. [C:/Users/gabri/OneDrive/Documentos/GitHub/G23SED/FPGA/GLOBAL_V1/ESTRUCTURAL_6 _2/DISPLAY.srcs/sources_1/new/YAHTZEE.vhd:9]
Inferred a: "set_disable_timing -from I1 -to O sumador_inferredi_1072"
Found timing loop:
     0: sumador_inferredi_1073/O (LUT2)
      [C:/Users/gabri/OneDrive/Documentos/GitHub/G23SED/FPGA/GLOBAL_V1/ESTRUCTURAL_6 _2/DISPLAY.srcs/sources_1/imports/new/punt_total.vhd:52]
     1: sumador_inferredi_1073/I1 (LUT2)
     2: sumador_inferredi_1073/O (LUT2)
CRITICAL WARNING: [Synth 8-295] found timing loop. [C:/Users/gabri/OneDrive/Documentos/GitHub/G23SED/FPGA/GLOBAL_V1/ESTRUCTURAL_6 _2/DISPLAY.srcs/sources_1/new/YAHTZEE.vhd:9]
Inferred a: "set_disable_timing -from I1 -to O sumador_inferredi_1073"
Found timing loop:
     0: sumador_inferredi_1074/O (LUT2)
      [C:/Users/gabri/OneDrive/Documentos/GitHub/G23SED/FPGA/GLOBAL_V1/ESTRUCTURAL_6 _2/DISPLAY.srcs/sources_1/imports/new/punt_total.vhd:52]
     1: sumador_inferredi_1074/I1 (LUT2)
     2: sumador_inferredi_1074/O (LUT2)
CRITICAL WARNING: [Synth 8-295] found timing loop. [C:/Users/gabri/OneDrive/Documentos/GitHub/G23SED/FPGA/GLOBAL_V1/ESTRUCTURAL_6 _2/DISPLAY.srcs/sources_1/new/YAHTZEE.vhd:9]
Inferred a: "set_disable_timing -from I1 -to O sumador_inferredi_1074"
Found timing loop:
     0: sumador_inferredi_1075/O (LUT2)
      [C:/Users/gabri/OneDrive/Documentos/GitHub/G23SED/FPGA/GLOBAL_V1/ESTRUCTURAL_6 _2/DISPLAY.srcs/sources_1/imports/new/punt_total.vhd:52]
     1: sumador_inferredi_1075/I1 (LUT2)
     2: sumador_inferredi_1075/O (LUT2)
CRITICAL WARNING: [Synth 8-295] found timing loop. [C:/Users/gabri/OneDrive/Documentos/GitHub/G23SED/FPGA/GLOBAL_V1/ESTRUCTURAL_6 _2/DISPLAY.srcs/sources_1/new/YAHTZEE.vhd:9]
Inferred a: "set_disable_timing -from I1 -to O sumador_inferredi_1075"
Found timing loop:
     0: sumador_inferredi_1076/O (LUT2)
      [C:/Users/gabri/OneDrive/Documentos/GitHub/G23SED/FPGA/GLOBAL_V1/ESTRUCTURAL_6 _2/DISPLAY.srcs/sources_1/imports/new/punt_total.vhd:52]
     1: sumador_inferredi_1076/I1 (LUT2)
     2: sumador_inferredi_1076/O (LUT2)
CRITICAL WARNING: [Synth 8-295] found timing loop. [C:/Users/gabri/OneDrive/Documentos/GitHub/G23SED/FPGA/GLOBAL_V1/ESTRUCTURAL_6 _2/DISPLAY.srcs/sources_1/new/YAHTZEE.vhd:9]
Inferred a: "set_disable_timing -from I1 -to O sumador_inferredi_1076"
Found timing loop:
     0: sumador_inferredi_1077/O (LUT2)
      [C:/Users/gabri/OneDrive/Documentos/GitHub/G23SED/FPGA/GLOBAL_V1/ESTRUCTURAL_6 _2/DISPLAY.srcs/sources_1/imports/new/punt_total.vhd:52]
     1: sumador_inferredi_1077/I1 (LUT2)
     2: sumador_inferredi_1077/O (LUT2)
CRITICAL WARNING: [Synth 8-295] found timing loop. [C:/Users/gabri/OneDrive/Documentos/GitHub/G23SED/FPGA/GLOBAL_V1/ESTRUCTURAL_6 _2/DISPLAY.srcs/sources_1/new/YAHTZEE.vhd:9]
Inferred a: "set_disable_timing -from I1 -to O sumador_inferredi_1077"
Found timing loop:
     0: sumador_inferredi_1078/O (LUT2)
      [C:/Users/gabri/OneDrive/Documentos/GitHub/G23SED/FPGA/GLOBAL_V1/ESTRUCTURAL_6 _2/DISPLAY.srcs/sources_1/imports/new/punt_total.vhd:52]
     1: sumador_inferredi_1078/I1 (LUT2)
     2: sumador_inferredi_1078/O (LUT2)
CRITICAL WARNING: [Synth 8-295] found timing loop. [C:/Users/gabri/OneDrive/Documentos/GitHub/G23SED/FPGA/GLOBAL_V1/ESTRUCTURAL_6 _2/DISPLAY.srcs/sources_1/new/YAHTZEE.vhd:9]
Inferred a: "set_disable_timing -from I1 -to O sumador_inferredi_1078"
---------------------------------------------------------------------------------
Finished Technology Mapping : Time (s): cpu = 00:01:19 ; elapsed = 00:01:23 . Memory (MB): peak = 1614.492 ; gain = 652.340
---------------------------------------------------------------------------------
---------------------------------------------------------------------------------
Start IO Insertion
---------------------------------------------------------------------------------
---------------------------------------------------------------------------------
Start Flattening Before IO Insertion
---------------------------------------------------------------------------------
---------------------------------------------------------------------------------
Finished Flattening Before IO Insertion
---------------------------------------------------------------------------------
---------------------------------------------------------------------------------
Start Final Netlist Cleanup
---------------------------------------------------------------------------------
---------------------------------------------------------------------------------
Finished Final Netlist Cleanup
---------------------------------------------------------------------------------
---------------------------------------------------------------------------------
Finished IO Insertion : Time (s): cpu = 00:01:27 ; elapsed = 00:01:32 . Memory (MB): peak = 1629.305 ; gain = 667.152
---------------------------------------------------------------------------------
---------------------------------------------------------------------------------
Start Renaming Generated Instances
---------------------------------------------------------------------------------
---------------------------------------------------------------------------------
Finished Renaming Generated Instances : Time (s): cpu = 00:01:27 ; elapsed = 00:01:32 . Memory (MB): peak = 1629.305 ; gain = 667.152
---------------------------------------------------------------------------------
CRITICAL WARNING: [Synth 8-6859] multi-driven net on pin puntuaciones1/instancia_punt_total/sumador[9] with 1st driver pin 'salida_reg[9]_i_1/O' [C:/Users/gabri/OneDrive/Documentos/GitHub/G23SED/FPGA/GLOBAL_V1/ESTRUCTURAL_6 _2/DISPLAY.srcs/sources_1/imports/new/punt_total.vhd:52]
CRITICAL WARNING: [Synth 8-6859] multi-driven net on pin puntuaciones1/instancia_punt_total/sumador[9] with 2nd driver pin 'puntuaciones1/instancia_punt_total/sumador_reg[9]/Q' [C:/Users/gabri/OneDrive/Documentos/GitHub/G23SED/FPGA/GLOBAL_V1/ESTRUCTURAL_6 _2/DISPLAY.srcs/sources_1/imports/new/punt_total.vhd:53]
CRITICAL WARNING: [Synth 8-6859] multi-driven net on pin puntuaciones1/instancia_punt_total/sumador[8] with 1st driver pin 'salida_reg[8]_i_1/O' [C:/Users/gabri/OneDrive/Documentos/GitHub/G23SED/FPGA/GLOBAL_V1/ESTRUCTURAL_6 _2/DISPLAY.srcs/sources_1/imports/new/punt_total.vhd:52]
CRITICAL WARNING: [Synth 8-6859] multi-driven net on pin puntuaciones1/instancia_punt_total/sumador[8] with 2nd driver pin 'puntuaciones1/instancia_punt_total/sumador_reg[8]/Q' [C:/Users/gabri/OneDrive/Documentos/GitHub/G23SED/FPGA/GLOBAL_V1/ESTRUCTURAL_6 _2/DISPLAY.srcs/sources_1/imports/new/punt_total.vhd:53]
CRITICAL WARNING: [Synth 8-6859] multi-driven net on pin puntuaciones1/instancia_punt_total/sumador[7] with 1st driver pin 'salida_reg[7]_i_1/O' [C:/Users/gabri/OneDrive/Documentos/GitHub/G23SED/FPGA/GLOBAL_V1/ESTRUCTURAL_6 _2/DISPLAY.srcs/sources_1/imports/new/punt_total.vhd:52]
CRITICAL WARNING: [Synth 8-6859] multi-driven net on pin puntuaciones1/instancia_punt_total/sumador[7] with 2nd driver pin 'puntuaciones1/instancia_punt_total/sumador_reg[7]/Q' [C:/Users/gabri/OneDrive/Documentos/GitHub/G23SED/FPGA/GLOBAL_V1/ESTRUCTURAL_6 _2/DISPLAY.srcs/sources_1/imports/new/punt_total.vhd:53]
CRITICAL WARNING: [Synth 8-6859] multi-driven net on pin puntuaciones1/instancia_punt_total/sumador[6] with 1st driver pin 'salida_reg[6]_i_1/O' [C:/Users/gabri/OneDrive/Documentos/GitHub/G23SED/FPGA/GLOBAL_V1/ESTRUCTURAL_6 _2/DISPLAY.srcs/sources_1/imports/new/punt_total.vhd:52]
CRITICAL WARNING: [Synth 8-6859] multi-driven net on pin puntuaciones1/instancia_punt_total/sumador[6] with 2nd driver pin 'puntuaciones1/instancia_punt_total/sumador_reg[6]/Q' [C:/Users/gabri/OneDrive/Documentos/GitHub/G23SED/FPGA/GLOBAL_V1/ESTRUCTURAL_6 _2/DISPLAY.srcs/sources_1/imports/new/punt_total.vhd:53]
CRITICAL WARNING: [Synth 8-6859] multi-driven net on pin puntuaciones1/instancia_punt_total/sumador[5] with 1st driver pin 'salida_reg[5]_i_1/O' [C:/Users/gabri/OneDrive/Documentos/GitHub/G23SED/FPGA/GLOBAL_V1/ESTRUCTURAL_6 _2/DISPLAY.srcs/sources_1/imports/new/punt_total.vhd:52]
CRITICAL WARNING: [Synth 8-6859] multi-driven net on pin puntuaciones1/instancia_punt_total/sumador[5] with 2nd driver pin 'puntuaciones1/instancia_punt_total/sumador_reg[5]/Q' [C:/Users/gabri/OneDrive/Documentos/GitHub/G23SED/FPGA/GLOBAL_V1/ESTRUCTURAL_6 _2/DISPLAY.srcs/sources_1/imports/new/punt_total.vhd:53]
CRITICAL WARNING: [Synth 8-6859] multi-driven net on pin puntuaciones1/instancia_punt_total/sumador[4] with 1st driver pin 'salida_reg[4]_i_1/O' [C:/Users/gabri/OneDrive/Documentos/GitHub/G23SED/FPGA/GLOBAL_V1/ESTRUCTURAL_6 _2/DISPLAY.srcs/sources_1/imports/new/punt_total.vhd:52]
CRITICAL WARNING: [Synth 8-6859] multi-driven net on pin puntuaciones1/instancia_punt_total/sumador[4] with 2nd driver pin 'puntuaciones1/instancia_punt_total/sumador_reg[4]/Q' [C:/Users/gabri/OneDrive/Documentos/GitHub/G23SED/FPGA/GLOBAL_V1/ESTRUCTURAL_6 _2/DISPLAY.srcs/sources_1/imports/new/punt_total.vhd:53]
CRITICAL WARNING: [Synth 8-6859] multi-driven net on pin puntuaciones1/instancia_punt_total/sumador[3] with 1st driver pin 'salida_reg[3]_i_1/O' [C:/Users/gabri/OneDrive/Documentos/GitHub/G23SED/FPGA/GLOBAL_V1/ESTRUCTURAL_6 _2/DISPLAY.srcs/sources_1/imports/new/punt_total.vhd:52]
CRITICAL WARNING: [Synth 8-6859] multi-driven net on pin puntuaciones1/instancia_punt_total/sumador[3] with 2nd driver pin 'puntuaciones1/instancia_punt_total/sumador_reg[3]/Q' [C:/Users/gabri/OneDrive/Documentos/GitHub/G23SED/FPGA/GLOBAL_V1/ESTRUCTURAL_6 _2/DISPLAY.srcs/sources_1/imports/new/punt_total.vhd:53]
CRITICAL WARNING: [Synth 8-6859] multi-driven net on pin puntuaciones1/instancia_punt_total/sumador[2] with 1st driver pin 'salida_reg[2]_i_1/O' [C:/Users/gabri/OneDrive/Documentos/GitHub/G23SED/FPGA/GLOBAL_V1/ESTRUCTURAL_6 _2/DISPLAY.srcs/sources_1/imports/new/punt_total.vhd:52]
CRITICAL WARNING: [Synth 8-6859] multi-driven net on pin puntuaciones1/instancia_punt_total/sumador[2] with 2nd driver pin 'puntuaciones1/instancia_punt_total/sumador_reg[2]/Q' [C:/Users/gabri/OneDrive/Documentos/GitHub/G23SED/FPGA/GLOBAL_V1/ESTRUCTURAL_6 _2/DISPLAY.srcs/sources_1/imports/new/punt_total.vhd:53]
CRITICAL WARNING: [Synth 8-6859] multi-driven net on pin puntuaciones1/instancia_punt_total/sumador[1] with 1st driver pin 'salida_reg[1]_i_1/O' [C:/Users/gabri/OneDrive/Documentos/GitHub/G23SED/FPGA/GLOBAL_V1/ESTRUCTURAL_6 _2/DISPLAY.srcs/sources_1/imports/new/punt_total.vhd:52]
CRITICAL WARNING: [Synth 8-6859] multi-driven net on pin puntuaciones1/instancia_punt_total/sumador[1] with 2nd driver pin 'puntuaciones1/instancia_punt_total/sumador_reg[1]/Q' [C:/Users/gabri/OneDrive/Documentos/GitHub/G23SED/FPGA/GLOBAL_V1/ESTRUCTURAL_6 _2/DISPLAY.srcs/sources_1/imports/new/punt_total.vhd:53]
CRITICAL WARNING: [Synth 8-6859] multi-driven net on pin puntuaciones1/instancia_punt_total/sumador[0] with 1st driver pin 'salida_reg[0]_i_1/O' [C:/Users/gabri/OneDrive/Documentos/GitHub/G23SED/FPGA/GLOBAL_V1/ESTRUCTURAL_6 _2/DISPLAY.srcs/sources_1/imports/new/punt_total.vhd:52]
CRITICAL WARNING: [Synth 8-6859] multi-driven net on pin puntuaciones1/instancia_punt_total/sumador[0] with 2nd driver pin 'puntuaciones1/instancia_punt_total/sumador_reg[0]/Q' [C:/Users/gabri/OneDrive/Documentos/GitHub/G23SED/FPGA/GLOBAL_V1/ESTRUCTURAL_6 _2/DISPLAY.srcs/sources_1/imports/new/punt_total.vhd:53]
CRITICAL WARNING: [Synth 8-6859] multi-driven net on pin puntuaciones2/instancia_punt_total/sumador[9] with 1st driver pin 'salida_reg[9]_i_1__0/O' [C:/Users/gabri/OneDrive/Documentos/GitHub/G23SED/FPGA/GLOBAL_V1/ESTRUCTURAL_6 _2/DISPLAY.srcs/sources_1/imports/new/punt_total.vhd:52]
CRITICAL WARNING: [Synth 8-6859] multi-driven net on pin puntuaciones2/instancia_punt_total/sumador[9] with 2nd driver pin 'puntuaciones2/instancia_punt_total/sumador_reg[9]/Q' [C:/Users/gabri/OneDrive/Documentos/GitHub/G23SED/FPGA/GLOBAL_V1/ESTRUCTURAL_6 _2/DISPLAY.srcs/sources_1/imports/new/punt_total.vhd:53]
CRITICAL WARNING: [Synth 8-6859] multi-driven net on pin puntuaciones2/instancia_punt_total/sumador[8] with 1st driver pin 'salida_reg[8]_i_1__0/O' [C:/Users/gabri/OneDrive/Documentos/GitHub/G23SED/FPGA/GLOBAL_V1/ESTRUCTURAL_6 _2/DISPLAY.srcs/sources_1/imports/new/punt_total.vhd:52]
CRITICAL WARNING: [Synth 8-6859] multi-driven net on pin puntuaciones2/instancia_punt_total/sumador[8] with 2nd driver pin 'puntuaciones2/instancia_punt_total/sumador_reg[8]/Q' [C:/Users/gabri/OneDrive/Documentos/GitHub/G23SED/FPGA/GLOBAL_V1/ESTRUCTURAL_6 _2/DISPLAY.srcs/sources_1/imports/new/punt_total.vhd:53]
CRITICAL WARNING: [Synth 8-6859] multi-driven net on pin puntuaciones2/instancia_punt_total/sumador[7] with 1st driver pin 'salida_reg[7]_i_1__0/O' [C:/Users/gabri/OneDrive/Documentos/GitHub/G23SED/FPGA/GLOBAL_V1/ESTRUCTURAL_6 _2/DISPLAY.srcs/sources_1/imports/new/punt_total.vhd:52]
CRITICAL WARNING: [Synth 8-6859] multi-driven net on pin puntuaciones2/instancia_punt_total/sumador[7] with 2nd driver pin 'puntuaciones2/instancia_punt_total/sumador_reg[7]/Q' [C:/Users/gabri/OneDrive/Documentos/GitHub/G23SED/FPGA/GLOBAL_V1/ESTRUCTURAL_6 _2/DISPLAY.srcs/sources_1/imports/new/punt_total.vhd:53]
CRITICAL WARNING: [Synth 8-6859] multi-driven net on pin puntuaciones2/instancia_punt_total/sumador[6] with 1st driver pin 'salida_reg[6]_i_1__0/O' [C:/Users/gabri/OneDrive/Documentos/GitHub/G23SED/FPGA/GLOBAL_V1/ESTRUCTURAL_6 _2/DISPLAY.srcs/sources_1/imports/new/punt_total.vhd:52]
CRITICAL WARNING: [Synth 8-6859] multi-driven net on pin puntuaciones2/instancia_punt_total/sumador[6] with 2nd driver pin 'puntuaciones2/instancia_punt_total/sumador_reg[6]/Q' [C:/Users/gabri/OneDrive/Documentos/GitHub/G23SED/FPGA/GLOBAL_V1/ESTRUCTURAL_6 _2/DISPLAY.srcs/sources_1/imports/new/punt_total.vhd:53]
CRITICAL WARNING: [Synth 8-6859] multi-driven net on pin puntuaciones2/instancia_punt_total/sumador[5] with 1st driver pin 'salida_reg[5]_i_1__0/O' [C:/Users/gabri/OneDrive/Documentos/GitHub/G23SED/FPGA/GLOBAL_V1/ESTRUCTURAL_6 _2/DISPLAY.srcs/sources_1/imports/new/punt_total.vhd:52]
CRITICAL WARNING: [Synth 8-6859] multi-driven net on pin puntuaciones2/instancia_punt_total/sumador[5] with 2nd driver pin 'puntuaciones2/instancia_punt_total/sumador_reg[5]/Q' [C:/Users/gabri/OneDrive/Documentos/GitHub/G23SED/FPGA/GLOBAL_V1/ESTRUCTURAL_6 _2/DISPLAY.srcs/sources_1/imports/new/punt_total.vhd:53]
CRITICAL WARNING: [Synth 8-6859] multi-driven net on pin puntuaciones2/instancia_punt_total/sumador[4] with 1st driver pin 'salida_reg[4]_i_1__0/O' [C:/Users/gabri/OneDrive/Documentos/GitHub/G23SED/FPGA/GLOBAL_V1/ESTRUCTURAL_6 _2/DISPLAY.srcs/sources_1/imports/new/punt_total.vhd:52]
CRITICAL WARNING: [Synth 8-6859] multi-driven net on pin puntuaciones2/instancia_punt_total/sumador[4] with 2nd driver pin 'puntuaciones2/instancia_punt_total/sumador_reg[4]/Q' [C:/Users/gabri/OneDrive/Documentos/GitHub/G23SED/FPGA/GLOBAL_V1/ESTRUCTURAL_6 _2/DISPLAY.srcs/sources_1/imports/new/punt_total.vhd:53]
CRITICAL WARNING: [Synth 8-6859] multi-driven net on pin puntuaciones2/instancia_punt_total/sumador[3] with 1st driver pin 'salida_reg[3]_i_1__0/O' [C:/Users/gabri/OneDrive/Documentos/GitHub/G23SED/FPGA/GLOBAL_V1/ESTRUCTURAL_6 _2/DISPLAY.srcs/sources_1/imports/new/punt_total.vhd:52]
CRITICAL WARNING: [Synth 8-6859] multi-driven net on pin puntuaciones2/instancia_punt_total/sumador[3] with 2nd driver pin 'puntuaciones2/instancia_punt_total/sumador_reg[3]/Q' [C:/Users/gabri/OneDrive/Documentos/GitHub/G23SED/FPGA/GLOBAL_V1/ESTRUCTURAL_6 _2/DISPLAY.srcs/sources_1/imports/new/punt_total.vhd:53]
CRITICAL WARNING: [Synth 8-6859] multi-driven net on pin puntuaciones2/instancia_punt_total/sumador[2] with 1st driver pin 'salida_reg[2]_i_1__0/O' [C:/Users/gabri/OneDrive/Documentos/GitHub/G23SED/FPGA/GLOBAL_V1/ESTRUCTURAL_6 _2/DISPLAY.srcs/sources_1/imports/new/punt_total.vhd:52]
CRITICAL WARNING: [Synth 8-6859] multi-driven net on pin puntuaciones2/instancia_punt_total/sumador[2] with 2nd driver pin 'puntuaciones2/instancia_punt_total/sumador_reg[2]/Q' [C:/Users/gabri/OneDrive/Documentos/GitHub/G23SED/FPGA/GLOBAL_V1/ESTRUCTURAL_6 _2/DISPLAY.srcs/sources_1/imports/new/punt_total.vhd:53]
CRITICAL WARNING: [Synth 8-6859] multi-driven net on pin puntuaciones2/instancia_punt_total/sumador[1] with 1st driver pin 'salida_reg[1]_i_1__0/O' [C:/Users/gabri/OneDrive/Documentos/GitHub/G23SED/FPGA/GLOBAL_V1/ESTRUCTURAL_6 _2/DISPLAY.srcs/sources_1/imports/new/punt_total.vhd:52]
CRITICAL WARNING: [Synth 8-6859] multi-driven net on pin puntuaciones2/instancia_punt_total/sumador[1] with 2nd driver pin 'puntuaciones2/instancia_punt_total/sumador_reg[1]/Q' [C:/Users/gabri/OneDrive/Documentos/GitHub/G23SED/FPGA/GLOBAL_V1/ESTRUCTURAL_6 _2/DISPLAY.srcs/sources_1/imports/new/punt_total.vhd:53]
CRITICAL WARNING: [Synth 8-6859] multi-driven net on pin puntuaciones2/instancia_punt_total/sumador[0] with 1st driver pin 'salida_reg[0]_i_1__0/O' [C:/Users/gabri/OneDrive/Documentos/GitHub/G23SED/FPGA/GLOBAL_V1/ESTRUCTURAL_6 _2/DISPLAY.srcs/sources_1/imports/new/punt_total.vhd:52]
CRITICAL WARNING: [Synth 8-6859] multi-driven net on pin puntuaciones2/instancia_punt_total/sumador[0] with 2nd driver pin 'puntuaciones2/instancia_punt_total/sumador_reg[0]/Q' [C:/Users/gabri/OneDrive/Documentos/GitHub/G23SED/FPGA/GLOBAL_V1/ESTRUCTURAL_6 _2/DISPLAY.srcs/sources_1/imports/new/punt_total.vhd:53]

Report Check Netlist: 
+------+------------------+-------+---------+-------+------------------+
|      |Item              |Errors |Warnings |Status |Description       |
+------+------------------+-------+---------+-------+------------------+
|1     |multi_driven_nets |      0|       20|Failed |Multi driven nets |
+------+------------------+-------+---------+-------+------------------+
---------------------------------------------------------------------------------
Start Rebuilding User Hierarchy
---------------------------------------------------------------------------------
---------------------------------------------------------------------------------
Finished Rebuilding User Hierarchy : Time (s): cpu = 00:01:27 ; elapsed = 00:01:32 . Memory (MB): peak = 1629.305 ; gain = 667.152
---------------------------------------------------------------------------------
---------------------------------------------------------------------------------
Start Renaming Generated Ports
---------------------------------------------------------------------------------
---------------------------------------------------------------------------------
Finished Renaming Generated Ports : Time (s): cpu = 00:01:27 ; elapsed = 00:01:32 . Memory (MB): peak = 1629.305 ; gain = 667.152
---------------------------------------------------------------------------------
---------------------------------------------------------------------------------
Start Handling Custom Attributes
---------------------------------------------------------------------------------
---------------------------------------------------------------------------------
Finished Handling Custom Attributes : Time (s): cpu = 00:01:27 ; elapsed = 00:01:32 . Memory (MB): peak = 1629.305 ; gain = 667.152
---------------------------------------------------------------------------------
---------------------------------------------------------------------------------
Start Renaming Generated Nets
---------------------------------------------------------------------------------
---------------------------------------------------------------------------------
Finished Renaming Generated Nets : Time (s): cpu = 00:01:27 ; elapsed = 00:01:32 . Memory (MB): peak = 1629.305 ; gain = 667.152
---------------------------------------------------------------------------------
---------------------------------------------------------------------------------
Start ROM, RAM, DSP, Shift Register and Retiming Reporting
---------------------------------------------------------------------------------

Static Shift Register Report:
+------------+----------------------+--------+-------+--------------+--------------------+-------------------+--------+---------+
|Module Name | RTL Name             | Length | Width | Reset Signal | Pull out first Reg | Pull out last Reg | SRL16E | SRLC32E | 
+------------+----------------------+--------+-------+--------------+--------------------+-------------------+--------+---------+
|YAHTZEE     | up/U3/sreg_reg[0]    | 7      | 1     | NO           | YES                | YES               | 1      | 0       | 
|YAHTZEE     | down/U3/sreg_reg[0]  | 7      | 1     | NO           | YES                | YES               | 1      | 0       | 
|YAHTZEE     | enter/U3/sreg_reg[0] | 7      | 1     | NO           | YES                | YES               | 1      | 0       | 
+------------+----------------------+--------+-------+--------------+--------------------+-------------------+--------+---------+

---------------------------------------------------------------------------------
Finished ROM, RAM, DSP, Shift Register and Retiming Reporting
---------------------------------------------------------------------------------
---------------------------------------------------------------------------------
Start Writing Synthesis Report
---------------------------------------------------------------------------------

Report BlackBoxes: 
+-+--------------+----------+
| |BlackBox name |Instances |
+-+--------------+----------+
+-+--------------+----------+

Report Cell Usage: 
+------+-------+------+
|      |Cell   |Count |
+------+-------+------+
|1     |BUFG   |     5|
|2     |CARRY4 |   174|
|3     |LUT1   |    18|
|4     |LUT2   |   211|
|5     |LUT3   |   189|
|6     |LUT4   |   152|
|7     |LUT5   |   304|
|8     |LUT6   |   450|
|9     |MUXF7  |    47|
|10    |MUXF8  |    14|
|11    |SRL16E |     3|
|12    |FDCE   |    97|
|13    |FDPE   |    53|
|14    |FDRE   |   476|
|15    |LD     |    82|
|16    |LDC    |     1|
|17    |IBUF   |    10|
|18    |OBUF   |    31|
+------+-------+------+
---------------------------------------------------------------------------------
Finished Writing Synthesis Report : Time (s): cpu = 00:01:27 ; elapsed = 00:01:32 . Memory (MB): peak = 1629.305 ; gain = 667.152
---------------------------------------------------------------------------------
Synthesis finished with 0 errors, 60 critical warnings and 418 warnings.
Synthesis Optimization Runtime : Time (s): cpu = 00:01:11 ; elapsed = 00:01:27 . Memory (MB): peak = 1629.305 ; gain = 640.121
Synthesis Optimization Complete : Time (s): cpu = 00:01:27 ; elapsed = 00:01:32 . Memory (MB): peak = 1629.305 ; gain = 667.152
INFO: [Project 1-571] Translating synthesized netlist
Netlist sorting complete. Time (s): cpu = 00:00:00 ; elapsed = 00:00:00.051 . Memory (MB): peak = 1638.445 ; gain = 0.000
INFO: [Netlist 29-17] Analyzing 318 Unisim elements for replacement
INFO: [Netlist 29-28] Unisim Transformation completed in 0 CPU seconds
INFO: [Project 1-570] Preparing netlist for logic optimization
INFO: [Opt 31-138] Pushed 0 inverter(s) to 0 load pin(s).
Netlist sorting complete. Time (s): cpu = 00:00:00 ; elapsed = 00:00:00.001 . Memory (MB): peak = 1642.098 ; gain = 0.000
INFO: [Project 1-111] Unisim Transformation Summary:
  A total of 83 instances were transformed.
  LD => LDCE: 82 instances
  LDC => LDCE: 1 instance 

Synth Design complete | Checksum: f202e8b6
INFO: [Common 17-83] Releasing license: Synthesis
115 Infos, 149 Warnings, 60 Critical Warnings and 0 Errors encountered.
synth_design completed successfully
synth_design: Time (s): cpu = 00:01:36 ; elapsed = 00:01:42 . Memory (MB): peak = 1642.098 ; gain = 1095.934
INFO: [runtcl-6] Synthesis results are not added to the cache due to CRITICAL_WARNING
Write ShapeDB Complete: Time (s): cpu = 00:00:00 ; elapsed = 00:00:00.008 . Memory (MB): peak = 1642.098 ; gain = 0.000
INFO: [Common 17-1381] The checkpoint 'C:/Users/gabri/OneDrive/Documentos/GitHub/G23SED/FPGA/GLOBAL_V1/ESTRUCTURAL_6 _2/DISPLAY.runs/synth_1/YAHTZEE.dcp' has been generated.
INFO: [Vivado 12-24828] Executing command : report_utilization -file YAHTZEE_utilization_synth.rpt -pb YAHTZEE_utilization_synth.pb
INFO: [Common 17-206] Exiting Vivado at Fri Jan 24 16:48:05 2025...
