Copyright 1986-2022 Xilinx, Inc. All Rights Reserved. Copyright 2022-2024 Advanced Micro Devices, Inc. All Rights Reserved.
---------------------------------------------------------------------------------------------------------------------------------------------
| Tool Version : Vivado v.2024.1 (win64) Build 5076996 Wed May 22 18:37:14 MDT 2024
| Date         : Sat Dec  7 01:32:44 2024
| Host         : LAPTOP-I6E0CIJ5 running 64-bit major release  (build 9200)
| Command      : report_control_sets -verbose -file DISPLAY_PUNTOS_control_sets_placed.rpt
| Design       : DISPLAY_PUNTOS
| Device       : xc7a100t
---------------------------------------------------------------------------------------------------------------------------------------------

Control Set Information

Table of Contents
-----------------
1. Summary
2. Histogram
3. Flip-Flop Distribution
4. Detailed Control Set Information

1. Summary
----------

+----------------------------------------------------------+-------+
|                          Status                          | Count |
+----------------------------------------------------------+-------+
| Total control sets                                       |     4 |
|    Minimum number of control sets                        |     4 |
|    Addition due to synthesis replication                 |     0 |
|    Addition due to physical synthesis replication        |     0 |
| Unused register locations in slices containing registers |    13 |
+----------------------------------------------------------+-------+
* Control sets can be merged at opt_design using control_set_merge or merge_equivalent_drivers
** Run report_qor_suggestions for automated merging and remapping suggestions


2. Histogram
------------

+--------------------+-------+
|       Fanout       | Count |
+--------------------+-------+
| Total control sets |     4 |
| >= 0 to < 4        |     1 |
| >= 4 to < 6        |     0 |
| >= 6 to < 8        |     0 |
| >= 8 to < 10       |     0 |
| >= 10 to < 12      |     1 |
| >= 12 to < 14      |     0 |
| >= 14 to < 16      |     1 |
| >= 16              |     1 |
+--------------------+-------+
* Control sets can be remapped at either synth_design or opt_design


3. Flip-Flop Distribution
-------------------------

+--------------+-----------------------+------------------------+-----------------+--------------+
| Clock Enable | Synchronous Set/Reset | Asynchronous Set/Reset | Total Registers | Total Slices |
+--------------+-----------------------+------------------------+-----------------+--------------+
| No           | No                    | No                     |               1 |            1 |
| No           | No                    | Yes                    |              15 |            9 |
| No           | Yes                   | No                     |              24 |            6 |
| Yes          | No                    | No                     |              11 |            2 |
| Yes          | No                    | Yes                    |               0 |            0 |
| Yes          | Yes                   | No                     |               0 |            0 |
+--------------+-----------------------+------------------------+-----------------+--------------+


4. Detailed Control Set Information
-----------------------------------

+----------------+--------------------+---------------------+------------------+----------------+--------------+
|  Clock Signal  |    Enable Signal   |   Set/Reset Signal  | Slice Load Count | Bel Load Count | Bels / Slice |
+----------------+--------------------+---------------------+------------------+----------------+--------------+
|  CLK_IBUF_BUFG |                    |                     |                1 |              1 |         1.00 |
|  HZ1/CLK       | digisel[7]_i_1_n_0 |                     |                2 |             11 |         5.50 |
|  HZ1/CLK       |                    | digictrl[7]_i_2_n_0 |                9 |             15 |         1.67 |
|  CLK_IBUF_BUFG |                    | HZ1/CONTADOR0       |                6 |             24 |         4.00 |
+----------------+--------------------+---------------------+------------------+----------------+--------------+


