INFO: [VRFC 10-163] Analyzing VHDL file "C:/Users/gabri/OneDrive/Documentos/GitHub/G23SED/FPGA/GLOBAL_V1/punt_global/punt_global.srcs/sources_1/imports/new/conversion_datos.vhd" into library xil_defaultlib
INFO: [VRFC 10-163] Analyzing VHDL file "C:/Users/gabri/OneDrive/Documentos/GitHub/G23SED/FPGA/GLOBAL_V1/punt_global/punt_global.srcs/sources_1/imports/new/case_escaleras.vhd" into library xil_defaultlib
INFO: [VRFC 10-3107] analyzing entity 'case_escaleras'
INFO: [VRFC 10-163] Analyzing VHDL file "C:/Users/gabri/OneDrive/Documentos/GitHub/G23SED/FPGA/GLOBAL_V1/punt_global/punt_global.srcs/sources_1/imports/new/case_i_ns.vhd" into library xil_defaultlib
INFO: [VRFC 10-3107] analyzing entity 'case_i_ns'
INFO: [VRFC 10-163] Analyzing VHDL file "C:/Users/gabri/OneDrive/Documentos/GitHub/G23SED/FPGA/GLOBAL_V1/punt_global/punt_global.srcs/sources_1/imports/new/case_tcy.vhd" into library xil_defaultlib
INFO: [VRFC 10-3107] analyzing entity 'case_tcy'
INFO: [VRFC 10-163] Analyzing VHDL file "C:/Users/gabri/OneDrive/Documentos/GitHub/G23SED/FPGA/GLOBAL_V1/punt_global/punt_global.srcs/sources_1/new/caso_fullh.vhd" into library xil_defaultlib
INFO: [VRFC 10-3107] analyzing entity 'caso_fullh'
INFO: [VRFC 10-163] Analyzing VHDL file "C:/Users/gabri/OneDrive/Documentos/GitHub/G23SED/FPGA/GLOBAL_V1/punt_global/punt_global.srcs/sources_1/new/caso_magico.vhd" into library xil_defaultlib
INFO: [VRFC 10-3107] analyzing entity 'caso_magico'
INFO: [VRFC 10-163] Analyzing VHDL file "C:/Users/gabri/OneDrive/Documentos/GitHub/G23SED/FPGA/GLOBAL_V1/punt_global/punt_global.srcs/sources_1/new/caso_turnos.vhd" into library xil_defaultlib
INFO: [VRFC 10-3107] analyzing entity 'caso_turnos'
INFO: [VRFC 10-163] Analyzing VHDL file "C:/Users/gabri/OneDrive/Documentos/GitHub/G23SED/FPGA/GLOBAL_V1/punt_global/punt_global.srcs/sources_1/new/caso_yahtz.vhd" into library xil_defaultlib
INFO: [VRFC 10-3107] analyzing entity 'caso_yahtz'
INFO: [VRFC 10-163] Analyzing VHDL file "C:/Users/gabri/OneDrive/Documentos/GitHub/G23SED/FPGA/GLOBAL_V1/punt_global/punt_global.srcs/sources_1/new/demux.vhd" into library xil_defaultlib
INFO: [VRFC 10-3107] analyzing entity 'demux'
INFO: [VRFC 10-163] Analyzing VHDL file "C:/Users/gabri/OneDrive/Documentos/GitHub/G23SED/FPGA/GLOBAL_V1/punt_global/punt_global.srcs/sources_1/imports/new/punt_glob.vhd" into library xil_defaultlib
INFO: [VRFC 10-3107] analyzing entity 'punt_glob'
INFO: [VRFC 10-163] Analyzing VHDL file "C:/Users/gabri/OneDrive/Documentos/GitHub/G23SED/FPGA/GLOBAL_V1/punt_global/punt_global.srcs/sources_1/new/punt_total.vhd" into library xil_defaultlib
INFO: [VRFC 10-3107] analyzing entity 'punt_total'
INFO: [VRFC 10-163] Analyzing VHDL file "C:/Users/gabri/OneDrive/Documentos/GitHub/G23SED/FPGA/GLOBAL_V1/punt_global/punt_global.srcs/sim_1/new/punt_glob_tb.vhd" into library xil_defaultlib
INFO: [VRFC 10-3107] analyzing entity 'punt_glob_tb'
