
*** Running vivado
    with args -log YAHTZEE.vdi -applog -m64 -product Vivado -messageDb vivado.pb -mode batch -source YAHTZEE.tcl -notrace



****** Vivado v2024.1 (64-bit)
  **** SW Build 5076996 on Wed May 22 18:37:14 MDT 2024
  **** IP Build 5075265 on Wed May 22 21:45:21 MDT 2024
  **** SharedData Build 5076995 on Wed May 22 18:29:18 MDT 2024
  **** Start of session at: Wed Jan 15 18:40:16 2025
    ** Copyright 1986-2022 Xilinx, Inc. All Rights Reserved.
    ** Copyright 2022-2024 Advanced Micro Devices, Inc. All Rights Reserved.

source YAHTZEE.tcl -notrace
create_project: Time (s): cpu = 00:00:11 ; elapsed = 00:00:12 . Memory (MB): peak = 523.883 ; gain = 237.148
Command: link_design -top YAHTZEE -part xc7a100tcsg324-1
Design is defaulting to srcset: sources_1
Design is defaulting to constrset: constrs_1
INFO: [Device 21-403] Loading part xc7a100tcsg324-1
INFO: [Device 21-9227] Part: xc7a100tcsg324-1 does not have CEAM library.
Netlist sorting complete. Time (s): cpu = 00:00:00 ; elapsed = 00:00:00.021 . Memory (MB): peak = 943.336 ; gain = 0.000
INFO: [Netlist 29-17] Analyzing 147 Unisim elements for replacement
INFO: [Netlist 29-28] Unisim Transformation completed in 0 CPU seconds
INFO: [Project 1-479] Netlist was created with Vivado 2024.1
INFO: [Project 1-570] Preparing netlist for logic optimization
Parsing XDC File [C:/Users/usuario/Github/G23SED/FPGA/GLOBAL_V1/ESTRUCTURAL_1_1/DISPLAY.srcs/constrs_1/imports/digilent-xdc-master/Nexys-4-DDR-Master.xdc]
Finished Parsing XDC File [C:/Users/usuario/Github/G23SED/FPGA/GLOBAL_V1/ESTRUCTURAL_1_1/DISPLAY.srcs/constrs_1/imports/digilent-xdc-master/Nexys-4-DDR-Master.xdc]
INFO: [Opt 31-138] Pushed 0 inverter(s) to 0 load pin(s).
Netlist sorting complete. Time (s): cpu = 00:00:00 ; elapsed = 00:00:00.001 . Memory (MB): peak = 1077.285 ; gain = 0.000
INFO: [Project 1-111] Unisim Transformation Summary:
No Unisim elements were transformed.

8 Infos, 0 Warnings, 0 Critical Warnings and 0 Errors encountered.
link_design completed successfully
link_design: Time (s): cpu = 00:00:07 ; elapsed = 00:00:08 . Memory (MB): peak = 1081.344 ; gain = 557.461
Command: opt_design
Attempting to get a license for feature 'Implementation' and/or device 'xc7a100t'
INFO: [Common 17-349] Got license for feature 'Implementation' and/or device 'xc7a100t'
Running DRC as a precondition to command opt_design

Starting DRC Task
INFO: [DRC 23-27] Running DRC with 2 threads
INFO: [Project 1-461] DRC finished with 0 Errors
INFO: [Project 1-462] Please refer to the DRC report (report_drc) for more information.

Time (s): cpu = 00:00:02 ; elapsed = 00:00:01 . Memory (MB): peak = 1106.629 ; gain = 25.285

Starting Cache Timing Information Task
INFO: [Timing 38-35] Done setting XDC timing constraints.
Ending Cache Timing Information Task | Checksum: 29aef1629

Time (s): cpu = 00:00:09 ; elapsed = 00:00:09 . Memory (MB): peak = 1659.801 ; gain = 553.172

Starting Logic Optimization Task

Phase 1 Initialization

Phase 1.1 Core Generation And Design Setup
Phase 1.1 Core Generation And Design Setup | Checksum: 29aef1629

Time (s): cpu = 00:00:00 ; elapsed = 00:00:00.002 . Memory (MB): peak = 2036.867 ; gain = 0.000

Phase 1.2 Setup Constraints And Sort Netlist
Phase 1.2 Setup Constraints And Sort Netlist | Checksum: 29aef1629

Time (s): cpu = 00:00:00 ; elapsed = 00:00:00.005 . Memory (MB): peak = 2036.867 ; gain = 0.000
Phase 1 Initialization | Checksum: 29aef1629

Time (s): cpu = 00:00:00 ; elapsed = 00:00:00.006 . Memory (MB): peak = 2036.867 ; gain = 0.000

Phase 2 Timer Update And Timing Data Collection

Phase 2.1 Timer Update
Phase 2.1 Timer Update | Checksum: 29aef1629

Time (s): cpu = 00:00:00 ; elapsed = 00:00:00.062 . Memory (MB): peak = 2036.867 ; gain = 0.000

Phase 2.2 Timing Data Collection
Phase 2.2 Timing Data Collection | Checksum: 29aef1629

Time (s): cpu = 00:00:00 ; elapsed = 00:00:00.092 . Memory (MB): peak = 2036.867 ; gain = 0.000
Phase 2 Timer Update And Timing Data Collection | Checksum: 29aef1629

Time (s): cpu = 00:00:00 ; elapsed = 00:00:00.093 . Memory (MB): peak = 2036.867 ; gain = 0.000

Phase 3 Retarget
INFO: [Opt 31-1834] Total Chains To Be Transformed Were: 0 AND Number of Transformed insts Created are: 0
INFO: [Opt 31-1566] Pulled 1 inverters resulting in an inversion of 17 pins
INFO: [Opt 31-138] Pushed 0 inverter(s) to 0 load pin(s).
INFO: [Opt 31-49] Retargeted 0 cell(s).
Phase 3 Retarget | Checksum: 2fe05d157

Time (s): cpu = 00:00:00 ; elapsed = 00:00:00.158 . Memory (MB): peak = 2036.867 ; gain = 0.000
Retarget | Checksum: 2fe05d157
INFO: [Opt 31-389] Phase Retarget created 0 cells and removed 1 cells

Phase 4 Constant propagation
INFO: [Opt 31-138] Pushed 0 inverter(s) to 0 load pin(s).
Phase 4 Constant propagation | Checksum: 31b9ef154

Time (s): cpu = 00:00:00 ; elapsed = 00:00:00.176 . Memory (MB): peak = 2036.867 ; gain = 0.000
Constant propagation | Checksum: 31b9ef154
INFO: [Opt 31-389] Phase Constant propagation created 0 cells and removed 0 cells

Phase 5 Sweep
Phase 5 Sweep | Checksum: 326e0865e

Time (s): cpu = 00:00:01 ; elapsed = 00:00:00.197 . Memory (MB): peak = 2036.867 ; gain = 0.000
Sweep | Checksum: 326e0865e
INFO: [Opt 31-389] Phase Sweep created 0 cells and removed 0 cells

Phase 6 BUFG optimization
Phase 6 BUFG optimization | Checksum: 326e0865e

Time (s): cpu = 00:00:01 ; elapsed = 00:00:00.259 . Memory (MB): peak = 2036.867 ; gain = 0.000
BUFG optimization | Checksum: 326e0865e
INFO: [Opt 31-662] Phase BUFG optimization created 0 cells of which 0 are BUFGs and removed 0 cells.

Phase 7 Shift Register Optimization
INFO: [Opt 31-1064] SRL Remap converted 0 SRLs to 0 registers and converted 0 registers of register chains to 0 SRLs
Phase 7 Shift Register Optimization | Checksum: 326e0865e

Time (s): cpu = 00:00:01 ; elapsed = 00:00:00.265 . Memory (MB): peak = 2036.867 ; gain = 0.000
Shift Register Optimization | Checksum: 326e0865e
INFO: [Opt 31-389] Phase Shift Register Optimization created 0 cells and removed 0 cells

Phase 8 Post Processing Netlist
Phase 8 Post Processing Netlist | Checksum: 326e0865e

Time (s): cpu = 00:00:01 ; elapsed = 00:00:00.276 . Memory (MB): peak = 2036.867 ; gain = 0.000
Post Processing Netlist | Checksum: 326e0865e
INFO: [Opt 31-389] Phase Post Processing Netlist created 0 cells and removed 0 cells

Phase 9 Finalization

Phase 9.1 Finalizing Design Cores and Updating Shapes
Phase 9.1 Finalizing Design Cores and Updating Shapes | Checksum: 2c163ee8a

Time (s): cpu = 00:00:01 ; elapsed = 00:00:00.332 . Memory (MB): peak = 2036.867 ; gain = 0.000

Phase 9.2 Verifying Netlist Connectivity

Starting Connectivity Check Task

Time (s): cpu = 00:00:00 ; elapsed = 00:00:00.008 . Memory (MB): peak = 2036.867 ; gain = 0.000
Phase 9.2 Verifying Netlist Connectivity | Checksum: 2c163ee8a

Time (s): cpu = 00:00:01 ; elapsed = 00:00:00.340 . Memory (MB): peak = 2036.867 ; gain = 0.000
Phase 9 Finalization | Checksum: 2c163ee8a

Time (s): cpu = 00:00:01 ; elapsed = 00:00:00.341 . Memory (MB): peak = 2036.867 ; gain = 0.000
Opt_design Change Summary
=========================


-------------------------------------------------------------------------------------------------------------------------
|  Phase                        |  #Cells created  |  #Cells Removed  |  #Constrained objects preventing optimizations  |
-------------------------------------------------------------------------------------------------------------------------
|  Retarget                     |               0  |               1  |                                              0  |
|  Constant propagation         |               0  |               0  |                                              0  |
|  Sweep                        |               0  |               0  |                                              0  |
|  BUFG optimization            |               0  |               0  |                                              0  |
|  Shift Register Optimization  |               0  |               0  |                                              0  |
|  Post Processing Netlist      |               0  |               0  |                                              0  |
-------------------------------------------------------------------------------------------------------------------------


Ending Logic Optimization Task | Checksum: 2c163ee8a

Time (s): cpu = 00:00:01 ; elapsed = 00:00:00.343 . Memory (MB): peak = 2036.867 ; gain = 0.000

Starting Power Optimization Task
INFO: [Pwropt 34-132] Skipping clock gating for clocks with a period < 2.00 ns.
Ending Power Optimization Task | Checksum: 2c163ee8a

Time (s): cpu = 00:00:00 ; elapsed = 00:00:00.026 . Memory (MB): peak = 2036.867 ; gain = 0.000

Starting Final Cleanup Task
Ending Final Cleanup Task | Checksum: 2c163ee8a

Time (s): cpu = 00:00:00 ; elapsed = 00:00:00 . Memory (MB): peak = 2036.867 ; gain = 0.000

Starting Netlist Obfuscation Task
Netlist sorting complete. Time (s): cpu = 00:00:00 ; elapsed = 00:00:00.001 . Memory (MB): peak = 2036.867 ; gain = 0.000
Ending Netlist Obfuscation Task | Checksum: 2c163ee8a

Time (s): cpu = 00:00:00 ; elapsed = 00:00:00.001 . Memory (MB): peak = 2036.867 ; gain = 0.000
INFO: [Common 17-83] Releasing license: Implementation
27 Infos, 0 Warnings, 0 Critical Warnings and 0 Errors encountered.
opt_design completed successfully
opt_design: Time (s): cpu = 00:00:16 ; elapsed = 00:00:15 . Memory (MB): peak = 2036.867 ; gain = 955.523
INFO: [Vivado 12-24828] Executing command : report_drc -file YAHTZEE_drc_opted.rpt -pb YAHTZEE_drc_opted.pb -rpx YAHTZEE_drc_opted.rpx
Command: report_drc -file YAHTZEE_drc_opted.rpt -pb YAHTZEE_drc_opted.pb -rpx YAHTZEE_drc_opted.rpx
INFO: [IP_Flow 19-234] Refreshing IP repositories
INFO: [IP_Flow 19-1704] No user IP repositories specified
INFO: [IP_Flow 19-2313] Loaded Vivado IP repository 'C:/Xilinx/Vivado/2024.1/data/ip'.
INFO: [DRC 23-27] Running DRC with 2 threads
INFO: [Vivado_Tcl 2-168] The results of DRC are in file C:/Users/usuario/Github/G23SED/FPGA/GLOBAL_V1/ESTRUCTURAL_1_1/DISPLAY.runs/impl_1/YAHTZEE_drc_opted.rpt.
report_drc completed successfully
INFO: [Timing 38-480] Writing timing data to binary archive.
Write ShapeDB Complete: Time (s): cpu = 00:00:00 ; elapsed = 00:00:00.010 . Memory (MB): peak = 2036.867 ; gain = 0.000
Wrote PlaceDB: Time (s): cpu = 00:00:00 ; elapsed = 00:00:00.006 . Memory (MB): peak = 2036.867 ; gain = 0.000
Wrote PulsedLatchDB: Time (s): cpu = 00:00:00 ; elapsed = 00:00:00 . Memory (MB): peak = 2036.867 ; gain = 0.000
Writing XDEF routing.
Writing XDEF routing logical nets.
Writing XDEF routing special nets.
Wrote RouteStorage: Time (s): cpu = 00:00:00 ; elapsed = 00:00:00.097 . Memory (MB): peak = 2036.867 ; gain = 0.000
Wrote Netlist Cache: Time (s): cpu = 00:00:00 ; elapsed = 00:00:00 . Memory (MB): peak = 2036.867 ; gain = 0.000
Wrote Device Cache: Time (s): cpu = 00:00:00 ; elapsed = 00:00:00.012 . Memory (MB): peak = 2036.867 ; gain = 0.000
Write Physdb Complete: Time (s): cpu = 00:00:00 ; elapsed = 00:00:00.127 . Memory (MB): peak = 2036.867 ; gain = 0.000
INFO: [Common 17-1381] The checkpoint 'C:/Users/usuario/Github/G23SED/FPGA/GLOBAL_V1/ESTRUCTURAL_1_1/DISPLAY.runs/impl_1/YAHTZEE_opt.dcp' has been generated.
Command: place_design
Attempting to get a license for feature 'Implementation' and/or device 'xc7a100t'
INFO: [Common 17-349] Got license for feature 'Implementation' and/or device 'xc7a100t'
INFO: [Common 17-83] Releasing license: Implementation
INFO: [DRC 23-27] Running DRC with 2 threads
INFO: [Vivado_Tcl 4-198] DRC finished with 0 Errors
INFO: [Vivado_Tcl 4-199] Please refer to the DRC report (report_drc) for more information.
Running DRC as a precondition to command place_design
INFO: [DRC 23-27] Running DRC with 2 threads
INFO: [Vivado_Tcl 4-198] DRC finished with 0 Errors
INFO: [Vivado_Tcl 4-199] Please refer to the DRC report (report_drc) for more information.
INFO: [Place 30-611] Multithreading enabled for place_design using a maximum of 2 CPUs

Starting Placer Task

Phase 1 Placer Initialization

Phase 1.1 Placer Initialization Netlist Sorting
Netlist sorting complete. Time (s): cpu = 00:00:00 ; elapsed = 00:00:00.002 . Memory (MB): peak = 2036.867 ; gain = 0.000
Phase 1.1 Placer Initialization Netlist Sorting | Checksum: 1c607e3ae

Time (s): cpu = 00:00:00 ; elapsed = 00:00:00.013 . Memory (MB): peak = 2036.867 ; gain = 0.000
Netlist sorting complete. Time (s): cpu = 00:00:00 ; elapsed = 00:00:00.002 . Memory (MB): peak = 2036.867 ; gain = 0.000

Phase 1.2 IO Placement/ Clock Placement/ Build Placer Device
INFO: [Timing 38-35] Done setting XDC timing constraints.
Phase 1.2 IO Placement/ Clock Placement/ Build Placer Device | Checksum: 1a4c3a1af

Time (s): cpu = 00:00:02 ; elapsed = 00:00:01 . Memory (MB): peak = 2036.867 ; gain = 0.000

Phase 1.3 Build Placer Netlist Model
Phase 1.3 Build Placer Netlist Model | Checksum: 2801629cd

Time (s): cpu = 00:00:03 ; elapsed = 00:00:02 . Memory (MB): peak = 2036.867 ; gain = 0.000

Phase 1.4 Constrain Clocks/Macros
Phase 1.4 Constrain Clocks/Macros | Checksum: 2801629cd

Time (s): cpu = 00:00:03 ; elapsed = 00:00:02 . Memory (MB): peak = 2036.867 ; gain = 0.000
Phase 1 Placer Initialization | Checksum: 2801629cd

Time (s): cpu = 00:00:03 ; elapsed = 00:00:02 . Memory (MB): peak = 2036.867 ; gain = 0.000

Phase 2 Global Placement

Phase 2.1 Floorplanning
Phase 2.1 Floorplanning | Checksum: 210183daa

Time (s): cpu = 00:00:03 ; elapsed = 00:00:02 . Memory (MB): peak = 2036.867 ; gain = 0.000

Phase 2.2 Update Timing before SLR Path Opt
Phase 2.2 Update Timing before SLR Path Opt | Checksum: 1c9ea544e

Time (s): cpu = 00:00:03 ; elapsed = 00:00:02 . Memory (MB): peak = 2036.867 ; gain = 0.000

Phase 2.3 Post-Processing in Floorplanning
Phase 2.3 Post-Processing in Floorplanning | Checksum: 1c9ea544e

Time (s): cpu = 00:00:03 ; elapsed = 00:00:02 . Memory (MB): peak = 2036.867 ; gain = 0.000

Phase 2.4 Global Placement Core

Phase 2.4.1 UpdateTiming Before Physical Synthesis
Phase 2.4.1 UpdateTiming Before Physical Synthesis | Checksum: 226704430

Time (s): cpu = 00:00:19 ; elapsed = 00:00:09 . Memory (MB): peak = 2036.867 ; gain = 0.000

Phase 2.4.2 Physical Synthesis In Placer
INFO: [Physopt 32-1035] Found 12 LUTNM shape to break, 14 LUT instances to create LUTNM shape
INFO: [Physopt 32-1044] Break lutnm for timing: one critical 1, two critical 11, total 12, new lutff created 0
INFO: [Physopt 32-1138] End 1 Pass. Optimized 19 nets or LUTs. Breaked 12 LUTs, combined 7 existing LUTs and moved 0 existing LUT
INFO: [Physopt 32-65] No nets found for high-fanout optimization.
INFO: [Physopt 32-232] Optimized 0 net. Created 0 new instance.
INFO: [Physopt 32-775] End 1 Pass. Optimized 0 net or cell. Created 0 new cell, deleted 0 existing cell and moved 0 existing cell
INFO: [Physopt 32-456] No candidate cells for DSP register optimization found in the design.
INFO: [Physopt 32-775] End 2 Pass. Optimized 0 net or cell. Created 0 new cell, deleted 0 existing cell and moved 0 existing cell
INFO: [Physopt 32-1123] No candidate cells found for Shift Register to Pipeline optimization
INFO: [Physopt 32-775] End 2 Pass. Optimized 0 net or cell. Created 0 new cell, deleted 0 existing cell and moved 0 existing cell
INFO: [Physopt 32-1401] No candidate cells found for Shift Register optimization.
INFO: [Physopt 32-677] No candidate cells for Shift Register optimization found in the design
INFO: [Physopt 32-775] End 1 Pass. Optimized 0 net or cell. Created 0 new cell, deleted 0 existing cell and moved 0 existing cell
INFO: [Physopt 32-526] No candidate cells for BRAM register optimization found in the design
INFO: [Physopt 32-775] End 1 Pass. Optimized 0 net or cell. Created 0 new cell, deleted 0 existing cell and moved 0 existing cell
INFO: [Physopt 32-846] No candidate cells for URAM register optimization found in the design
INFO: [Physopt 32-775] End 1 Pass. Optimized 0 net or cell. Created 0 new cell, deleted 0 existing cell and moved 0 existing cell
INFO: [Physopt 32-846] No candidate cells for URAM register optimization found in the design
INFO: [Physopt 32-775] End 1 Pass. Optimized 0 net or cell. Created 0 new cell, deleted 0 existing cell and moved 0 existing cell
INFO: [Physopt 32-949] No candidate nets found for dynamic/static region interface net replication
INFO: [Physopt 32-775] End 1 Pass. Optimized 0 net or cell. Created 0 new cell, deleted 0 existing cell and moved 0 existing cell
Netlist sorting complete. Time (s): cpu = 00:00:00 ; elapsed = 00:00:00.001 . Memory (MB): peak = 2036.867 ; gain = 0.000

Summary of Physical Synthesis Optimizations
============================================


-----------------------------------------------------------------------------------------------------------------------------------------------------------
|  Optimization                                     |  Added Cells  |  Removed Cells  |  Optimized Cells/Nets  |  Dont Touch  |  Iterations  |  Elapsed   |
-----------------------------------------------------------------------------------------------------------------------------------------------------------
|  LUT Combining                                    |           12  |              7  |                    19  |           0  |           1  |  00:00:00  |
|  Retime                                           |            0  |              0  |                     0  |           0  |           1  |  00:00:00  |
|  Very High Fanout                                 |            0  |              0  |                     0  |           0  |           1  |  00:00:00  |
|  DSP Register                                     |            0  |              0  |                     0  |           0  |           1  |  00:00:00  |
|  Shift Register to Pipeline                       |            0  |              0  |                     0  |           0  |           1  |  00:00:00  |
|  Shift Register                                   |            0  |              0  |                     0  |           0  |           1  |  00:00:00  |
|  BRAM Register                                    |            0  |              0  |                     0  |           0  |           1  |  00:00:00  |
|  URAM Register                                    |            0  |              0  |                     0  |           0  |           1  |  00:00:00  |
|  Dynamic/Static Region Interface Net Replication  |            0  |              0  |                     0  |           0  |           1  |  00:00:00  |
|  Total                                            |           12  |              7  |                    19  |           0  |           9  |  00:00:00  |
-----------------------------------------------------------------------------------------------------------------------------------------------------------


Phase 2.4.2 Physical Synthesis In Placer | Checksum: 1f8c69776

Time (s): cpu = 00:00:19 ; elapsed = 00:00:09 . Memory (MB): peak = 2036.867 ; gain = 0.000
Phase 2.4 Global Placement Core | Checksum: 23f61f9cf

Time (s): cpu = 00:00:20 ; elapsed = 00:00:10 . Memory (MB): peak = 2036.867 ; gain = 0.000
Phase 2 Global Placement | Checksum: 23f61f9cf

Time (s): cpu = 00:00:20 ; elapsed = 00:00:10 . Memory (MB): peak = 2036.867 ; gain = 0.000

Phase 3 Detail Placement

Phase 3.1 Commit Multi Column Macros
Phase 3.1 Commit Multi Column Macros | Checksum: 229a76b57

Time (s): cpu = 00:00:20 ; elapsed = 00:00:10 . Memory (MB): peak = 2036.867 ; gain = 0.000

Phase 3.2 Commit Most Macros & LUTRAMs
Phase 3.2 Commit Most Macros & LUTRAMs | Checksum: 229aa28fd

Time (s): cpu = 00:00:20 ; elapsed = 00:00:10 . Memory (MB): peak = 2036.867 ; gain = 0.000

Phase 3.3 Area Swap Optimization
Phase 3.3 Area Swap Optimization | Checksum: 1e6a1f3ad

Time (s): cpu = 00:00:20 ; elapsed = 00:00:10 . Memory (MB): peak = 2036.867 ; gain = 0.000

Phase 3.4 Pipeline Register Optimization
Phase 3.4 Pipeline Register Optimization | Checksum: 23be02333

Time (s): cpu = 00:00:20 ; elapsed = 00:00:10 . Memory (MB): peak = 2036.867 ; gain = 0.000

Phase 3.5 Fast Optimization
Phase 3.5 Fast Optimization | Checksum: 293545d4f

Time (s): cpu = 00:00:23 ; elapsed = 00:00:13 . Memory (MB): peak = 2036.867 ; gain = 0.000

Phase 3.6 Small Shape Detail Placement
Phase 3.6 Small Shape Detail Placement | Checksum: 2df4bd993

Time (s): cpu = 00:00:24 ; elapsed = 00:00:13 . Memory (MB): peak = 2036.867 ; gain = 0.000

Phase 3.7 Re-assign LUT pins
Phase 3.7 Re-assign LUT pins | Checksum: 250fa5e94

Time (s): cpu = 00:00:24 ; elapsed = 00:00:13 . Memory (MB): peak = 2036.867 ; gain = 0.000

Phase 3.8 Pipeline Register Optimization
Phase 3.8 Pipeline Register Optimization | Checksum: 2a63caf1e

Time (s): cpu = 00:00:24 ; elapsed = 00:00:13 . Memory (MB): peak = 2036.867 ; gain = 0.000

Phase 3.9 Fast Optimization
Phase 3.9 Fast Optimization | Checksum: 2007efbd1

Time (s): cpu = 00:00:28 ; elapsed = 00:00:18 . Memory (MB): peak = 2036.867 ; gain = 0.000
Phase 3 Detail Placement | Checksum: 2007efbd1

Time (s): cpu = 00:00:28 ; elapsed = 00:00:18 . Memory (MB): peak = 2036.867 ; gain = 0.000

Phase 4 Post Placement Optimization and Clean-Up

Phase 4.1 Post Commit Optimization
INFO: [Timing 38-35] Done setting XDC timing constraints.

Phase 4.1.1 Post Placement Optimization
Post Placement Optimization Initialization | Checksum: 12a22787c

Phase 4.1.1.1 BUFG Insertion

Starting Physical Synthesis Task

Phase 1 Physical Synthesis Initialization
INFO: [Physopt 32-721] Multithreading enabled for phys_opt_design using a maximum of 2 CPUs
INFO: [Physopt 32-619] Estimated Timing Summary | WNS=-9.218 | TNS=-34.415 |
Phase 1 Physical Synthesis Initialization | Checksum: 158954361

Time (s): cpu = 00:00:00 ; elapsed = 00:00:00.060 . Memory (MB): peak = 2036.867 ; gain = 0.000
INFO: [Place 46-56] BUFG insertion identified 0 candidate nets. Inserted BUFG: 0, Replicated BUFG Driver: 0, Skipped due to Placement/Routing Conflicts: 0, Skipped due to Timing Degradation: 0, Skipped due to netlist editing failed: 0.
Ending Physical Synthesis Task | Checksum: 1d83ed5ba

Time (s): cpu = 00:00:00 ; elapsed = 00:00:00.071 . Memory (MB): peak = 2036.867 ; gain = 0.000
Phase 4.1.1.1 BUFG Insertion | Checksum: 12a22787c

Time (s): cpu = 00:00:29 ; elapsed = 00:00:18 . Memory (MB): peak = 2036.867 ; gain = 0.000

Phase 4.1.1.2 Post Placement Timing Optimization
INFO: [Place 30-746] Post Placement Timing Summary WNS=-7.327. For the most accurate timing information please run report_timing.
Phase 4.1.1.2 Post Placement Timing Optimization | Checksum: 14b94db1b

Time (s): cpu = 00:00:40 ; elapsed = 00:00:29 . Memory (MB): peak = 2036.867 ; gain = 0.000

Time (s): cpu = 00:00:40 ; elapsed = 00:00:29 . Memory (MB): peak = 2036.867 ; gain = 0.000
Phase 4.1 Post Commit Optimization | Checksum: 14b94db1b

Time (s): cpu = 00:00:40 ; elapsed = 00:00:29 . Memory (MB): peak = 2036.867 ; gain = 0.000

Phase 4.2 Post Placement Cleanup
Phase 4.2 Post Placement Cleanup | Checksum: 14b94db1b

Time (s): cpu = 00:00:40 ; elapsed = 00:00:29 . Memory (MB): peak = 2036.867 ; gain = 0.000

Phase 4.3 Placer Reporting

Phase 4.3.1 Print Estimated Congestion
INFO: [Place 30-612] Post-Placement Estimated Congestion 
 ____________________________________________________
|           | Global Congestion | Short Congestion  |
| Direction | Region Size       | Region Size       |
|___________|___________________|___________________|
|      North|                1x1|                1x1|
|___________|___________________|___________________|
|      South|                1x1|                1x1|
|___________|___________________|___________________|
|       East|                1x1|                1x1|
|___________|___________________|___________________|
|       West|                1x1|                1x1|
|___________|___________________|___________________|

Phase 4.3.1 Print Estimated Congestion | Checksum: 14b94db1b

Time (s): cpu = 00:00:40 ; elapsed = 00:00:29 . Memory (MB): peak = 2036.867 ; gain = 0.000
Phase 4.3 Placer Reporting | Checksum: 14b94db1b

Time (s): cpu = 00:00:40 ; elapsed = 00:00:29 . Memory (MB): peak = 2036.867 ; gain = 0.000

Phase 4.4 Final Placement Cleanup
Netlist sorting complete. Time (s): cpu = 00:00:00 ; elapsed = 00:00:00.001 . Memory (MB): peak = 2036.867 ; gain = 0.000

Time (s): cpu = 00:00:40 ; elapsed = 00:00:29 . Memory (MB): peak = 2036.867 ; gain = 0.000
Phase 4 Post Placement Optimization and Clean-Up | Checksum: 2094c3211

Time (s): cpu = 00:00:40 ; elapsed = 00:00:29 . Memory (MB): peak = 2036.867 ; gain = 0.000
Ending Placer Task | Checksum: 203f17ef8

Time (s): cpu = 00:00:40 ; elapsed = 00:00:29 . Memory (MB): peak = 2036.867 ; gain = 0.000
72 Infos, 0 Warnings, 0 Critical Warnings and 0 Errors encountered.
place_design completed successfully
place_design: Time (s): cpu = 00:00:43 ; elapsed = 00:00:31 . Memory (MB): peak = 2036.867 ; gain = 0.000
INFO: [Vivado 12-24838] Running report commands "report_control_sets, report_io, report_utilization" in parallel.
Running report generation with 2 threads.
INFO: [Vivado 12-24828] Executing command : report_utilization -file YAHTZEE_utilization_placed.rpt -pb YAHTZEE_utilization_placed.pb
INFO: [Vivado 12-24828] Executing command : report_control_sets -verbose -file YAHTZEE_control_sets_placed.rpt
report_control_sets: Time (s): cpu = 00:00:00 ; elapsed = 00:00:00.005 . Memory (MB): peak = 2036.867 ; gain = 0.000
INFO: [Vivado 12-24828] Executing command : report_io -file YAHTZEE_io_placed.rpt
report_io: Time (s): cpu = 00:00:00 ; elapsed = 00:00:00.090 . Memory (MB): peak = 2036.867 ; gain = 0.000
INFO: [Timing 38-480] Writing timing data to binary archive.
Write ShapeDB Complete: Time (s): cpu = 00:00:00 ; elapsed = 00:00:00.010 . Memory (MB): peak = 2036.867 ; gain = 0.000
Wrote PlaceDB: Time (s): cpu = 00:00:01 ; elapsed = 00:00:00.170 . Memory (MB): peak = 2036.867 ; gain = 0.000
Wrote PulsedLatchDB: Time (s): cpu = 00:00:00 ; elapsed = 00:00:00 . Memory (MB): peak = 2036.867 ; gain = 0.000
Writing XDEF routing.
Writing XDEF routing logical nets.
Writing XDEF routing special nets.
Wrote RouteStorage: Time (s): cpu = 00:00:00 ; elapsed = 00:00:00.025 . Memory (MB): peak = 2036.867 ; gain = 0.000
Wrote Netlist Cache: Time (s): cpu = 00:00:00 ; elapsed = 00:00:00.003 . Memory (MB): peak = 2036.867 ; gain = 0.000
Wrote Device Cache: Time (s): cpu = 00:00:00 ; elapsed = 00:00:00.009 . Memory (MB): peak = 2036.867 ; gain = 0.000
Write Physdb Complete: Time (s): cpu = 00:00:01 ; elapsed = 00:00:00.216 . Memory (MB): peak = 2036.867 ; gain = 0.000
INFO: [Common 17-1381] The checkpoint 'C:/Users/usuario/Github/G23SED/FPGA/GLOBAL_V1/ESTRUCTURAL_1_1/DISPLAY.runs/impl_1/YAHTZEE_placed.dcp' has been generated.
Command: phys_opt_design
Attempting to get a license for feature 'Implementation' and/or device 'xc7a100t'
INFO: [Common 17-349] Got license for feature 'Implementation' and/or device 'xc7a100t'

Starting Initial Update Timing Task

Time (s): cpu = 00:00:01 ; elapsed = 00:00:00.214 . Memory (MB): peak = 2048.223 ; gain = 11.355
INFO: [Vivado_Tcl 4-1435] PhysOpt_Tcl_Interface Runtime Before Starting Physical Synthesis Task | CPU: 1.00s |  WALL: 0.25s
Netlist sorting complete. Time (s): cpu = 00:00:00 ; elapsed = 00:00:00.001 . Memory (MB): peak = 2048.223 ; gain = 0.000

Starting Physical Synthesis Task

Phase 1 Physical Synthesis Initialization
INFO: [Physopt 32-721] Multithreading enabled for phys_opt_design using a maximum of 2 CPUs
INFO: [Physopt 32-619] Estimated Timing Summary | WNS=-7.327 | TNS=-28.970 |
Phase 1 Physical Synthesis Initialization | Checksum: 253c29e97

Time (s): cpu = 00:00:00 ; elapsed = 00:00:00.255 . Memory (MB): peak = 2048.227 ; gain = 0.004
INFO: [Physopt 32-619] Estimated Timing Summary | WNS=-7.327 | TNS=-28.970 |

Phase 2 DSP Register Optimization
INFO: [Physopt 32-456] No candidate cells for DSP register optimization found in the design.
INFO: [Physopt 32-775] End 2 Pass. Optimized 0 net or cell. Created 0 new cell, deleted 0 existing cell and moved 0 existing cell
Phase 2 DSP Register Optimization | Checksum: 253c29e97

Time (s): cpu = 00:00:00 ; elapsed = 00:00:00.267 . Memory (MB): peak = 2048.227 ; gain = 0.004

Phase 3 Critical Path Optimization
INFO: [Physopt 32-619] Estimated Timing Summary | WNS=-7.327 | TNS=-28.970 |
INFO: [Physopt 32-702] Processed net puntuaciones2/instance_caso_eg/resultado_reg[4]_0. Optimizations did not improve timing on the net.
INFO: [Physopt 32-81] Processed net dados_aleatorios/dados[0][0]. Replicated 1 times.
INFO: [Physopt 32-735] Processed net dados_aleatorios/dados[0][0]. Optimization improves timing on the net.
INFO: [Physopt 32-619] Estimated Timing Summary | WNS=-7.327 | TNS=-28.970 |
INFO: [Physopt 32-702] Processed net dados_aleatorios/dados[0][0]. Optimizations did not improve timing on the net.
INFO: [Physopt 32-663] Processed net dados_aleatorios/resultado[4]_i_4__2_n_1.  Re-placed instance dados_aleatorios/resultado[4]_i_4__2
INFO: [Physopt 32-735] Processed net dados_aleatorios/resultado[4]_i_4__2_n_1. Optimization improves timing on the net.
INFO: [Physopt 32-619] Estimated Timing Summary | WNS=-7.284 | TNS=-28.798 |
INFO: [Physopt 32-702] Processed net puntuaciones1/instance_caso_eg/resultado_reg[4]_0. Optimizations did not improve timing on the net.
INFO: [Physopt 32-663] Processed net dados_aleatorios/resultado[4]_i_4__0_n_1.  Re-placed instance dados_aleatorios/resultado[4]_i_4__0
INFO: [Physopt 32-735] Processed net dados_aleatorios/resultado[4]_i_4__0_n_1. Optimization improves timing on the net.
INFO: [Physopt 32-619] Estimated Timing Summary | WNS=-7.245 | TNS=-28.659 |
INFO: [Physopt 32-702] Processed net puntuaciones2/instance_caso_ep/resultado_ep[0]. Optimizations did not improve timing on the net.
INFO: [Physopt 32-710] Processed net dados_aleatorios/jugador_n_reg. Critical path length was reduced through logic transformation on cell dados_aleatorios/resultado[4]_i_1__1_comp.
INFO: [Physopt 32-735] Processed net dados_aleatorios/resultado[4]_i_4__1_n_1. Optimization improves timing on the net.
INFO: [Physopt 32-619] Estimated Timing Summary | WNS=-7.218 | TNS=-28.632 |
INFO: [Physopt 32-702] Processed net dados_aleatorios/resultado[4]_i_4__1_n_1. Optimizations did not improve timing on the net.
INFO: [Physopt 32-702] Processed net dados_aleatorios/resultado_reg[4]_i_8__1_n_6. Optimizations did not improve timing on the net.
INFO: [Physopt 32-702] Processed net dados_aleatorios/resultado[4]_i_24__1_n_1. Optimizations did not improve timing on the net.
INFO: [Physopt 32-702] Processed net dados_aleatorios/resultado_reg[4]_i_56__1_n_3. Optimizations did not improve timing on the net.
INFO: [Physopt 32-702] Processed net dados_aleatorios/resultado[4]_i_94__1_n_1. Optimizations did not improve timing on the net.
INFO: [Physopt 32-710] Processed net dados_aleatorios/resultado[4]_i_94__1_n_1. Critical path length was reduced through logic transformation on cell dados_aleatorios/resultado[4]_i_94__1_comp.
INFO: [Physopt 32-735] Processed net dados_aleatorios/resultado[4]_i_61__1_n_1. Optimization improves timing on the net.
INFO: [Physopt 32-619] Estimated Timing Summary | WNS=-7.155 | TNS=-28.428 |
INFO: [Physopt 32-710] Processed net dados_aleatorios/jugador_n_reg_0. Critical path length was reduced through logic transformation on cell dados_aleatorios/resultado[4]_i_1__2_comp.
INFO: [Physopt 32-735] Processed net dados_aleatorios/resultado[4]_i_4__2_n_1. Optimization improves timing on the net.
INFO: [Physopt 32-619] Estimated Timing Summary | WNS=-7.145 | TNS=-28.322 |
INFO: [Physopt 32-663] Processed net dados_aleatorios/resultado[4]_i_3__0_n_1.  Re-placed instance dados_aleatorios/resultado[4]_i_3__0
INFO: [Physopt 32-735] Processed net dados_aleatorios/resultado[4]_i_3__0_n_1. Optimization improves timing on the net.
INFO: [Physopt 32-619] Estimated Timing Summary | WNS=-7.113 | TNS=-28.274 |
INFO: [Physopt 32-702] Processed net puntuaciones1/instance_caso_ep/resultado_ep[0]. Optimizations did not improve timing on the net.
INFO: [Physopt 32-663] Processed net dados_aleatorios/resultado[4]_i_3_n_1.  Re-placed instance dados_aleatorios/resultado[4]_i_3
INFO: [Physopt 32-735] Processed net dados_aleatorios/resultado[4]_i_3_n_1. Optimization improves timing on the net.
INFO: [Physopt 32-619] Estimated Timing Summary | WNS=-7.104 | TNS=-28.265 |
INFO: [Physopt 32-710] Processed net dados_aleatorios/resultado_reg[4]. Critical path length was reduced through logic transformation on cell dados_aleatorios/resultado[4]_i_1_comp.
INFO: [Physopt 32-735] Processed net dados_aleatorios/resultado[4]_i_4_n_1. Optimization improves timing on the net.
INFO: [Physopt 32-619] Estimated Timing Summary | WNS=-7.097 | TNS=-28.238 |
INFO: [Physopt 32-710] Processed net dados_aleatorios/resultado_reg[4]_0. Critical path length was reduced through logic transformation on cell dados_aleatorios/resultado[4]_i_1__0_comp.
INFO: [Physopt 32-735] Processed net dados_aleatorios/resultado[4]_i_4__0_n_1. Optimization improves timing on the net.
INFO: [Physopt 32-619] Estimated Timing Summary | WNS=-7.077 | TNS=-28.163 |
INFO: [Physopt 32-663] Processed net dados_aleatorios/resultado[4]_i_4_n_1.  Re-placed instance dados_aleatorios/resultado[4]_i_4_comp
INFO: [Physopt 32-735] Processed net dados_aleatorios/resultado[4]_i_4_n_1. Optimization improves timing on the net.
INFO: [Physopt 32-619] Estimated Timing Summary | WNS=-7.049 | TNS=-28.030 |
INFO: [Physopt 32-710] Processed net dados_aleatorios/jugador_n_reg_0. Critical path length was reduced through logic transformation on cell dados_aleatorios/resultado[4]_i_1__2_comp_1.
INFO: [Physopt 32-735] Processed net dados_aleatorios/resultado[4]_i_3__2_n_1. Optimization improves timing on the net.
INFO: [Physopt 32-619] Estimated Timing Summary | WNS=-7.022 | TNS=-27.935 |
INFO: [Physopt 32-702] Processed net dados_aleatorios/resultado_reg[4]_i_8__0_n_6. Optimizations did not improve timing on the net.
INFO: [Physopt 32-702] Processed net dados_aleatorios/resultado[4]_i_24__0_n_1. Optimizations did not improve timing on the net.
INFO: [Physopt 32-702] Processed net dados_aleatorios/resultado_reg[4]_i_56__0_n_3. Optimizations did not improve timing on the net.
INFO: [Physopt 32-702] Processed net dados_aleatorios/resultado[4]_i_94__0_n_1. Optimizations did not improve timing on the net.
INFO: [Physopt 32-710] Processed net dados_aleatorios/resultado[4]_i_94__0_n_1. Critical path length was reduced through logic transformation on cell dados_aleatorios/resultado[4]_i_94__0_comp.
INFO: [Physopt 32-735] Processed net dados_aleatorios/resultado[4]_i_61__0_n_1. Optimization improves timing on the net.
INFO: [Physopt 32-619] Estimated Timing Summary | WNS=-7.014 | TNS=-27.816 |
INFO: [Physopt 32-702] Processed net dados_aleatorios/resultado[4]_i_96__1_n_1. Optimizations did not improve timing on the net.
INFO: [Physopt 32-710] Processed net dados_aleatorios/resultado[4]_i_96__1_n_1. Critical path length was reduced through logic transformation on cell dados_aleatorios/resultado[4]_i_96__1_comp.
INFO: [Physopt 32-735] Processed net dados_aleatorios/resultado[4]_i_61__1_n_1. Optimization improves timing on the net.
INFO: [Physopt 32-619] Estimated Timing Summary | WNS=-7.006 | TNS=-27.808 |
INFO: [Physopt 32-710] Processed net dados_aleatorios/resultado[4]_i_94__1_n_1. Critical path length was reduced through logic transformation on cell dados_aleatorios/resultado[4]_i_94__1_comp_1.
INFO: [Physopt 32-735] Processed net dados_aleatorios/resultado[4]_i_117__1_n_1. Optimization improves timing on the net.
INFO: [Physopt 32-619] Estimated Timing Summary | WNS=-6.977 | TNS=-27.779 |
INFO: [Physopt 32-702] Processed net dados_aleatorios/resultado_reg[4]_i_48__1_n_3. Optimizations did not improve timing on the net.
INFO: [Physopt 32-702] Processed net dados_aleatorios/resultado[4]_i_85__1_n_1. Optimizations did not improve timing on the net.
INFO: [Physopt 32-702] Processed net dados_aleatorios/resultado[4]_i_55__1_n_1. Optimizations did not improve timing on the net.
INFO: [Physopt 32-702] Processed net dados_aleatorios/resultado_reg[4]_i_39__1_n_3. Optimizations did not improve timing on the net.
INFO: [Physopt 32-702] Processed net dados_aleatorios/resultado[4]_i_79__1_n_1. Optimizations did not improve timing on the net.
INFO: [Physopt 32-663] Processed net dados_aleatorios/resultado[4]_i_43__1_n_1.  Re-placed instance dados_aleatorios/resultado[4]_i_43__1
INFO: [Physopt 32-735] Processed net dados_aleatorios/resultado[4]_i_43__1_n_1. Optimization improves timing on the net.
INFO: [Physopt 32-619] Estimated Timing Summary | WNS=-6.954 | TNS=-27.741 |
INFO: [Physopt 32-702] Processed net dados_aleatorios/resultado_reg[4]_i_8__2_n_6. Optimizations did not improve timing on the net.
INFO: [Physopt 32-702] Processed net dados_aleatorios/resultado[4]_i_24__2_n_1. Optimizations did not improve timing on the net.
INFO: [Physopt 32-702] Processed net dados_aleatorios/resultado_reg[4]_i_56__2_n_3. Optimizations did not improve timing on the net.
INFO: [Physopt 32-702] Processed net dados_aleatorios/resultado[4]_i_94__2_n_1. Optimizations did not improve timing on the net.
INFO: [Physopt 32-710] Processed net dados_aleatorios/resultado[4]_i_94__2_n_1. Critical path length was reduced through logic transformation on cell dados_aleatorios/resultado[4]_i_94__2_comp.
INFO: [Physopt 32-735] Processed net dados_aleatorios/resultado[4]_i_61__2_n_1. Optimization improves timing on the net.
INFO: [Physopt 32-619] Estimated Timing Summary | WNS=-6.944 | TNS=-27.617 |
INFO: [Physopt 32-702] Processed net dados_aleatorios/resultado[4]_i_4_n_1. Optimizations did not improve timing on the net.
INFO: [Physopt 32-702] Processed net dados_aleatorios/resultado_reg[4]_i_8_n_7. Optimizations did not improve timing on the net.
INFO: [Physopt 32-663] Processed net dados_aleatorios/resultado[4]_i_24_n_1.  Re-placed instance dados_aleatorios/resultado[4]_i_24
INFO: [Physopt 32-735] Processed net dados_aleatorios/resultado[4]_i_24_n_1. Optimization improves timing on the net.
INFO: [Physopt 32-619] Estimated Timing Summary | WNS=-6.939 | TNS=-27.567 |
INFO: [Physopt 32-663] Processed net dados_aleatorios/resultado[4]_i_62__1_n_1.  Re-placed instance dados_aleatorios/resultado[4]_i_62__1
INFO: [Physopt 32-735] Processed net dados_aleatorios/resultado[4]_i_62__1_n_1. Optimization improves timing on the net.
INFO: [Physopt 32-619] Estimated Timing Summary | WNS=-6.903 | TNS=-27.523 |
INFO: [Physopt 32-710] Processed net dados_aleatorios/resultado[4]_i_94__0_n_1. Critical path length was reduced through logic transformation on cell dados_aleatorios/resultado[4]_i_94__0_comp_1.
INFO: [Physopt 32-735] Processed net dados_aleatorios/resultado[4]_i_117__0_n_1. Optimization improves timing on the net.
INFO: [Physopt 32-619] Estimated Timing Summary | WNS=-6.895 | TNS=-27.371 |
INFO: [Physopt 32-702] Processed net dados_aleatorios/resultado[4]_i_45__1_n_1. Optimizations did not improve timing on the net.
INFO: [Physopt 32-702] Processed net dados_aleatorios/resultado_reg[4]_i_81__1_n_3. Optimizations did not improve timing on the net.
INFO: [Physopt 32-702] Processed net dados_aleatorios/resultado[4]_i_110__1_n_1. Optimizations did not improve timing on the net.
INFO: [Physopt 32-702] Processed net dados_aleatorios/resultado[4]_i_83__1_n_1. Optimizations did not improve timing on the net.
INFO: [Physopt 32-702] Processed net dados_aleatorios/resultado_reg[4]_i_88__1_n_3. Optimizations did not improve timing on the net.
INFO: [Physopt 32-702] Processed net dados_aleatorios/resultado[4]_i_114__1_n_1. Optimizations did not improve timing on the net.
INFO: [Physopt 32-710] Processed net dados_aleatorios/resultado[4]_i_114__1_n_1. Critical path length was reduced through logic transformation on cell dados_aleatorios/resultado[4]_i_114__1_comp.
INFO: [Physopt 32-735] Processed net dados_aleatorios/puntuaciones2/instance_caso_ep/p_2_in[0]. Optimization improves timing on the net.
INFO: [Physopt 32-619] Estimated Timing Summary | WNS=-6.894 | TNS=-27.358 |
INFO: [Physopt 32-710] Processed net dados_aleatorios/resultado_reg[4]. Critical path length was reduced through logic transformation on cell dados_aleatorios/resultado[4]_i_1_comp_1.
INFO: [Physopt 32-735] Processed net dados_aleatorios/resultado[4]_i_3_n_1. Optimization improves timing on the net.
INFO: [Physopt 32-619] Estimated Timing Summary | WNS=-6.882 | TNS=-27.266 |
INFO: [Physopt 32-81] Processed net dados_aleatorios/resultado[4]_i_62__1_n_1. Replicated 1 times.
INFO: [Physopt 32-735] Processed net dados_aleatorios/resultado[4]_i_62__1_n_1. Optimization improves timing on the net.
INFO: [Physopt 32-619] Estimated Timing Summary | WNS=-6.874 | TNS=-27.258 |
INFO: [Physopt 32-663] Processed net dados_aleatorios/resultado[4]_i_62__1_n_1_repN.  Re-placed instance dados_aleatorios/resultado[4]_i_62__1_replica
INFO: [Physopt 32-735] Processed net dados_aleatorios/resultado[4]_i_62__1_n_1_repN. Optimization improves timing on the net.
INFO: [Physopt 32-619] Estimated Timing Summary | WNS=-6.864 | TNS=-27.248 |
INFO: [Physopt 32-702] Processed net dados_aleatorios/resultado[4]_i_62__1_n_1_repN. Optimizations did not improve timing on the net.
INFO: [Physopt 32-702] Processed net dados_aleatorios/puntuaciones2/instance_caso_ep/dados_aux[4]1. Optimizations did not improve timing on the net.
INFO: [Physopt 32-702] Processed net dados_aleatorios/resultado[4]_i_73__1_n_1. Optimizations did not improve timing on the net.
INFO: [Physopt 32-710] Processed net dados_aleatorios/resultado[4]_i_73__1_n_1. Critical path length was reduced through logic transformation on cell dados_aleatorios/resultado[4]_i_73__1_comp.
INFO: [Physopt 32-735] Processed net dados_aleatorios/puntuaciones2/instance_caso_ep/dados_aux[3]__0[1]. Optimization improves timing on the net.
INFO: [Physopt 32-619] Estimated Timing Summary | WNS=-6.852 | TNS=-27.236 |
INFO: [Physopt 32-702] Processed net dados_aleatorios/resultado[4]_i_116__1_n_1. Optimizations did not improve timing on the net.
INFO: [Physopt 32-702] Processed net dados_aleatorios/resultado[4]_i_123__1_n_1. Optimizations did not improve timing on the net.
INFO: [Physopt 32-702] Processed net dados_aleatorios/resultado_reg[4]_i_67__1_n_3. Optimizations did not improve timing on the net.
INFO: [Physopt 32-702] Processed net dados_aleatorios/resultado[4]_i_106__1_n_1. Optimizations did not improve timing on the net.
INFO: [Physopt 32-710] Processed net dados_aleatorios/resultado[4]_i_106__1_n_1. Critical path length was reduced through logic transformation on cell dados_aleatorios/resultado[4]_i_106__1_comp.
INFO: [Physopt 32-735] Processed net dados_aleatorios/resultado[4]_i_118__1_n_1. Optimization improves timing on the net.
INFO: [Physopt 32-619] Estimated Timing Summary | WNS=-6.830 | TNS=-27.152 |
INFO: [Physopt 32-710] Processed net dados_aleatorios/resultado[4]_i_94__2_n_1. Critical path length was reduced through logic transformation on cell dados_aleatorios/resultado[4]_i_94__2_comp_1.
INFO: [Physopt 32-735] Processed net dados_aleatorios/resultado[4]_i_117__2_n_1. Optimization improves timing on the net.
INFO: [Physopt 32-619] Estimated Timing Summary | WNS=-6.802 | TNS=-27.050 |
INFO: [Physopt 32-702] Processed net dados_aleatorios/resultado[4]_i_24_n_1. Optimizations did not improve timing on the net.
INFO: [Physopt 32-702] Processed net dados_aleatorios/resultado_reg[4]_i_56_n_3. Optimizations did not improve timing on the net.
INFO: [Physopt 32-702] Processed net dados_aleatorios/resultado[4]_i_94_n_1. Optimizations did not improve timing on the net.
INFO: [Physopt 32-710] Processed net dados_aleatorios/resultado[4]_i_94_n_1. Critical path length was reduced through logic transformation on cell dados_aleatorios/resultado[4]_i_94_comp.
INFO: [Physopt 32-735] Processed net dados_aleatorios/resultado[4]_i_61_n_1. Optimization improves timing on the net.
INFO: [Physopt 32-619] Estimated Timing Summary | WNS=-6.768 | TNS=-26.971 |
INFO: [Physopt 32-702] Processed net dados_aleatorios/resultado[4]_i_108__1_n_1. Optimizations did not improve timing on the net.
INFO: [Physopt 32-663] Processed net dados_aleatorios/resultado[4]_i_118__1_n_1.  Re-placed instance dados_aleatorios/resultado[4]_i_118__1
INFO: [Physopt 32-735] Processed net dados_aleatorios/resultado[4]_i_118__1_n_1. Optimization improves timing on the net.
INFO: [Physopt 32-619] Estimated Timing Summary | WNS=-6.753 | TNS=-26.956 |
INFO: [Physopt 32-710] Processed net dados_aleatorios/resultado[4]_i_108__1_n_1. Critical path length was reduced through logic transformation on cell dados_aleatorios/resultado[4]_i_108__1_comp.
INFO: [Physopt 32-735] Processed net dados_aleatorios/resultado[4]_i_118__1_n_1. Optimization improves timing on the net.
INFO: [Physopt 32-619] Estimated Timing Summary | WNS=-6.751 | TNS=-26.879 |
INFO: [Physopt 32-702] Processed net dados_aleatorios/resultado_reg[4]_i_48__0_n_3. Optimizations did not improve timing on the net.
INFO: [Physopt 32-702] Processed net dados_aleatorios/resultado[4]_i_85__0_n_1. Optimizations did not improve timing on the net.
INFO: [Physopt 32-81] Processed net dados_aleatorios/resultado[4]_i_55__0_n_1. Replicated 1 times.
INFO: [Physopt 32-735] Processed net dados_aleatorios/resultado[4]_i_55__0_n_1. Optimization improves timing on the net.
INFO: [Physopt 32-619] Estimated Timing Summary | WNS=-6.741 | TNS=-26.869 |
INFO: [Physopt 32-702] Processed net dados_aleatorios/resultado[4]_i_55__0_n_1. Optimizations did not improve timing on the net.
INFO: [Physopt 32-702] Processed net dados_aleatorios/resultado_reg[4]_i_39__0_n_3. Optimizations did not improve timing on the net.
INFO: [Physopt 32-702] Processed net dados_aleatorios/resultado[4]_i_79__0_n_1. Optimizations did not improve timing on the net.
INFO: [Physopt 32-81] Processed net dados_aleatorios/resultado[4]_i_45__0_n_1. Replicated 1 times.
INFO: [Physopt 32-735] Processed net dados_aleatorios/resultado[4]_i_45__0_n_1. Optimization improves timing on the net.
INFO: [Physopt 32-619] Estimated Timing Summary | WNS=-6.728 | TNS=-26.850 |
INFO: [Physopt 32-608] Optimized 1 net.  Swapped 18 pins.
INFO: [Physopt 32-735] Processed net dados_aleatorios/resultado[4]_i_96__2_n_1. Optimization improves timing on the net.
INFO: [Physopt 32-619] Estimated Timing Summary | WNS=-6.723 | TNS=-26.837 |
INFO: [Physopt 32-702] Processed net dados_aleatorios/resultado[4]_i_96_n_1. Optimizations did not improve timing on the net.
INFO: [Physopt 32-710] Processed net dados_aleatorios/resultado[4]_i_96_n_1. Critical path length was reduced through logic transformation on cell dados_aleatorios/resultado[4]_i_96_comp.
INFO: [Physopt 32-735] Processed net dados_aleatorios/resultado[4]_i_61_n_1. Optimization improves timing on the net.
INFO: [Physopt 32-619] Estimated Timing Summary | WNS=-6.722 | TNS=-26.811 |
INFO: [Physopt 32-702] Processed net dados_aleatorios/resultado[4]_i_45__0_n_1_repN. Optimizations did not improve timing on the net.
INFO: [Physopt 32-702] Processed net dados_aleatorios/resultado_reg[4]_i_81__0_n_3. Optimizations did not improve timing on the net.
INFO: [Physopt 32-702] Processed net dados_aleatorios/resultado[4]_i_110__0_n_1. Optimizations did not improve timing on the net.
INFO: [Physopt 32-702] Processed net dados_aleatorios/resultado[4]_i_119__0_n_1. Optimizations did not improve timing on the net.
INFO: [Physopt 32-702] Processed net dados_aleatorios/puntuaciones1/instance_caso_eg/p_0_in. Optimizations did not improve timing on the net.
INFO: [Physopt 32-608] Optimized 1 net.  Swapped 16 pins.
INFO: [Physopt 32-735] Processed net dados_aleatorios/resultado[4]_i_71__0_n_1. Optimization improves timing on the net.
INFO: [Physopt 32-619] Estimated Timing Summary | WNS=-6.717 | TNS=-26.806 |
INFO: [Physopt 32-702] Processed net dados_aleatorios/resultado[4]_i_71__0_n_1. Optimizations did not improve timing on the net.
INFO: [Physopt 32-81] Processed net dados_aleatorios/puntuaciones1/instance_caso_eg/p_1_in__0[1]. Replicated 1 times.
INFO: [Physopt 32-735] Processed net dados_aleatorios/puntuaciones1/instance_caso_eg/p_1_in__0[1]. Optimization improves timing on the net.
INFO: [Physopt 32-619] Estimated Timing Summary | WNS=-6.715 | TNS=-26.802 |
INFO: [Physopt 32-702] Processed net dados_aleatorios/resultado[4]_i_96__2_n_1. Optimizations did not improve timing on the net.
INFO: [Physopt 32-663] Processed net dados_aleatorios/resultado[4]_i_117__2_n_1.  Re-placed instance dados_aleatorios/resultado[4]_i_117__2
INFO: [Physopt 32-735] Processed net dados_aleatorios/resultado[4]_i_117__2_n_1. Optimization improves timing on the net.
INFO: [Physopt 32-619] Estimated Timing Summary | WNS=-6.713 | TNS=-26.757 |
INFO: [Physopt 32-702] Processed net dados_aleatorios/puntuaciones1/instance_caso_eg/p_1_in__0[1]. Optimizations did not improve timing on the net.
INFO: [Physopt 32-702] Processed net dados_aleatorios/resultado_reg[4]_i_67__0_n_3. Optimizations did not improve timing on the net.
INFO: [Physopt 32-702] Processed net dados_aleatorios/resultado[4]_i_106__0_n_1. Optimizations did not improve timing on the net.
INFO: [Physopt 32-710] Processed net dados_aleatorios/resultado[4]_i_106__0_n_1. Critical path length was reduced through logic transformation on cell dados_aleatorios/resultado[4]_i_106__0_comp.
INFO: [Physopt 32-735] Processed net dados_aleatorios/resultado[4]_i_118__0_n_1. Optimization improves timing on the net.
INFO: [Physopt 32-619] Estimated Timing Summary | WNS=-6.699 | TNS=-26.743 |
INFO: [Physopt 32-702] Processed net dados_aleatorios/resultado_reg[4]_i_66__0_n_3. Optimizations did not improve timing on the net.
INFO: [Physopt 32-702] Processed net dados_aleatorios/resultado[4]_i_104__1_n_1. Optimizations did not improve timing on the net.
INFO: [Physopt 32-702] Processed net dados_aleatorios/resultado_reg[4]_0. Optimizations did not improve timing on the net.
INFO: [Physopt 32-702] Processed net clk_IBUF. Optimizations did not improve timing on the net.
INFO: [Physopt 32-702] Processed net clk. Optimizations did not improve timing on the net.
INFO: [Physopt 32-702] Processed net puntuaciones1/instance_caso_eg/resultado_reg[4]_0. Optimizations did not improve timing on the net.
INFO: [Physopt 32-702] Processed net dados_aleatorios/dados[0][0]. Optimizations did not improve timing on the net.
INFO: [Physopt 32-702] Processed net dados_aleatorios/resultado_reg[4]_i_8__0_n_6. Optimizations did not improve timing on the net.
INFO: [Physopt 32-702] Processed net dados_aleatorios/resultado[4]_i_24__0_n_1. Optimizations did not improve timing on the net.
INFO: [Physopt 32-702] Processed net dados_aleatorios/resultado_reg[4]_i_56__0_n_3. Optimizations did not improve timing on the net.
INFO: [Physopt 32-663] Processed net dados_aleatorios/resultado[4]_i_94__0_n_1.  Re-placed instance dados_aleatorios/resultado[4]_i_94__0_comp_1
INFO: [Physopt 32-735] Processed net dados_aleatorios/resultado[4]_i_94__0_n_1. Optimization improves timing on the net.
INFO: [Physopt 32-619] Estimated Timing Summary | WNS=-6.697 | TNS=-26.735 |
INFO: [Physopt 32-702] Processed net puntuaciones1/instance_caso_ep/resultado_ep[0]. Optimizations did not improve timing on the net.
INFO: [Physopt 32-702] Processed net dados_aleatorios/resultado[4]_i_4_n_1. Optimizations did not improve timing on the net.
INFO: [Physopt 32-702] Processed net dados_aleatorios/resultado_reg[4]_i_8_n_7. Optimizations did not improve timing on the net.
INFO: [Physopt 32-702] Processed net dados_aleatorios/resultado[4]_i_24_n_1. Optimizations did not improve timing on the net.
INFO: [Physopt 32-702] Processed net dados_aleatorios/resultado_reg[4]_i_56_n_3. Optimizations did not improve timing on the net.
INFO: [Physopt 32-702] Processed net dados_aleatorios/resultado[4]_i_94_n_1. Optimizations did not improve timing on the net.
INFO: [Physopt 32-702] Processed net dados_aleatorios/resultado[4]_i_117_n_1. Optimizations did not improve timing on the net.
INFO: [Physopt 32-702] Processed net dados_aleatorios/resultado_reg[4]_i_48_n_3. Optimizations did not improve timing on the net.
INFO: [Physopt 32-608] Optimized 1 net.  Swapped 14 pins.
INFO: [Physopt 32-735] Processed net dados_aleatorios/resultado[4]_i_87_n_1. Optimization improves timing on the net.
INFO: [Physopt 32-619] Estimated Timing Summary | WNS=-6.691 | TNS=-26.707 |
INFO: [Physopt 32-702] Processed net dados_aleatorios/resultado[4]_i_96__0_n_1. Optimizations did not improve timing on the net.
INFO: [Physopt 32-663] Processed net dados_aleatorios/resultado[4]_i_117__0_n_1.  Re-placed instance dados_aleatorios/resultado[4]_i_117__0
INFO: [Physopt 32-735] Processed net dados_aleatorios/resultado[4]_i_117__0_n_1. Optimization improves timing on the net.
INFO: [Physopt 32-619] Estimated Timing Summary | WNS=-6.686 | TNS=-26.702 |
INFO: [Physopt 32-702] Processed net dados_aleatorios/resultado[4]_i_117__0_n_1. Optimizations did not improve timing on the net.
INFO: [Physopt 32-702] Processed net dados_aleatorios/resultado_reg[4]_i_48__0_n_3. Optimizations did not improve timing on the net.
INFO: [Physopt 32-702] Processed net dados_aleatorios/resultado[4]_i_85__0_n_1. Optimizations did not improve timing on the net.
INFO: [Physopt 32-702] Processed net dados_aleatorios/resultado[4]_i_55__0_n_1. Optimizations did not improve timing on the net.
INFO: [Physopt 32-702] Processed net dados_aleatorios/resultado_reg[4]_i_39__0_n_3. Optimizations did not improve timing on the net.
INFO: [Physopt 32-702] Processed net dados_aleatorios/resultado[4]_i_79__0_n_1. Optimizations did not improve timing on the net.
INFO: [Physopt 32-702] Processed net dados_aleatorios/resultado[4]_i_45__0_n_1_repN. Optimizations did not improve timing on the net.
INFO: [Physopt 32-702] Processed net dados_aleatorios/resultado_reg[4]_i_81__0_n_3. Optimizations did not improve timing on the net.
INFO: [Physopt 32-702] Processed net dados_aleatorios/resultado[4]_i_110__0_n_1. Optimizations did not improve timing on the net.
INFO: [Physopt 32-702] Processed net dados_aleatorios/resultado[4]_i_119__0_n_1. Optimizations did not improve timing on the net.
INFO: [Physopt 32-702] Processed net dados_aleatorios/puntuaciones1/instance_caso_eg/p_0_in. Optimizations did not improve timing on the net.
INFO: [Physopt 32-702] Processed net dados_aleatorios/resultado[4]_i_71__0_n_1. Optimizations did not improve timing on the net.
INFO: [Physopt 32-702] Processed net dados_aleatorios/puntuaciones1/instance_caso_eg/p_1_in__0[1]. Optimizations did not improve timing on the net.
INFO: [Physopt 32-702] Processed net dados_aleatorios/resultado_reg[4]_i_67__0_n_3. Optimizations did not improve timing on the net.
INFO: [Physopt 32-663] Processed net dados_aleatorios/resultado[4]_i_106__0_n_1.  Re-placed instance dados_aleatorios/resultado[4]_i_106__0_comp
INFO: [Physopt 32-735] Processed net dados_aleatorios/resultado[4]_i_106__0_n_1. Optimization improves timing on the net.
INFO: [Physopt 32-619] Estimated Timing Summary | WNS=-6.676 | TNS=-26.681 |
INFO: [Physopt 32-702] Processed net puntuaciones2/instance_caso_ep/resultado_ep[0]. Optimizations did not improve timing on the net.
INFO: [Physopt 32-702] Processed net dados_aleatorios/resultado[4]_i_4__1_n_1. Optimizations did not improve timing on the net.
INFO: [Physopt 32-702] Processed net dados_aleatorios/resultado_reg[4]_i_8__1_n_6. Optimizations did not improve timing on the net.
INFO: [Physopt 32-702] Processed net dados_aleatorios/resultado[4]_i_24__1_n_1. Optimizations did not improve timing on the net.
INFO: [Physopt 32-702] Processed net dados_aleatorios/resultado_reg[4]_i_56__1_n_3. Optimizations did not improve timing on the net.
INFO: [Physopt 32-608] Optimized 1 net.  Swapped 21 pins.
INFO: [Physopt 32-735] Processed net dados_aleatorios/resultado[4]_i_94__1_n_1. Optimization improves timing on the net.
INFO: [Physopt 32-619] Estimated Timing Summary | WNS=-6.670 | TNS=-26.520 |
INFO: [Physopt 32-702] Processed net puntuaciones2/instance_caso_eg/resultado_reg[4]_0. Optimizations did not improve timing on the net.
INFO: [Physopt 32-702] Processed net dados_aleatorios/resultado_reg[4]_i_8__2_n_6. Optimizations did not improve timing on the net.
INFO: [Physopt 32-702] Processed net dados_aleatorios/resultado[4]_i_24__2_n_1. Optimizations did not improve timing on the net.
INFO: [Physopt 32-702] Processed net dados_aleatorios/resultado_reg[4]_i_56__2_n_3. Optimizations did not improve timing on the net.
INFO: [Physopt 32-702] Processed net dados_aleatorios/resultado[4]_i_96__2_n_1. Optimizations did not improve timing on the net.
INFO: [Physopt 32-702] Processed net dados_aleatorios/resultado[4]_i_117__2_n_1. Optimizations did not improve timing on the net.
INFO: [Physopt 32-702] Processed net dados_aleatorios/resultado_reg[4]_i_48__2_n_3. Optimizations did not improve timing on the net.
INFO: [Physopt 32-702] Processed net dados_aleatorios/resultado[4]_i_85__2_n_1. Optimizations did not improve timing on the net.
INFO: [Physopt 32-702] Processed net dados_aleatorios/resultado[4]_i_55__2_n_1. Optimizations did not improve timing on the net.
INFO: [Physopt 32-702] Processed net dados_aleatorios/resultado_reg[4]_i_39__2_n_3. Optimizations did not improve timing on the net.
INFO: [Physopt 32-702] Processed net dados_aleatorios/resultado[4]_i_79__2_n_1. Optimizations did not improve timing on the net.
INFO: [Physopt 32-702] Processed net dados_aleatorios/resultado[4]_i_45__2_n_1. Optimizations did not improve timing on the net.
INFO: [Physopt 32-702] Processed net dados_aleatorios/resultado_reg[4]_i_81__2_n_3. Optimizations did not improve timing on the net.
INFO: [Physopt 32-702] Processed net dados_aleatorios/resultado[4]_i_110__2_n_1. Optimizations did not improve timing on the net.
INFO: [Physopt 32-702] Processed net dados_aleatorios/resultado[4]_i_83__2_n_1. Optimizations did not improve timing on the net.
INFO: [Physopt 32-702] Processed net dados_aleatorios/resultado_reg[4]_i_88__2_n_3. Optimizations did not improve timing on the net.
INFO: [Physopt 32-702] Processed net dados_aleatorios/resultado[4]_i_114__2_n_1. Optimizations did not improve timing on the net.
INFO: [Physopt 32-702] Processed net dados_aleatorios/puntuaciones2/instance_caso_eg/p_2_in[0]. Optimizations did not improve timing on the net.
INFO: [Physopt 32-702] Processed net dados_aleatorios/resultado_reg[4]_i_67__2_n_3. Optimizations did not improve timing on the net.
INFO: [Physopt 32-702] Processed net dados_aleatorios/resultado[4]_i_106__2_n_1. Optimizations did not improve timing on the net.
INFO: [Physopt 32-702] Processed net dados_aleatorios/resultado[4]_i_118__2_n_1. Optimizations did not improve timing on the net.
INFO: [Physopt 32-702] Processed net dados_aleatorios/resultado_reg[4]_i_66__2_n_3. Optimizations did not improve timing on the net.
INFO: [Physopt 32-702] Processed net dados_aleatorios/resultado[4]_i_104_n_1. Optimizations did not improve timing on the net.
INFO: [Physopt 32-702] Processed net dados_aleatorios/jugador_n_reg_0. Optimizations did not improve timing on the net.
INFO: [Physopt 32-702] Processed net clk_IBUF. Optimizations did not improve timing on the net.
INFO: [Physopt 32-702] Processed net clk. Optimizations did not improve timing on the net.
INFO: [Physopt 32-619] Estimated Timing Summary | WNS=-6.670 | TNS=-26.520 |
Netlist sorting complete. Time (s): cpu = 00:00:00 ; elapsed = 00:00:00.009 . Memory (MB): peak = 2058.688 ; gain = 0.000
Phase 3 Critical Path Optimization | Checksum: 1a9661e3b

Time (s): cpu = 00:00:10 ; elapsed = 00:00:06 . Memory (MB): peak = 2058.688 ; gain = 10.465

Phase 4 Critical Path Optimization
INFO: [Physopt 32-619] Estimated Timing Summary | WNS=-6.670 | TNS=-26.520 |
INFO: [Physopt 32-702] Processed net puntuaciones2/instance_caso_eg/resultado_reg[4]_0. Optimizations did not improve timing on the net.
INFO: [Physopt 32-702] Processed net dados_aleatorios/dados[0][0]. Optimizations did not improve timing on the net.
INFO: [Physopt 32-702] Processed net dados_aleatorios/resultado_reg[4]_i_8__2_n_6. Optimizations did not improve timing on the net.
INFO: [Physopt 32-702] Processed net dados_aleatorios/resultado[4]_i_24__2_n_1. Optimizations did not improve timing on the net.
INFO: [Physopt 32-702] Processed net dados_aleatorios/resultado_reg[4]_i_56__2_n_3. Optimizations did not improve timing on the net.
INFO: [Physopt 32-702] Processed net dados_aleatorios/resultado[4]_i_96__2_n_1. Optimizations did not improve timing on the net.
INFO: [Physopt 32-710] Processed net dados_aleatorios/resultado[4]_i_96__2_n_1. Critical path length was reduced through logic transformation on cell dados_aleatorios/resultado[4]_i_96__2_comp.
INFO: [Physopt 32-735] Processed net dados_aleatorios/resultado[4]_i_117__2_n_1. Optimization improves timing on the net.
INFO: [Physopt 32-619] Estimated Timing Summary | WNS=-6.669 | TNS=-26.506 |
INFO: [Physopt 32-702] Processed net puntuaciones1/instance_caso_ep/resultado_ep[0]. Optimizations did not improve timing on the net.
INFO: [Physopt 32-702] Processed net dados_aleatorios/resultado[4]_i_4_n_1. Optimizations did not improve timing on the net.
INFO: [Physopt 32-702] Processed net dados_aleatorios/resultado_reg[4]_i_8_n_7. Optimizations did not improve timing on the net.
INFO: [Physopt 32-702] Processed net dados_aleatorios/resultado[4]_i_24_n_1. Optimizations did not improve timing on the net.
INFO: [Physopt 32-702] Processed net dados_aleatorios/resultado_reg[4]_i_56_n_3. Optimizations did not improve timing on the net.
INFO: [Physopt 32-702] Processed net dados_aleatorios/resultado[4]_i_94_n_1. Optimizations did not improve timing on the net.
INFO: [Physopt 32-710] Processed net dados_aleatorios/resultado[4]_i_94_n_1. Critical path length was reduced through logic transformation on cell dados_aleatorios/resultado[4]_i_94_comp_1.
INFO: [Physopt 32-735] Processed net dados_aleatorios/resultado[4]_i_117_n_1. Optimization improves timing on the net.
INFO: [Physopt 32-619] Estimated Timing Summary | WNS=-6.665 | TNS=-26.412 |
INFO: [Physopt 32-702] Processed net puntuaciones1/instance_caso_eg/resultado_reg[4]_0. Optimizations did not improve timing on the net.
INFO: [Physopt 32-702] Processed net dados_aleatorios/resultado_reg[4]_i_8__0_n_6. Optimizations did not improve timing on the net.
INFO: [Physopt 32-702] Processed net dados_aleatorios/resultado[4]_i_24__0_n_1. Optimizations did not improve timing on the net.
INFO: [Physopt 32-702] Processed net dados_aleatorios/resultado_reg[4]_i_56__0_n_3. Optimizations did not improve timing on the net.
INFO: [Physopt 32-702] Processed net dados_aleatorios/resultado[4]_i_96__0_n_1. Optimizations did not improve timing on the net.
INFO: [Physopt 32-710] Processed net dados_aleatorios/resultado[4]_i_96__0_n_1. Critical path length was reduced through logic transformation on cell dados_aleatorios/resultado[4]_i_96__0_comp.
INFO: [Physopt 32-735] Processed net dados_aleatorios/resultado[4]_i_117__0_n_1. Optimization improves timing on the net.
INFO: [Physopt 32-619] Estimated Timing Summary | WNS=-6.656 | TNS=-26.403 |
INFO: [Physopt 32-608] Optimized 1 net.  Swapped 18 pins.
INFO: [Physopt 32-735] Processed net dados_aleatorios/resultado[4]_i_94__0_n_1. Optimization improves timing on the net.
INFO: [Physopt 32-619] Estimated Timing Summary | WNS=-6.656 | TNS=-26.395 |
INFO: [Physopt 32-663] Processed net dados_aleatorios/resultado[4]_i_94__2_n_1.  Re-placed instance dados_aleatorios/resultado[4]_i_94__2_comp_1
INFO: [Physopt 32-735] Processed net dados_aleatorios/resultado[4]_i_94__2_n_1. Optimization improves timing on the net.
INFO: [Physopt 32-619] Estimated Timing Summary | WNS=-6.648 | TNS=-26.181 |
INFO: [Physopt 32-710] Processed net dados_aleatorios/resultado[4]_i_96__0_n_1. Critical path length was reduced through logic transformation on cell dados_aleatorios/resultado[4]_i_96__0_comp_1.
INFO: [Physopt 32-735] Processed net dados_aleatorios/resultado[4]_i_61__0_n_1. Optimization improves timing on the net.
INFO: [Physopt 32-619] Estimated Timing Summary | WNS=-6.575 | TNS=-26.099 |
INFO: [Physopt 32-702] Processed net dados_aleatorios/resultado[4]_i_96_n_1. Optimizations did not improve timing on the net.
INFO: [Physopt 32-710] Processed net dados_aleatorios/resultado[4]_i_96_n_1. Critical path length was reduced through logic transformation on cell dados_aleatorios/resultado[4]_i_96_comp_1.
INFO: [Physopt 32-735] Processed net dados_aleatorios/resultado[4]_i_117_n_1. Optimization improves timing on the net.
INFO: [Physopt 32-619] Estimated Timing Summary | WNS=-6.566 | TNS=-26.007 |
INFO: [Physopt 32-702] Processed net dados_aleatorios/resultado[4]_i_94__0_n_1. Optimizations did not improve timing on the net.
INFO: [Physopt 32-702] Processed net dados_aleatorios/resultado_reg[4]_i_48__0_n_3. Optimizations did not improve timing on the net.
INFO: [Physopt 32-702] Processed net dados_aleatorios/resultado[4]_i_85__0_n_1. Optimizations did not improve timing on the net.
INFO: [Physopt 32-702] Processed net dados_aleatorios/resultado[4]_i_55__0_n_1. Optimizations did not improve timing on the net.
INFO: [Physopt 32-702] Processed net dados_aleatorios/resultado_reg[4]_i_39__0_n_3. Optimizations did not improve timing on the net.
INFO: [Physopt 32-702] Processed net dados_aleatorios/resultado[4]_i_79__0_n_1. Optimizations did not improve timing on the net.
INFO: [Physopt 32-702] Processed net dados_aleatorios/resultado[4]_i_45__0_n_1_repN. Optimizations did not improve timing on the net.
INFO: [Physopt 32-702] Processed net dados_aleatorios/resultado_reg[4]_i_81__0_n_3. Optimizations did not improve timing on the net.
INFO: [Physopt 32-702] Processed net dados_aleatorios/resultado[4]_i_110__0_n_1. Optimizations did not improve timing on the net.
INFO: [Physopt 32-702] Processed net dados_aleatorios/resultado[4]_i_119__0_n_1. Optimizations did not improve timing on the net.
INFO: [Physopt 32-702] Processed net dados_aleatorios/puntuaciones1/instance_caso_eg/p_0_in. Optimizations did not improve timing on the net.
INFO: [Physopt 32-702] Processed net dados_aleatorios/resultado[4]_i_71__0_n_1. Optimizations did not improve timing on the net.
INFO: [Physopt 32-702] Processed net dados_aleatorios/puntuaciones1/instance_caso_eg/p_1_in__0[1]. Optimizations did not improve timing on the net.
INFO: [Physopt 32-702] Processed net dados_aleatorios/resultado_reg[4]_i_67__0_n_3. Optimizations did not improve timing on the net.
INFO: [Physopt 32-608] Optimized 1 net.  Swapped 22 pins.
INFO: [Physopt 32-735] Processed net dados_aleatorios/resultado[4]_i_106__0_n_1. Optimization improves timing on the net.
INFO: [Physopt 32-619] Estimated Timing Summary | WNS=-6.515 | TNS=-25.886 |
INFO: [Physopt 32-702] Processed net puntuaciones2/instance_caso_ep/resultado_ep[0]. Optimizations did not improve timing on the net.
INFO: [Physopt 32-702] Processed net dados_aleatorios/resultado[4]_i_4__1_n_1. Optimizations did not improve timing on the net.
INFO: [Physopt 32-702] Processed net dados_aleatorios/resultado_reg[4]_i_8__1_n_6. Optimizations did not improve timing on the net.
INFO: [Physopt 32-702] Processed net dados_aleatorios/resultado[4]_i_24__1_n_1. Optimizations did not improve timing on the net.
INFO: [Physopt 32-702] Processed net dados_aleatorios/resultado_reg[4]_i_56__1_n_3. Optimizations did not improve timing on the net.
INFO: [Physopt 32-702] Processed net dados_aleatorios/resultado[4]_i_94__1_n_1. Optimizations did not improve timing on the net.
INFO: [Physopt 32-702] Processed net dados_aleatorios/resultado_reg[4]_i_48__1_n_3. Optimizations did not improve timing on the net.
INFO: [Physopt 32-702] Processed net dados_aleatorios/resultado[4]_i_85__1_n_1. Optimizations did not improve timing on the net.
INFO: [Physopt 32-702] Processed net dados_aleatorios/resultado[4]_i_55__1_n_1. Optimizations did not improve timing on the net.
INFO: [Physopt 32-702] Processed net dados_aleatorios/resultado_reg[4]_i_39__1_n_3. Optimizations did not improve timing on the net.
INFO: [Physopt 32-702] Processed net dados_aleatorios/resultado[4]_i_79__1_n_1. Optimizations did not improve timing on the net.
INFO: [Physopt 32-702] Processed net dados_aleatorios/resultado[4]_i_45__1_n_1. Optimizations did not improve timing on the net.
INFO: [Physopt 32-702] Processed net dados_aleatorios/resultado_reg[4]_i_81__1_n_3. Optimizations did not improve timing on the net.
INFO: [Physopt 32-702] Processed net dados_aleatorios/resultado[4]_i_110__1_n_1. Optimizations did not improve timing on the net.
INFO: [Physopt 32-702] Processed net dados_aleatorios/resultado[4]_i_83__1_n_1. Optimizations did not improve timing on the net.
INFO: [Physopt 32-702] Processed net dados_aleatorios/resultado_reg[4]_i_88__1_n_3. Optimizations did not improve timing on the net.
INFO: [Physopt 32-702] Processed net dados_aleatorios/resultado[4]_i_116__1_n_1. Optimizations did not improve timing on the net.
INFO: [Physopt 32-702] Processed net dados_aleatorios/resultado[4]_i_123__1_n_1. Optimizations did not improve timing on the net.
INFO: [Physopt 32-702] Processed net dados_aleatorios/resultado_reg[4]_i_67__1_n_3. Optimizations did not improve timing on the net.
INFO: [Physopt 32-663] Processed net dados_aleatorios/resultado[4]_i_106__1_n_1.  Re-placed instance dados_aleatorios/resultado[4]_i_106__1_comp
INFO: [Physopt 32-735] Processed net dados_aleatorios/resultado[4]_i_106__1_n_1. Optimization improves timing on the net.
INFO: [Physopt 32-619] Estimated Timing Summary | WNS=-6.498 | TNS=-25.869 |
INFO: [Physopt 32-702] Processed net dados_aleatorios/resultado[4]_i_106__1_n_1. Optimizations did not improve timing on the net.
INFO: [Physopt 32-702] Processed net dados_aleatorios/resultado_reg[4]_i_66__1_n_3. Optimizations did not improve timing on the net.
INFO: [Physopt 32-608] Optimized 1 net.  Swapped 14 pins.
INFO: [Physopt 32-735] Processed net dados_aleatorios/resultado[4]_i_104__2_n_1. Optimization improves timing on the net.
INFO: [Physopt 32-619] Estimated Timing Summary | WNS=-6.483 | TNS=-25.785 |
INFO: [Physopt 32-702] Processed net dados_aleatorios/resultado_reg[4]_i_48_n_3. Optimizations did not improve timing on the net.
INFO: [Physopt 32-663] Processed net dados_aleatorios/resultado[4]_i_84_n_1.  Re-placed instance dados_aleatorios/resultado[4]_i_84
INFO: [Physopt 32-735] Processed net dados_aleatorios/resultado[4]_i_84_n_1. Optimization improves timing on the net.
INFO: [Physopt 32-619] Estimated Timing Summary | WNS=-6.478 | TNS=-25.780 |
INFO: [Physopt 32-702] Processed net dados_aleatorios/resultado[4]_i_87_n_1. Optimizations did not improve timing on the net.
INFO: [Physopt 32-663] Processed net dados_aleatorios/resultado[4]_i_65_n_1.  Re-placed instance dados_aleatorios/resultado[4]_i_65
INFO: [Physopt 32-735] Processed net dados_aleatorios/resultado[4]_i_65_n_1. Optimization improves timing on the net.
INFO: [Physopt 32-619] Estimated Timing Summary | WNS=-6.445 | TNS=-25.695 |
INFO: [Physopt 32-702] Processed net dados_aleatorios/resultado[4]_i_106__0_n_1. Optimizations did not improve timing on the net.
INFO: [Physopt 32-702] Processed net dados_aleatorios/resultado_reg[4]_i_66__0_n_3. Optimizations did not improve timing on the net.
INFO: [Physopt 32-702] Processed net dados_aleatorios/resultado[4]_i_104__1_n_1. Optimizations did not improve timing on the net.
INFO: [Physopt 32-702] Processed net dados_aleatorios/resultado_reg[4]_0. Optimizations did not improve timing on the net.
INFO: [Physopt 32-702] Processed net clk_IBUF. Optimizations did not improve timing on the net.
INFO: [Physopt 32-702] Processed net clk. Optimizations did not improve timing on the net.
INFO: [Physopt 32-702] Processed net puntuaciones1/instance_caso_eg/resultado_reg[4]_0. Optimizations did not improve timing on the net.
INFO: [Physopt 32-702] Processed net dados_aleatorios/dados[0][0]. Optimizations did not improve timing on the net.
INFO: [Physopt 32-702] Processed net dados_aleatorios/resultado_reg[4]_i_8__0_n_6. Optimizations did not improve timing on the net.
INFO: [Physopt 32-702] Processed net dados_aleatorios/resultado[4]_i_24__0_n_1. Optimizations did not improve timing on the net.
INFO: [Physopt 32-702] Processed net dados_aleatorios/resultado_reg[4]_i_56__0_n_3. Optimizations did not improve timing on the net.
INFO: [Physopt 32-702] Processed net dados_aleatorios/resultado[4]_i_94__0_n_1. Optimizations did not improve timing on the net.
INFO: [Physopt 32-702] Processed net dados_aleatorios/resultado_reg[4]_i_48__0_n_3. Optimizations did not improve timing on the net.
INFO: [Physopt 32-702] Processed net dados_aleatorios/resultado[4]_i_85__0_n_1. Optimizations did not improve timing on the net.
INFO: [Physopt 32-702] Processed net dados_aleatorios/resultado[4]_i_55__0_n_1. Optimizations did not improve timing on the net.
INFO: [Physopt 32-702] Processed net dados_aleatorios/resultado_reg[4]_i_39__0_n_3. Optimizations did not improve timing on the net.
INFO: [Physopt 32-702] Processed net dados_aleatorios/resultado[4]_i_79__0_n_1. Optimizations did not improve timing on the net.
INFO: [Physopt 32-702] Processed net dados_aleatorios/resultado[4]_i_45__0_n_1_repN. Optimizations did not improve timing on the net.
INFO: [Physopt 32-702] Processed net dados_aleatorios/resultado_reg[4]_i_81__0_n_3. Optimizations did not improve timing on the net.
INFO: [Physopt 32-702] Processed net dados_aleatorios/resultado[4]_i_110__0_n_1. Optimizations did not improve timing on the net.
INFO: [Physopt 32-702] Processed net dados_aleatorios/resultado[4]_i_119__0_n_1. Optimizations did not improve timing on the net.
INFO: [Physopt 32-702] Processed net dados_aleatorios/puntuaciones1/instance_caso_eg/p_0_in. Optimizations did not improve timing on the net.
INFO: [Physopt 32-702] Processed net dados_aleatorios/resultado[4]_i_71__0_n_1. Optimizations did not improve timing on the net.
INFO: [Physopt 32-702] Processed net dados_aleatorios/puntuaciones1/instance_caso_eg/p_1_in__0[1]. Optimizations did not improve timing on the net.
INFO: [Physopt 32-702] Processed net dados_aleatorios/resultado_reg[4]_i_67__0_n_3. Optimizations did not improve timing on the net.
INFO: [Physopt 32-702] Processed net dados_aleatorios/resultado[4]_i_106__0_n_1. Optimizations did not improve timing on the net.
INFO: [Physopt 32-702] Processed net dados_aleatorios/resultado_reg[4]_i_66__0_n_3. Optimizations did not improve timing on the net.
INFO: [Physopt 32-702] Processed net dados_aleatorios/resultado[4]_i_104__1_n_1. Optimizations did not improve timing on the net.
INFO: [Physopt 32-702] Processed net dados_aleatorios/resultado_reg[4]_0. Optimizations did not improve timing on the net.
INFO: [Physopt 32-702] Processed net clk_IBUF. Optimizations did not improve timing on the net.
INFO: [Physopt 32-702] Processed net clk. Optimizations did not improve timing on the net.
INFO: [Physopt 32-619] Estimated Timing Summary | WNS=-6.445 | TNS=-25.695 |
Netlist sorting complete. Time (s): cpu = 00:00:00 ; elapsed = 00:00:00.008 . Memory (MB): peak = 2066.574 ; gain = 0.000
Phase 4 Critical Path Optimization | Checksum: 1a9661e3b

Time (s): cpu = 00:00:15 ; elapsed = 00:00:08 . Memory (MB): peak = 2066.574 ; gain = 18.352
Netlist sorting complete. Time (s): cpu = 00:00:00 ; elapsed = 00:00:00.001 . Memory (MB): peak = 2066.574 ; gain = 0.000
INFO: [Physopt 32-603] Post Physical Optimization Timing Summary | WNS=-6.445 | TNS=-25.695 |

Summary of Physical Synthesis Optimizations
============================================


-------------------------------------------------------------------------------------------------------------------------------------------------------------
|  Optimization   |  WNS Gain (ns)  |  TNS Gain (ns)  |  Added Cells  |  Removed Cells  |  Optimized Cells/Nets  |  Dont Touch  |  Iterations  |  Elapsed   |
-------------------------------------------------------------------------------------------------------------------------------------------------------------
|  DSP Register   |          0.000  |          0.000  |            0  |              0  |                     0  |           0  |           1  |  00:00:00  |
|  Critical Path  |          0.882  |          3.275  |            5  |              0  |                    55  |           0  |           2  |  00:00:08  |
|  Total          |          0.882  |          3.275  |            5  |              0  |                    55  |           0  |           3  |  00:00:08  |
-------------------------------------------------------------------------------------------------------------------------------------------------------------


Netlist sorting complete. Time (s): cpu = 00:00:00 ; elapsed = 00:00:00 . Memory (MB): peak = 2066.574 ; gain = 0.000
Ending Physical Synthesis Task | Checksum: 2420eaaf7

Time (s): cpu = 00:00:15 ; elapsed = 00:00:08 . Memory (MB): peak = 2066.574 ; gain = 18.352
INFO: [Common 17-83] Releasing license: Implementation
465 Infos, 0 Warnings, 0 Critical Warnings and 0 Errors encountered.
phys_opt_design completed successfully
phys_opt_design: Time (s): cpu = 00:00:16 ; elapsed = 00:00:09 . Memory (MB): peak = 2066.574 ; gain = 29.707
INFO: [Timing 38-480] Writing timing data to binary archive.
Write ShapeDB Complete: Time (s): cpu = 00:00:00 ; elapsed = 00:00:00.004 . Memory (MB): peak = 2076.715 ; gain = 0.012
Wrote PlaceDB: Time (s): cpu = 00:00:00 ; elapsed = 00:00:00.158 . Memory (MB): peak = 2076.715 ; gain = 0.000
Wrote PulsedLatchDB: Time (s): cpu = 00:00:00 ; elapsed = 00:00:00 . Memory (MB): peak = 2076.715 ; gain = 0.000
Writing XDEF routing.
Writing XDEF routing logical nets.
Writing XDEF routing special nets.
Wrote RouteStorage: Time (s): cpu = 00:00:00 ; elapsed = 00:00:00.022 . Memory (MB): peak = 2076.715 ; gain = 0.000
Wrote Netlist Cache: Time (s): cpu = 00:00:00 ; elapsed = 00:00:00.004 . Memory (MB): peak = 2076.715 ; gain = 0.000
Wrote Device Cache: Time (s): cpu = 00:00:00 ; elapsed = 00:00:00.007 . Memory (MB): peak = 2076.715 ; gain = 0.000
Write Physdb Complete: Time (s): cpu = 00:00:00 ; elapsed = 00:00:00.199 . Memory (MB): peak = 2076.715 ; gain = 0.000
INFO: [Common 17-1381] The checkpoint 'C:/Users/usuario/Github/G23SED/FPGA/GLOBAL_V1/ESTRUCTURAL_1_1/DISPLAY.runs/impl_1/YAHTZEE_physopt.dcp' has been generated.
Command: route_design
Attempting to get a license for feature 'Implementation' and/or device 'xc7a100t'
INFO: [Common 17-349] Got license for feature 'Implementation' and/or device 'xc7a100t'
INFO: [DRC 23-27] Running DRC with 2 threads
INFO: [Vivado_Tcl 4-198] DRC finished with 0 Errors
INFO: [Vivado_Tcl 4-199] Please refer to the DRC report (report_drc) for more information.
Running DRC as a precondition to command route_design
INFO: [DRC 23-27] Running DRC with 2 threads
INFO: [Vivado_Tcl 4-198] DRC finished with 0 Errors
INFO: [Vivado_Tcl 4-199] Please refer to the DRC report (report_drc) for more information.


Starting Routing Task
INFO: [Route 35-254] Multithreading enabled for route_design using a maximum of 8 CPUs

Phase 1 Build RT Design
Checksum: PlaceDB: 7f417403 ConstDB: 0 ShapeSum: e6339cbb RouteDB: b1d25f96
Post Restoration Checksum: NetGraph: 61b2d279 | NumContArr: 34c5e242 | Constraints: c2a8fa9d | Timing: c2a8fa9d
Phase 1 Build RT Design | Checksum: 21bcaa9f5

Time (s): cpu = 00:00:42 ; elapsed = 00:00:37 . Memory (MB): peak = 2223.832 ; gain = 126.672

Phase 2 Router Initialization

Phase 2.1 Fix Topology Constraints
Phase 2.1 Fix Topology Constraints | Checksum: 21bcaa9f5

Time (s): cpu = 00:00:42 ; elapsed = 00:00:37 . Memory (MB): peak = 2223.832 ; gain = 126.672

Phase 2.2 Pre Route Cleanup
Phase 2.2 Pre Route Cleanup | Checksum: 21bcaa9f5

Time (s): cpu = 00:00:42 ; elapsed = 00:00:37 . Memory (MB): peak = 2223.832 ; gain = 126.672
 Number of Nodes with overlaps = 0

Phase 2.3 Update Timing
Phase 2.3 Update Timing | Checksum: 2831ac578

Time (s): cpu = 00:00:44 ; elapsed = 00:00:38 . Memory (MB): peak = 2283.516 ; gain = 186.355
INFO: [Route 35-416] Intermediate Timing Summary | WNS=-5.992 | TNS=-23.837| WHS=-0.134 | THS=-6.331 |


Router Utilization Summary
  Global Vertical Routing Utilization    = 0.00461331 %
  Global Horizontal Routing Utilization  = 0.004973 %
  Routable Net Status*
  *Does not include unroutable nets such as driverless and loadless.
  Run report_route_status for detailed report.
  Number of Failed Nets               = 1203
    (Failed Nets is the sum of unrouted and partially routed nets)
  Number of Unrouted Nets             = 1199
  Number of Partially Routed Nets     = 4
  Number of Node Overlaps             = 1

Phase 2 Router Initialization | Checksum: 2c7380a29

Time (s): cpu = 00:00:45 ; elapsed = 00:00:39 . Memory (MB): peak = 2288.750 ; gain = 191.590

Phase 3 Global Routing
Phase 3 Global Routing | Checksum: 2c7380a29

Time (s): cpu = 00:00:45 ; elapsed = 00:00:39 . Memory (MB): peak = 2288.750 ; gain = 191.590

Phase 4 Initial Routing

Phase 4.1 Initial Net Routing Pass
Phase 4.1 Initial Net Routing Pass | Checksum: 20fa5c656

Time (s): cpu = 00:00:45 ; elapsed = 00:00:39 . Memory (MB): peak = 2288.750 ; gain = 191.590
Phase 4 Initial Routing | Checksum: 20fa5c656

Time (s): cpu = 00:00:45 ; elapsed = 00:00:39 . Memory (MB): peak = 2288.750 ; gain = 191.590
INFO: [Route 35-580] Design has 1 pins with tight setup and hold constraints.

The top 5 pins with tight setup and hold constraints:

+====================+===================+===================================================+
| Launch Setup Clock | Launch Hold Clock | Pin                                               |
+====================+===================+===================================================+
| sys_clk_pin        | sys_clk_pin       | puntuaciones1/instance_caso_eg/resultado_reg[4]/D |
+--------------------+-------------------+---------------------------------------------------+

File with complete list of pins: tight_setup_hold_pins.txt


Phase 5 Rip-up And Reroute

Phase 5.1 Global Iteration 0
 Number of Nodes with overlaps = 669
 Number of Nodes with overlaps = 202
 Number of Nodes with overlaps = 83
 Number of Nodes with overlaps = 46
 Number of Nodes with overlaps = 13
 Number of Nodes with overlaps = 12
 Number of Nodes with overlaps = 10
 Number of Nodes with overlaps = 7
 Number of Nodes with overlaps = 2
 Number of Nodes with overlaps = 1
 Number of Nodes with overlaps = 0
INFO: [Route 35-416] Intermediate Timing Summary | WNS=-7.633 | TNS=-29.867| WHS=N/A    | THS=N/A    |

Phase 5.1 Global Iteration 0 | Checksum: 20bd1b413

Time (s): cpu = 00:00:52 ; elapsed = 00:00:42 . Memory (MB): peak = 2317.531 ; gain = 220.371

Phase 5.2 Global Iteration 1
 Number of Nodes with overlaps = 151
 Number of Nodes with overlaps = 68
 Number of Nodes with overlaps = 42
 Number of Nodes with overlaps = 12
 Number of Nodes with overlaps = 10
 Number of Nodes with overlaps = 4
 Number of Nodes with overlaps = 1
 Number of Nodes with overlaps = 1
 Number of Nodes with overlaps = 0
INFO: [Route 35-416] Intermediate Timing Summary | WNS=-7.662 | TNS=-28.996| WHS=N/A    | THS=N/A    |

Phase 5.2 Global Iteration 1 | Checksum: 170c468bc

Time (s): cpu = 00:00:56 ; elapsed = 00:00:44 . Memory (MB): peak = 2317.531 ; gain = 220.371
Phase 5 Rip-up And Reroute | Checksum: 170c468bc

Time (s): cpu = 00:00:56 ; elapsed = 00:00:44 . Memory (MB): peak = 2317.531 ; gain = 220.371

Phase 6 Delay and Skew Optimization

Phase 6.1 Delay CleanUp

Phase 6.1.1 Update Timing
Phase 6.1.1 Update Timing | Checksum: 25d207fc7

Time (s): cpu = 00:00:56 ; elapsed = 00:00:44 . Memory (MB): peak = 2317.531 ; gain = 220.371
INFO: [Route 35-416] Intermediate Timing Summary | WNS=-7.553 | TNS=-29.547| WHS=N/A    | THS=N/A    |

 Number of Nodes with overlaps = 0
Phase 6.1 Delay CleanUp | Checksum: 269108061

Time (s): cpu = 00:00:56 ; elapsed = 00:00:44 . Memory (MB): peak = 2317.531 ; gain = 220.371

Phase 6.2 Clock Skew Optimization
Phase 6.2 Clock Skew Optimization | Checksum: 269108061

Time (s): cpu = 00:00:56 ; elapsed = 00:00:44 . Memory (MB): peak = 2317.531 ; gain = 220.371
Phase 6 Delay and Skew Optimization | Checksum: 269108061

Time (s): cpu = 00:00:56 ; elapsed = 00:00:44 . Memory (MB): peak = 2317.531 ; gain = 220.371

Phase 7 Post Hold Fix

Phase 7.1 Hold Fix Iter
INFO: [Route 35-416] Intermediate Timing Summary | WNS=-7.531 | TNS=-29.256| WHS=0.108  | THS=0.000  |

Phase 7.1 Hold Fix Iter | Checksum: 1e1858c87

Time (s): cpu = 00:00:56 ; elapsed = 00:00:44 . Memory (MB): peak = 2317.531 ; gain = 220.371
Phase 7 Post Hold Fix | Checksum: 1e1858c87

Time (s): cpu = 00:00:56 ; elapsed = 00:00:44 . Memory (MB): peak = 2317.531 ; gain = 220.371

Phase 8 Route finalize

Router Utilization Summary
  Global Vertical Routing Utilization    = 0.249249 %
  Global Horizontal Routing Utilization  = 0.269537 %
  Routable Net Status*
  *Does not include unroutable nets such as driverless and loadless.
  Run report_route_status for detailed report.
  Number of Failed Nets               = 0
    (Failed Nets is the sum of unrouted and partially routed nets)
  Number of Unrouted Nets             = 0
  Number of Partially Routed Nets     = 0
  Number of Node Overlaps             = 0


--GLOBAL Congestion:
Utilization threshold used for congestion level computation: 0.85
Congestion Report
North Dir 1x1 Area, Max Cong = 34.2342%, No Congested Regions.
South Dir 1x1 Area, Max Cong = 27.027%, No Congested Regions.
East Dir 1x1 Area, Max Cong = 30.8824%, No Congested Regions.
West Dir 1x1 Area, Max Cong = 38.2353%, No Congested Regions.

------------------------------
Reporting congestion hotspots
------------------------------
Direction: North
----------------
Congested clusters found at Level 0
Effective congestion level: 0 Aspect Ratio: 1 Sparse Ratio: 0
Direction: South
----------------
Congested clusters found at Level 0
Effective congestion level: 0 Aspect Ratio: 1 Sparse Ratio: 0
Direction: East
----------------
Congested clusters found at Level 0
Effective congestion level: 0 Aspect Ratio: 1 Sparse Ratio: 0
Direction: West
----------------
Congested clusters found at Level 0
Effective congestion level: 0 Aspect Ratio: 1 Sparse Ratio: 0

Phase 8 Route finalize | Checksum: 1e1858c87

Time (s): cpu = 00:00:56 ; elapsed = 00:00:44 . Memory (MB): peak = 2317.531 ; gain = 220.371

Phase 9 Verifying routed nets

 Verification completed successfully
Phase 9 Verifying routed nets | Checksum: 1e1858c87

Time (s): cpu = 00:00:56 ; elapsed = 00:00:44 . Memory (MB): peak = 2317.531 ; gain = 220.371

Phase 10 Depositing Routes
Phase 10 Depositing Routes | Checksum: 1c918f3be

Time (s): cpu = 00:00:57 ; elapsed = 00:00:44 . Memory (MB): peak = 2317.531 ; gain = 220.371

Phase 11 Post Process Routing
Phase 11 Post Process Routing | Checksum: 1c918f3be

Time (s): cpu = 00:00:57 ; elapsed = 00:00:44 . Memory (MB): peak = 2317.531 ; gain = 220.371

Phase 12 Post Router Timing
INFO: [Route 35-57] Estimated Timing Summary | WNS=-7.531 | TNS=-29.256| WHS=0.108  | THS=0.000  |

WARNING: [Route 35-328] Router estimated timing not met.
Resolution: For a complete and accurate timing signoff, report_timing_summary must be run after route_design. Alternatively, route_design can be run with the -timing_summary option to enable a complete timing signoff at the end of route_design.
Phase 12 Post Router Timing | Checksum: 1c918f3be

Time (s): cpu = 00:00:57 ; elapsed = 00:00:44 . Memory (MB): peak = 2317.531 ; gain = 220.371
Total Elapsed time in route_design: 44.273 secs

Phase 13 Post-Route Event Processing
Phase 13 Post-Route Event Processing | Checksum: 2520627b9

Time (s): cpu = 00:00:57 ; elapsed = 00:00:44 . Memory (MB): peak = 2317.531 ; gain = 220.371
INFO: [Route 35-16] Router Completed Successfully
Ending Routing Task | Checksum: 2520627b9

Time (s): cpu = 00:00:57 ; elapsed = 00:00:44 . Memory (MB): peak = 2317.531 ; gain = 220.371

Routing Is Done.
INFO: [Common 17-83] Releasing license: Implementation
484 Infos, 1 Warnings, 0 Critical Warnings and 0 Errors encountered.
route_design completed successfully
route_design: Time (s): cpu = 00:01:00 ; elapsed = 00:00:47 . Memory (MB): peak = 2317.531 ; gain = 240.816
INFO: [Vivado 12-24828] Executing command : report_drc -file YAHTZEE_drc_routed.rpt -pb YAHTZEE_drc_routed.pb -rpx YAHTZEE_drc_routed.rpx
Command: report_drc -file YAHTZEE_drc_routed.rpt -pb YAHTZEE_drc_routed.pb -rpx YAHTZEE_drc_routed.rpx
INFO: [IP_Flow 19-1839] IP Catalog is up to date.
INFO: [DRC 23-27] Running DRC with 2 threads
INFO: [Vivado_Tcl 2-168] The results of DRC are in file C:/Users/usuario/Github/G23SED/FPGA/GLOBAL_V1/ESTRUCTURAL_1_1/DISPLAY.runs/impl_1/YAHTZEE_drc_routed.rpt.
report_drc completed successfully
INFO: [Vivado 12-24828] Executing command : report_methodology -file YAHTZEE_methodology_drc_routed.rpt -pb YAHTZEE_methodology_drc_routed.pb -rpx YAHTZEE_methodology_drc_routed.rpx
Command: report_methodology -file YAHTZEE_methodology_drc_routed.rpt -pb YAHTZEE_methodology_drc_routed.pb -rpx YAHTZEE_methodology_drc_routed.rpx
INFO: [Timing 38-35] Done setting XDC timing constraints.
INFO: [DRC 23-133] Running Methodology with 2 threads
INFO: [Vivado_Tcl 2-1520] The results of Report Methodology are in file C:/Users/usuario/Github/G23SED/FPGA/GLOBAL_V1/ESTRUCTURAL_1_1/DISPLAY.runs/impl_1/YAHTZEE_methodology_drc_routed.rpt.
report_methodology completed successfully
INFO: [Vivado 12-24828] Executing command : report_timing_summary -max_paths 10 -report_unconstrained -file YAHTZEE_timing_summary_routed.rpt -pb YAHTZEE_timing_summary_routed.pb -rpx YAHTZEE_timing_summary_routed.rpx -warn_on_violation 
INFO: [Timing 38-35] Done setting XDC timing constraints.
INFO: [Timing 38-91] UpdateTimingParams: Speed grade: -1, Delay Type: min_max.
INFO: [Timing 38-191] Multithreading enabled for timing update using a maximum of 2 CPUs
CRITICAL WARNING: [Timing 38-282] The design failed to meet the timing requirements. Please see the timing summary report for details on the timing violations.
INFO: [Vivado 12-24838] Running report commands "report_incremental_reuse, report_route_status" in parallel.
Running report generation with 2 threads.
INFO: [Vivado 12-24828] Executing command : report_incremental_reuse -file YAHTZEE_incremental_reuse_routed.rpt
INFO: [Vivado_Tcl 4-1062] Incremental flow is disabled. No incremental reuse Info to report.
INFO: [Vivado 12-24828] Executing command : report_route_status -file YAHTZEE_route_status.rpt -pb YAHTZEE_route_status.pb
INFO: [Vivado 12-24828] Executing command : report_power -file YAHTZEE_power_routed.rpt -pb YAHTZEE_power_summary_routed.pb -rpx YAHTZEE_power_routed.rpx
Command: report_power -file YAHTZEE_power_routed.rpt -pb YAHTZEE_power_summary_routed.pb -rpx YAHTZEE_power_routed.rpx
Running Vector-less Activity Propagation...

Finished Running Vector-less Activity Propagation
501 Infos, 1 Warnings, 1 Critical Warnings and 0 Errors encountered.
report_power completed successfully
INFO: [Vivado 12-24828] Executing command : report_clock_utilization -file YAHTZEE_clock_utilization_routed.rpt
WARNING: [Device 21-9320] Failed to find the Oracle tile group with name 'HSR_BOUNDARY_TOP'. This is required for Clock regions and Virtual grid.
WARNING: [Device 21-2174] Failed to initialize Virtual grid.
INFO: [Vivado 12-24828] Executing command : report_bus_skew -warn_on_violation -file YAHTZEE_bus_skew_routed.rpt -pb YAHTZEE_bus_skew_routed.pb -rpx YAHTZEE_bus_skew_routed.rpx
INFO: [Timing 38-91] UpdateTimingParams: Speed grade: -1, Delay Type: min_max.
INFO: [Timing 38-191] Multithreading enabled for timing update using a maximum of 2 CPUs
INFO: [Timing 38-480] Writing timing data to binary archive.
Write ShapeDB Complete: Time (s): cpu = 00:00:00 ; elapsed = 00:00:00.005 . Memory (MB): peak = 2317.531 ; gain = 0.000
Wrote PlaceDB: Time (s): cpu = 00:00:01 ; elapsed = 00:00:00.229 . Memory (MB): peak = 2317.531 ; gain = 0.000
Wrote PulsedLatchDB: Time (s): cpu = 00:00:00 ; elapsed = 00:00:00 . Memory (MB): peak = 2317.531 ; gain = 0.000
Writing XDEF routing.
Writing XDEF routing logical nets.
Writing XDEF routing special nets.
Wrote RouteStorage: Time (s): cpu = 00:00:00 ; elapsed = 00:00:00.052 . Memory (MB): peak = 2317.531 ; gain = 0.000
Wrote Netlist Cache: Time (s): cpu = 00:00:00 ; elapsed = 00:00:00.003 . Memory (MB): peak = 2317.531 ; gain = 0.000
Wrote Device Cache: Time (s): cpu = 00:00:00 ; elapsed = 00:00:00.008 . Memory (MB): peak = 2317.531 ; gain = 0.000
Write Physdb Complete: Time (s): cpu = 00:00:01 ; elapsed = 00:00:00.304 . Memory (MB): peak = 2317.531 ; gain = 0.000
INFO: [Common 17-1381] The checkpoint 'C:/Users/usuario/Github/G23SED/FPGA/GLOBAL_V1/ESTRUCTURAL_1_1/DISPLAY.runs/impl_1/YAHTZEE_routed.dcp' has been generated.
INFO: [Common 17-206] Exiting Vivado at Wed Jan 15 18:42:30 2025...
