2025-01-15 15:46:00,819 [INFO] Activator:176 - 


2025-01-15 15:46:00,828 [INFO] Activator:177 - !SESSION log4j initialized
2025-01-15 15:46:09,175 [INFO] LogOutputStream:77 - [STDOUT_REDIRECT] 
2025-01-15 15:46:09,699 [ERROR] ConfigurationRetriever:142 - IOException on connection: sw-center.st.com
2025-01-15 15:46:09,700 [ERROR] ConfigurationRetriever:142 - IOException on connection: sw-center.st.com
2025-01-15 15:46:09,701 [ERROR] ConfigurationRetriever:142 - IOException on connection: sw-center.st.com
2025-01-15 15:46:09,706 [ERROR] ConfigurationRetriever:142 - IOException on connection: sw-center.st.com
2025-01-15 15:46:09,707 [ERROR] ConfigurationRetriever:142 - IOException on connection: sw-center.st.com
2025-01-15 15:46:09,708 [ERROR] ConfigurationRetriever:142 - IOException on connection: sw-center.st.com
2025-01-15 15:46:11,738 [INFO] ApplicationProperties:184 - Using Application install path: C:\ST\STM32CubeIDE_1.17.0\STM32CubeIDE\plugins\com.st.stm32cube.common.mx_6.13.0.202411220809
2025-01-15 15:46:11,775 [INFO] DbMcusXml:78 - Set database path to: C:\ST\STM32CubeIDE_1.17.0\STM32CubeIDE\plugins\com.st.stm32cube.common.mx_6.13.0.202411220809\\db\/mcu/
2025-01-15 15:46:11,776 [INFO] ApiDb:274 - Set plugin database path to: C:\ST\STM32CubeIDE_1.17.0\STM32CubeIDE\plugins\com.st.stm32cube.common.mx_6.13.0.202411220809\\db\/plugins/boardmanager/
2025-01-15 15:46:11,776 [WARN] ApiDb:259 - Overriding images path with different value:  => C:\ST\STM32CubeIDE_1.17.0\STM32CubeIDE\plugins\com.st.stm32cube.common.mx_6.13.0.202411220809\\db\/plugins/mcufinder/images/
2025-01-15 15:46:11,791 [INFO] ApiDb:250 - Set database path to: C:\Users\usuario\.stmcufinder\plugins\mcufinder//mcu/
2025-01-15 15:46:11,794 [INFO] DbMcusAds:125 - Set database path to: C:\Users\usuario\.stmcufinder\plugins\mcufinder//mcu/
2025-01-15 15:46:11,799 [INFO] CrossReferenceDbSqlite:203 - Set database path to: C:\Users\usuario\.stmcufinder\plugins\mcufinder//mcu/cs/
2025-01-15 15:46:12,063 [INFO] RulesReader:64 - Compatibility file has been processed (297 Rules)
2025-01-15 15:46:12,275 [INFO] DbMcusXml:78 - Set database path to: C:\ST\STM32CubeIDE_1.17.0\STM32CubeIDE\plugins\com.st.stm32cube.common.mx_6.13.0.202411220809\\db\/mcu/
2025-01-15 15:46:12,276 [INFO] ApiDb:274 - Set plugin database path to: C:\ST\STM32CubeIDE_1.17.0\STM32CubeIDE\plugins\com.st.stm32cube.common.mx_6.13.0.202411220809\\db\/plugins/boardmanager/
2025-01-15 15:46:12,276 [INFO] ApiDb:261 - Set plugin images path to: C:\ST\STM32CubeIDE_1.17.0\STM32CubeIDE\plugins\com.st.stm32cube.common.mx_6.13.0.202411220809\\db\/plugins/mcufinder/images/
2025-01-15 15:46:12,276 [WARN] DbFile:41 - Overriding database path with different value: C:\Users\usuario\.stmcufinder\plugins\mcufinder/ => C:\Users\usuario\.stmcufinder\plugins\mcufinder
2025-01-15 15:46:12,277 [INFO] ApiDb:250 - Set database path to: C:\Users\usuario\.stmcufinder\plugins\mcufinder//mcu/
2025-01-15 15:46:12,277 [WARN] DbFile:41 - Overriding database path with different value: C:\Users\usuario\.stmcufinder\plugins\mcufinder/ => C:\Users\usuario\.stmcufinder\plugins\mcufinder
2025-01-15 15:46:12,277 [INFO] DbMcusAds:125 - Set database path to: C:\Users\usuario\.stmcufinder\plugins\mcufinder//mcu/
2025-01-15 15:46:12,277 [WARN] DbFile:41 - Overriding database path with different value: C:\Users\usuario\.stmcufinder\plugins\mcufinder/ => C:\Users\usuario\.stmcufinder\plugins\mcufinder
2025-01-15 15:46:12,278 [WARN] DbFile:41 - Overriding database path with different value: C:\Users\usuario\.stmcufinder\plugins\mcufinder/ => C:\Users\usuario\.stmcufinder\plugins\mcufinder
2025-01-15 15:46:12,278 [INFO] CrossReferenceDbSqlite:203 - Set database path to: C:\Users\usuario\.stmcufinder\plugins\mcufinder//mcu/cs/
2025-01-15 15:46:12,447 [INFO] MainPanel:272 - HeapMemory: 268435456
2025-01-15 15:46:12,690 [INFO] DbMcusXml:78 - Set database path to: C:\ST\STM32CubeIDE_1.17.0\STM32CubeIDE\plugins\com.st.stm32cube.common.mx_6.13.0.202411220809\\db\/mcu/
2025-01-15 15:46:12,691 [INFO] ApiDb:274 - Set plugin database path to: C:\ST\STM32CubeIDE_1.17.0\STM32CubeIDE\plugins\com.st.stm32cube.common.mx_6.13.0.202411220809\\db\/plugins/boardmanager/
2025-01-15 15:46:12,691 [INFO] ApiDb:261 - Set plugin images path to: C:\ST\STM32CubeIDE_1.17.0\STM32CubeIDE\plugins\com.st.stm32cube.common.mx_6.13.0.202411220809\\db\/plugins/mcufinder/images/
2025-01-15 15:46:12,692 [WARN] DbFile:41 - Overriding database path with different value: C:\Users\usuario\.stmcufinder\plugins\mcufinder/ => C:\Users\usuario\.stmcufinder\plugins\mcufinder
2025-01-15 15:46:12,692 [INFO] ApiDb:250 - Set database path to: C:\Users\usuario\.stmcufinder\plugins\mcufinder//mcu/
2025-01-15 15:46:12,693 [WARN] DbFile:41 - Overriding database path with different value: C:\Users\usuario\.stmcufinder\plugins\mcufinder/ => C:\Users\usuario\.stmcufinder\plugins\mcufinder
2025-01-15 15:46:12,693 [INFO] DbMcusAds:125 - Set database path to: C:\Users\usuario\.stmcufinder\plugins\mcufinder//mcu/
2025-01-15 15:46:12,693 [WARN] DbFile:41 - Overriding database path with different value: C:\Users\usuario\.stmcufinder\plugins\mcufinder/ => C:\Users\usuario\.stmcufinder\plugins\mcufinder
2025-01-15 15:46:12,693 [WARN] DbFile:41 - Overriding database path with different value: C:\Users\usuario\.stmcufinder\plugins\mcufinder/ => C:\Users\usuario\.stmcufinder\plugins\mcufinder
2025-01-15 15:46:12,694 [INFO] CrossReferenceDbSqlite:203 - Set database path to: C:\Users\usuario\.stmcufinder\plugins\mcufinder//mcu/cs/
2025-01-15 15:46:12,753 [INFO] ApplicationProperties:184 - Using Application install path: C:\ST\STM32CubeIDE_1.17.0\STM32CubeIDE\plugins\com.st.stm32cube.common.mx_6.13.0.202411220809
2025-01-15 15:46:12,756 [INFO] PluginManage:196 - Search for loadable plugins [exclusion list=, ]
2025-01-15 15:46:12,759 [INFO] PluginManage:310 - Check plugin analytics
2025-01-15 15:46:13,199 [INFO] AnalyticsPlugin:253 - Accepted Software Licenses: 
2025-01-15 15:46:13,200 [INFO] AnalyticsPlugin:255 - Accepted CMSIS Pack Licenses: 
2025-01-15 15:46:13,201 [INFO] AnalyticsPlugin:257 - Accepted Firmware Licenses: FW.F4.1.28.0
2025-01-15 15:46:13,207 [INFO] PluginManage:359 - Loaded plugin analytics (category:tool,tabindex:-1)
2025-01-15 15:46:13,208 [INFO] PluginManage:310 - Check plugin cadmodel
2025-01-15 15:46:13,217 [ERROR] ConfigurationRetriever:142 - IOException on connection: sw-center.st.com
2025-01-15 15:46:13,220 [ERROR] ConfigurationRetriever:142 - IOException on connection: sw-center.st.com
2025-01-15 15:46:13,225 [ERROR] ConfigurationRetriever:142 - IOException on connection: sw-center.st.com
2025-01-15 15:46:13,250 [INFO] CADModel:105 - Init CAD model plugin
2025-01-15 15:46:13,251 [INFO] PluginManage:359 - Loaded plugin cadmodel (category:power,tabindex:5)
2025-01-15 15:46:13,251 [INFO] PluginManage:310 - Check plugin clock
2025-01-15 15:46:13,331 [INFO] PluginManage:359 - Loaded plugin clock (category:base,tabindex:2)
2025-01-15 15:46:13,331 [INFO] PluginManage:310 - Check plugin ddr
2025-01-15 15:46:13,337 [INFO] PluginManage:359 - Loaded plugin ddr (category:tool,tabindex:6)
2025-01-15 15:46:13,337 [INFO] PluginManage:310 - Check plugin filemanager
2025-01-15 15:46:13,729 [INFO] PluginManage:359 - Loaded plugin filemanager (category:base,tabindex:10)
2025-01-15 15:46:13,729 [INFO] PluginManage:310 - Check plugin ipmanager
2025-01-15 15:46:13,744 [INFO] PluginManage:359 - Loaded plugin ipmanager (category:base,tabindex:5)
2025-01-15 15:46:13,744 [INFO] PluginManage:310 - Check plugin lpbam
2025-01-15 15:46:13,788 [INFO] PluginManage:359 - Loaded plugin lpbam (category:base,tabindex:0)
2025-01-15 15:46:13,788 [INFO] PluginManage:310 - Check plugin memorymap
2025-01-15 15:46:13,832 [INFO] PluginManage:359 - Loaded plugin memorymap (category:base,tabindex:4)
2025-01-15 15:46:13,833 [INFO] PluginManage:310 - Check plugin pinoutandconfiguration
2025-01-15 15:46:13,907 [INFO] PluginManage:359 - Loaded plugin pinoutandconfiguration (category:base,tabindex:1)
2025-01-15 15:46:13,907 [INFO] PluginManage:310 - Check plugin pinoutconfig
2025-01-15 15:46:14,145 [WARN] SupportedApi:132 - Cannot load RTOS API schema: s4s-elt-must-match.1: The content of 'definitions' must match (annotation?, (simpleType | complexType)?, (unique | key | keyref)*)). A problem was found starting at: attribute.
2025-01-15 15:46:14,497 [INFO] PluginManage:359 - Loaded plugin pinoutconfig (category:base,tabindex:0)
2025-01-15 15:46:14,498 [INFO] PluginManage:310 - Check plugin power
2025-01-15 15:46:14,547 [INFO] PluginManage:359 - Loaded plugin power (category:power,tabindex:4)
2025-01-15 15:46:14,548 [INFO] PluginManage:310 - Check plugin projectmanager
2025-01-15 15:46:14,582 [INFO] PluginManage:359 - Loaded plugin projectmanager (category:projectmanager,tabindex:4)
2025-01-15 15:46:14,582 [INFO] PluginManage:310 - Check plugin rif
2025-01-15 15:46:14,641 [INFO] PluginManage:359 - Loaded plugin rif (category:base,tabindex:3)
2025-01-15 15:46:14,641 [INFO] PluginManage:310 - Check plugin thirdparty
2025-01-15 15:46:15,304 [WARN] IntegrityCheckThread:84 - waiting for thirdparty lock release [integrity check]
2025-01-15 15:46:15,304 [INFO] IntegrityCheckThread:86 - entering critical section [integrity check]
2025-01-15 15:46:15,305 [INFO] ThirdPartyUpdaterWithRetryManager:70 - Updater plugin not ready yet. [1/15]
2025-01-15 15:46:15,307 [INFO] PluginManage:359 - Loaded plugin thirdparty (category:base,tabindex:-1)
2025-01-15 15:46:15,307 [INFO] PluginManage:310 - Check plugin tools
2025-01-15 15:46:15,374 [INFO] PluginManage:359 - Loaded plugin tools (category:base,tabindex:7)
2025-01-15 15:46:15,374 [INFO] PluginManage:310 - Check plugin tutovideos
2025-01-15 15:46:15,912 [INFO] PluginManage:359 - Loaded plugin tutovideos (category:base,tabindex:-1)
2025-01-15 15:46:15,913 [INFO] PluginManage:310 - Check plugin updater
2025-01-15 15:46:15,986 [INFO] PluginManage:359 - Loaded plugin updater (category:base,tabindex:12)
2025-01-15 15:46:15,986 [INFO] PluginManage:310 - Check plugin userauth
2025-01-15 15:46:15,995 [INFO] UserAuth:118 - Init User Auth plugin
2025-01-15 15:46:15,997 [INFO] PluginManage:359 - Loaded plugin userauth (category:base,tabindex:14)
2025-01-15 15:46:15,998 [INFO] PluginManage:283 - PluginManage : Loaded plugins [18]
2025-01-15 15:46:16,455 [INFO] PinOutPanel:1589 - setPackage(No Configuration,No Configuration)
2025-01-15 15:46:16,589 [INFO] CADModel:165 - CPN selected for project level
2025-01-15 15:46:16,589 [INFO] CADModel:114 - Register for checkConnection events
2025-01-15 15:46:16,640 [INFO] IPUIPlugin:80 - create IPUIPlugin
2025-01-15 15:46:16,640 [INFO] PluginManager:220 - loadIPPluginJar : add adc
2025-01-15 15:46:16,761 [INFO] IPUIPlugin:80 - create IPUIPlugin
2025-01-15 15:46:16,761 [INFO] PluginManager:220 - loadIPPluginJar : add aes
2025-01-15 15:46:16,897 [INFO] IPUIPlugin:80 - create IPUIPlugin
2025-01-15 15:46:16,897 [INFO] PluginManager:220 - loadIPPluginJar : add can
2025-01-15 15:46:16,951 [INFO] IPUIPlugin:80 - create IPUIPlugin
2025-01-15 15:46:16,951 [INFO] PluginManager:220 - loadIPPluginJar : add comp
2025-01-15 15:46:17,048 [INFO] IPUIPlugin:80 - create IPUIPlugin
2025-01-15 15:46:17,049 [INFO] PluginManager:220 - loadIPPluginJar : add cryp
2025-01-15 15:46:17,070 [INFO] IPUIPlugin:80 - create IPUIPlugin
2025-01-15 15:46:17,071 [INFO] PluginManager:220 - loadIPPluginJar : add ddr_ctrl_phy
2025-01-15 15:46:17,143 [INFO] IPUIPlugin:80 - create IPUIPlugin
2025-01-15 15:46:17,144 [INFO] PluginManager:220 - loadIPPluginJar : add dfsdm
2025-01-15 15:46:17,172 [INFO] IPUIPlugin:80 - create IPUIPlugin
2025-01-15 15:46:17,173 [INFO] PluginManager:220 - loadIPPluginJar : add dma
2025-01-15 15:46:17,265 [INFO] IPUIPlugin:80 - create IPUIPlugin
2025-01-15 15:46:17,265 [INFO] PluginManager:220 - loadIPPluginJar : add dma3
2025-01-15 15:46:17,346 [INFO] IPUIPlugin:80 - create IPUIPlugin
2025-01-15 15:46:17,347 [INFO] PluginManager:220 - loadIPPluginJar : add extmemmanager
2025-01-15 15:46:17,392 [INFO] IPUIPlugin:80 - create IPUIPlugin
2025-01-15 15:46:17,392 [INFO] PluginManager:220 - loadIPPluginJar : add fatfs
2025-01-15 15:46:17,494 [INFO] IPUIPlugin:80 - create IPUIPlugin
2025-01-15 15:46:17,494 [INFO] PluginManager:220 - loadIPPluginJar : add fmc
2025-01-15 15:46:17,520 [INFO] IPUIPlugin:80 - create IPUIPlugin
2025-01-15 15:46:17,520 [INFO] PluginManager:220 - loadIPPluginJar : add freertos
2025-01-15 15:46:17,559 [INFO] IPUIPlugin:80 - create IPUIPlugin
2025-01-15 15:46:17,560 [INFO] PluginManager:220 - loadIPPluginJar : add genericplugin
2025-01-15 15:46:17,768 [INFO] IPUIPlugin:80 - create IPUIPlugin
2025-01-15 15:46:17,768 [INFO] PluginManager:220 - loadIPPluginJar : add gfxmmu
2025-01-15 15:46:18,119 [INFO] IPUIPlugin:80 - create IPUIPlugin
2025-01-15 15:46:18,119 [INFO] PluginManager:220 - loadIPPluginJar : add gic
2025-01-15 15:46:18,155 [INFO] IPUIPlugin:80 - create IPUIPlugin
2025-01-15 15:46:18,156 [INFO] PluginManager:220 - loadIPPluginJar : add gpio
2025-01-15 15:46:18,318 [INFO] ThirdPartyUpdaterWithRetryManager:70 - Updater plugin not ready yet. [2/15]
2025-01-15 15:46:18,396 [INFO] IPUIPlugin:80 - create IPUIPlugin
2025-01-15 15:46:18,396 [INFO] PluginManager:220 - loadIPPluginJar : add gtzc
2025-01-15 15:46:18,462 [INFO] IPUIPlugin:80 - create IPUIPlugin
2025-01-15 15:46:18,462 [INFO] PluginManager:220 - loadIPPluginJar : add hash
2025-01-15 15:46:18,574 [INFO] IPUIPlugin:80 - create IPUIPlugin
2025-01-15 15:46:18,574 [INFO] PluginManager:220 - loadIPPluginJar : add i2c
2025-01-15 15:46:18,659 [INFO] IPUIPlugin:80 - create IPUIPlugin
2025-01-15 15:46:18,659 [INFO] PluginManager:220 - loadIPPluginJar : add i2s
2025-01-15 15:46:18,737 [INFO] IPUIPlugin:80 - create IPUIPlugin
2025-01-15 15:46:18,738 [INFO] PluginManager:220 - loadIPPluginJar : add i3c
2025-01-15 15:46:18,932 [INFO] IPUIPlugin:80 - create IPUIPlugin
2025-01-15 15:46:18,932 [INFO] PluginManager:220 - loadIPPluginJar : add ipddr
2025-01-15 15:46:19,151 [INFO] IPUIPlugin:80 - create IPUIPlugin
2025-01-15 15:46:19,151 [INFO] PluginManager:220 - loadIPPluginJar : add linkedlist
2025-01-15 15:46:19,236 [INFO] IPUIPlugin:80 - create IPUIPlugin
2025-01-15 15:46:19,236 [INFO] PluginManager:220 - loadIPPluginJar : add lorawan
2025-01-15 15:46:19,313 [INFO] IPUIPlugin:80 - create IPUIPlugin
2025-01-15 15:46:19,313 [INFO] PluginManager:220 - loadIPPluginJar : add ltdc
2025-01-15 15:46:19,339 [INFO] IPUIPlugin:80 - create IPUIPlugin
2025-01-15 15:46:19,339 [INFO] PluginManager:220 - loadIPPluginJar : add mdma
2025-01-15 15:46:19,360 [INFO] IPUIPlugin:80 - create IPUIPlugin
2025-01-15 15:46:19,360 [INFO] PluginManager:220 - loadIPPluginJar : add nvic
2025-01-15 15:46:19,437 [INFO] IPUIPlugin:80 - create IPUIPlugin
2025-01-15 15:46:19,437 [INFO] PluginManager:220 - loadIPPluginJar : add opamp
2025-01-15 15:46:19,546 [INFO] IPUIPlugin:80 - create IPUIPlugin
2025-01-15 15:46:19,546 [INFO] PluginManager:220 - loadIPPluginJar : add openamp
2025-01-15 15:46:19,630 [INFO] IPUIPlugin:80 - create IPUIPlugin
2025-01-15 15:46:19,630 [INFO] PluginManager:220 - loadIPPluginJar : add pdm2pcm
2025-01-15 15:46:19,655 [INFO] IPUIPlugin:80 - create IPUIPlugin
2025-01-15 15:46:19,659 [INFO] PluginManager:220 - loadIPPluginJar : add plateformsettings
2025-01-15 15:46:19,713 [INFO] IPUIPlugin:80 - create IPUIPlugin
2025-01-15 15:46:19,713 [INFO] PluginManager:220 - loadIPPluginJar : add quadspi
2025-01-15 15:46:19,776 [INFO] IPUIPlugin:80 - create IPUIPlugin
2025-01-15 15:46:19,777 [INFO] PluginManager:220 - loadIPPluginJar : add radio
2025-01-15 15:46:19,807 [INFO] IPUIPlugin:80 - create IPUIPlugin
2025-01-15 15:46:19,807 [INFO] PluginManager:220 - loadIPPluginJar : add resmgrutility
2025-01-15 15:46:19,913 [INFO] IPUIPlugin:80 - create IPUIPlugin
2025-01-15 15:46:19,914 [INFO] PluginManager:220 - loadIPPluginJar : add sai
2025-01-15 15:46:20,009 [INFO] IPUIPlugin:80 - create IPUIPlugin
2025-01-15 15:46:20,009 [INFO] PluginManager:220 - loadIPPluginJar : add spi
2025-01-15 15:46:20,177 [INFO] IPUIPlugin:80 - create IPUIPlugin
2025-01-15 15:46:20,177 [INFO] PluginManager:220 - loadIPPluginJar : add stm32_wpan
2025-01-15 15:46:20,233 [INFO] IPUIPlugin:80 - create IPUIPlugin
2025-01-15 15:46:20,233 [INFO] PluginManager:220 - loadIPPluginJar : add tim
2025-01-15 15:46:20,350 [INFO] IPUIPlugin:80 - create IPUIPlugin
2025-01-15 15:46:20,350 [INFO] PluginManager:220 - loadIPPluginJar : add touchsensing
2025-01-15 15:46:20,392 [INFO] IPUIPlugin:80 - create IPUIPlugin
2025-01-15 15:46:20,392 [INFO] PluginManager:220 - loadIPPluginJar : add tracer_emb
2025-01-15 15:46:20,451 [INFO] IPUIPlugin:80 - create IPUIPlugin
2025-01-15 15:46:20,451 [INFO] PluginManager:220 - loadIPPluginJar : add ts
2025-01-15 15:46:20,513 [INFO] IPUIPlugin:80 - create IPUIPlugin
2025-01-15 15:46:20,514 [INFO] PluginManager:220 - loadIPPluginJar : add tsc
2025-01-15 15:46:20,551 [INFO] IPUIPlugin:80 - create IPUIPlugin
2025-01-15 15:46:20,551 [INFO] PluginManager:220 - loadIPPluginJar : add ucpd
2025-01-15 15:46:20,640 [INFO] IPUIPlugin:80 - create IPUIPlugin
2025-01-15 15:46:20,640 [INFO] PluginManager:220 - loadIPPluginJar : add usart
2025-01-15 15:46:20,748 [INFO] IPUIPlugin:80 - create IPUIPlugin
2025-01-15 15:46:20,748 [INFO] PluginManager:220 - loadIPPluginJar : add usbx
2025-01-15 15:46:20,997 [FATAL] Updater:351 - Updater called before beeing initialized
2025-01-15 15:46:21,053 [INFO] RulesReader:64 - Compatibility file has been processed (297 Rules)
2025-01-15 15:46:21,079 [INFO] RulesReader:64 - Compatibility file has been processed (297 Rules)
2025-01-15 15:46:21,093 [INFO] CADModel:165 - CPN selected for project level
2025-01-15 15:46:21,093 [INFO] CADModel:114 - Register for checkConnection events
2025-01-15 15:46:21,094 [FATAL] Updater:351 - Updater called before beeing initialized
2025-01-15 15:46:21,094 [ERROR] CADModel:125 - Updater not yet initialized, retry later 
2025-01-15 15:46:21,328 [INFO] ThirdPartyUpdaterWithRetryManager:70 - Updater plugin not ready yet. [3/15]
2025-01-15 15:46:21,392 [FATAL] Updater:351 - Updater called before beeing initialized
2025-01-15 15:46:21,395 [INFO] CADModel:165 - CPN selected for project level
2025-01-15 15:46:21,396 [INFO] CADModel:114 - Register for checkConnection events
2025-01-15 15:46:21,396 [FATAL] Updater:351 - Updater called before beeing initialized
2025-01-15 15:46:21,396 [ERROR] CADModel:125 - Updater not yet initialized, retry later 
2025-01-15 15:46:21,402 [FATAL] Updater:351 - Updater called before beeing initialized
2025-01-15 15:46:21,593 [FATAL] Updater:351 - Updater called before beeing initialized
2025-01-15 15:46:21,612 [INFO] DbMcusAds:53 - JSON generation date=Tue Dec 17 17:01:15 CET 2024 (1734451275222)
2025-01-15 15:46:21,613 [FATAL] Updater:351 - Updater called before beeing initialized
2025-01-15 15:46:21,683 [WARN] DetailPanel:346 - Failed to get advertising image, set to default
2025-01-15 15:46:22,061 [FATAL] Updater:351 - Updater called before beeing initialized
2025-01-15 15:46:22,064 [FATAL] Updater:351 - Updater called before beeing initialized
2025-01-15 15:46:22,064 [FATAL] Updater:351 - Updater called before beeing initialized
2025-01-15 15:46:22,065 [WARN] DetailPanel:346 - Failed to get advertising image, set to default
2025-01-15 15:46:22,066 [FATAL] Updater:351 - Updater called before beeing initialized
2025-01-15 15:46:22,188 [ERROR] Updater:1198 - MainUpdater not yet initialized. External WinMGr cannot be set.
2025-01-15 15:46:22,208 [INFO] Updater:1134 - Updater Version found : 6.13.0
2025-01-15 15:46:22,238 [INFO] ApplicationProperties:184 - Using Application install path: C:\ST\STM32CubeIDE_1.17.0\STM32CubeIDE\plugins\com.st.stm32cube.common.mx_6.13.0.202411220809
2025-01-15 15:46:23,878 [ERROR] LogOutputStream:75 - [STDERR_REDIRECT] Jan 15, 2025 3:46:23 PM java.util.prefs.WindowsPreferences <init>
2025-01-15 15:46:23,880 [ERROR] LogOutputStream:75 - [STDERR_REDIRECT] WARNING: Could not open/create prefs root node Software\JavaSoft\Prefs at root 0xffffffff80000002. Windows RegCreateKeyEx(...) returned error code 5.
2025-01-15 15:46:23,880 [ERROR] LogOutputStream:75 - [STDERR_REDIRECT] 
2025-01-15 15:46:24,330 [FATAL] Updater:351 - Updater called before beeing initialized
2025-01-15 15:46:24,330 [ERROR] IntegrityCheckThread:130 - Cannot retrieve database content from updater: error 21
2025-01-15 15:46:24,331 [INFO] ThirdParty:978 - Integrity check success = false
2025-01-15 15:46:24,331 [INFO] IntegrityCheckThread:100 - exiting critical section [integrity check]
2025-01-15 15:46:24,331 [INFO] IntegrityCheckThread:103 - End integrity checks thread
2025-01-15 15:46:24,957 [INFO] MainUpdater:2872 - connection check result : 10
2025-01-15 15:46:24,959 [INFO] MainUpdater:289 - Updater Check For Update Now.
2025-01-15 15:46:24,959 [INFO] MicroXplorer:498 - Change Database Version : DB.6.0.130
2025-01-15 15:46:24,990 [INFO] McuFinderGlobals:63 - Set McuFinder mode to 2 (CubeIDE integrated)
2025-01-15 15:46:25,005 [INFO] UserAuth:486 - Internet connection configuration mode: 1
2025-01-15 15:46:25,060 [INFO] JxBrowserEngine:152 - Initiate JxBrowser Engine with user profile folder
2025-01-15 15:46:25,386 [INFO] CheckServerUpdateThread:120 - End of CheckServer Thread
2025-01-15 15:46:28,165 [INFO] WebApp:168 - Instantiating new browser for Auth
2025-01-15 15:46:30,401 [INFO] WebApp:449 - Apply proxy settings
2025-01-15 15:46:30,402 [INFO] WebApp:534 - Chromium requires no authentication
2025-01-15 15:46:30,526 [INFO] WebApp:477 - Direct internet connection detected
2025-01-15 15:46:30,757 [INFO] WebApp:880 - Register for checkConnection events
2025-01-15 15:46:30,758 [INFO] WebApp:449 - Apply proxy settings
2025-01-15 15:46:30,758 [INFO] WebApp:534 - Chromium requires no authentication
2025-01-15 15:46:30,760 [INFO] WebApp:477 - Direct internet connection detected
2025-01-15 15:46:31,512 [INFO] WebApp:187 - Connection restablished
2025-01-15 15:46:32,146 [INFO] WebApp:221 - Starting web application
2025-01-15 15:46:32,147 [INFO] WebApp:579 - Web application path used C:\ST\STM32CubeIDE_1.17.0\STM32CubeIDE\plugins\com.st.stm32cube.common.mx_6.13.0.202411220809\db\plugins\mcufinder\reactClient1\index.html
2025-01-15 15:46:32,426 [INFO] UserAuth:486 - Internet connection configuration mode: 1
2025-01-15 18:33:12,488 [ERROR] LogOutputStream:75 - [STDERR_REDIRECT] 
